[2021-03-03 14:23:35,419] {dag_processing.py:590} INFO - Processing files using up to 2 processes at a time 
[2021-03-03 14:23:35,431] {dag_processing.py:591} INFO - Process each file at most once every 0 seconds
[2021-03-03 14:23:35,437] {dag_processing.py:592} INFO - Checking for new files in /opt/airflow/dags every 300 seconds
[2021-03-03 14:23:35,437] {dag_processing.py:726} INFO - Searching for files in /opt/airflow/dags
[2021-03-03 14:23:35,577] {dag_processing.py:729} INFO - There are 27 files in /opt/airflow/dags
[2021-03-03 14:23:35,950] {dag_processing.py:1062} INFO - Finding 'running' jobs without a recent heartbeat
[2021-03-03 14:23:35,951] {dag_processing.py:1066} INFO - Failing jobs without heartbeat after 2021-03-03 14:18:35.951390+00:00
[2021-03-03 14:23:36,007] {dag_processing.py:833} INFO - 
================================================================================
DAG File Processing Stats

File Path                                                                                                           PID  Runtime      # DAGs    # Errors  Last Runtime    Last Run
----------------------------------------------------------------------------------------------------------------  -----  ---------  --------  ----------  --------------  ----------
/opt/airflow/dags/submissions_count.py                                                                                                     0           0
/home/airflow/.local/lib/python3.8/site-packages/airflow/example_dags/example_short_circuit_operator.py                                    0           0
/home/airflow/.local/lib/python3.8/site-packages/airflow/example_dags/example_python_operator.py                                           0           0
/home/airflow/.local/lib/python3.8/site-packages/airflow/example_dags/example_skip_dag.py                                                  0           0
/home/airflow/.local/lib/python3.8/site-packages/airflow/example_dags/example_latest_only.py                                               0           0
/home/airflow/.local/lib/python3.8/site-packages/airflow/example_dags/example_kubernetes_executor.py                                       0           0
/home/airflow/.local/lib/python3.8/site-packages/airflow/example_dags/example_subdag_operator.py                                           0           0
/home/airflow/.local/lib/python3.8/site-packages/airflow/example_dags/example_xcom.py                                18  0.06s             0           0
/home/airflow/.local/lib/python3.8/site-packages/airflow/example_dags/example_trigger_controller_dag.py                                    0           0
/home/airflow/.local/lib/python3.8/site-packages/airflow/example_dags/tutorial_etl_dag.py                                                  0           0
/home/airflow/.local/lib/python3.8/site-packages/airflow/example_dags/example_bash_operator.py                       19  0.05s             0           0
/home/airflow/.local/lib/python3.8/site-packages/airflow/example_dags/example_dag_decorator.py                                             0           0
/home/airflow/.local/lib/python3.8/site-packages/airflow/example_dags/example_branch_operator.py                                           0           0
/home/airflow/.local/lib/python3.8/site-packages/airflow/example_dags/tutorial.py                                                          0           0
/home/airflow/.local/lib/python3.8/site-packages/airflow/example_dags/example_nested_branch_dag.py                                         0           0
/home/airflow/.local/lib/python3.8/site-packages/airflow/example_dags/example_task_group.py                                                0           0
/home/airflow/.local/lib/python3.8/site-packages/airflow/example_dags/tutorial_taskflow_api_etl.py                                         0           0
/home/airflow/.local/lib/python3.8/site-packages/airflow/example_dags/example_complex.py                                                   0           0
/home/airflow/.local/lib/python3.8/site-packages/airflow/example_dags/example_xcomargs.py                                                  0           0
/home/airflow/.local/lib/python3.8/site-packages/airflow/example_dags/example_trigger_target_dag.py                                        0           0
/home/airflow/.local/lib/python3.8/site-packages/airflow/example_dags/test_utils.py                                                        0           0
/home/airflow/.local/lib/python3.8/site-packages/airflow/example_dags/example_kubernetes_executor_config.py                                0           0
/home/airflow/.local/lib/python3.8/site-packages/airflow/example_dags/example_branch_python_dop_operator_3.py                              0           0
/home/airflow/.local/lib/python3.8/site-packages/airflow/example_dags/example_latest_only_with_trigger.py                                  0           0
/home/airflow/.local/lib/python3.8/site-packages/airflow/example_dags/example_passing_params_via_test_command.py                           0           0
/home/airflow/.local/lib/python3.8/site-packages/airflow/example_dags/example_external_task_marker_dag.py                                  0           0
/home/airflow/.local/lib/python3.8/site-packages/airflow/example_dags/subdags/subdag.py                                                    0           0
================================================================================
[2021-03-03 14:23:45,990] {dag_processing.py:1062} INFO - Finding 'running' jobs without a recent heartbeat
[2021-03-03 14:23:45,991] {dag_processing.py:1066} INFO - Failing jobs without heartbeat after 2021-03-03 14:18:45.991354+00:00
[2021-03-03 14:23:56,207] {dag_processing.py:1062} INFO - Finding 'running' jobs without a recent heartbeat
[2021-03-03 14:23:56,208] {dag_processing.py:1066} INFO - Failing jobs without heartbeat after 2021-03-03 14:18:56.208221+00:00
[2021-03-03 14:24:06,209] {dag_processing.py:833} INFO - 
================================================================================
DAG File Processing Stats

File Path                                                                                                           PID  Runtime      # DAGs    # Errors  Last Runtime    Last Run
----------------------------------------------------------------------------------------------------------------  -----  ---------  --------  ----------  --------------  -------------------
/opt/airflow/dags/submissions_count.py                                                                                                     0           1  0.33s           2021-03-03T14:24:03
/home/airflow/.local/lib/python3.8/site-packages/airflow/example_dags/subdags/subdag.py                                                    0           0  0.20s           2021-03-03T14:24:04
/home/airflow/.local/lib/python3.8/site-packages/airflow/example_dags/example_short_circuit_operator.py                                    1           0  0.62s           2021-03-03T14:23:59
/home/airflow/.local/lib/python3.8/site-packages/airflow/example_dags/example_python_operator.py                                           1           0  0.66s           2021-03-03T14:24:01
/home/airflow/.local/lib/python3.8/site-packages/airflow/example_dags/example_skip_dag.py                                                  1           0  0.54s           2021-03-03T14:24:01
/home/airflow/.local/lib/python3.8/site-packages/airflow/example_dags/example_latest_only.py                                               1           0  0.67s           2021-03-03T14:24:06
/home/airflow/.local/lib/python3.8/site-packages/airflow/example_dags/example_kubernetes_executor.py                119  0.03s             1           0  0.56s           2021-03-03T14:23:58
/home/airflow/.local/lib/python3.8/site-packages/airflow/example_dags/example_xcom.py                                                      1           0  0.65s           2021-03-03T14:24:00
/home/airflow/.local/lib/python3.8/site-packages/airflow/example_dags/example_trigger_controller_dag.py                                    1           0  0.58s           2021-03-03T14:24:03
/home/airflow/.local/lib/python3.8/site-packages/airflow/example_dags/tutorial_etl_dag.py                                                  1           0  0.39s           2021-03-03T14:23:59
/home/airflow/.local/lib/python3.8/site-packages/airflow/example_dags/example_bash_operator.py                                             1           0  0.75s           2021-03-03T14:24:00
/home/airflow/.local/lib/python3.8/site-packages/airflow/example_dags/example_dag_decorator.py                                             1           0  0.49s           2021-03-03T14:23:59
/home/airflow/.local/lib/python3.8/site-packages/airflow/example_dags/example_branch_operator.py                                           1           0  0.68s           2021-03-03T14:24:02
/home/airflow/.local/lib/python3.8/site-packages/airflow/example_dags/tutorial.py                                                          1           0  0.57s           2021-03-03T14:24:04
/home/airflow/.local/lib/python3.8/site-packages/airflow/example_dags/example_nested_branch_dag.py                                         1           0  0.71s           2021-03-03T14:24:02
/home/airflow/.local/lib/python3.8/site-packages/airflow/example_dags/example_task_group.py                                                1           0  0.46s           2021-03-03T14:24:04
/home/airflow/.local/lib/python3.8/site-packages/airflow/example_dags/tutorial_taskflow_api_etl.py                                         1           0  0.36s           2021-03-03T14:24:05
/home/airflow/.local/lib/python3.8/site-packages/airflow/example_dags/example_complex.py                                                   1           0  0.53s           2021-03-03T14:24:05
/home/airflow/.local/lib/python3.8/site-packages/airflow/example_dags/example_trigger_target_dag.py                 118  0.25s             1           0  0.51s           2021-03-03T14:23:58
/home/airflow/.local/lib/python3.8/site-packages/airflow/example_dags/test_utils.py                                                        1           0  0.61s           2021-03-03T14:24:05
/home/airflow/.local/lib/python3.8/site-packages/airflow/example_dags/example_kubernetes_executor_config.py                                1           0  0.69s           2021-03-03T14:24:01
/home/airflow/.local/lib/python3.8/site-packages/airflow/example_dags/example_branch_python_dop_operator_3.py                              1           0  0.62s           2021-03-03T14:24:04
/home/airflow/.local/lib/python3.8/site-packages/airflow/example_dags/example_latest_only_with_trigger.py                                  1           0  0.80s           2021-03-03T14:24:03
/home/airflow/.local/lib/python3.8/site-packages/airflow/example_dags/example_passing_params_via_test_command.py                           1           0  0.87s           2021-03-03T14:24:01
/home/airflow/.local/lib/python3.8/site-packages/airflow/example_dags/example_xcomargs.py                                                  2           0  0.40s           2021-03-03T14:24:05
/home/airflow/.local/lib/python3.8/site-packages/airflow/example_dags/example_external_task_marker_dag.py                                  2           0  0.41s           2021-03-03T14:23:51
/home/airflow/.local/lib/python3.8/site-packages/airflow/example_dags/example_subdag_operator.py                                           3           0  0.63s           2021-03-03T14:24:03
================================================================================
[2021-03-03 14:24:06,597] {dag_processing.py:1062} INFO - Finding 'running' jobs without a recent heartbeat
[2021-03-03 14:24:06,598] {dag_processing.py:1066} INFO - Failing jobs without heartbeat after 2021-03-03 14:19:06.598549+00:00
[2021-03-03 14:24:16,650] {dag_processing.py:1062} INFO - Finding 'running' jobs without a recent heartbeat
[2021-03-03 14:24:16,651] {dag_processing.py:1066} INFO - Failing jobs without heartbeat after 2021-03-03 14:19:16.651094+00:00
[2021-03-03 14:24:26,729] {dag_processing.py:1062} INFO - Finding 'running' jobs without a recent heartbeat
[2021-03-03 14:24:26,730] {dag_processing.py:1066} INFO - Failing jobs without heartbeat after 2021-03-03 14:19:26.730576+00:00
[2021-03-03 14:24:36,705] {dag_processing.py:833} INFO - 
================================================================================
DAG File Processing Stats

File Path                                                                                                           PID  Runtime      # DAGs    # Errors  Last Runtime    Last Run
----------------------------------------------------------------------------------------------------------------  -----  ---------  --------  ----------  --------------  -------------------
/opt/airflow/dags/submissions_count.py                                                                                                     0           1  0.25s           2021-03-03T14:24:33
/home/airflow/.local/lib/python3.8/site-packages/airflow/example_dags/subdags/subdag.py                                                    0           0  0.25s           2021-03-03T14:24:34
/home/airflow/.local/lib/python3.8/site-packages/airflow/example_dags/example_short_circuit_operator.py                                    1           0  0.31s           2021-03-03T14:24:31
/home/airflow/.local/lib/python3.8/site-packages/airflow/example_dags/example_python_operator.py                                           1           0  0.31s           2021-03-03T14:24:32
/home/airflow/.local/lib/python3.8/site-packages/airflow/example_dags/example_skip_dag.py                                                  1           0  0.43s           2021-03-03T14:24:32
/home/airflow/.local/lib/python3.8/site-packages/airflow/example_dags/example_latest_only.py                        247  0.57s             1           0  0.59s           2021-03-03T14:24:30
/home/airflow/.local/lib/python3.8/site-packages/airflow/example_dags/example_kubernetes_executor.py                249  0.03s             1           0  0.49s           2021-03-03T14:24:30
/home/airflow/.local/lib/python3.8/site-packages/airflow/example_dags/example_xcom.py                                                      1           0  0.42s           2021-03-03T14:24:31
/home/airflow/.local/lib/python3.8/site-packages/airflow/example_dags/example_trigger_controller_dag.py                                    1           0  0.31s           2021-03-03T14:24:33
/home/airflow/.local/lib/python3.8/site-packages/airflow/example_dags/tutorial_etl_dag.py                                                  1           0  0.29s           2021-03-03T14:24:31
/home/airflow/.local/lib/python3.8/site-packages/airflow/example_dags/example_bash_operator.py                                             1           0  0.51s           2021-03-03T14:24:31
/home/airflow/.local/lib/python3.8/site-packages/airflow/example_dags/example_dag_decorator.py                                             1           0  0.43s           2021-03-03T14:24:31
/home/airflow/.local/lib/python3.8/site-packages/airflow/example_dags/example_branch_operator.py                                           1           0  0.59s           2021-03-03T14:24:33
/home/airflow/.local/lib/python3.8/site-packages/airflow/example_dags/tutorial.py                                                          1           0  0.35s           2021-03-03T14:24:34
/home/airflow/.local/lib/python3.8/site-packages/airflow/example_dags/example_nested_branch_dag.py                                         1           0  0.63s           2021-03-03T14:24:33
/home/airflow/.local/lib/python3.8/site-packages/airflow/example_dags/example_task_group.py                                                1           0  0.56s           2021-03-03T14:24:34
/home/airflow/.local/lib/python3.8/site-packages/airflow/example_dags/tutorial_taskflow_api_etl.py                                         1           0  0.51s           2021-03-03T14:24:35
/home/airflow/.local/lib/python3.8/site-packages/airflow/example_dags/example_complex.py                                                   1           0  0.71s           2021-03-03T14:24:35
/home/airflow/.local/lib/python3.8/site-packages/airflow/example_dags/example_trigger_target_dag.py                                        1           0  0.48s           2021-03-03T14:24:36
/home/airflow/.local/lib/python3.8/site-packages/airflow/example_dags/test_utils.py                                                        1           0  0.59s           2021-03-03T14:24:36
/home/airflow/.local/lib/python3.8/site-packages/airflow/example_dags/example_kubernetes_executor_config.py                                1           0  0.34s           2021-03-03T14:24:30
/home/airflow/.local/lib/python3.8/site-packages/airflow/example_dags/example_branch_python_dop_operator_3.py                              1           0  0.70s           2021-03-03T14:24:34
/home/airflow/.local/lib/python3.8/site-packages/airflow/example_dags/example_latest_only_with_trigger.py                                  1           0  0.44s           2021-03-03T14:24:33
/home/airflow/.local/lib/python3.8/site-packages/airflow/example_dags/example_passing_params_via_test_command.py                           1           0  0.50s           2021-03-03T14:24:32
/home/airflow/.local/lib/python3.8/site-packages/airflow/example_dags/example_xcomargs.py                                                  2           0  0.64s           2021-03-03T14:24:36
/home/airflow/.local/lib/python3.8/site-packages/airflow/example_dags/example_external_task_marker_dag.py                                  2           0  0.28s           2021-03-03T14:24:26
/home/airflow/.local/lib/python3.8/site-packages/airflow/example_dags/example_subdag_operator.py                                           3           0  0.53s           2021-03-03T14:24:33
================================================================================
[2021-03-03 14:24:37,025] {dag_processing.py:1062} INFO - Finding 'running' jobs without a recent heartbeat
[2021-03-03 14:24:37,026] {dag_processing.py:1066} INFO - Failing jobs without heartbeat after 2021-03-03 14:19:37.026345+00:00
[2021-03-03 14:24:47,136] {dag_processing.py:1062} INFO - Finding 'running' jobs without a recent heartbeat
[2021-03-03 14:24:47,137] {dag_processing.py:1066} INFO - Failing jobs without heartbeat after 2021-03-03 14:19:47.136947+00:00
[2021-03-03 14:24:57,270] {dag_processing.py:1062} INFO - Finding 'running' jobs without a recent heartbeat
[2021-03-03 14:24:57,271] {dag_processing.py:1066} INFO - Failing jobs without heartbeat after 2021-03-03 14:19:57.271455+00:00
[2021-03-03 14:25:06,804] {dag_processing.py:833} INFO - 
================================================================================
DAG File Processing Stats

File Path                                                                                                           PID  Runtime      # DAGs    # Errors  Last Runtime    Last Run
----------------------------------------------------------------------------------------------------------------  -----  ---------  --------  ----------  --------------  -------------------
/opt/airflow/dags/submissions_count.py                                                                                                     0           1  0.22s           2021-03-03T14:25:05
/home/airflow/.local/lib/python3.8/site-packages/airflow/example_dags/subdags/subdag.py                                                    0           0  0.16s           2021-03-03T14:25:06
/home/airflow/.local/lib/python3.8/site-packages/airflow/example_dags/example_short_circuit_operator.py                                    1           0  0.26s           2021-03-03T14:25:02
/home/airflow/.local/lib/python3.8/site-packages/airflow/example_dags/example_python_operator.py                                           1           0  0.43s           2021-03-03T14:25:03
/home/airflow/.local/lib/python3.8/site-packages/airflow/example_dags/example_skip_dag.py                                                  1           0  0.51s           2021-03-03T14:25:04
/home/airflow/.local/lib/python3.8/site-packages/airflow/example_dags/example_latest_only.py                                               1           0  0.35s           2021-03-03T14:25:01
/home/airflow/.local/lib/python3.8/site-packages/airflow/example_dags/example_kubernetes_executor.py                                       1           0  0.28s           2021-03-03T14:25:02
/home/airflow/.local/lib/python3.8/site-packages/airflow/example_dags/example_xcom.py                                                      1           0  0.48s           2021-03-03T14:25:03
/home/airflow/.local/lib/python3.8/site-packages/airflow/example_dags/example_trigger_controller_dag.py                                    1           0  0.31s           2021-03-03T14:25:05
/home/airflow/.local/lib/python3.8/site-packages/airflow/example_dags/tutorial_etl_dag.py                                                  1           0  0.56s           2021-03-03T14:24:56
/home/airflow/.local/lib/python3.8/site-packages/airflow/example_dags/example_bash_operator.py                                             1           0  0.69s           2021-03-03T14:25:03
/home/airflow/.local/lib/python3.8/site-packages/airflow/example_dags/example_dag_decorator.py                                             1           0  0.31s           2021-03-03T14:25:02
/home/airflow/.local/lib/python3.8/site-packages/airflow/example_dags/example_branch_operator.py                                           1           0  0.66s           2021-03-03T14:25:04
/home/airflow/.local/lib/python3.8/site-packages/airflow/example_dags/tutorial.py                                                          1           0  0.21s           2021-03-03T14:25:05
/home/airflow/.local/lib/python3.8/site-packages/airflow/example_dags/example_nested_branch_dag.py                                         1           0  0.49s           2021-03-03T14:25:04
/home/airflow/.local/lib/python3.8/site-packages/airflow/example_dags/example_task_group.py                                                1           0  0.42s           2021-03-03T14:25:06
/home/airflow/.local/lib/python3.8/site-packages/airflow/example_dags/tutorial_taskflow_api_etl.py                                         1           0  0.42s           2021-03-03T14:25:06
/home/airflow/.local/lib/python3.8/site-packages/airflow/example_dags/example_complex.py                                                   1           0  0.52s           2021-03-03T14:25:06
/home/airflow/.local/lib/python3.8/site-packages/airflow/example_dags/example_trigger_target_dag.py                                        1           0  0.42s           2021-03-03T14:25:01
/home/airflow/.local/lib/python3.8/site-packages/airflow/example_dags/test_utils.py                                 376  0.01s             1           0  0.36s           2021-03-03T14:25:01
/home/airflow/.local/lib/python3.8/site-packages/airflow/example_dags/example_kubernetes_executor_config.py                                1           0  0.46s           2021-03-03T14:25:02
/home/airflow/.local/lib/python3.8/site-packages/airflow/example_dags/example_branch_python_dop_operator_3.py                              1           0  0.48s           2021-03-03T14:25:06
/home/airflow/.local/lib/python3.8/site-packages/airflow/example_dags/example_latest_only_with_trigger.py                                  1           0  0.28s           2021-03-03T14:25:04
/home/airflow/.local/lib/python3.8/site-packages/airflow/example_dags/example_passing_params_via_test_command.py                           1           0  0.37s           2021-03-03T14:25:03
/home/airflow/.local/lib/python3.8/site-packages/airflow/example_dags/example_xcomargs.py                           375  0.13s             2           0  0.45s           2021-03-03T14:25:01
/home/airflow/.local/lib/python3.8/site-packages/airflow/example_dags/example_external_task_marker_dag.py                                  2           0  0.44s           2021-03-03T14:25:02
/home/airflow/.local/lib/python3.8/site-packages/airflow/example_dags/example_subdag_operator.py                                           3           0  0.59s           2021-03-03T14:25:05
================================================================================
[2021-03-03 14:25:07,365] {dag_processing.py:1062} INFO - Finding 'running' jobs without a recent heartbeat
[2021-03-03 14:25:07,366] {dag_processing.py:1066} INFO - Failing jobs without heartbeat after 2021-03-03 14:20:07.366500+00:00
[2021-03-03 14:25:17,870] {dag_processing.py:1062} INFO - Finding 'running' jobs without a recent heartbeat
[2021-03-03 14:25:17,871] {dag_processing.py:1066} INFO - Failing jobs without heartbeat after 2021-03-03 14:20:17.871066+00:00
[2021-03-03 14:25:27,962] {dag_processing.py:1062} INFO - Finding 'running' jobs without a recent heartbeat
[2021-03-03 14:25:27,963] {dag_processing.py:1066} INFO - Failing jobs without heartbeat after 2021-03-03 14:20:27.963463+00:00
[2021-03-03 14:25:36,898] {dag_processing.py:833} INFO - 
================================================================================
DAG File Processing Stats

File Path                                                                                                           PID  Runtime      # DAGs    # Errors  Last Runtime    Last Run
----------------------------------------------------------------------------------------------------------------  -----  ---------  --------  ----------  --------------  -------------------
/opt/airflow/dags/submissions_count.py                                                                                                     0           1  0.39s           2021-03-03T14:25:35
/home/airflow/.local/lib/python3.8/site-packages/airflow/example_dags/subdags/subdag.py                             503  0.04s             0           0  0.20s           2021-03-03T14:25:29
/home/airflow/.local/lib/python3.8/site-packages/airflow/example_dags/example_short_circuit_operator.py                                    1           0  0.56s           2021-03-03T14:25:32
/home/airflow/.local/lib/python3.8/site-packages/airflow/example_dags/example_python_operator.py                                           1           0  0.44s           2021-03-03T14:25:33
/home/airflow/.local/lib/python3.8/site-packages/airflow/example_dags/example_skip_dag.py                                                  1           0  0.52s           2021-03-03T14:25:34
/home/airflow/.local/lib/python3.8/site-packages/airflow/example_dags/example_latest_only.py                                               1           0  0.45s           2021-03-03T14:25:31
/home/airflow/.local/lib/python3.8/site-packages/airflow/example_dags/example_kubernetes_executor.py                                       1           0  0.64s           2021-03-03T14:25:31
/home/airflow/.local/lib/python3.8/site-packages/airflow/example_dags/example_xcom.py                                                      1           0  0.55s           2021-03-03T14:25:33
/home/airflow/.local/lib/python3.8/site-packages/airflow/example_dags/example_trigger_controller_dag.py                                    1           0  0.45s           2021-03-03T14:25:35
/home/airflow/.local/lib/python3.8/site-packages/airflow/example_dags/tutorial_etl_dag.py                                                  1           0  0.39s           2021-03-03T14:25:32
/home/airflow/.local/lib/python3.8/site-packages/airflow/example_dags/example_bash_operator.py                                             1           0  0.57s           2021-03-03T14:25:33
/home/airflow/.local/lib/python3.8/site-packages/airflow/example_dags/example_dag_decorator.py                                             1           0  0.59s           2021-03-03T14:25:32
/home/airflow/.local/lib/python3.8/site-packages/airflow/example_dags/example_branch_operator.py                                           1           0  0.43s           2021-03-03T14:25:34
/home/airflow/.local/lib/python3.8/site-packages/airflow/example_dags/tutorial.py                                                          1           0  0.60s           2021-03-03T14:25:36
/home/airflow/.local/lib/python3.8/site-packages/airflow/example_dags/example_nested_branch_dag.py                                         1           0  0.53s           2021-03-03T14:25:34
/home/airflow/.local/lib/python3.8/site-packages/airflow/example_dags/example_task_group.py                                                1           0  0.45s           2021-03-03T14:25:36
/home/airflow/.local/lib/python3.8/site-packages/airflow/example_dags/tutorial_taskflow_api_etl.py                  504  0.01s             1           0  0.69s           2021-03-03T14:25:30
/home/airflow/.local/lib/python3.8/site-packages/airflow/example_dags/example_complex.py                                                   1           0  0.33s           2021-03-03T14:25:36
/home/airflow/.local/lib/python3.8/site-packages/airflow/example_dags/example_trigger_target_dag.py                                        1           0  0.37s           2021-03-03T14:25:31
/home/airflow/.local/lib/python3.8/site-packages/airflow/example_dags/test_utils.py                                                        1           0  0.51s           2021-03-03T14:25:30
/home/airflow/.local/lib/python3.8/site-packages/airflow/example_dags/example_kubernetes_executor_config.py                                1           0  0.54s           2021-03-03T14:25:31
/home/airflow/.local/lib/python3.8/site-packages/airflow/example_dags/example_branch_python_dop_operator_3.py                              1           0  0.68s           2021-03-03T14:25:36
/home/airflow/.local/lib/python3.8/site-packages/airflow/example_dags/example_latest_only_with_trigger.py                                  1           0  0.39s           2021-03-03T14:25:34
/home/airflow/.local/lib/python3.8/site-packages/airflow/example_dags/example_passing_params_via_test_command.py                           1           0  0.63s           2021-03-03T14:25:33
/home/airflow/.local/lib/python3.8/site-packages/airflow/example_dags/example_xcomargs.py                                                  2           0  0.74s           2021-03-03T14:25:30
/home/airflow/.local/lib/python3.8/site-packages/airflow/example_dags/example_external_task_marker_dag.py                                  2           0  0.54s           2021-03-03T14:25:25
/home/airflow/.local/lib/python3.8/site-packages/airflow/example_dags/example_subdag_operator.py                                           3           0  0.63s           2021-03-03T14:25:35
================================================================================
[2021-03-03 14:25:38,014] {dag_processing.py:1062} INFO - Finding 'running' jobs without a recent heartbeat
[2021-03-03 14:25:38,015] {dag_processing.py:1066} INFO - Failing jobs without heartbeat after 2021-03-03 14:20:38.015224+00:00
[2021-03-03 14:25:48,130] {dag_processing.py:1062} INFO - Finding 'running' jobs without a recent heartbeat
[2021-03-03 14:25:48,131] {dag_processing.py:1066} INFO - Failing jobs without heartbeat after 2021-03-03 14:20:48.131054+00:00
[2021-03-03 14:25:58,302] {dag_processing.py:1062} INFO - Finding 'running' jobs without a recent heartbeat
[2021-03-03 14:25:58,303] {dag_processing.py:1066} INFO - Failing jobs without heartbeat after 2021-03-03 14:20:58.303259+00:00
[2021-03-03 14:26:03,697] {dag_processing.py:571} INFO - Exiting gracefully upon receiving signal 15
[2021-03-03 14:26:03,719] {dag_processing.py:571} INFO - Exiting gracefully upon receiving signal 15
[2021-03-03 14:26:06,857] {dag_processing.py:571} INFO - Exiting gracefully upon receiving signal 15
