[2021-03-03 14:23:36,001] {scheduler_job.py:181} INFO - Started process (PID=19) to work on /home/airflow/.local/lib/python3.8/site-packages/airflow/example_dags/example_bash_operator.py
[2021-03-03 14:23:36,016] {scheduler_job.py:629} INFO - Processing file /home/airflow/.local/lib/python3.8/site-packages/airflow/example_dags/example_bash_operator.py for tasks to queue
[2021-03-03 14:23:36,049] {logging_mixin.py:103} INFO - [2021-03-03 14:23:36,049] {dagbag.py:440} INFO - Filling up the DagBag from /home/airflow/.local/lib/python3.8/site-packages/airflow/example_dags/example_bash_operator.py
[2021-03-03 14:23:36,347] {scheduler_job.py:639} INFO - DAG(s) dict_keys(['example_bash_operator']) retrieved from /home/airflow/.local/lib/python3.8/site-packages/airflow/example_dags/example_bash_operator.py
[2021-03-03 14:23:36,349] {logging_mixin.py:103} INFO - [2021-03-03 14:23:36,348] {dag.py:1813} INFO - Sync 1 DAGs
[2021-03-03 14:23:36,548] {logging_mixin.py:103} INFO - [2021-03-03 14:23:36,547] {dag.py:1832} INFO - Creating ORM DAG for example_bash_operator
[2021-03-03 14:23:36,656] {logging_mixin.py:103} INFO - [2021-03-03 14:23:36,656] {dag.py:2266} INFO - Setting next_dagrun for example_bash_operator to 2021-03-01 00:00:00+00:00
[2021-03-03 14:23:36,895] {scheduler_job.py:189} INFO - Processing /home/airflow/.local/lib/python3.8/site-packages/airflow/example_dags/example_bash_operator.py took 0.918 seconds
[2021-03-03 14:23:44,564] {scheduler_job.py:181} INFO - Started process (PID=46) to work on /home/airflow/.local/lib/python3.8/site-packages/airflow/example_dags/example_bash_operator.py
[2021-03-03 14:23:44,566] {scheduler_job.py:629} INFO - Processing file /home/airflow/.local/lib/python3.8/site-packages/airflow/example_dags/example_bash_operator.py for tasks to queue
[2021-03-03 14:23:44,568] {logging_mixin.py:103} INFO - [2021-03-03 14:23:44,567] {dagbag.py:440} INFO - Filling up the DagBag from /home/airflow/.local/lib/python3.8/site-packages/airflow/example_dags/example_bash_operator.py
[2021-03-03 14:23:44,594] {scheduler_job.py:639} INFO - DAG(s) dict_keys(['example_bash_operator']) retrieved from /home/airflow/.local/lib/python3.8/site-packages/airflow/example_dags/example_bash_operator.py
[2021-03-03 14:23:44,595] {logging_mixin.py:103} INFO - [2021-03-03 14:23:44,595] {dag.py:1813} INFO - Sync 1 DAGs
[2021-03-03 14:23:44,880] {logging_mixin.py:103} INFO - [2021-03-03 14:23:44,879] {dag.py:2266} INFO - Setting next_dagrun for example_bash_operator to 2021-03-01 00:00:00+00:00
[2021-03-03 14:23:44,962] {scheduler_job.py:189} INFO - Processing /home/airflow/.local/lib/python3.8/site-packages/airflow/example_dags/example_bash_operator.py took 0.404 seconds
[2021-03-03 14:23:51,596] {scheduler_job.py:181} INFO - Started process (PID=72) to work on /home/airflow/.local/lib/python3.8/site-packages/airflow/example_dags/example_bash_operator.py
[2021-03-03 14:23:51,603] {scheduler_job.py:629} INFO - Processing file /home/airflow/.local/lib/python3.8/site-packages/airflow/example_dags/example_bash_operator.py for tasks to queue
[2021-03-03 14:23:51,604] {logging_mixin.py:103} INFO - [2021-03-03 14:23:51,604] {dagbag.py:440} INFO - Filling up the DagBag from /home/airflow/.local/lib/python3.8/site-packages/airflow/example_dags/example_bash_operator.py
[2021-03-03 14:23:51,721] {scheduler_job.py:639} INFO - DAG(s) dict_keys(['example_bash_operator']) retrieved from /home/airflow/.local/lib/python3.8/site-packages/airflow/example_dags/example_bash_operator.py
[2021-03-03 14:23:51,731] {logging_mixin.py:103} INFO - [2021-03-03 14:23:51,730] {dag.py:1813} INFO - Sync 1 DAGs
[2021-03-03 14:23:51,979] {logging_mixin.py:103} INFO - [2021-03-03 14:23:51,978] {dag.py:2266} INFO - Setting next_dagrun for example_bash_operator to 2021-03-01 00:00:00+00:00
[2021-03-03 14:23:52,067] {scheduler_job.py:189} INFO - Processing /home/airflow/.local/lib/python3.8/site-packages/airflow/example_dags/example_bash_operator.py took 0.489 seconds
[2021-03-03 14:23:59,874] {scheduler_job.py:181} INFO - Started process (PID=98) to work on /home/airflow/.local/lib/python3.8/site-packages/airflow/example_dags/example_bash_operator.py
[2021-03-03 14:23:59,882] {scheduler_job.py:629} INFO - Processing file /home/airflow/.local/lib/python3.8/site-packages/airflow/example_dags/example_bash_operator.py for tasks to queue
[2021-03-03 14:23:59,883] {logging_mixin.py:103} INFO - [2021-03-03 14:23:59,883] {dagbag.py:440} INFO - Filling up the DagBag from /home/airflow/.local/lib/python3.8/site-packages/airflow/example_dags/example_bash_operator.py
[2021-03-03 14:24:00,040] {scheduler_job.py:639} INFO - DAG(s) dict_keys(['example_bash_operator']) retrieved from /home/airflow/.local/lib/python3.8/site-packages/airflow/example_dags/example_bash_operator.py
[2021-03-03 14:24:00,042] {logging_mixin.py:103} INFO - [2021-03-03 14:24:00,041] {dag.py:1813} INFO - Sync 1 DAGs
[2021-03-03 14:24:00,311] {logging_mixin.py:103} INFO - [2021-03-03 14:24:00,311] {dag.py:2266} INFO - Setting next_dagrun for example_bash_operator to 2021-03-01 00:00:00+00:00
[2021-03-03 14:24:00,470] {scheduler_job.py:189} INFO - Processing /home/airflow/.local/lib/python3.8/site-packages/airflow/example_dags/example_bash_operator.py took 0.626 seconds
[2021-03-03 14:24:07,464] {scheduler_job.py:181} INFO - Started process (PID=125) to work on /home/airflow/.local/lib/python3.8/site-packages/airflow/example_dags/example_bash_operator.py
[2021-03-03 14:24:07,466] {scheduler_job.py:629} INFO - Processing file /home/airflow/.local/lib/python3.8/site-packages/airflow/example_dags/example_bash_operator.py for tasks to queue
[2021-03-03 14:24:07,467] {logging_mixin.py:103} INFO - [2021-03-03 14:24:07,467] {dagbag.py:440} INFO - Filling up the DagBag from /home/airflow/.local/lib/python3.8/site-packages/airflow/example_dags/example_bash_operator.py
[2021-03-03 14:24:07,529] {scheduler_job.py:639} INFO - DAG(s) dict_keys(['example_bash_operator']) retrieved from /home/airflow/.local/lib/python3.8/site-packages/airflow/example_dags/example_bash_operator.py
[2021-03-03 14:24:07,531] {logging_mixin.py:103} INFO - [2021-03-03 14:24:07,531] {dag.py:1813} INFO - Sync 1 DAGs
[2021-03-03 14:24:07,685] {logging_mixin.py:103} INFO - [2021-03-03 14:24:07,685] {dag.py:2266} INFO - Setting next_dagrun for example_bash_operator to 2021-03-01 00:00:00+00:00
[2021-03-03 14:24:07,896] {scheduler_job.py:189} INFO - Processing /home/airflow/.local/lib/python3.8/site-packages/airflow/example_dags/example_bash_operator.py took 0.455 seconds
[2021-03-03 14:24:13,528] {scheduler_job.py:181} INFO - Started process (PID=151) to work on /home/airflow/.local/lib/python3.8/site-packages/airflow/example_dags/example_bash_operator.py
[2021-03-03 14:24:13,531] {scheduler_job.py:629} INFO - Processing file /home/airflow/.local/lib/python3.8/site-packages/airflow/example_dags/example_bash_operator.py for tasks to queue
[2021-03-03 14:24:13,532] {logging_mixin.py:103} INFO - [2021-03-03 14:24:13,532] {dagbag.py:440} INFO - Filling up the DagBag from /home/airflow/.local/lib/python3.8/site-packages/airflow/example_dags/example_bash_operator.py
[2021-03-03 14:24:13,588] {scheduler_job.py:639} INFO - DAG(s) dict_keys(['example_bash_operator']) retrieved from /home/airflow/.local/lib/python3.8/site-packages/airflow/example_dags/example_bash_operator.py
[2021-03-03 14:24:13,598] {logging_mixin.py:103} INFO - [2021-03-03 14:24:13,598] {dag.py:1813} INFO - Sync 1 DAGs
[2021-03-03 14:24:13,752] {logging_mixin.py:103} INFO - [2021-03-03 14:24:13,752] {dag.py:2266} INFO - Setting next_dagrun for example_bash_operator to 2021-03-01 00:00:00+00:00
[2021-03-03 14:24:13,989] {scheduler_job.py:189} INFO - Processing /home/airflow/.local/lib/python3.8/site-packages/airflow/example_dags/example_bash_operator.py took 0.471 seconds
[2021-03-03 14:24:19,798] {scheduler_job.py:181} INFO - Started process (PID=177) to work on /home/airflow/.local/lib/python3.8/site-packages/airflow/example_dags/example_bash_operator.py
[2021-03-03 14:24:19,800] {scheduler_job.py:629} INFO - Processing file /home/airflow/.local/lib/python3.8/site-packages/airflow/example_dags/example_bash_operator.py for tasks to queue
[2021-03-03 14:24:19,801] {logging_mixin.py:103} INFO - [2021-03-03 14:24:19,801] {dagbag.py:440} INFO - Filling up the DagBag from /home/airflow/.local/lib/python3.8/site-packages/airflow/example_dags/example_bash_operator.py
[2021-03-03 14:24:19,839] {scheduler_job.py:639} INFO - DAG(s) dict_keys(['example_bash_operator']) retrieved from /home/airflow/.local/lib/python3.8/site-packages/airflow/example_dags/example_bash_operator.py
[2021-03-03 14:24:19,840] {logging_mixin.py:103} INFO - [2021-03-03 14:24:19,840] {dag.py:1813} INFO - Sync 1 DAGs
[2021-03-03 14:24:20,048] {logging_mixin.py:103} INFO - [2021-03-03 14:24:20,048] {dag.py:2266} INFO - Setting next_dagrun for example_bash_operator to 2021-03-01 00:00:00+00:00
[2021-03-03 14:24:20,134] {scheduler_job.py:189} INFO - Processing /home/airflow/.local/lib/python3.8/site-packages/airflow/example_dags/example_bash_operator.py took 0.357 seconds
[2021-03-03 14:24:26,235] {scheduler_job.py:181} INFO - Started process (PID=203) to work on /home/airflow/.local/lib/python3.8/site-packages/airflow/example_dags/example_bash_operator.py
[2021-03-03 14:24:26,250] {scheduler_job.py:629} INFO - Processing file /home/airflow/.local/lib/python3.8/site-packages/airflow/example_dags/example_bash_operator.py for tasks to queue
[2021-03-03 14:24:26,251] {logging_mixin.py:103} INFO - [2021-03-03 14:24:26,251] {dagbag.py:440} INFO - Filling up the DagBag from /home/airflow/.local/lib/python3.8/site-packages/airflow/example_dags/example_bash_operator.py
[2021-03-03 14:24:26,381] {scheduler_job.py:639} INFO - DAG(s) dict_keys(['example_bash_operator']) retrieved from /home/airflow/.local/lib/python3.8/site-packages/airflow/example_dags/example_bash_operator.py
[2021-03-03 14:24:26,383] {logging_mixin.py:103} INFO - [2021-03-03 14:24:26,383] {dag.py:1813} INFO - Sync 1 DAGs
[2021-03-03 14:24:26,660] {logging_mixin.py:103} INFO - [2021-03-03 14:24:26,660] {dag.py:2266} INFO - Setting next_dagrun for example_bash_operator to 2021-03-01 00:00:00+00:00
[2021-03-03 14:24:26,804] {scheduler_job.py:189} INFO - Processing /home/airflow/.local/lib/python3.8/site-packages/airflow/example_dags/example_bash_operator.py took 0.623 seconds
[2021-03-03 14:24:31,522] {scheduler_job.py:181} INFO - Started process (PID=229) to work on /home/airflow/.local/lib/python3.8/site-packages/airflow/example_dags/example_bash_operator.py
[2021-03-03 14:24:31,524] {scheduler_job.py:629} INFO - Processing file /home/airflow/.local/lib/python3.8/site-packages/airflow/example_dags/example_bash_operator.py for tasks to queue
[2021-03-03 14:24:31,530] {logging_mixin.py:103} INFO - [2021-03-03 14:24:31,530] {dagbag.py:440} INFO - Filling up the DagBag from /home/airflow/.local/lib/python3.8/site-packages/airflow/example_dags/example_bash_operator.py
[2021-03-03 14:24:31,590] {scheduler_job.py:639} INFO - DAG(s) dict_keys(['example_bash_operator']) retrieved from /home/airflow/.local/lib/python3.8/site-packages/airflow/example_dags/example_bash_operator.py
[2021-03-03 14:24:31,592] {logging_mixin.py:103} INFO - [2021-03-03 14:24:31,592] {dag.py:1813} INFO - Sync 1 DAGs
[2021-03-03 14:24:31,819] {logging_mixin.py:103} INFO - [2021-03-03 14:24:31,819] {dag.py:2266} INFO - Setting next_dagrun for example_bash_operator to 2021-03-01 00:00:00+00:00
[2021-03-03 14:24:31,922] {scheduler_job.py:189} INFO - Processing /home/airflow/.local/lib/python3.8/site-packages/airflow/example_dags/example_bash_operator.py took 0.426 seconds
[2021-03-03 14:24:38,023] {scheduler_job.py:181} INFO - Started process (PID=255) to work on /home/airflow/.local/lib/python3.8/site-packages/airflow/example_dags/example_bash_operator.py
[2021-03-03 14:24:38,050] {scheduler_job.py:629} INFO - Processing file /home/airflow/.local/lib/python3.8/site-packages/airflow/example_dags/example_bash_operator.py for tasks to queue
[2021-03-03 14:24:38,051] {logging_mixin.py:103} INFO - [2021-03-03 14:24:38,051] {dagbag.py:440} INFO - Filling up the DagBag from /home/airflow/.local/lib/python3.8/site-packages/airflow/example_dags/example_bash_operator.py
[2021-03-03 14:24:38,131] {scheduler_job.py:639} INFO - DAG(s) dict_keys(['example_bash_operator']) retrieved from /home/airflow/.local/lib/python3.8/site-packages/airflow/example_dags/example_bash_operator.py
[2021-03-03 14:24:38,141] {logging_mixin.py:103} INFO - [2021-03-03 14:24:38,141] {dag.py:1813} INFO - Sync 1 DAGs
[2021-03-03 14:24:38,352] {logging_mixin.py:103} INFO - [2021-03-03 14:24:38,351] {dag.py:2266} INFO - Setting next_dagrun for example_bash_operator to 2021-03-01 00:00:00+00:00
[2021-03-03 14:24:38,445] {scheduler_job.py:189} INFO - Processing /home/airflow/.local/lib/python3.8/site-packages/airflow/example_dags/example_bash_operator.py took 0.458 seconds
[2021-03-03 14:24:44,128] {scheduler_job.py:181} INFO - Started process (PID=281) to work on /home/airflow/.local/lib/python3.8/site-packages/airflow/example_dags/example_bash_operator.py
[2021-03-03 14:24:44,151] {scheduler_job.py:629} INFO - Processing file /home/airflow/.local/lib/python3.8/site-packages/airflow/example_dags/example_bash_operator.py for tasks to queue
[2021-03-03 14:24:44,153] {logging_mixin.py:103} INFO - [2021-03-03 14:24:44,152] {dagbag.py:440} INFO - Filling up the DagBag from /home/airflow/.local/lib/python3.8/site-packages/airflow/example_dags/example_bash_operator.py
[2021-03-03 14:24:44,240] {scheduler_job.py:639} INFO - DAG(s) dict_keys(['example_bash_operator']) retrieved from /home/airflow/.local/lib/python3.8/site-packages/airflow/example_dags/example_bash_operator.py
[2021-03-03 14:24:44,248] {logging_mixin.py:103} INFO - [2021-03-03 14:24:44,248] {dag.py:1813} INFO - Sync 1 DAGs
[2021-03-03 14:24:44,496] {logging_mixin.py:103} INFO - [2021-03-03 14:24:44,496] {dag.py:2266} INFO - Setting next_dagrun for example_bash_operator to 2021-03-01 00:00:00+00:00
[2021-03-03 14:24:44,656] {scheduler_job.py:189} INFO - Processing /home/airflow/.local/lib/python3.8/site-packages/airflow/example_dags/example_bash_operator.py took 0.540 seconds
[2021-03-03 14:24:50,560] {scheduler_job.py:181} INFO - Started process (PID=307) to work on /home/airflow/.local/lib/python3.8/site-packages/airflow/example_dags/example_bash_operator.py
[2021-03-03 14:24:50,570] {scheduler_job.py:629} INFO - Processing file /home/airflow/.local/lib/python3.8/site-packages/airflow/example_dags/example_bash_operator.py for tasks to queue
[2021-03-03 14:24:50,571] {logging_mixin.py:103} INFO - [2021-03-03 14:24:50,571] {dagbag.py:440} INFO - Filling up the DagBag from /home/airflow/.local/lib/python3.8/site-packages/airflow/example_dags/example_bash_operator.py
[2021-03-03 14:24:50,648] {scheduler_job.py:639} INFO - DAG(s) dict_keys(['example_bash_operator']) retrieved from /home/airflow/.local/lib/python3.8/site-packages/airflow/example_dags/example_bash_operator.py
[2021-03-03 14:24:50,658] {logging_mixin.py:103} INFO - [2021-03-03 14:24:50,658] {dag.py:1813} INFO - Sync 1 DAGs
[2021-03-03 14:24:50,854] {logging_mixin.py:103} INFO - [2021-03-03 14:24:50,853] {dag.py:2266} INFO - Setting next_dagrun for example_bash_operator to 2021-03-01 00:00:00+00:00
[2021-03-03 14:24:50,939] {scheduler_job.py:189} INFO - Processing /home/airflow/.local/lib/python3.8/site-packages/airflow/example_dags/example_bash_operator.py took 0.403 seconds
[2021-03-03 14:24:56,947] {scheduler_job.py:181} INFO - Started process (PID=333) to work on /home/airflow/.local/lib/python3.8/site-packages/airflow/example_dags/example_bash_operator.py
[2021-03-03 14:24:56,955] {scheduler_job.py:629} INFO - Processing file /home/airflow/.local/lib/python3.8/site-packages/airflow/example_dags/example_bash_operator.py for tasks to queue
[2021-03-03 14:24:56,956] {logging_mixin.py:103} INFO - [2021-03-03 14:24:56,956] {dagbag.py:440} INFO - Filling up the DagBag from /home/airflow/.local/lib/python3.8/site-packages/airflow/example_dags/example_bash_operator.py
[2021-03-03 14:24:57,030] {scheduler_job.py:639} INFO - DAG(s) dict_keys(['example_bash_operator']) retrieved from /home/airflow/.local/lib/python3.8/site-packages/airflow/example_dags/example_bash_operator.py
[2021-03-03 14:24:57,032] {logging_mixin.py:103} INFO - [2021-03-03 14:24:57,032] {dag.py:1813} INFO - Sync 1 DAGs
[2021-03-03 14:24:57,155] {logging_mixin.py:103} INFO - [2021-03-03 14:24:57,155] {dag.py:2266} INFO - Setting next_dagrun for example_bash_operator to 2021-03-01 00:00:00+00:00
[2021-03-03 14:24:57,239] {scheduler_job.py:189} INFO - Processing /home/airflow/.local/lib/python3.8/site-packages/airflow/example_dags/example_bash_operator.py took 0.299 seconds
[2021-03-03 14:25:03,051] {scheduler_job.py:181} INFO - Started process (PID=359) to work on /home/airflow/.local/lib/python3.8/site-packages/airflow/example_dags/example_bash_operator.py
[2021-03-03 14:25:03,070] {scheduler_job.py:629} INFO - Processing file /home/airflow/.local/lib/python3.8/site-packages/airflow/example_dags/example_bash_operator.py for tasks to queue
[2021-03-03 14:25:03,078] {logging_mixin.py:103} INFO - [2021-03-03 14:25:03,078] {dagbag.py:440} INFO - Filling up the DagBag from /home/airflow/.local/lib/python3.8/site-packages/airflow/example_dags/example_bash_operator.py
[2021-03-03 14:25:03,150] {scheduler_job.py:639} INFO - DAG(s) dict_keys(['example_bash_operator']) retrieved from /home/airflow/.local/lib/python3.8/site-packages/airflow/example_dags/example_bash_operator.py
[2021-03-03 14:25:03,151] {logging_mixin.py:103} INFO - [2021-03-03 14:25:03,151] {dag.py:1813} INFO - Sync 1 DAGs
[2021-03-03 14:25:03,383] {logging_mixin.py:103} INFO - [2021-03-03 14:25:03,383] {dag.py:2266} INFO - Setting next_dagrun for example_bash_operator to 2021-03-01 00:00:00+00:00
[2021-03-03 14:25:03,514] {scheduler_job.py:189} INFO - Processing /home/airflow/.local/lib/python3.8/site-packages/airflow/example_dags/example_bash_operator.py took 0.511 seconds
[2021-03-03 14:25:08,411] {scheduler_job.py:181} INFO - Started process (PID=385) to work on /home/airflow/.local/lib/python3.8/site-packages/airflow/example_dags/example_bash_operator.py
[2021-03-03 14:25:08,418] {scheduler_job.py:629} INFO - Processing file /home/airflow/.local/lib/python3.8/site-packages/airflow/example_dags/example_bash_operator.py for tasks to queue
[2021-03-03 14:25:08,419] {logging_mixin.py:103} INFO - [2021-03-03 14:25:08,419] {dagbag.py:440} INFO - Filling up the DagBag from /home/airflow/.local/lib/python3.8/site-packages/airflow/example_dags/example_bash_operator.py
[2021-03-03 14:25:08,481] {scheduler_job.py:639} INFO - DAG(s) dict_keys(['example_bash_operator']) retrieved from /home/airflow/.local/lib/python3.8/site-packages/airflow/example_dags/example_bash_operator.py
[2021-03-03 14:25:08,483] {logging_mixin.py:103} INFO - [2021-03-03 14:25:08,483] {dag.py:1813} INFO - Sync 1 DAGs
[2021-03-03 14:25:08,688] {logging_mixin.py:103} INFO - [2021-03-03 14:25:08,688] {dag.py:2266} INFO - Setting next_dagrun for example_bash_operator to 2021-03-01 00:00:00+00:00
[2021-03-03 14:25:08,800] {scheduler_job.py:189} INFO - Processing /home/airflow/.local/lib/python3.8/site-packages/airflow/example_dags/example_bash_operator.py took 0.400 seconds
[2021-03-03 14:25:13,435] {scheduler_job.py:181} INFO - Started process (PID=411) to work on /home/airflow/.local/lib/python3.8/site-packages/airflow/example_dags/example_bash_operator.py
[2021-03-03 14:25:13,437] {scheduler_job.py:629} INFO - Processing file /home/airflow/.local/lib/python3.8/site-packages/airflow/example_dags/example_bash_operator.py for tasks to queue
[2021-03-03 14:25:13,446] {logging_mixin.py:103} INFO - [2021-03-03 14:25:13,446] {dagbag.py:440} INFO - Filling up the DagBag from /home/airflow/.local/lib/python3.8/site-packages/airflow/example_dags/example_bash_operator.py
[2021-03-03 14:25:13,500] {scheduler_job.py:639} INFO - DAG(s) dict_keys(['example_bash_operator']) retrieved from /home/airflow/.local/lib/python3.8/site-packages/airflow/example_dags/example_bash_operator.py
[2021-03-03 14:25:13,514] {logging_mixin.py:103} INFO - [2021-03-03 14:25:13,514] {dag.py:1813} INFO - Sync 1 DAGs
[2021-03-03 14:25:13,641] {logging_mixin.py:103} INFO - [2021-03-03 14:25:13,640] {dag.py:2266} INFO - Setting next_dagrun for example_bash_operator to 2021-03-01 00:00:00+00:00
[2021-03-03 14:25:13,753] {scheduler_job.py:189} INFO - Processing /home/airflow/.local/lib/python3.8/site-packages/airflow/example_dags/example_bash_operator.py took 0.344 seconds
[2021-03-03 14:25:19,356] {scheduler_job.py:181} INFO - Started process (PID=437) to work on /home/airflow/.local/lib/python3.8/site-packages/airflow/example_dags/example_bash_operator.py
[2021-03-03 14:25:19,374] {scheduler_job.py:629} INFO - Processing file /home/airflow/.local/lib/python3.8/site-packages/airflow/example_dags/example_bash_operator.py for tasks to queue
[2021-03-03 14:25:19,375] {logging_mixin.py:103} INFO - [2021-03-03 14:25:19,375] {dagbag.py:440} INFO - Filling up the DagBag from /home/airflow/.local/lib/python3.8/site-packages/airflow/example_dags/example_bash_operator.py
[2021-03-03 14:25:19,507] {scheduler_job.py:639} INFO - DAG(s) dict_keys(['example_bash_operator']) retrieved from /home/airflow/.local/lib/python3.8/site-packages/airflow/example_dags/example_bash_operator.py
[2021-03-03 14:25:19,516] {logging_mixin.py:103} INFO - [2021-03-03 14:25:19,516] {dag.py:1813} INFO - Sync 1 DAGs
[2021-03-03 14:25:19,820] {logging_mixin.py:103} INFO - [2021-03-03 14:25:19,820] {dag.py:2266} INFO - Setting next_dagrun for example_bash_operator to 2021-03-01 00:00:00+00:00
[2021-03-03 14:25:19,989] {scheduler_job.py:189} INFO - Processing /home/airflow/.local/lib/python3.8/site-packages/airflow/example_dags/example_bash_operator.py took 0.652 seconds
[2021-03-03 14:25:25,870] {scheduler_job.py:181} INFO - Started process (PID=463) to work on /home/airflow/.local/lib/python3.8/site-packages/airflow/example_dags/example_bash_operator.py
[2021-03-03 14:25:25,873] {scheduler_job.py:629} INFO - Processing file /home/airflow/.local/lib/python3.8/site-packages/airflow/example_dags/example_bash_operator.py for tasks to queue
[2021-03-03 14:25:25,878] {logging_mixin.py:103} INFO - [2021-03-03 14:25:25,878] {dagbag.py:440} INFO - Filling up the DagBag from /home/airflow/.local/lib/python3.8/site-packages/airflow/example_dags/example_bash_operator.py
[2021-03-03 14:25:25,955] {scheduler_job.py:639} INFO - DAG(s) dict_keys(['example_bash_operator']) retrieved from /home/airflow/.local/lib/python3.8/site-packages/airflow/example_dags/example_bash_operator.py
[2021-03-03 14:25:25,957] {logging_mixin.py:103} INFO - [2021-03-03 14:25:25,957] {dag.py:1813} INFO - Sync 1 DAGs
[2021-03-03 14:25:26,117] {logging_mixin.py:103} INFO - [2021-03-03 14:25:26,111] {dag.py:2266} INFO - Setting next_dagrun for example_bash_operator to 2021-03-01 00:00:00+00:00
[2021-03-03 14:25:26,237] {scheduler_job.py:189} INFO - Processing /home/airflow/.local/lib/python3.8/site-packages/airflow/example_dags/example_bash_operator.py took 0.390 seconds
[2021-03-03 14:25:32,812] {scheduler_job.py:181} INFO - Started process (PID=489) to work on /home/airflow/.local/lib/python3.8/site-packages/airflow/example_dags/example_bash_operator.py
[2021-03-03 14:25:32,835] {scheduler_job.py:629} INFO - Processing file /home/airflow/.local/lib/python3.8/site-packages/airflow/example_dags/example_bash_operator.py for tasks to queue
[2021-03-03 14:25:32,836] {logging_mixin.py:103} INFO - [2021-03-03 14:25:32,836] {dagbag.py:440} INFO - Filling up the DagBag from /home/airflow/.local/lib/python3.8/site-packages/airflow/example_dags/example_bash_operator.py
[2021-03-03 14:25:32,997] {scheduler_job.py:639} INFO - DAG(s) dict_keys(['example_bash_operator']) retrieved from /home/airflow/.local/lib/python3.8/site-packages/airflow/example_dags/example_bash_operator.py
[2021-03-03 14:25:33,003] {logging_mixin.py:103} INFO - [2021-03-03 14:25:33,003] {dag.py:1813} INFO - Sync 1 DAGs
[2021-03-03 14:25:33,119] {logging_mixin.py:103} INFO - [2021-03-03 14:25:33,119] {dag.py:2266} INFO - Setting next_dagrun for example_bash_operator to 2021-03-01 00:00:00+00:00
[2021-03-03 14:25:33,282] {scheduler_job.py:189} INFO - Processing /home/airflow/.local/lib/python3.8/site-packages/airflow/example_dags/example_bash_operator.py took 0.506 seconds
[2021-03-03 14:25:39,838] {scheduler_job.py:181} INFO - Started process (PID=515) to work on /home/airflow/.local/lib/python3.8/site-packages/airflow/example_dags/example_bash_operator.py
[2021-03-03 14:25:39,858] {scheduler_job.py:629} INFO - Processing file /home/airflow/.local/lib/python3.8/site-packages/airflow/example_dags/example_bash_operator.py for tasks to queue
[2021-03-03 14:25:39,860] {logging_mixin.py:103} INFO - [2021-03-03 14:25:39,860] {dagbag.py:440} INFO - Filling up the DagBag from /home/airflow/.local/lib/python3.8/site-packages/airflow/example_dags/example_bash_operator.py
[2021-03-03 14:25:40,000] {scheduler_job.py:639} INFO - DAG(s) dict_keys(['example_bash_operator']) retrieved from /home/airflow/.local/lib/python3.8/site-packages/airflow/example_dags/example_bash_operator.py
[2021-03-03 14:25:40,002] {logging_mixin.py:103} INFO - [2021-03-03 14:25:40,002] {dag.py:1813} INFO - Sync 1 DAGs
[2021-03-03 14:25:40,179] {logging_mixin.py:103} INFO - [2021-03-03 14:25:40,179] {dag.py:2266} INFO - Setting next_dagrun for example_bash_operator to 2021-03-01 00:00:00+00:00
[2021-03-03 14:25:40,272] {scheduler_job.py:189} INFO - Processing /home/airflow/.local/lib/python3.8/site-packages/airflow/example_dags/example_bash_operator.py took 0.476 seconds
[2021-03-03 14:25:45,713] {scheduler_job.py:181} INFO - Started process (PID=541) to work on /home/airflow/.local/lib/python3.8/site-packages/airflow/example_dags/example_bash_operator.py
[2021-03-03 14:25:45,715] {scheduler_job.py:629} INFO - Processing file /home/airflow/.local/lib/python3.8/site-packages/airflow/example_dags/example_bash_operator.py for tasks to queue
[2021-03-03 14:25:45,718] {logging_mixin.py:103} INFO - [2021-03-03 14:25:45,718] {dagbag.py:440} INFO - Filling up the DagBag from /home/airflow/.local/lib/python3.8/site-packages/airflow/example_dags/example_bash_operator.py
[2021-03-03 14:25:45,765] {scheduler_job.py:639} INFO - DAG(s) dict_keys(['example_bash_operator']) retrieved from /home/airflow/.local/lib/python3.8/site-packages/airflow/example_dags/example_bash_operator.py
[2021-03-03 14:25:45,776] {logging_mixin.py:103} INFO - [2021-03-03 14:25:45,776] {dag.py:1813} INFO - Sync 1 DAGs
[2021-03-03 14:25:45,959] {logging_mixin.py:103} INFO - [2021-03-03 14:25:45,958] {dag.py:2266} INFO - Setting next_dagrun for example_bash_operator to 2021-03-01 00:00:00+00:00
[2021-03-03 14:25:46,046] {scheduler_job.py:189} INFO - Processing /home/airflow/.local/lib/python3.8/site-packages/airflow/example_dags/example_bash_operator.py took 0.353 seconds
[2021-03-03 14:25:51,192] {scheduler_job.py:181} INFO - Started process (PID=567) to work on /home/airflow/.local/lib/python3.8/site-packages/airflow/example_dags/example_bash_operator.py
[2021-03-03 14:25:51,207] {scheduler_job.py:629} INFO - Processing file /home/airflow/.local/lib/python3.8/site-packages/airflow/example_dags/example_bash_operator.py for tasks to queue
[2021-03-03 14:25:51,209] {logging_mixin.py:103} INFO - [2021-03-03 14:25:51,208] {dagbag.py:440} INFO - Filling up the DagBag from /home/airflow/.local/lib/python3.8/site-packages/airflow/example_dags/example_bash_operator.py
[2021-03-03 14:25:51,319] {scheduler_job.py:639} INFO - DAG(s) dict_keys(['example_bash_operator']) retrieved from /home/airflow/.local/lib/python3.8/site-packages/airflow/example_dags/example_bash_operator.py
[2021-03-03 14:25:51,321] {logging_mixin.py:103} INFO - [2021-03-03 14:25:51,320] {dag.py:1813} INFO - Sync 1 DAGs
[2021-03-03 14:25:51,475] {logging_mixin.py:103} INFO - [2021-03-03 14:25:51,474] {dag.py:2266} INFO - Setting next_dagrun for example_bash_operator to 2021-03-01 00:00:00+00:00
[2021-03-03 14:25:51,555] {scheduler_job.py:189} INFO - Processing /home/airflow/.local/lib/python3.8/site-packages/airflow/example_dags/example_bash_operator.py took 0.378 seconds
[2021-03-03 14:25:56,834] {scheduler_job.py:181} INFO - Started process (PID=593) to work on /home/airflow/.local/lib/python3.8/site-packages/airflow/example_dags/example_bash_operator.py
[2021-03-03 14:25:56,840] {scheduler_job.py:629} INFO - Processing file /home/airflow/.local/lib/python3.8/site-packages/airflow/example_dags/example_bash_operator.py for tasks to queue
[2021-03-03 14:25:56,842] {logging_mixin.py:103} INFO - [2021-03-03 14:25:56,841] {dagbag.py:440} INFO - Filling up the DagBag from /home/airflow/.local/lib/python3.8/site-packages/airflow/example_dags/example_bash_operator.py
[2021-03-03 14:25:56,932] {scheduler_job.py:639} INFO - DAG(s) dict_keys(['example_bash_operator']) retrieved from /home/airflow/.local/lib/python3.8/site-packages/airflow/example_dags/example_bash_operator.py
[2021-03-03 14:25:56,934] {logging_mixin.py:103} INFO - [2021-03-03 14:25:56,933] {dag.py:1813} INFO - Sync 1 DAGs
[2021-03-03 14:25:57,123] {logging_mixin.py:103} INFO - [2021-03-03 14:25:57,123] {dag.py:2266} INFO - Setting next_dagrun for example_bash_operator to 2021-03-01 00:00:00+00:00
[2021-03-03 14:25:57,300] {scheduler_job.py:189} INFO - Processing /home/airflow/.local/lib/python3.8/site-packages/airflow/example_dags/example_bash_operator.py took 0.480 seconds
