[2021-03-03 14:23:36,955] {scheduler_job.py:181} INFO - Started process (PID=21) to work on /home/airflow/.local/lib/python3.8/site-packages/airflow/example_dags/example_kubernetes_executor_config.py
[2021-03-03 14:23:36,958] {scheduler_job.py:629} INFO - Processing file /home/airflow/.local/lib/python3.8/site-packages/airflow/example_dags/example_kubernetes_executor_config.py for tasks to queue
[2021-03-03 14:23:36,959] {logging_mixin.py:103} INFO - [2021-03-03 14:23:36,959] {dagbag.py:440} INFO - Filling up the DagBag from /home/airflow/.local/lib/python3.8/site-packages/airflow/example_dags/example_kubernetes_executor_config.py
[2021-03-03 14:23:37,001] {scheduler_job.py:639} INFO - DAG(s) dict_keys(['example_kubernetes_executor_config']) retrieved from /home/airflow/.local/lib/python3.8/site-packages/airflow/example_dags/example_kubernetes_executor_config.py
[2021-03-03 14:23:37,003] {logging_mixin.py:103} INFO - [2021-03-03 14:23:37,002] {dag.py:1813} INFO - Sync 1 DAGs
[2021-03-03 14:23:37,177] {logging_mixin.py:103} INFO - [2021-03-03 14:23:37,177] {dag.py:1832} INFO - Creating ORM DAG for example_kubernetes_executor_config
[2021-03-03 14:23:37,226] {logging_mixin.py:103} INFO - [2021-03-03 14:23:37,226] {dag.py:2266} INFO - Setting next_dagrun for example_kubernetes_executor_config to None
[2021-03-03 14:23:37,433] {scheduler_job.py:189} INFO - Processing /home/airflow/.local/lib/python3.8/site-packages/airflow/example_dags/example_kubernetes_executor_config.py took 0.485 seconds
[2021-03-03 14:23:50,289] {scheduler_job.py:181} INFO - Started process (PID=67) to work on /home/airflow/.local/lib/python3.8/site-packages/airflow/example_dags/example_kubernetes_executor_config.py
[2021-03-03 14:23:50,317] {scheduler_job.py:629} INFO - Processing file /home/airflow/.local/lib/python3.8/site-packages/airflow/example_dags/example_kubernetes_executor_config.py for tasks to queue
[2021-03-03 14:23:50,319] {logging_mixin.py:103} INFO - [2021-03-03 14:23:50,319] {dagbag.py:440} INFO - Filling up the DagBag from /home/airflow/.local/lib/python3.8/site-packages/airflow/example_dags/example_kubernetes_executor_config.py
[2021-03-03 14:23:50,449] {scheduler_job.py:639} INFO - DAG(s) dict_keys(['example_kubernetes_executor_config']) retrieved from /home/airflow/.local/lib/python3.8/site-packages/airflow/example_dags/example_kubernetes_executor_config.py
[2021-03-03 14:23:50,451] {logging_mixin.py:103} INFO - [2021-03-03 14:23:50,451] {dag.py:1813} INFO - Sync 1 DAGs
[2021-03-03 14:23:50,665] {logging_mixin.py:103} INFO - [2021-03-03 14:23:50,664] {dag.py:2266} INFO - Setting next_dagrun for example_kubernetes_executor_config to None
[2021-03-03 14:23:50,721] {scheduler_job.py:189} INFO - Processing /home/airflow/.local/lib/python3.8/site-packages/airflow/example_dags/example_kubernetes_executor_config.py took 0.465 seconds
[2021-03-03 14:23:58,488] {scheduler_job.py:181} INFO - Started process (PID=93) to work on /home/airflow/.local/lib/python3.8/site-packages/airflow/example_dags/example_kubernetes_executor_config.py
[2021-03-03 14:23:58,502] {scheduler_job.py:629} INFO - Processing file /home/airflow/.local/lib/python3.8/site-packages/airflow/example_dags/example_kubernetes_executor_config.py for tasks to queue
[2021-03-03 14:23:58,504] {logging_mixin.py:103} INFO - [2021-03-03 14:23:58,504] {dagbag.py:440} INFO - Filling up the DagBag from /home/airflow/.local/lib/python3.8/site-packages/airflow/example_dags/example_kubernetes_executor_config.py
[2021-03-03 14:23:58,592] {scheduler_job.py:639} INFO - DAG(s) dict_keys(['example_kubernetes_executor_config']) retrieved from /home/airflow/.local/lib/python3.8/site-packages/airflow/example_dags/example_kubernetes_executor_config.py
[2021-03-03 14:23:58,619] {logging_mixin.py:103} INFO - [2021-03-03 14:23:58,619] {dag.py:1813} INFO - Sync 1 DAGs
[2021-03-03 14:23:58,758] {logging_mixin.py:103} INFO - [2021-03-03 14:23:58,758] {dag.py:2266} INFO - Setting next_dagrun for example_kubernetes_executor_config to None
[2021-03-03 14:23:58,830] {scheduler_job.py:189} INFO - Processing /home/airflow/.local/lib/python3.8/site-packages/airflow/example_dags/example_kubernetes_executor_config.py took 0.405 seconds
[2021-03-03 14:24:00,619] {scheduler_job.py:181} INFO - Started process (PID=100) to work on /home/airflow/.local/lib/python3.8/site-packages/airflow/example_dags/example_kubernetes_executor_config.py
[2021-03-03 14:24:00,644] {scheduler_job.py:629} INFO - Processing file /home/airflow/.local/lib/python3.8/site-packages/airflow/example_dags/example_kubernetes_executor_config.py for tasks to queue
[2021-03-03 14:24:00,646] {logging_mixin.py:103} INFO - [2021-03-03 14:24:00,646] {dagbag.py:440} INFO - Filling up the DagBag from /home/airflow/.local/lib/python3.8/site-packages/airflow/example_dags/example_kubernetes_executor_config.py
[2021-03-03 14:24:00,851] {scheduler_job.py:639} INFO - DAG(s) dict_keys(['example_kubernetes_executor_config']) retrieved from /home/airflow/.local/lib/python3.8/site-packages/airflow/example_dags/example_kubernetes_executor_config.py
[2021-03-03 14:24:00,861] {logging_mixin.py:103} INFO - [2021-03-03 14:24:00,861] {dag.py:1813} INFO - Sync 1 DAGs
[2021-03-03 14:24:01,059] {logging_mixin.py:103} INFO - [2021-03-03 14:24:01,058] {dag.py:2266} INFO - Setting next_dagrun for example_kubernetes_executor_config to None
[2021-03-03 14:24:01,180] {scheduler_job.py:189} INFO - Processing /home/airflow/.local/lib/python3.8/site-packages/airflow/example_dags/example_kubernetes_executor_config.py took 0.604 seconds
[2021-03-03 14:24:12,539] {scheduler_job.py:181} INFO - Started process (PID=146) to work on /home/airflow/.local/lib/python3.8/site-packages/airflow/example_dags/example_kubernetes_executor_config.py
[2021-03-03 14:24:12,542] {scheduler_job.py:629} INFO - Processing file /home/airflow/.local/lib/python3.8/site-packages/airflow/example_dags/example_kubernetes_executor_config.py for tasks to queue
[2021-03-03 14:24:12,545] {logging_mixin.py:103} INFO - [2021-03-03 14:24:12,544] {dagbag.py:440} INFO - Filling up the DagBag from /home/airflow/.local/lib/python3.8/site-packages/airflow/example_dags/example_kubernetes_executor_config.py
[2021-03-03 14:24:12,600] {scheduler_job.py:639} INFO - DAG(s) dict_keys(['example_kubernetes_executor_config']) retrieved from /home/airflow/.local/lib/python3.8/site-packages/airflow/example_dags/example_kubernetes_executor_config.py
[2021-03-03 14:24:12,602] {logging_mixin.py:103} INFO - [2021-03-03 14:24:12,602] {dag.py:1813} INFO - Sync 1 DAGs
[2021-03-03 14:24:12,739] {logging_mixin.py:103} INFO - [2021-03-03 14:24:12,739] {dag.py:2266} INFO - Setting next_dagrun for example_kubernetes_executor_config to None
[2021-03-03 14:24:12,870] {scheduler_job.py:189} INFO - Processing /home/airflow/.local/lib/python3.8/site-packages/airflow/example_dags/example_kubernetes_executor_config.py took 0.344 seconds
[2021-03-03 14:24:18,504] {scheduler_job.py:181} INFO - Started process (PID=172) to work on /home/airflow/.local/lib/python3.8/site-packages/airflow/example_dags/example_kubernetes_executor_config.py
[2021-03-03 14:24:18,510] {scheduler_job.py:629} INFO - Processing file /home/airflow/.local/lib/python3.8/site-packages/airflow/example_dags/example_kubernetes_executor_config.py for tasks to queue
[2021-03-03 14:24:18,512] {logging_mixin.py:103} INFO - [2021-03-03 14:24:18,511] {dagbag.py:440} INFO - Filling up the DagBag from /home/airflow/.local/lib/python3.8/site-packages/airflow/example_dags/example_kubernetes_executor_config.py
[2021-03-03 14:24:18,616] {scheduler_job.py:639} INFO - DAG(s) dict_keys(['example_kubernetes_executor_config']) retrieved from /home/airflow/.local/lib/python3.8/site-packages/airflow/example_dags/example_kubernetes_executor_config.py
[2021-03-03 14:24:18,618] {logging_mixin.py:103} INFO - [2021-03-03 14:24:18,617] {dag.py:1813} INFO - Sync 1 DAGs
[2021-03-03 14:24:18,790] {logging_mixin.py:103} INFO - [2021-03-03 14:24:18,790] {dag.py:2266} INFO - Setting next_dagrun for example_kubernetes_executor_config to None
[2021-03-03 14:24:18,910] {scheduler_job.py:189} INFO - Processing /home/airflow/.local/lib/python3.8/site-packages/airflow/example_dags/example_kubernetes_executor_config.py took 0.420 seconds
[2021-03-03 14:24:25,254] {scheduler_job.py:181} INFO - Started process (PID=198) to work on /home/airflow/.local/lib/python3.8/site-packages/airflow/example_dags/example_kubernetes_executor_config.py
[2021-03-03 14:24:25,256] {scheduler_job.py:629} INFO - Processing file /home/airflow/.local/lib/python3.8/site-packages/airflow/example_dags/example_kubernetes_executor_config.py for tasks to queue
[2021-03-03 14:24:25,275] {logging_mixin.py:103} INFO - [2021-03-03 14:24:25,275] {dagbag.py:440} INFO - Filling up the DagBag from /home/airflow/.local/lib/python3.8/site-packages/airflow/example_dags/example_kubernetes_executor_config.py
[2021-03-03 14:24:25,356] {scheduler_job.py:639} INFO - DAG(s) dict_keys(['example_kubernetes_executor_config']) retrieved from /home/airflow/.local/lib/python3.8/site-packages/airflow/example_dags/example_kubernetes_executor_config.py
[2021-03-03 14:24:25,369] {logging_mixin.py:103} INFO - [2021-03-03 14:24:25,369] {dag.py:1813} INFO - Sync 1 DAGs
[2021-03-03 14:24:25,503] {logging_mixin.py:103} INFO - [2021-03-03 14:24:25,503] {dag.py:2266} INFO - Setting next_dagrun for example_kubernetes_executor_config to None
[2021-03-03 14:24:25,636] {scheduler_job.py:189} INFO - Processing /home/airflow/.local/lib/python3.8/site-packages/airflow/example_dags/example_kubernetes_executor_config.py took 0.397 seconds
[2021-03-03 14:24:30,597] {scheduler_job.py:181} INFO - Started process (PID=224) to work on /home/airflow/.local/lib/python3.8/site-packages/airflow/example_dags/example_kubernetes_executor_config.py
[2021-03-03 14:24:30,600] {scheduler_job.py:629} INFO - Processing file /home/airflow/.local/lib/python3.8/site-packages/airflow/example_dags/example_kubernetes_executor_config.py for tasks to queue
[2021-03-03 14:24:30,614] {logging_mixin.py:103} INFO - [2021-03-03 14:24:30,613] {dagbag.py:440} INFO - Filling up the DagBag from /home/airflow/.local/lib/python3.8/site-packages/airflow/example_dags/example_kubernetes_executor_config.py
[2021-03-03 14:24:30,644] {scheduler_job.py:639} INFO - DAG(s) dict_keys(['example_kubernetes_executor_config']) retrieved from /home/airflow/.local/lib/python3.8/site-packages/airflow/example_dags/example_kubernetes_executor_config.py
[2021-03-03 14:24:30,646] {logging_mixin.py:103} INFO - [2021-03-03 14:24:30,646] {dag.py:1813} INFO - Sync 1 DAGs
[2021-03-03 14:24:30,744] {logging_mixin.py:103} INFO - [2021-03-03 14:24:30,744] {dag.py:2266} INFO - Setting next_dagrun for example_kubernetes_executor_config to None
[2021-03-03 14:24:30,824] {scheduler_job.py:189} INFO - Processing /home/airflow/.local/lib/python3.8/site-packages/airflow/example_dags/example_kubernetes_executor_config.py took 0.250 seconds
[2021-03-03 14:24:36,779] {scheduler_job.py:181} INFO - Started process (PID=250) to work on /home/airflow/.local/lib/python3.8/site-packages/airflow/example_dags/example_kubernetes_executor_config.py
[2021-03-03 14:24:36,781] {scheduler_job.py:629} INFO - Processing file /home/airflow/.local/lib/python3.8/site-packages/airflow/example_dags/example_kubernetes_executor_config.py for tasks to queue
[2021-03-03 14:24:36,794] {logging_mixin.py:103} INFO - [2021-03-03 14:24:36,794] {dagbag.py:440} INFO - Filling up the DagBag from /home/airflow/.local/lib/python3.8/site-packages/airflow/example_dags/example_kubernetes_executor_config.py
[2021-03-03 14:24:36,851] {scheduler_job.py:639} INFO - DAG(s) dict_keys(['example_kubernetes_executor_config']) retrieved from /home/airflow/.local/lib/python3.8/site-packages/airflow/example_dags/example_kubernetes_executor_config.py
[2021-03-03 14:24:36,858] {logging_mixin.py:103} INFO - [2021-03-03 14:24:36,853] {dag.py:1813} INFO - Sync 1 DAGs
[2021-03-03 14:24:36,989] {logging_mixin.py:103} INFO - [2021-03-03 14:24:36,989] {dag.py:2266} INFO - Setting next_dagrun for example_kubernetes_executor_config to None
[2021-03-03 14:24:37,134] {scheduler_job.py:189} INFO - Processing /home/airflow/.local/lib/python3.8/site-packages/airflow/example_dags/example_kubernetes_executor_config.py took 0.367 seconds
[2021-03-03 14:24:43,091] {scheduler_job.py:181} INFO - Started process (PID=276) to work on /home/airflow/.local/lib/python3.8/site-packages/airflow/example_dags/example_kubernetes_executor_config.py
[2021-03-03 14:24:43,117] {scheduler_job.py:629} INFO - Processing file /home/airflow/.local/lib/python3.8/site-packages/airflow/example_dags/example_kubernetes_executor_config.py for tasks to queue
[2021-03-03 14:24:43,119] {logging_mixin.py:103} INFO - [2021-03-03 14:24:43,118] {dagbag.py:440} INFO - Filling up the DagBag from /home/airflow/.local/lib/python3.8/site-packages/airflow/example_dags/example_kubernetes_executor_config.py
[2021-03-03 14:24:43,226] {scheduler_job.py:639} INFO - DAG(s) dict_keys(['example_kubernetes_executor_config']) retrieved from /home/airflow/.local/lib/python3.8/site-packages/airflow/example_dags/example_kubernetes_executor_config.py
[2021-03-03 14:24:43,228] {logging_mixin.py:103} INFO - [2021-03-03 14:24:43,228] {dag.py:1813} INFO - Sync 1 DAGs
[2021-03-03 14:24:43,384] {logging_mixin.py:103} INFO - [2021-03-03 14:24:43,384] {dag.py:2266} INFO - Setting next_dagrun for example_kubernetes_executor_config to None
[2021-03-03 14:24:43,531] {scheduler_job.py:189} INFO - Processing /home/airflow/.local/lib/python3.8/site-packages/airflow/example_dags/example_kubernetes_executor_config.py took 0.456 seconds
[2021-03-03 14:24:49,477] {scheduler_job.py:181} INFO - Started process (PID=302) to work on /home/airflow/.local/lib/python3.8/site-packages/airflow/example_dags/example_kubernetes_executor_config.py
[2021-03-03 14:24:49,479] {scheduler_job.py:629} INFO - Processing file /home/airflow/.local/lib/python3.8/site-packages/airflow/example_dags/example_kubernetes_executor_config.py for tasks to queue
[2021-03-03 14:24:49,489] {logging_mixin.py:103} INFO - [2021-03-03 14:24:49,488] {dagbag.py:440} INFO - Filling up the DagBag from /home/airflow/.local/lib/python3.8/site-packages/airflow/example_dags/example_kubernetes_executor_config.py
[2021-03-03 14:24:49,609] {scheduler_job.py:639} INFO - DAG(s) dict_keys(['example_kubernetes_executor_config']) retrieved from /home/airflow/.local/lib/python3.8/site-packages/airflow/example_dags/example_kubernetes_executor_config.py
[2021-03-03 14:24:49,617] {logging_mixin.py:103} INFO - [2021-03-03 14:24:49,616] {dag.py:1813} INFO - Sync 1 DAGs
[2021-03-03 14:24:49,816] {logging_mixin.py:103} INFO - [2021-03-03 14:24:49,815] {dag.py:2266} INFO - Setting next_dagrun for example_kubernetes_executor_config to None
[2021-03-03 14:24:49,974] {scheduler_job.py:189} INFO - Processing /home/airflow/.local/lib/python3.8/site-packages/airflow/example_dags/example_kubernetes_executor_config.py took 0.533 seconds
[2021-03-03 14:24:55,867] {scheduler_job.py:181} INFO - Started process (PID=328) to work on /home/airflow/.local/lib/python3.8/site-packages/airflow/example_dags/example_kubernetes_executor_config.py
[2021-03-03 14:24:55,869] {scheduler_job.py:629} INFO - Processing file /home/airflow/.local/lib/python3.8/site-packages/airflow/example_dags/example_kubernetes_executor_config.py for tasks to queue
[2021-03-03 14:24:55,870] {logging_mixin.py:103} INFO - [2021-03-03 14:24:55,870] {dagbag.py:440} INFO - Filling up the DagBag from /home/airflow/.local/lib/python3.8/site-packages/airflow/example_dags/example_kubernetes_executor_config.py
[2021-03-03 14:24:55,927] {scheduler_job.py:639} INFO - DAG(s) dict_keys(['example_kubernetes_executor_config']) retrieved from /home/airflow/.local/lib/python3.8/site-packages/airflow/example_dags/example_kubernetes_executor_config.py
[2021-03-03 14:24:55,929] {logging_mixin.py:103} INFO - [2021-03-03 14:24:55,929] {dag.py:1813} INFO - Sync 1 DAGs
[2021-03-03 14:24:56,014] {logging_mixin.py:103} INFO - [2021-03-03 14:24:56,014] {dag.py:2266} INFO - Setting next_dagrun for example_kubernetes_executor_config to None
[2021-03-03 14:24:56,100] {scheduler_job.py:189} INFO - Processing /home/airflow/.local/lib/python3.8/site-packages/airflow/example_dags/example_kubernetes_executor_config.py took 0.248 seconds
[2021-03-03 14:25:02,008] {scheduler_job.py:181} INFO - Started process (PID=354) to work on /home/airflow/.local/lib/python3.8/site-packages/airflow/example_dags/example_kubernetes_executor_config.py
[2021-03-03 14:25:02,013] {scheduler_job.py:629} INFO - Processing file /home/airflow/.local/lib/python3.8/site-packages/airflow/example_dags/example_kubernetes_executor_config.py for tasks to queue
[2021-03-03 14:25:02,014] {logging_mixin.py:103} INFO - [2021-03-03 14:25:02,014] {dagbag.py:440} INFO - Filling up the DagBag from /home/airflow/.local/lib/python3.8/site-packages/airflow/example_dags/example_kubernetes_executor_config.py
[2021-03-03 14:25:02,095] {scheduler_job.py:639} INFO - DAG(s) dict_keys(['example_kubernetes_executor_config']) retrieved from /home/airflow/.local/lib/python3.8/site-packages/airflow/example_dags/example_kubernetes_executor_config.py
[2021-03-03 14:25:02,096] {logging_mixin.py:103} INFO - [2021-03-03 14:25:02,096] {dag.py:1813} INFO - Sync 1 DAGs
[2021-03-03 14:25:02,250] {logging_mixin.py:103} INFO - [2021-03-03 14:25:02,250] {dag.py:2266} INFO - Setting next_dagrun for example_kubernetes_executor_config to None
[2021-03-03 14:25:02,364] {scheduler_job.py:189} INFO - Processing /home/airflow/.local/lib/python3.8/site-packages/airflow/example_dags/example_kubernetes_executor_config.py took 0.384 seconds
[2021-03-03 14:25:07,584] {scheduler_job.py:181} INFO - Started process (PID=380) to work on /home/airflow/.local/lib/python3.8/site-packages/airflow/example_dags/example_kubernetes_executor_config.py
[2021-03-03 14:25:07,586] {scheduler_job.py:629} INFO - Processing file /home/airflow/.local/lib/python3.8/site-packages/airflow/example_dags/example_kubernetes_executor_config.py for tasks to queue
[2021-03-03 14:25:07,587] {logging_mixin.py:103} INFO - [2021-03-03 14:25:07,587] {dagbag.py:440} INFO - Filling up the DagBag from /home/airflow/.local/lib/python3.8/site-packages/airflow/example_dags/example_kubernetes_executor_config.py
[2021-03-03 14:25:07,637] {scheduler_job.py:639} INFO - DAG(s) dict_keys(['example_kubernetes_executor_config']) retrieved from /home/airflow/.local/lib/python3.8/site-packages/airflow/example_dags/example_kubernetes_executor_config.py
[2021-03-03 14:25:07,639] {logging_mixin.py:103} INFO - [2021-03-03 14:25:07,639] {dag.py:1813} INFO - Sync 1 DAGs
[2021-03-03 14:25:07,747] {logging_mixin.py:103} INFO - [2021-03-03 14:25:07,746] {dag.py:2266} INFO - Setting next_dagrun for example_kubernetes_executor_config to None
[2021-03-03 14:25:07,858] {scheduler_job.py:189} INFO - Processing /home/airflow/.local/lib/python3.8/site-packages/airflow/example_dags/example_kubernetes_executor_config.py took 0.281 seconds
[2021-03-03 14:25:12,540] {scheduler_job.py:181} INFO - Started process (PID=406) to work on /home/airflow/.local/lib/python3.8/site-packages/airflow/example_dags/example_kubernetes_executor_config.py
[2021-03-03 14:25:12,546] {scheduler_job.py:629} INFO - Processing file /home/airflow/.local/lib/python3.8/site-packages/airflow/example_dags/example_kubernetes_executor_config.py for tasks to queue
[2021-03-03 14:25:12,548] {logging_mixin.py:103} INFO - [2021-03-03 14:25:12,547] {dagbag.py:440} INFO - Filling up the DagBag from /home/airflow/.local/lib/python3.8/site-packages/airflow/example_dags/example_kubernetes_executor_config.py
[2021-03-03 14:25:12,629] {scheduler_job.py:639} INFO - DAG(s) dict_keys(['example_kubernetes_executor_config']) retrieved from /home/airflow/.local/lib/python3.8/site-packages/airflow/example_dags/example_kubernetes_executor_config.py
[2021-03-03 14:25:12,631] {logging_mixin.py:103} INFO - [2021-03-03 14:25:12,631] {dag.py:1813} INFO - Sync 1 DAGs
[2021-03-03 14:25:12,709] {logging_mixin.py:103} INFO - [2021-03-03 14:25:12,709] {dag.py:2266} INFO - Setting next_dagrun for example_kubernetes_executor_config to None
[2021-03-03 14:25:12,832] {scheduler_job.py:189} INFO - Processing /home/airflow/.local/lib/python3.8/site-packages/airflow/example_dags/example_kubernetes_executor_config.py took 0.318 seconds
[2021-03-03 14:25:18,369] {scheduler_job.py:181} INFO - Started process (PID=432) to work on /home/airflow/.local/lib/python3.8/site-packages/airflow/example_dags/example_kubernetes_executor_config.py
[2021-03-03 14:25:18,378] {scheduler_job.py:629} INFO - Processing file /home/airflow/.local/lib/python3.8/site-packages/airflow/example_dags/example_kubernetes_executor_config.py for tasks to queue
[2021-03-03 14:25:18,380] {logging_mixin.py:103} INFO - [2021-03-03 14:25:18,379] {dagbag.py:440} INFO - Filling up the DagBag from /home/airflow/.local/lib/python3.8/site-packages/airflow/example_dags/example_kubernetes_executor_config.py
[2021-03-03 14:25:18,516] {scheduler_job.py:639} INFO - DAG(s) dict_keys(['example_kubernetes_executor_config']) retrieved from /home/airflow/.local/lib/python3.8/site-packages/airflow/example_dags/example_kubernetes_executor_config.py
[2021-03-03 14:25:18,525] {logging_mixin.py:103} INFO - [2021-03-03 14:25:18,525] {dag.py:1813} INFO - Sync 1 DAGs
[2021-03-03 14:25:18,674] {logging_mixin.py:103} INFO - [2021-03-03 14:25:18,674] {dag.py:2266} INFO - Setting next_dagrun for example_kubernetes_executor_config to None
[2021-03-03 14:25:18,800] {scheduler_job.py:189} INFO - Processing /home/airflow/.local/lib/python3.8/site-packages/airflow/example_dags/example_kubernetes_executor_config.py took 0.485 seconds
[2021-03-03 14:25:24,604] {scheduler_job.py:181} INFO - Started process (PID=458) to work on /home/airflow/.local/lib/python3.8/site-packages/airflow/example_dags/example_kubernetes_executor_config.py
[2021-03-03 14:25:24,614] {scheduler_job.py:629} INFO - Processing file /home/airflow/.local/lib/python3.8/site-packages/airflow/example_dags/example_kubernetes_executor_config.py for tasks to queue
[2021-03-03 14:25:24,615] {logging_mixin.py:103} INFO - [2021-03-03 14:25:24,615] {dagbag.py:440} INFO - Filling up the DagBag from /home/airflow/.local/lib/python3.8/site-packages/airflow/example_dags/example_kubernetes_executor_config.py
[2021-03-03 14:25:24,762] {scheduler_job.py:639} INFO - DAG(s) dict_keys(['example_kubernetes_executor_config']) retrieved from /home/airflow/.local/lib/python3.8/site-packages/airflow/example_dags/example_kubernetes_executor_config.py
[2021-03-03 14:25:24,764] {logging_mixin.py:103} INFO - [2021-03-03 14:25:24,764] {dag.py:1813} INFO - Sync 1 DAGs
[2021-03-03 14:25:24,894] {logging_mixin.py:103} INFO - [2021-03-03 14:25:24,893] {dag.py:2266} INFO - Setting next_dagrun for example_kubernetes_executor_config to None
[2021-03-03 14:25:24,942] {scheduler_job.py:189} INFO - Processing /home/airflow/.local/lib/python3.8/site-packages/airflow/example_dags/example_kubernetes_executor_config.py took 0.367 seconds
[2021-03-03 14:25:31,423] {scheduler_job.py:181} INFO - Started process (PID=484) to work on /home/airflow/.local/lib/python3.8/site-packages/airflow/example_dags/example_kubernetes_executor_config.py
[2021-03-03 14:25:31,437] {scheduler_job.py:629} INFO - Processing file /home/airflow/.local/lib/python3.8/site-packages/airflow/example_dags/example_kubernetes_executor_config.py for tasks to queue
[2021-03-03 14:25:31,439] {logging_mixin.py:103} INFO - [2021-03-03 14:25:31,439] {dagbag.py:440} INFO - Filling up the DagBag from /home/airflow/.local/lib/python3.8/site-packages/airflow/example_dags/example_kubernetes_executor_config.py
[2021-03-03 14:25:31,553] {scheduler_job.py:639} INFO - DAG(s) dict_keys(['example_kubernetes_executor_config']) retrieved from /home/airflow/.local/lib/python3.8/site-packages/airflow/example_dags/example_kubernetes_executor_config.py
[2021-03-03 14:25:31,555] {logging_mixin.py:103} INFO - [2021-03-03 14:25:31,555] {dag.py:1813} INFO - Sync 1 DAGs
[2021-03-03 14:25:31,768] {logging_mixin.py:103} INFO - [2021-03-03 14:25:31,767] {dag.py:2266} INFO - Setting next_dagrun for example_kubernetes_executor_config to None
[2021-03-03 14:25:31,861] {scheduler_job.py:189} INFO - Processing /home/airflow/.local/lib/python3.8/site-packages/airflow/example_dags/example_kubernetes_executor_config.py took 0.477 seconds
[2021-03-03 14:25:38,440] {scheduler_job.py:181} INFO - Started process (PID=510) to work on /home/airflow/.local/lib/python3.8/site-packages/airflow/example_dags/example_kubernetes_executor_config.py
[2021-03-03 14:25:38,449] {scheduler_job.py:629} INFO - Processing file /home/airflow/.local/lib/python3.8/site-packages/airflow/example_dags/example_kubernetes_executor_config.py for tasks to queue
[2021-03-03 14:25:38,452] {logging_mixin.py:103} INFO - [2021-03-03 14:25:38,451] {dagbag.py:440} INFO - Filling up the DagBag from /home/airflow/.local/lib/python3.8/site-packages/airflow/example_dags/example_kubernetes_executor_config.py
[2021-03-03 14:25:38,522] {scheduler_job.py:639} INFO - DAG(s) dict_keys(['example_kubernetes_executor_config']) retrieved from /home/airflow/.local/lib/python3.8/site-packages/airflow/example_dags/example_kubernetes_executor_config.py
[2021-03-03 14:25:38,524] {logging_mixin.py:103} INFO - [2021-03-03 14:25:38,523] {dag.py:1813} INFO - Sync 1 DAGs
[2021-03-03 14:25:38,764] {logging_mixin.py:103} INFO - [2021-03-03 14:25:38,764] {dag.py:2266} INFO - Setting next_dagrun for example_kubernetes_executor_config to None
[2021-03-03 14:25:38,864] {scheduler_job.py:189} INFO - Processing /home/airflow/.local/lib/python3.8/site-packages/airflow/example_dags/example_kubernetes_executor_config.py took 0.447 seconds
[2021-03-03 14:25:44,636] {scheduler_job.py:181} INFO - Started process (PID=536) to work on /home/airflow/.local/lib/python3.8/site-packages/airflow/example_dags/example_kubernetes_executor_config.py
[2021-03-03 14:25:44,638] {scheduler_job.py:629} INFO - Processing file /home/airflow/.local/lib/python3.8/site-packages/airflow/example_dags/example_kubernetes_executor_config.py for tasks to queue
[2021-03-03 14:25:44,640] {logging_mixin.py:103} INFO - [2021-03-03 14:25:44,640] {dagbag.py:440} INFO - Filling up the DagBag from /home/airflow/.local/lib/python3.8/site-packages/airflow/example_dags/example_kubernetes_executor_config.py
[2021-03-03 14:25:44,800] {scheduler_job.py:639} INFO - DAG(s) dict_keys(['example_kubernetes_executor_config']) retrieved from /home/airflow/.local/lib/python3.8/site-packages/airflow/example_dags/example_kubernetes_executor_config.py
[2021-03-03 14:25:44,802] {logging_mixin.py:103} INFO - [2021-03-03 14:25:44,802] {dag.py:1813} INFO - Sync 1 DAGs
[2021-03-03 14:25:44,947] {logging_mixin.py:103} INFO - [2021-03-03 14:25:44,947] {dag.py:2266} INFO - Setting next_dagrun for example_kubernetes_executor_config to None
[2021-03-03 14:25:45,007] {scheduler_job.py:189} INFO - Processing /home/airflow/.local/lib/python3.8/site-packages/airflow/example_dags/example_kubernetes_executor_config.py took 0.385 seconds
[2021-03-03 14:25:50,044] {scheduler_job.py:181} INFO - Started process (PID=562) to work on /home/airflow/.local/lib/python3.8/site-packages/airflow/example_dags/example_kubernetes_executor_config.py
[2021-03-03 14:25:50,052] {scheduler_job.py:629} INFO - Processing file /home/airflow/.local/lib/python3.8/site-packages/airflow/example_dags/example_kubernetes_executor_config.py for tasks to queue
[2021-03-03 14:25:50,065] {logging_mixin.py:103} INFO - [2021-03-03 14:25:50,065] {dagbag.py:440} INFO - Filling up the DagBag from /home/airflow/.local/lib/python3.8/site-packages/airflow/example_dags/example_kubernetes_executor_config.py
[2021-03-03 14:25:50,204] {scheduler_job.py:639} INFO - DAG(s) dict_keys(['example_kubernetes_executor_config']) retrieved from /home/airflow/.local/lib/python3.8/site-packages/airflow/example_dags/example_kubernetes_executor_config.py
[2021-03-03 14:25:50,209] {logging_mixin.py:103} INFO - [2021-03-03 14:25:50,206] {dag.py:1813} INFO - Sync 1 DAGs
[2021-03-03 14:25:50,345] {logging_mixin.py:103} INFO - [2021-03-03 14:25:50,345] {dag.py:2266} INFO - Setting next_dagrun for example_kubernetes_executor_config to None
[2021-03-03 14:25:50,455] {scheduler_job.py:189} INFO - Processing /home/airflow/.local/lib/python3.8/site-packages/airflow/example_dags/example_kubernetes_executor_config.py took 0.423 seconds
[2021-03-03 14:25:55,539] {scheduler_job.py:181} INFO - Started process (PID=588) to work on /home/airflow/.local/lib/python3.8/site-packages/airflow/example_dags/example_kubernetes_executor_config.py
[2021-03-03 14:25:55,546] {scheduler_job.py:629} INFO - Processing file /home/airflow/.local/lib/python3.8/site-packages/airflow/example_dags/example_kubernetes_executor_config.py for tasks to queue
[2021-03-03 14:25:55,548] {logging_mixin.py:103} INFO - [2021-03-03 14:25:55,548] {dagbag.py:440} INFO - Filling up the DagBag from /home/airflow/.local/lib/python3.8/site-packages/airflow/example_dags/example_kubernetes_executor_config.py
[2021-03-03 14:25:55,599] {scheduler_job.py:639} INFO - DAG(s) dict_keys(['example_kubernetes_executor_config']) retrieved from /home/airflow/.local/lib/python3.8/site-packages/airflow/example_dags/example_kubernetes_executor_config.py
[2021-03-03 14:25:55,601] {logging_mixin.py:103} INFO - [2021-03-03 14:25:55,601] {dag.py:1813} INFO - Sync 1 DAGs
[2021-03-03 14:25:55,810] {logging_mixin.py:103} INFO - [2021-03-03 14:25:55,801] {dag.py:2266} INFO - Setting next_dagrun for example_kubernetes_executor_config to None
[2021-03-03 14:25:55,985] {scheduler_job.py:189} INFO - Processing /home/airflow/.local/lib/python3.8/site-packages/airflow/example_dags/example_kubernetes_executor_config.py took 0.457 seconds
[2021-03-03 14:25:57,423] {scheduler_job.py:181} INFO - Started process (PID=595) to work on /home/airflow/.local/lib/python3.8/site-packages/airflow/example_dags/example_kubernetes_executor_config.py
[2021-03-03 14:25:57,443] {scheduler_job.py:629} INFO - Processing file /home/airflow/.local/lib/python3.8/site-packages/airflow/example_dags/example_kubernetes_executor_config.py for tasks to queue
[2021-03-03 14:25:57,444] {logging_mixin.py:103} INFO - [2021-03-03 14:25:57,444] {dagbag.py:440} INFO - Filling up the DagBag from /home/airflow/.local/lib/python3.8/site-packages/airflow/example_dags/example_kubernetes_executor_config.py
[2021-03-03 14:25:57,611] {scheduler_job.py:639} INFO - DAG(s) dict_keys(['example_kubernetes_executor_config']) retrieved from /home/airflow/.local/lib/python3.8/site-packages/airflow/example_dags/example_kubernetes_executor_config.py
[2021-03-03 14:25:57,612] {logging_mixin.py:103} INFO - [2021-03-03 14:25:57,612] {dag.py:1813} INFO - Sync 1 DAGs
[2021-03-03 14:25:57,821] {logging_mixin.py:103} INFO - [2021-03-03 14:25:57,821] {dag.py:2266} INFO - Setting next_dagrun for example_kubernetes_executor_config to None
[2021-03-03 14:25:57,952] {scheduler_job.py:189} INFO - Processing /home/airflow/.local/lib/python3.8/site-packages/airflow/example_dags/example_kubernetes_executor_config.py took 0.547 seconds
