[2021-03-03 14:23:42,395] {scheduler_job.py:181} INFO - Started process (PID=38) to work on /home/airflow/.local/lib/python3.8/site-packages/airflow/example_dags/example_latest_only.py
[2021-03-03 14:23:42,406] {scheduler_job.py:629} INFO - Processing file /home/airflow/.local/lib/python3.8/site-packages/airflow/example_dags/example_latest_only.py for tasks to queue
[2021-03-03 14:23:42,407] {logging_mixin.py:103} INFO - [2021-03-03 14:23:42,407] {dagbag.py:440} INFO - Filling up the DagBag from /home/airflow/.local/lib/python3.8/site-packages/airflow/example_dags/example_latest_only.py
[2021-03-03 14:23:42,510] {scheduler_job.py:639} INFO - DAG(s) dict_keys(['latest_only']) retrieved from /home/airflow/.local/lib/python3.8/site-packages/airflow/example_dags/example_latest_only.py
[2021-03-03 14:23:42,529] {logging_mixin.py:103} INFO - [2021-03-03 14:23:42,528] {dag.py:1813} INFO - Sync 1 DAGs
[2021-03-03 14:23:42,595] {logging_mixin.py:103} INFO - [2021-03-03 14:23:42,594] {dag.py:1832} INFO - Creating ORM DAG for latest_only
[2021-03-03 14:23:42,624] {logging_mixin.py:103} INFO - [2021-03-03 14:23:42,623] {dag.py:2266} INFO - Setting next_dagrun for latest_only to 2021-03-01 00:00:00+00:00
[2021-03-03 14:23:42,814] {scheduler_job.py:189} INFO - Processing /home/airflow/.local/lib/python3.8/site-packages/airflow/example_dags/example_latest_only.py took 0.439 seconds
[2021-03-03 14:23:49,846] {scheduler_job.py:181} INFO - Started process (PID=64) to work on /home/airflow/.local/lib/python3.8/site-packages/airflow/example_dags/example_latest_only.py
[2021-03-03 14:23:49,848] {scheduler_job.py:629} INFO - Processing file /home/airflow/.local/lib/python3.8/site-packages/airflow/example_dags/example_latest_only.py for tasks to queue
[2021-03-03 14:23:49,849] {logging_mixin.py:103} INFO - [2021-03-03 14:23:49,849] {dagbag.py:440} INFO - Filling up the DagBag from /home/airflow/.local/lib/python3.8/site-packages/airflow/example_dags/example_latest_only.py
[2021-03-03 14:23:49,912] {scheduler_job.py:639} INFO - DAG(s) dict_keys(['latest_only']) retrieved from /home/airflow/.local/lib/python3.8/site-packages/airflow/example_dags/example_latest_only.py
[2021-03-03 14:23:49,914] {logging_mixin.py:103} INFO - [2021-03-03 14:23:49,914] {dag.py:1813} INFO - Sync 1 DAGs
[2021-03-03 14:23:50,044] {logging_mixin.py:103} INFO - [2021-03-03 14:23:50,043] {dag.py:2266} INFO - Setting next_dagrun for latest_only to 2021-03-01 00:00:00+00:00
[2021-03-03 14:23:50,100] {scheduler_job.py:189} INFO - Processing /home/airflow/.local/lib/python3.8/site-packages/airflow/example_dags/example_latest_only.py took 0.280 seconds
[2021-03-03 14:23:57,670] {scheduler_job.py:181} INFO - Started process (PID=90) to work on /home/airflow/.local/lib/python3.8/site-packages/airflow/example_dags/example_latest_only.py
[2021-03-03 14:23:57,672] {scheduler_job.py:629} INFO - Processing file /home/airflow/.local/lib/python3.8/site-packages/airflow/example_dags/example_latest_only.py for tasks to queue
[2021-03-03 14:23:57,687] {logging_mixin.py:103} INFO - [2021-03-03 14:23:57,686] {dagbag.py:440} INFO - Filling up the DagBag from /home/airflow/.local/lib/python3.8/site-packages/airflow/example_dags/example_latest_only.py
[2021-03-03 14:23:57,831] {scheduler_job.py:639} INFO - DAG(s) dict_keys(['latest_only']) retrieved from /home/airflow/.local/lib/python3.8/site-packages/airflow/example_dags/example_latest_only.py
[2021-03-03 14:23:57,841] {logging_mixin.py:103} INFO - [2021-03-03 14:23:57,841] {dag.py:1813} INFO - Sync 1 DAGs
[2021-03-03 14:23:58,024] {logging_mixin.py:103} INFO - [2021-03-03 14:23:58,024] {dag.py:2266} INFO - Setting next_dagrun for latest_only to 2021-03-01 00:00:00+00:00
[2021-03-03 14:23:58,161] {scheduler_job.py:189} INFO - Processing /home/airflow/.local/lib/python3.8/site-packages/airflow/example_dags/example_latest_only.py took 0.524 seconds
[2021-03-03 14:24:05,505] {scheduler_job.py:181} INFO - Started process (PID=117) to work on /home/airflow/.local/lib/python3.8/site-packages/airflow/example_dags/example_latest_only.py
[2021-03-03 14:24:05,507] {scheduler_job.py:629} INFO - Processing file /home/airflow/.local/lib/python3.8/site-packages/airflow/example_dags/example_latest_only.py for tasks to queue
[2021-03-03 14:24:05,522] {logging_mixin.py:103} INFO - [2021-03-03 14:24:05,521] {dagbag.py:440} INFO - Filling up the DagBag from /home/airflow/.local/lib/python3.8/site-packages/airflow/example_dags/example_latest_only.py
[2021-03-03 14:24:05,568] {scheduler_job.py:639} INFO - DAG(s) dict_keys(['latest_only']) retrieved from /home/airflow/.local/lib/python3.8/site-packages/airflow/example_dags/example_latest_only.py
[2021-03-03 14:24:05,596] {logging_mixin.py:103} INFO - [2021-03-03 14:24:05,596] {dag.py:1813} INFO - Sync 1 DAGs
[2021-03-03 14:24:05,872] {logging_mixin.py:103} INFO - [2021-03-03 14:24:05,872] {dag.py:2266} INFO - Setting next_dagrun for latest_only to 2021-03-01 00:00:00+00:00
[2021-03-03 14:24:06,031] {scheduler_job.py:189} INFO - Processing /home/airflow/.local/lib/python3.8/site-packages/airflow/example_dags/example_latest_only.py took 0.551 seconds
[2021-03-03 14:24:11,926] {scheduler_job.py:181} INFO - Started process (PID=143) to work on /home/airflow/.local/lib/python3.8/site-packages/airflow/example_dags/example_latest_only.py
[2021-03-03 14:24:11,928] {scheduler_job.py:629} INFO - Processing file /home/airflow/.local/lib/python3.8/site-packages/airflow/example_dags/example_latest_only.py for tasks to queue
[2021-03-03 14:24:11,937] {logging_mixin.py:103} INFO - [2021-03-03 14:24:11,929] {dagbag.py:440} INFO - Filling up the DagBag from /home/airflow/.local/lib/python3.8/site-packages/airflow/example_dags/example_latest_only.py
[2021-03-03 14:24:11,968] {scheduler_job.py:639} INFO - DAG(s) dict_keys(['latest_only']) retrieved from /home/airflow/.local/lib/python3.8/site-packages/airflow/example_dags/example_latest_only.py
[2021-03-03 14:24:11,971] {logging_mixin.py:103} INFO - [2021-03-03 14:24:11,971] {dag.py:1813} INFO - Sync 1 DAGs
[2021-03-03 14:24:12,116] {logging_mixin.py:103} INFO - [2021-03-03 14:24:12,116] {dag.py:2266} INFO - Setting next_dagrun for latest_only to 2021-03-01 00:00:00+00:00
[2021-03-03 14:24:12,169] {scheduler_job.py:189} INFO - Processing /home/airflow/.local/lib/python3.8/site-packages/airflow/example_dags/example_latest_only.py took 0.257 seconds
[2021-03-03 14:24:17,855] {scheduler_job.py:181} INFO - Started process (PID=169) to work on /home/airflow/.local/lib/python3.8/site-packages/airflow/example_dags/example_latest_only.py
[2021-03-03 14:24:17,865] {scheduler_job.py:629} INFO - Processing file /home/airflow/.local/lib/python3.8/site-packages/airflow/example_dags/example_latest_only.py for tasks to queue
[2021-03-03 14:24:17,866] {logging_mixin.py:103} INFO - [2021-03-03 14:24:17,866] {dagbag.py:440} INFO - Filling up the DagBag from /home/airflow/.local/lib/python3.8/site-packages/airflow/example_dags/example_latest_only.py
[2021-03-03 14:24:17,907] {scheduler_job.py:639} INFO - DAG(s) dict_keys(['latest_only']) retrieved from /home/airflow/.local/lib/python3.8/site-packages/airflow/example_dags/example_latest_only.py
[2021-03-03 14:24:17,909] {logging_mixin.py:103} INFO - [2021-03-03 14:24:17,909] {dag.py:1813} INFO - Sync 1 DAGs
[2021-03-03 14:24:18,016] {logging_mixin.py:103} INFO - [2021-03-03 14:24:18,016] {dag.py:2266} INFO - Setting next_dagrun for latest_only to 2021-03-01 00:00:00+00:00
[2021-03-03 14:24:18,086] {scheduler_job.py:189} INFO - Processing /home/airflow/.local/lib/python3.8/site-packages/airflow/example_dags/example_latest_only.py took 0.243 seconds
[2021-03-03 14:24:24,271] {scheduler_job.py:181} INFO - Started process (PID=195) to work on /home/airflow/.local/lib/python3.8/site-packages/airflow/example_dags/example_latest_only.py
[2021-03-03 14:24:24,282] {scheduler_job.py:629} INFO - Processing file /home/airflow/.local/lib/python3.8/site-packages/airflow/example_dags/example_latest_only.py for tasks to queue
[2021-03-03 14:24:24,283] {logging_mixin.py:103} INFO - [2021-03-03 14:24:24,283] {dagbag.py:440} INFO - Filling up the DagBag from /home/airflow/.local/lib/python3.8/site-packages/airflow/example_dags/example_latest_only.py
[2021-03-03 14:24:24,358] {scheduler_job.py:639} INFO - DAG(s) dict_keys(['latest_only']) retrieved from /home/airflow/.local/lib/python3.8/site-packages/airflow/example_dags/example_latest_only.py
[2021-03-03 14:24:24,359] {logging_mixin.py:103} INFO - [2021-03-03 14:24:24,359] {dag.py:1813} INFO - Sync 1 DAGs
[2021-03-03 14:24:24,498] {logging_mixin.py:103} INFO - [2021-03-03 14:24:24,498] {dag.py:2266} INFO - Setting next_dagrun for latest_only to 2021-03-01 00:00:00+00:00
[2021-03-03 14:24:24,634] {scheduler_job.py:189} INFO - Processing /home/airflow/.local/lib/python3.8/site-packages/airflow/example_dags/example_latest_only.py took 0.387 seconds
[2021-03-03 14:24:29,960] {scheduler_job.py:181} INFO - Started process (PID=221) to work on /home/airflow/.local/lib/python3.8/site-packages/airflow/example_dags/example_latest_only.py
[2021-03-03 14:24:29,970] {scheduler_job.py:629} INFO - Processing file /home/airflow/.local/lib/python3.8/site-packages/airflow/example_dags/example_latest_only.py for tasks to queue
[2021-03-03 14:24:29,971] {logging_mixin.py:103} INFO - [2021-03-03 14:24:29,971] {dagbag.py:440} INFO - Filling up the DagBag from /home/airflow/.local/lib/python3.8/site-packages/airflow/example_dags/example_latest_only.py
[2021-03-03 14:24:30,030] {scheduler_job.py:639} INFO - DAG(s) dict_keys(['latest_only']) retrieved from /home/airflow/.local/lib/python3.8/site-packages/airflow/example_dags/example_latest_only.py
[2021-03-03 14:24:30,032] {logging_mixin.py:103} INFO - [2021-03-03 14:24:30,032] {dag.py:1813} INFO - Sync 1 DAGs
[2021-03-03 14:24:30,248] {logging_mixin.py:103} INFO - [2021-03-03 14:24:30,247] {dag.py:2266} INFO - Setting next_dagrun for latest_only to 2021-03-01 00:00:00+00:00
[2021-03-03 14:24:30,458] {scheduler_job.py:189} INFO - Processing /home/airflow/.local/lib/python3.8/site-packages/airflow/example_dags/example_latest_only.py took 0.512 seconds
[2021-03-03 14:24:36,130] {scheduler_job.py:181} INFO - Started process (PID=247) to work on /home/airflow/.local/lib/python3.8/site-packages/airflow/example_dags/example_latest_only.py
[2021-03-03 14:24:36,133] {scheduler_job.py:629} INFO - Processing file /home/airflow/.local/lib/python3.8/site-packages/airflow/example_dags/example_latest_only.py for tasks to queue
[2021-03-03 14:24:36,150] {logging_mixin.py:103} INFO - [2021-03-03 14:24:36,150] {dagbag.py:440} INFO - Filling up the DagBag from /home/airflow/.local/lib/python3.8/site-packages/airflow/example_dags/example_latest_only.py
[2021-03-03 14:24:36,233] {scheduler_job.py:639} INFO - DAG(s) dict_keys(['latest_only']) retrieved from /home/airflow/.local/lib/python3.8/site-packages/airflow/example_dags/example_latest_only.py
[2021-03-03 14:24:36,235] {logging_mixin.py:103} INFO - [2021-03-03 14:24:36,235] {dag.py:1813} INFO - Sync 1 DAGs
[2021-03-03 14:24:36,500] {logging_mixin.py:103} INFO - [2021-03-03 14:24:36,499] {dag.py:2266} INFO - Setting next_dagrun for latest_only to 2021-03-01 00:00:00+00:00
[2021-03-03 14:24:36,611] {scheduler_job.py:189} INFO - Processing /home/airflow/.local/lib/python3.8/site-packages/airflow/example_dags/example_latest_only.py took 0.508 seconds
[2021-03-03 14:24:42,403] {scheduler_job.py:181} INFO - Started process (PID=273) to work on /home/airflow/.local/lib/python3.8/site-packages/airflow/example_dags/example_latest_only.py
[2021-03-03 14:24:42,429] {scheduler_job.py:629} INFO - Processing file /home/airflow/.local/lib/python3.8/site-packages/airflow/example_dags/example_latest_only.py for tasks to queue
[2021-03-03 14:24:42,431] {logging_mixin.py:103} INFO - [2021-03-03 14:24:42,430] {dagbag.py:440} INFO - Filling up the DagBag from /home/airflow/.local/lib/python3.8/site-packages/airflow/example_dags/example_latest_only.py
[2021-03-03 14:24:42,508] {scheduler_job.py:639} INFO - DAG(s) dict_keys(['latest_only']) retrieved from /home/airflow/.local/lib/python3.8/site-packages/airflow/example_dags/example_latest_only.py
[2021-03-03 14:24:42,526] {logging_mixin.py:103} INFO - [2021-03-03 14:24:42,526] {dag.py:1813} INFO - Sync 1 DAGs
[2021-03-03 14:24:42,698] {logging_mixin.py:103} INFO - [2021-03-03 14:24:42,697] {dag.py:2266} INFO - Setting next_dagrun for latest_only to 2021-03-01 00:00:00+00:00
[2021-03-03 14:24:42,869] {scheduler_job.py:189} INFO - Processing /home/airflow/.local/lib/python3.8/site-packages/airflow/example_dags/example_latest_only.py took 0.501 seconds
[2021-03-03 14:24:48,731] {scheduler_job.py:181} INFO - Started process (PID=299) to work on /home/airflow/.local/lib/python3.8/site-packages/airflow/example_dags/example_latest_only.py
[2021-03-03 14:24:48,734] {scheduler_job.py:629} INFO - Processing file /home/airflow/.local/lib/python3.8/site-packages/airflow/example_dags/example_latest_only.py for tasks to queue
[2021-03-03 14:24:48,736] {logging_mixin.py:103} INFO - [2021-03-03 14:24:48,735] {dagbag.py:440} INFO - Filling up the DagBag from /home/airflow/.local/lib/python3.8/site-packages/airflow/example_dags/example_latest_only.py
[2021-03-03 14:24:48,763] {scheduler_job.py:639} INFO - DAG(s) dict_keys(['latest_only']) retrieved from /home/airflow/.local/lib/python3.8/site-packages/airflow/example_dags/example_latest_only.py
[2021-03-03 14:24:48,765] {logging_mixin.py:103} INFO - [2021-03-03 14:24:48,764] {dag.py:1813} INFO - Sync 1 DAGs
[2021-03-03 14:24:48,821] {logging_mixin.py:103} INFO - [2021-03-03 14:24:48,820] {dag.py:2266} INFO - Setting next_dagrun for latest_only to 2021-03-01 00:00:00+00:00
[2021-03-03 14:24:48,871] {scheduler_job.py:189} INFO - Processing /home/airflow/.local/lib/python3.8/site-packages/airflow/example_dags/example_latest_only.py took 0.146 seconds
[2021-03-03 14:24:55,394] {scheduler_job.py:181} INFO - Started process (PID=325) to work on /home/airflow/.local/lib/python3.8/site-packages/airflow/example_dags/example_latest_only.py
[2021-03-03 14:24:55,396] {scheduler_job.py:629} INFO - Processing file /home/airflow/.local/lib/python3.8/site-packages/airflow/example_dags/example_latest_only.py for tasks to queue
[2021-03-03 14:24:55,404] {logging_mixin.py:103} INFO - [2021-03-03 14:24:55,404] {dagbag.py:440} INFO - Filling up the DagBag from /home/airflow/.local/lib/python3.8/site-packages/airflow/example_dags/example_latest_only.py
[2021-03-03 14:24:55,499] {scheduler_job.py:639} INFO - DAG(s) dict_keys(['latest_only']) retrieved from /home/airflow/.local/lib/python3.8/site-packages/airflow/example_dags/example_latest_only.py
[2021-03-03 14:24:55,502] {logging_mixin.py:103} INFO - [2021-03-03 14:24:55,502] {dag.py:1813} INFO - Sync 1 DAGs
[2021-03-03 14:24:55,629] {logging_mixin.py:103} INFO - [2021-03-03 14:24:55,629] {dag.py:2266} INFO - Setting next_dagrun for latest_only to 2021-03-01 00:00:00+00:00
[2021-03-03 14:24:55,734] {scheduler_job.py:189} INFO - Processing /home/airflow/.local/lib/python3.8/site-packages/airflow/example_dags/example_latest_only.py took 0.379 seconds
[2021-03-03 14:25:01,467] {scheduler_job.py:181} INFO - Started process (PID=351) to work on /home/airflow/.local/lib/python3.8/site-packages/airflow/example_dags/example_latest_only.py
[2021-03-03 14:25:01,484] {scheduler_job.py:629} INFO - Processing file /home/airflow/.local/lib/python3.8/site-packages/airflow/example_dags/example_latest_only.py for tasks to queue
[2021-03-03 14:25:01,485] {logging_mixin.py:103} INFO - [2021-03-03 14:25:01,485] {dagbag.py:440} INFO - Filling up the DagBag from /home/airflow/.local/lib/python3.8/site-packages/airflow/example_dags/example_latest_only.py
[2021-03-03 14:25:01,531] {scheduler_job.py:639} INFO - DAG(s) dict_keys(['latest_only']) retrieved from /home/airflow/.local/lib/python3.8/site-packages/airflow/example_dags/example_latest_only.py
[2021-03-03 14:25:01,532] {logging_mixin.py:103} INFO - [2021-03-03 14:25:01,532] {dag.py:1813} INFO - Sync 1 DAGs
[2021-03-03 14:25:01,622] {logging_mixin.py:103} INFO - [2021-03-03 14:25:01,622] {dag.py:2266} INFO - Setting next_dagrun for latest_only to 2021-03-01 00:00:00+00:00
[2021-03-03 14:25:01,738] {scheduler_job.py:189} INFO - Processing /home/airflow/.local/lib/python3.8/site-packages/airflow/example_dags/example_latest_only.py took 0.296 seconds
[2021-03-03 14:25:07,001] {scheduler_job.py:181} INFO - Started process (PID=377) to work on /home/airflow/.local/lib/python3.8/site-packages/airflow/example_dags/example_latest_only.py
[2021-03-03 14:25:07,012] {scheduler_job.py:629} INFO - Processing file /home/airflow/.local/lib/python3.8/site-packages/airflow/example_dags/example_latest_only.py for tasks to queue
[2021-03-03 14:25:07,022] {logging_mixin.py:103} INFO - [2021-03-03 14:25:07,022] {dagbag.py:440} INFO - Filling up the DagBag from /home/airflow/.local/lib/python3.8/site-packages/airflow/example_dags/example_latest_only.py
[2021-03-03 14:25:07,068] {scheduler_job.py:639} INFO - DAG(s) dict_keys(['latest_only']) retrieved from /home/airflow/.local/lib/python3.8/site-packages/airflow/example_dags/example_latest_only.py
[2021-03-03 14:25:07,071] {logging_mixin.py:103} INFO - [2021-03-03 14:25:07,071] {dag.py:1813} INFO - Sync 1 DAGs
[2021-03-03 14:25:07,218] {logging_mixin.py:103} INFO - [2021-03-03 14:25:07,218] {dag.py:2266} INFO - Setting next_dagrun for latest_only to 2021-03-01 00:00:00+00:00
[2021-03-03 14:25:07,322] {scheduler_job.py:189} INFO - Processing /home/airflow/.local/lib/python3.8/site-packages/airflow/example_dags/example_latest_only.py took 0.328 seconds
[2021-03-03 14:25:12,005] {scheduler_job.py:181} INFO - Started process (PID=403) to work on /home/airflow/.local/lib/python3.8/site-packages/airflow/example_dags/example_latest_only.py
[2021-03-03 14:25:12,008] {scheduler_job.py:629} INFO - Processing file /home/airflow/.local/lib/python3.8/site-packages/airflow/example_dags/example_latest_only.py for tasks to queue
[2021-03-03 14:25:12,010] {logging_mixin.py:103} INFO - [2021-03-03 14:25:12,009] {dagbag.py:440} INFO - Filling up the DagBag from /home/airflow/.local/lib/python3.8/site-packages/airflow/example_dags/example_latest_only.py
[2021-03-03 14:25:12,032] {scheduler_job.py:639} INFO - DAG(s) dict_keys(['latest_only']) retrieved from /home/airflow/.local/lib/python3.8/site-packages/airflow/example_dags/example_latest_only.py
[2021-03-03 14:25:12,034] {logging_mixin.py:103} INFO - [2021-03-03 14:25:12,034] {dag.py:1813} INFO - Sync 1 DAGs
[2021-03-03 14:25:12,158] {logging_mixin.py:103} INFO - [2021-03-03 14:25:12,158] {dag.py:2266} INFO - Setting next_dagrun for latest_only to 2021-03-01 00:00:00+00:00
[2021-03-03 14:25:12,235] {scheduler_job.py:189} INFO - Processing /home/airflow/.local/lib/python3.8/site-packages/airflow/example_dags/example_latest_only.py took 0.236 seconds
[2021-03-03 14:25:17,379] {scheduler_job.py:181} INFO - Started process (PID=429) to work on /home/airflow/.local/lib/python3.8/site-packages/airflow/example_dags/example_latest_only.py
[2021-03-03 14:25:17,401] {scheduler_job.py:629} INFO - Processing file /home/airflow/.local/lib/python3.8/site-packages/airflow/example_dags/example_latest_only.py for tasks to queue
[2021-03-03 14:25:17,402] {logging_mixin.py:103} INFO - [2021-03-03 14:25:17,402] {dagbag.py:440} INFO - Filling up the DagBag from /home/airflow/.local/lib/python3.8/site-packages/airflow/example_dags/example_latest_only.py
[2021-03-03 14:25:17,439] {scheduler_job.py:639} INFO - DAG(s) dict_keys(['latest_only']) retrieved from /home/airflow/.local/lib/python3.8/site-packages/airflow/example_dags/example_latest_only.py
[2021-03-03 14:25:17,441] {logging_mixin.py:103} INFO - [2021-03-03 14:25:17,440] {dag.py:1813} INFO - Sync 1 DAGs
[2021-03-03 14:25:17,658] {logging_mixin.py:103} INFO - [2021-03-03 14:25:17,658] {dag.py:2266} INFO - Setting next_dagrun for latest_only to 2021-03-01 00:00:00+00:00
[2021-03-03 14:25:17,841] {scheduler_job.py:189} INFO - Processing /home/airflow/.local/lib/python3.8/site-packages/airflow/example_dags/example_latest_only.py took 0.479 seconds
[2021-03-03 14:25:23,959] {scheduler_job.py:181} INFO - Started process (PID=455) to work on /home/airflow/.local/lib/python3.8/site-packages/airflow/example_dags/example_latest_only.py
[2021-03-03 14:25:23,961] {scheduler_job.py:629} INFO - Processing file /home/airflow/.local/lib/python3.8/site-packages/airflow/example_dags/example_latest_only.py for tasks to queue
[2021-03-03 14:25:23,963] {logging_mixin.py:103} INFO - [2021-03-03 14:25:23,963] {dagbag.py:440} INFO - Filling up the DagBag from /home/airflow/.local/lib/python3.8/site-packages/airflow/example_dags/example_latest_only.py
[2021-03-03 14:25:24,007] {scheduler_job.py:639} INFO - DAG(s) dict_keys(['latest_only']) retrieved from /home/airflow/.local/lib/python3.8/site-packages/airflow/example_dags/example_latest_only.py
[2021-03-03 14:25:24,009] {logging_mixin.py:103} INFO - [2021-03-03 14:25:24,009] {dag.py:1813} INFO - Sync 1 DAGs
[2021-03-03 14:25:24,153] {logging_mixin.py:103} INFO - [2021-03-03 14:25:24,149] {dag.py:2266} INFO - Setting next_dagrun for latest_only to 2021-03-01 00:00:00+00:00
[2021-03-03 14:25:24,254] {scheduler_job.py:189} INFO - Processing /home/airflow/.local/lib/python3.8/site-packages/airflow/example_dags/example_latest_only.py took 0.302 seconds
[2021-03-03 14:25:30,763] {scheduler_job.py:181} INFO - Started process (PID=481) to work on /home/airflow/.local/lib/python3.8/site-packages/airflow/example_dags/example_latest_only.py
[2021-03-03 14:25:30,765] {scheduler_job.py:629} INFO - Processing file /home/airflow/.local/lib/python3.8/site-packages/airflow/example_dags/example_latest_only.py for tasks to queue
[2021-03-03 14:25:30,786] {logging_mixin.py:103} INFO - [2021-03-03 14:25:30,786] {dagbag.py:440} INFO - Filling up the DagBag from /home/airflow/.local/lib/python3.8/site-packages/airflow/example_dags/example_latest_only.py
[2021-03-03 14:25:30,863] {scheduler_job.py:639} INFO - DAG(s) dict_keys(['latest_only']) retrieved from /home/airflow/.local/lib/python3.8/site-packages/airflow/example_dags/example_latest_only.py
[2021-03-03 14:25:30,881] {logging_mixin.py:103} INFO - [2021-03-03 14:25:30,881] {dag.py:1813} INFO - Sync 1 DAGs
[2021-03-03 14:25:31,007] {logging_mixin.py:103} INFO - [2021-03-03 14:25:31,007] {dag.py:2266} INFO - Setting next_dagrun for latest_only to 2021-03-01 00:00:00+00:00
[2021-03-03 14:25:31,092] {scheduler_job.py:189} INFO - Processing /home/airflow/.local/lib/python3.8/site-packages/airflow/example_dags/example_latest_only.py took 0.345 seconds
[2021-03-03 14:25:37,609] {scheduler_job.py:181} INFO - Started process (PID=507) to work on /home/airflow/.local/lib/python3.8/site-packages/airflow/example_dags/example_latest_only.py
[2021-03-03 14:25:37,623] {scheduler_job.py:629} INFO - Processing file /home/airflow/.local/lib/python3.8/site-packages/airflow/example_dags/example_latest_only.py for tasks to queue
[2021-03-03 14:25:37,629] {logging_mixin.py:103} INFO - [2021-03-03 14:25:37,629] {dagbag.py:440} INFO - Filling up the DagBag from /home/airflow/.local/lib/python3.8/site-packages/airflow/example_dags/example_latest_only.py
[2021-03-03 14:25:37,712] {scheduler_job.py:639} INFO - DAG(s) dict_keys(['latest_only']) retrieved from /home/airflow/.local/lib/python3.8/site-packages/airflow/example_dags/example_latest_only.py
[2021-03-03 14:25:37,719] {logging_mixin.py:103} INFO - [2021-03-03 14:25:37,719] {dag.py:1813} INFO - Sync 1 DAGs
[2021-03-03 14:25:37,887] {logging_mixin.py:103} INFO - [2021-03-03 14:25:37,887] {dag.py:2266} INFO - Setting next_dagrun for latest_only to 2021-03-01 00:00:00+00:00
[2021-03-03 14:25:37,966] {scheduler_job.py:189} INFO - Processing /home/airflow/.local/lib/python3.8/site-packages/airflow/example_dags/example_latest_only.py took 0.405 seconds
[2021-03-03 14:25:43,859] {scheduler_job.py:181} INFO - Started process (PID=533) to work on /home/airflow/.local/lib/python3.8/site-packages/airflow/example_dags/example_latest_only.py
[2021-03-03 14:25:43,880] {scheduler_job.py:629} INFO - Processing file /home/airflow/.local/lib/python3.8/site-packages/airflow/example_dags/example_latest_only.py for tasks to queue
[2021-03-03 14:25:43,887] {logging_mixin.py:103} INFO - [2021-03-03 14:25:43,885] {dagbag.py:440} INFO - Filling up the DagBag from /home/airflow/.local/lib/python3.8/site-packages/airflow/example_dags/example_latest_only.py
[2021-03-03 14:25:43,954] {scheduler_job.py:639} INFO - DAG(s) dict_keys(['latest_only']) retrieved from /home/airflow/.local/lib/python3.8/site-packages/airflow/example_dags/example_latest_only.py
[2021-03-03 14:25:43,967] {logging_mixin.py:103} INFO - [2021-03-03 14:25:43,966] {dag.py:1813} INFO - Sync 1 DAGs
[2021-03-03 14:25:44,216] {logging_mixin.py:103} INFO - [2021-03-03 14:25:44,216] {dag.py:2266} INFO - Setting next_dagrun for latest_only to 2021-03-01 00:00:00+00:00
[2021-03-03 14:25:44,319] {scheduler_job.py:189} INFO - Processing /home/airflow/.local/lib/python3.8/site-packages/airflow/example_dags/example_latest_only.py took 0.477 seconds
[2021-03-03 14:25:49,264] {scheduler_job.py:181} INFO - Started process (PID=559) to work on /home/airflow/.local/lib/python3.8/site-packages/airflow/example_dags/example_latest_only.py
[2021-03-03 14:25:49,280] {scheduler_job.py:629} INFO - Processing file /home/airflow/.local/lib/python3.8/site-packages/airflow/example_dags/example_latest_only.py for tasks to queue
[2021-03-03 14:25:49,281] {logging_mixin.py:103} INFO - [2021-03-03 14:25:49,281] {dagbag.py:440} INFO - Filling up the DagBag from /home/airflow/.local/lib/python3.8/site-packages/airflow/example_dags/example_latest_only.py
[2021-03-03 14:25:49,363] {scheduler_job.py:639} INFO - DAG(s) dict_keys(['latest_only']) retrieved from /home/airflow/.local/lib/python3.8/site-packages/airflow/example_dags/example_latest_only.py
[2021-03-03 14:25:49,389] {logging_mixin.py:103} INFO - [2021-03-03 14:25:49,389] {dag.py:1813} INFO - Sync 1 DAGs
[2021-03-03 14:25:49,587] {logging_mixin.py:103} INFO - [2021-03-03 14:25:49,587] {dag.py:2266} INFO - Setting next_dagrun for latest_only to 2021-03-01 00:00:00+00:00
[2021-03-03 14:25:49,750] {scheduler_job.py:189} INFO - Processing /home/airflow/.local/lib/python3.8/site-packages/airflow/example_dags/example_latest_only.py took 0.514 seconds
[2021-03-03 14:25:54,974] {scheduler_job.py:181} INFO - Started process (PID=585) to work on /home/airflow/.local/lib/python3.8/site-packages/airflow/example_dags/example_latest_only.py
[2021-03-03 14:25:54,994] {scheduler_job.py:629} INFO - Processing file /home/airflow/.local/lib/python3.8/site-packages/airflow/example_dags/example_latest_only.py for tasks to queue
[2021-03-03 14:25:54,995] {logging_mixin.py:103} INFO - [2021-03-03 14:25:54,995] {dagbag.py:440} INFO - Filling up the DagBag from /home/airflow/.local/lib/python3.8/site-packages/airflow/example_dags/example_latest_only.py
[2021-03-03 14:25:55,083] {scheduler_job.py:639} INFO - DAG(s) dict_keys(['latest_only']) retrieved from /home/airflow/.local/lib/python3.8/site-packages/airflow/example_dags/example_latest_only.py
[2021-03-03 14:25:55,085] {logging_mixin.py:103} INFO - [2021-03-03 14:25:55,085] {dag.py:1813} INFO - Sync 1 DAGs
[2021-03-03 14:25:55,244] {logging_mixin.py:103} INFO - [2021-03-03 14:25:55,243] {dag.py:2266} INFO - Setting next_dagrun for latest_only to 2021-03-01 00:00:00+00:00
[2021-03-03 14:25:55,380] {scheduler_job.py:189} INFO - Processing /home/airflow/.local/lib/python3.8/site-packages/airflow/example_dags/example_latest_only.py took 0.434 seconds
[2021-03-03 14:26:01,849] {scheduler_job.py:181} INFO - Started process (PID=612) to work on /home/airflow/.local/lib/python3.8/site-packages/airflow/example_dags/example_latest_only.py
[2021-03-03 14:26:01,852] {scheduler_job.py:629} INFO - Processing file /home/airflow/.local/lib/python3.8/site-packages/airflow/example_dags/example_latest_only.py for tasks to queue
[2021-03-03 14:26:01,853] {logging_mixin.py:103} INFO - [2021-03-03 14:26:01,853] {dagbag.py:440} INFO - Filling up the DagBag from /home/airflow/.local/lib/python3.8/site-packages/airflow/example_dags/example_latest_only.py
[2021-03-03 14:26:01,888] {scheduler_job.py:639} INFO - DAG(s) dict_keys(['latest_only']) retrieved from /home/airflow/.local/lib/python3.8/site-packages/airflow/example_dags/example_latest_only.py
[2021-03-03 14:26:01,892] {logging_mixin.py:103} INFO - [2021-03-03 14:26:01,892] {dag.py:1813} INFO - Sync 1 DAGs
[2021-03-03 14:26:02,009] {logging_mixin.py:103} INFO - [2021-03-03 14:26:02,009] {dag.py:2266} INFO - Setting next_dagrun for latest_only to 2021-03-01 00:00:00+00:00
[2021-03-03 14:26:02,075] {scheduler_job.py:189} INFO - Processing /home/airflow/.local/lib/python3.8/site-packages/airflow/example_dags/example_latest_only.py took 0.240 seconds
