[2021-03-03 14:23:42,906] {scheduler_job.py:181} INFO - Started process (PID=40) to work on /home/airflow/.local/lib/python3.8/site-packages/airflow/example_dags/example_kubernetes_executor.py
[2021-03-03 14:23:42,909] {scheduler_job.py:629} INFO - Processing file /home/airflow/.local/lib/python3.8/site-packages/airflow/example_dags/example_kubernetes_executor.py for tasks to queue
[2021-03-03 14:23:42,910] {logging_mixin.py:103} INFO - [2021-03-03 14:23:42,910] {dagbag.py:440} INFO - Filling up the DagBag from /home/airflow/.local/lib/python3.8/site-packages/airflow/example_dags/example_kubernetes_executor.py
[2021-03-03 14:23:42,974] {scheduler_job.py:639} INFO - DAG(s) dict_keys(['example_kubernetes_executor']) retrieved from /home/airflow/.local/lib/python3.8/site-packages/airflow/example_dags/example_kubernetes_executor.py
[2021-03-03 14:23:42,984] {logging_mixin.py:103} INFO - [2021-03-03 14:23:42,983] {dag.py:1813} INFO - Sync 1 DAGs
[2021-03-03 14:23:43,076] {logging_mixin.py:103} INFO - [2021-03-03 14:23:43,076] {dag.py:1832} INFO - Creating ORM DAG for example_kubernetes_executor
[2021-03-03 14:23:43,102] {logging_mixin.py:103} INFO - [2021-03-03 14:23:43,101] {dag.py:2266} INFO - Setting next_dagrun for example_kubernetes_executor to None
[2021-03-03 14:23:43,309] {scheduler_job.py:189} INFO - Processing /home/airflow/.local/lib/python3.8/site-packages/airflow/example_dags/example_kubernetes_executor.py took 0.410 seconds
[2021-03-03 14:23:50,182] {scheduler_job.py:181} INFO - Started process (PID=66) to work on /home/airflow/.local/lib/python3.8/site-packages/airflow/example_dags/example_kubernetes_executor.py
[2021-03-03 14:23:50,188] {scheduler_job.py:629} INFO - Processing file /home/airflow/.local/lib/python3.8/site-packages/airflow/example_dags/example_kubernetes_executor.py for tasks to queue
[2021-03-03 14:23:50,215] {logging_mixin.py:103} INFO - [2021-03-03 14:23:50,215] {dagbag.py:440} INFO - Filling up the DagBag from /home/airflow/.local/lib/python3.8/site-packages/airflow/example_dags/example_kubernetes_executor.py
[2021-03-03 14:23:50,338] {scheduler_job.py:639} INFO - DAG(s) dict_keys(['example_kubernetes_executor']) retrieved from /home/airflow/.local/lib/python3.8/site-packages/airflow/example_dags/example_kubernetes_executor.py
[2021-03-03 14:23:50,339] {logging_mixin.py:103} INFO - [2021-03-03 14:23:50,339] {dag.py:1813} INFO - Sync 1 DAGs
[2021-03-03 14:23:50,541] {logging_mixin.py:103} INFO - [2021-03-03 14:23:50,540] {dag.py:2266} INFO - Setting next_dagrun for example_kubernetes_executor to None
[2021-03-03 14:23:50,617] {scheduler_job.py:189} INFO - Processing /home/airflow/.local/lib/python3.8/site-packages/airflow/example_dags/example_kubernetes_executor.py took 0.456 seconds
[2021-03-03 14:23:58,344] {scheduler_job.py:181} INFO - Started process (PID=92) to work on /home/airflow/.local/lib/python3.8/site-packages/airflow/example_dags/example_kubernetes_executor.py
[2021-03-03 14:23:58,346] {scheduler_job.py:629} INFO - Processing file /home/airflow/.local/lib/python3.8/site-packages/airflow/example_dags/example_kubernetes_executor.py for tasks to queue
[2021-03-03 14:23:58,375] {logging_mixin.py:103} INFO - [2021-03-03 14:23:58,348] {dagbag.py:440} INFO - Filling up the DagBag from /home/airflow/.local/lib/python3.8/site-packages/airflow/example_dags/example_kubernetes_executor.py
[2021-03-03 14:23:58,546] {scheduler_job.py:639} INFO - DAG(s) dict_keys(['example_kubernetes_executor']) retrieved from /home/airflow/.local/lib/python3.8/site-packages/airflow/example_dags/example_kubernetes_executor.py
[2021-03-03 14:23:58,548] {logging_mixin.py:103} INFO - [2021-03-03 14:23:58,548] {dag.py:1813} INFO - Sync 1 DAGs
[2021-03-03 14:23:58,669] {logging_mixin.py:103} INFO - [2021-03-03 14:23:58,669] {dag.py:2266} INFO - Setting next_dagrun for example_kubernetes_executor to None
[2021-03-03 14:23:58,748] {scheduler_job.py:189} INFO - Processing /home/airflow/.local/lib/python3.8/site-packages/airflow/example_dags/example_kubernetes_executor.py took 0.472 seconds
[2021-03-03 14:24:06,162] {scheduler_job.py:181} INFO - Started process (PID=119) to work on /home/airflow/.local/lib/python3.8/site-packages/airflow/example_dags/example_kubernetes_executor.py
[2021-03-03 14:24:06,165] {scheduler_job.py:629} INFO - Processing file /home/airflow/.local/lib/python3.8/site-packages/airflow/example_dags/example_kubernetes_executor.py for tasks to queue
[2021-03-03 14:24:06,176] {logging_mixin.py:103} INFO - [2021-03-03 14:24:06,176] {dagbag.py:440} INFO - Filling up the DagBag from /home/airflow/.local/lib/python3.8/site-packages/airflow/example_dags/example_kubernetes_executor.py
[2021-03-03 14:24:06,282] {scheduler_job.py:639} INFO - DAG(s) dict_keys(['example_kubernetes_executor']) retrieved from /home/airflow/.local/lib/python3.8/site-packages/airflow/example_dags/example_kubernetes_executor.py
[2021-03-03 14:24:06,284] {logging_mixin.py:103} INFO - [2021-03-03 14:24:06,283] {dag.py:1813} INFO - Sync 1 DAGs
[2021-03-03 14:24:06,462] {logging_mixin.py:103} INFO - [2021-03-03 14:24:06,462] {dag.py:2266} INFO - Setting next_dagrun for example_kubernetes_executor to None
[2021-03-03 14:24:06,554] {scheduler_job.py:189} INFO - Processing /home/airflow/.local/lib/python3.8/site-packages/airflow/example_dags/example_kubernetes_executor.py took 0.414 seconds
[2021-03-03 14:24:12,251] {scheduler_job.py:181} INFO - Started process (PID=145) to work on /home/airflow/.local/lib/python3.8/site-packages/airflow/example_dags/example_kubernetes_executor.py
[2021-03-03 14:24:12,258] {scheduler_job.py:629} INFO - Processing file /home/airflow/.local/lib/python3.8/site-packages/airflow/example_dags/example_kubernetes_executor.py for tasks to queue
[2021-03-03 14:24:12,265] {logging_mixin.py:103} INFO - [2021-03-03 14:24:12,259] {dagbag.py:440} INFO - Filling up the DagBag from /home/airflow/.local/lib/python3.8/site-packages/airflow/example_dags/example_kubernetes_executor.py
[2021-03-03 14:24:12,357] {scheduler_job.py:639} INFO - DAG(s) dict_keys(['example_kubernetes_executor']) retrieved from /home/airflow/.local/lib/python3.8/site-packages/airflow/example_dags/example_kubernetes_executor.py
[2021-03-03 14:24:12,359] {logging_mixin.py:103} INFO - [2021-03-03 14:24:12,359] {dag.py:1813} INFO - Sync 1 DAGs
[2021-03-03 14:24:12,586] {logging_mixin.py:103} INFO - [2021-03-03 14:24:12,586] {dag.py:2266} INFO - Setting next_dagrun for example_kubernetes_executor to None
[2021-03-03 14:24:12,702] {scheduler_job.py:189} INFO - Processing /home/airflow/.local/lib/python3.8/site-packages/airflow/example_dags/example_kubernetes_executor.py took 0.467 seconds
[2021-03-03 14:24:18,227] {scheduler_job.py:181} INFO - Started process (PID=171) to work on /home/airflow/.local/lib/python3.8/site-packages/airflow/example_dags/example_kubernetes_executor.py
[2021-03-03 14:24:18,243] {scheduler_job.py:629} INFO - Processing file /home/airflow/.local/lib/python3.8/site-packages/airflow/example_dags/example_kubernetes_executor.py for tasks to queue
[2021-03-03 14:24:18,244] {logging_mixin.py:103} INFO - [2021-03-03 14:24:18,244] {dagbag.py:440} INFO - Filling up the DagBag from /home/airflow/.local/lib/python3.8/site-packages/airflow/example_dags/example_kubernetes_executor.py
[2021-03-03 14:24:18,365] {scheduler_job.py:639} INFO - DAG(s) dict_keys(['example_kubernetes_executor']) retrieved from /home/airflow/.local/lib/python3.8/site-packages/airflow/example_dags/example_kubernetes_executor.py
[2021-03-03 14:24:18,367] {logging_mixin.py:103} INFO - [2021-03-03 14:24:18,367] {dag.py:1813} INFO - Sync 1 DAGs
[2021-03-03 14:24:18,500] {logging_mixin.py:103} INFO - [2021-03-03 14:24:18,500] {dag.py:2266} INFO - Setting next_dagrun for example_kubernetes_executor to None
[2021-03-03 14:24:18,618] {scheduler_job.py:189} INFO - Processing /home/airflow/.local/lib/python3.8/site-packages/airflow/example_dags/example_kubernetes_executor.py took 0.418 seconds
[2021-03-03 14:24:24,775] {scheduler_job.py:181} INFO - Started process (PID=197) to work on /home/airflow/.local/lib/python3.8/site-packages/airflow/example_dags/example_kubernetes_executor.py
[2021-03-03 14:24:24,790] {scheduler_job.py:629} INFO - Processing file /home/airflow/.local/lib/python3.8/site-packages/airflow/example_dags/example_kubernetes_executor.py for tasks to queue
[2021-03-03 14:24:24,792] {logging_mixin.py:103} INFO - [2021-03-03 14:24:24,792] {dagbag.py:440} INFO - Filling up the DagBag from /home/airflow/.local/lib/python3.8/site-packages/airflow/example_dags/example_kubernetes_executor.py
[2021-03-03 14:24:24,982] {scheduler_job.py:639} INFO - DAG(s) dict_keys(['example_kubernetes_executor']) retrieved from /home/airflow/.local/lib/python3.8/site-packages/airflow/example_dags/example_kubernetes_executor.py
[2021-03-03 14:24:24,984] {logging_mixin.py:103} INFO - [2021-03-03 14:24:24,984] {dag.py:1813} INFO - Sync 1 DAGs
[2021-03-03 14:24:25,220] {logging_mixin.py:103} INFO - [2021-03-03 14:24:25,219] {dag.py:2266} INFO - Setting next_dagrun for example_kubernetes_executor to None
[2021-03-03 14:24:25,433] {scheduler_job.py:189} INFO - Processing /home/airflow/.local/lib/python3.8/site-packages/airflow/example_dags/example_kubernetes_executor.py took 0.690 seconds
[2021-03-03 14:24:30,506] {scheduler_job.py:181} INFO - Started process (PID=223) to work on /home/airflow/.local/lib/python3.8/site-packages/airflow/example_dags/example_kubernetes_executor.py
[2021-03-03 14:24:30,518] {scheduler_job.py:629} INFO - Processing file /home/airflow/.local/lib/python3.8/site-packages/airflow/example_dags/example_kubernetes_executor.py for tasks to queue
[2021-03-03 14:24:30,520] {logging_mixin.py:103} INFO - [2021-03-03 14:24:30,520] {dagbag.py:440} INFO - Filling up the DagBag from /home/airflow/.local/lib/python3.8/site-packages/airflow/example_dags/example_kubernetes_executor.py
[2021-03-03 14:24:30,654] {scheduler_job.py:639} INFO - DAG(s) dict_keys(['example_kubernetes_executor']) retrieved from /home/airflow/.local/lib/python3.8/site-packages/airflow/example_dags/example_kubernetes_executor.py
[2021-03-03 14:24:30,656] {logging_mixin.py:103} INFO - [2021-03-03 14:24:30,656] {dag.py:1813} INFO - Sync 1 DAGs
[2021-03-03 14:24:30,827] {logging_mixin.py:103} INFO - [2021-03-03 14:24:30,827] {dag.py:2266} INFO - Setting next_dagrun for example_kubernetes_executor to None
[2021-03-03 14:24:30,892] {scheduler_job.py:189} INFO - Processing /home/airflow/.local/lib/python3.8/site-packages/airflow/example_dags/example_kubernetes_executor.py took 0.413 seconds
[2021-03-03 14:24:36,716] {scheduler_job.py:181} INFO - Started process (PID=249) to work on /home/airflow/.local/lib/python3.8/site-packages/airflow/example_dags/example_kubernetes_executor.py
[2021-03-03 14:24:36,718] {scheduler_job.py:629} INFO - Processing file /home/airflow/.local/lib/python3.8/site-packages/airflow/example_dags/example_kubernetes_executor.py for tasks to queue
[2021-03-03 14:24:36,720] {logging_mixin.py:103} INFO - [2021-03-03 14:24:36,719] {dagbag.py:440} INFO - Filling up the DagBag from /home/airflow/.local/lib/python3.8/site-packages/airflow/example_dags/example_kubernetes_executor.py
[2021-03-03 14:24:36,801] {scheduler_job.py:639} INFO - DAG(s) dict_keys(['example_kubernetes_executor']) retrieved from /home/airflow/.local/lib/python3.8/site-packages/airflow/example_dags/example_kubernetes_executor.py
[2021-03-03 14:24:36,803] {logging_mixin.py:103} INFO - [2021-03-03 14:24:36,803] {dag.py:1813} INFO - Sync 1 DAGs
[2021-03-03 14:24:36,870] {logging_mixin.py:103} INFO - [2021-03-03 14:24:36,870] {dag.py:2266} INFO - Setting next_dagrun for example_kubernetes_executor to None
[2021-03-03 14:24:36,955] {scheduler_job.py:189} INFO - Processing /home/airflow/.local/lib/python3.8/site-packages/airflow/example_dags/example_kubernetes_executor.py took 0.275 seconds
[2021-03-03 14:24:42,965] {scheduler_job.py:181} INFO - Started process (PID=275) to work on /home/airflow/.local/lib/python3.8/site-packages/airflow/example_dags/example_kubernetes_executor.py
[2021-03-03 14:24:42,967] {scheduler_job.py:629} INFO - Processing file /home/airflow/.local/lib/python3.8/site-packages/airflow/example_dags/example_kubernetes_executor.py for tasks to queue
[2021-03-03 14:24:42,975] {logging_mixin.py:103} INFO - [2021-03-03 14:24:42,975] {dagbag.py:440} INFO - Filling up the DagBag from /home/airflow/.local/lib/python3.8/site-packages/airflow/example_dags/example_kubernetes_executor.py
[2021-03-03 14:24:43,051] {scheduler_job.py:639} INFO - DAG(s) dict_keys(['example_kubernetes_executor']) retrieved from /home/airflow/.local/lib/python3.8/site-packages/airflow/example_dags/example_kubernetes_executor.py
[2021-03-03 14:24:43,053] {logging_mixin.py:103} INFO - [2021-03-03 14:24:43,053] {dag.py:1813} INFO - Sync 1 DAGs
[2021-03-03 14:24:43,146] {logging_mixin.py:103} INFO - [2021-03-03 14:24:43,146] {dag.py:2266} INFO - Setting next_dagrun for example_kubernetes_executor to None
[2021-03-03 14:24:43,207] {scheduler_job.py:189} INFO - Processing /home/airflow/.local/lib/python3.8/site-packages/airflow/example_dags/example_kubernetes_executor.py took 0.258 seconds
[2021-03-03 14:24:49,014] {scheduler_job.py:181} INFO - Started process (PID=301) to work on /home/airflow/.local/lib/python3.8/site-packages/airflow/example_dags/example_kubernetes_executor.py
[2021-03-03 14:24:49,030] {scheduler_job.py:629} INFO - Processing file /home/airflow/.local/lib/python3.8/site-packages/airflow/example_dags/example_kubernetes_executor.py for tasks to queue
[2021-03-03 14:24:49,031] {logging_mixin.py:103} INFO - [2021-03-03 14:24:49,031] {dagbag.py:440} INFO - Filling up the DagBag from /home/airflow/.local/lib/python3.8/site-packages/airflow/example_dags/example_kubernetes_executor.py
[2021-03-03 14:24:49,126] {scheduler_job.py:639} INFO - DAG(s) dict_keys(['example_kubernetes_executor']) retrieved from /home/airflow/.local/lib/python3.8/site-packages/airflow/example_dags/example_kubernetes_executor.py
[2021-03-03 14:24:49,128] {logging_mixin.py:103} INFO - [2021-03-03 14:24:49,128] {dag.py:1813} INFO - Sync 1 DAGs
[2021-03-03 14:24:49,362] {logging_mixin.py:103} INFO - [2021-03-03 14:24:49,362] {dag.py:2266} INFO - Setting next_dagrun for example_kubernetes_executor to None
[2021-03-03 14:24:49,532] {scheduler_job.py:189} INFO - Processing /home/airflow/.local/lib/python3.8/site-packages/airflow/example_dags/example_kubernetes_executor.py took 0.549 seconds
[2021-03-03 14:24:55,793] {scheduler_job.py:181} INFO - Started process (PID=327) to work on /home/airflow/.local/lib/python3.8/site-packages/airflow/example_dags/example_kubernetes_executor.py
[2021-03-03 14:24:55,796] {scheduler_job.py:629} INFO - Processing file /home/airflow/.local/lib/python3.8/site-packages/airflow/example_dags/example_kubernetes_executor.py for tasks to queue
[2021-03-03 14:24:55,797] {logging_mixin.py:103} INFO - [2021-03-03 14:24:55,797] {dagbag.py:440} INFO - Filling up the DagBag from /home/airflow/.local/lib/python3.8/site-packages/airflow/example_dags/example_kubernetes_executor.py
[2021-03-03 14:24:55,825] {scheduler_job.py:639} INFO - DAG(s) dict_keys(['example_kubernetes_executor']) retrieved from /home/airflow/.local/lib/python3.8/site-packages/airflow/example_dags/example_kubernetes_executor.py
[2021-03-03 14:24:55,827] {logging_mixin.py:103} INFO - [2021-03-03 14:24:55,826] {dag.py:1813} INFO - Sync 1 DAGs
[2021-03-03 14:24:55,946] {logging_mixin.py:103} INFO - [2021-03-03 14:24:55,946] {dag.py:2266} INFO - Setting next_dagrun for example_kubernetes_executor to None
[2021-03-03 14:24:56,106] {scheduler_job.py:189} INFO - Processing /home/airflow/.local/lib/python3.8/site-packages/airflow/example_dags/example_kubernetes_executor.py took 0.319 seconds
[2021-03-03 14:25:01,815] {scheduler_job.py:181} INFO - Started process (PID=353) to work on /home/airflow/.local/lib/python3.8/site-packages/airflow/example_dags/example_kubernetes_executor.py
[2021-03-03 14:25:01,822] {scheduler_job.py:629} INFO - Processing file /home/airflow/.local/lib/python3.8/site-packages/airflow/example_dags/example_kubernetes_executor.py for tasks to queue
[2021-03-03 14:25:01,824] {logging_mixin.py:103} INFO - [2021-03-03 14:25:01,824] {dagbag.py:440} INFO - Filling up the DagBag from /home/airflow/.local/lib/python3.8/site-packages/airflow/example_dags/example_kubernetes_executor.py
[2021-03-03 14:25:01,887] {scheduler_job.py:639} INFO - DAG(s) dict_keys(['example_kubernetes_executor']) retrieved from /home/airflow/.local/lib/python3.8/site-packages/airflow/example_dags/example_kubernetes_executor.py
[2021-03-03 14:25:01,892] {logging_mixin.py:103} INFO - [2021-03-03 14:25:01,892] {dag.py:1813} INFO - Sync 1 DAGs
[2021-03-03 14:25:01,973] {logging_mixin.py:103} INFO - [2021-03-03 14:25:01,973] {dag.py:2266} INFO - Setting next_dagrun for example_kubernetes_executor to None
[2021-03-03 14:25:02,030] {scheduler_job.py:189} INFO - Processing /home/airflow/.local/lib/python3.8/site-packages/airflow/example_dags/example_kubernetes_executor.py took 0.238 seconds
[2021-03-03 14:25:07,505] {scheduler_job.py:181} INFO - Started process (PID=379) to work on /home/airflow/.local/lib/python3.8/site-packages/airflow/example_dags/example_kubernetes_executor.py
[2021-03-03 14:25:07,507] {scheduler_job.py:629} INFO - Processing file /home/airflow/.local/lib/python3.8/site-packages/airflow/example_dags/example_kubernetes_executor.py for tasks to queue
[2021-03-03 14:25:07,517] {logging_mixin.py:103} INFO - [2021-03-03 14:25:07,509] {dagbag.py:440} INFO - Filling up the DagBag from /home/airflow/.local/lib/python3.8/site-packages/airflow/example_dags/example_kubernetes_executor.py
[2021-03-03 14:25:07,579] {scheduler_job.py:639} INFO - DAG(s) dict_keys(['example_kubernetes_executor']) retrieved from /home/airflow/.local/lib/python3.8/site-packages/airflow/example_dags/example_kubernetes_executor.py
[2021-03-03 14:25:07,589] {logging_mixin.py:103} INFO - [2021-03-03 14:25:07,589] {dag.py:1813} INFO - Sync 1 DAGs
[2021-03-03 14:25:07,690] {logging_mixin.py:103} INFO - [2021-03-03 14:25:07,690] {dag.py:2266} INFO - Setting next_dagrun for example_kubernetes_executor to None
[2021-03-03 14:25:07,767] {scheduler_job.py:189} INFO - Processing /home/airflow/.local/lib/python3.8/site-packages/airflow/example_dags/example_kubernetes_executor.py took 0.291 seconds
[2021-03-03 14:25:12,326] {scheduler_job.py:181} INFO - Started process (PID=405) to work on /home/airflow/.local/lib/python3.8/site-packages/airflow/example_dags/example_kubernetes_executor.py
[2021-03-03 14:25:12,328] {scheduler_job.py:629} INFO - Processing file /home/airflow/.local/lib/python3.8/site-packages/airflow/example_dags/example_kubernetes_executor.py for tasks to queue
[2021-03-03 14:25:12,345] {logging_mixin.py:103} INFO - [2021-03-03 14:25:12,345] {dagbag.py:440} INFO - Filling up the DagBag from /home/airflow/.local/lib/python3.8/site-packages/airflow/example_dags/example_kubernetes_executor.py
[2021-03-03 14:25:12,431] {scheduler_job.py:639} INFO - DAG(s) dict_keys(['example_kubernetes_executor']) retrieved from /home/airflow/.local/lib/python3.8/site-packages/airflow/example_dags/example_kubernetes_executor.py
[2021-03-03 14:25:12,433] {logging_mixin.py:103} INFO - [2021-03-03 14:25:12,433] {dag.py:1813} INFO - Sync 1 DAGs
[2021-03-03 14:25:12,610] {logging_mixin.py:103} INFO - [2021-03-03 14:25:12,610] {dag.py:2266} INFO - Setting next_dagrun for example_kubernetes_executor to None
[2021-03-03 14:25:12,718] {scheduler_job.py:189} INFO - Processing /home/airflow/.local/lib/python3.8/site-packages/airflow/example_dags/example_kubernetes_executor.py took 0.422 seconds
[2021-03-03 14:25:18,011] {scheduler_job.py:181} INFO - Started process (PID=431) to work on /home/airflow/.local/lib/python3.8/site-packages/airflow/example_dags/example_kubernetes_executor.py
[2021-03-03 14:25:18,013] {scheduler_job.py:629} INFO - Processing file /home/airflow/.local/lib/python3.8/site-packages/airflow/example_dags/example_kubernetes_executor.py for tasks to queue
[2021-03-03 14:25:18,015] {logging_mixin.py:103} INFO - [2021-03-03 14:25:18,014] {dagbag.py:440} INFO - Filling up the DagBag from /home/airflow/.local/lib/python3.8/site-packages/airflow/example_dags/example_kubernetes_executor.py
[2021-03-03 14:25:18,080] {scheduler_job.py:639} INFO - DAG(s) dict_keys(['example_kubernetes_executor']) retrieved from /home/airflow/.local/lib/python3.8/site-packages/airflow/example_dags/example_kubernetes_executor.py
[2021-03-03 14:25:18,086] {logging_mixin.py:103} INFO - [2021-03-03 14:25:18,085] {dag.py:1813} INFO - Sync 1 DAGs
[2021-03-03 14:25:18,186] {logging_mixin.py:103} INFO - [2021-03-03 14:25:18,186] {dag.py:2266} INFO - Setting next_dagrun for example_kubernetes_executor to None
[2021-03-03 14:25:18,251] {scheduler_job.py:189} INFO - Processing /home/airflow/.local/lib/python3.8/site-packages/airflow/example_dags/example_kubernetes_executor.py took 0.254 seconds
[2021-03-03 14:25:24,371] {scheduler_job.py:181} INFO - Started process (PID=457) to work on /home/airflow/.local/lib/python3.8/site-packages/airflow/example_dags/example_kubernetes_executor.py
[2021-03-03 14:25:24,378] {scheduler_job.py:629} INFO - Processing file /home/airflow/.local/lib/python3.8/site-packages/airflow/example_dags/example_kubernetes_executor.py for tasks to queue
[2021-03-03 14:25:24,379] {logging_mixin.py:103} INFO - [2021-03-03 14:25:24,379] {dagbag.py:440} INFO - Filling up the DagBag from /home/airflow/.local/lib/python3.8/site-packages/airflow/example_dags/example_kubernetes_executor.py
[2021-03-03 14:25:24,449] {scheduler_job.py:639} INFO - DAG(s) dict_keys(['example_kubernetes_executor']) retrieved from /home/airflow/.local/lib/python3.8/site-packages/airflow/example_dags/example_kubernetes_executor.py
[2021-03-03 14:25:24,451] {logging_mixin.py:103} INFO - [2021-03-03 14:25:24,451] {dag.py:1813} INFO - Sync 1 DAGs
[2021-03-03 14:25:24,642] {logging_mixin.py:103} INFO - [2021-03-03 14:25:24,642] {dag.py:2266} INFO - Setting next_dagrun for example_kubernetes_executor to None
[2021-03-03 14:25:24,780] {scheduler_job.py:189} INFO - Processing /home/airflow/.local/lib/python3.8/site-packages/airflow/example_dags/example_kubernetes_executor.py took 0.443 seconds
[2021-03-03 14:25:31,215] {scheduler_job.py:181} INFO - Started process (PID=483) to work on /home/airflow/.local/lib/python3.8/site-packages/airflow/example_dags/example_kubernetes_executor.py
[2021-03-03 14:25:31,225] {scheduler_job.py:629} INFO - Processing file /home/airflow/.local/lib/python3.8/site-packages/airflow/example_dags/example_kubernetes_executor.py for tasks to queue
[2021-03-03 14:25:31,227] {logging_mixin.py:103} INFO - [2021-03-03 14:25:31,227] {dagbag.py:440} INFO - Filling up the DagBag from /home/airflow/.local/lib/python3.8/site-packages/airflow/example_dags/example_kubernetes_executor.py
[2021-03-03 14:25:31,350] {scheduler_job.py:639} INFO - DAG(s) dict_keys(['example_kubernetes_executor']) retrieved from /home/airflow/.local/lib/python3.8/site-packages/airflow/example_dags/example_kubernetes_executor.py
[2021-03-03 14:25:31,352] {logging_mixin.py:103} INFO - [2021-03-03 14:25:31,352] {dag.py:1813} INFO - Sync 1 DAGs
[2021-03-03 14:25:31,574] {logging_mixin.py:103} INFO - [2021-03-03 14:25:31,573] {dag.py:2266} INFO - Setting next_dagrun for example_kubernetes_executor to None
[2021-03-03 14:25:31,734] {scheduler_job.py:189} INFO - Processing /home/airflow/.local/lib/python3.8/site-packages/airflow/example_dags/example_kubernetes_executor.py took 0.554 seconds
[2021-03-03 14:25:38,134] {scheduler_job.py:181} INFO - Started process (PID=509) to work on /home/airflow/.local/lib/python3.8/site-packages/airflow/example_dags/example_kubernetes_executor.py
[2021-03-03 14:25:38,136] {scheduler_job.py:629} INFO - Processing file /home/airflow/.local/lib/python3.8/site-packages/airflow/example_dags/example_kubernetes_executor.py for tasks to queue
[2021-03-03 14:25:38,147] {logging_mixin.py:103} INFO - [2021-03-03 14:25:38,146] {dagbag.py:440} INFO - Filling up the DagBag from /home/airflow/.local/lib/python3.8/site-packages/airflow/example_dags/example_kubernetes_executor.py
[2021-03-03 14:25:38,265] {scheduler_job.py:639} INFO - DAG(s) dict_keys(['example_kubernetes_executor']) retrieved from /home/airflow/.local/lib/python3.8/site-packages/airflow/example_dags/example_kubernetes_executor.py
[2021-03-03 14:25:38,267] {logging_mixin.py:103} INFO - [2021-03-03 14:25:38,267] {dag.py:1813} INFO - Sync 1 DAGs
[2021-03-03 14:25:38,478] {logging_mixin.py:103} INFO - [2021-03-03 14:25:38,478] {dag.py:2266} INFO - Setting next_dagrun for example_kubernetes_executor to None
[2021-03-03 14:25:38,599] {scheduler_job.py:189} INFO - Processing /home/airflow/.local/lib/python3.8/site-packages/airflow/example_dags/example_kubernetes_executor.py took 0.489 seconds
[2021-03-03 14:25:44,432] {scheduler_job.py:181} INFO - Started process (PID=535) to work on /home/airflow/.local/lib/python3.8/site-packages/airflow/example_dags/example_kubernetes_executor.py
[2021-03-03 14:25:44,449] {scheduler_job.py:629} INFO - Processing file /home/airflow/.local/lib/python3.8/site-packages/airflow/example_dags/example_kubernetes_executor.py for tasks to queue
[2021-03-03 14:25:44,452] {logging_mixin.py:103} INFO - [2021-03-03 14:25:44,451] {dagbag.py:440} INFO - Filling up the DagBag from /home/airflow/.local/lib/python3.8/site-packages/airflow/example_dags/example_kubernetes_executor.py
[2021-03-03 14:25:44,577] {scheduler_job.py:639} INFO - DAG(s) dict_keys(['example_kubernetes_executor']) retrieved from /home/airflow/.local/lib/python3.8/site-packages/airflow/example_dags/example_kubernetes_executor.py
[2021-03-03 14:25:44,580] {logging_mixin.py:103} INFO - [2021-03-03 14:25:44,579] {dag.py:1813} INFO - Sync 1 DAGs
[2021-03-03 14:25:44,812] {logging_mixin.py:103} INFO - [2021-03-03 14:25:44,812] {dag.py:2266} INFO - Setting next_dagrun for example_kubernetes_executor to None
[2021-03-03 14:25:44,941] {scheduler_job.py:189} INFO - Processing /home/airflow/.local/lib/python3.8/site-packages/airflow/example_dags/example_kubernetes_executor.py took 0.522 seconds
[2021-03-03 14:25:49,936] {scheduler_job.py:181} INFO - Started process (PID=561) to work on /home/airflow/.local/lib/python3.8/site-packages/airflow/example_dags/example_kubernetes_executor.py
[2021-03-03 14:25:49,959] {scheduler_job.py:629} INFO - Processing file /home/airflow/.local/lib/python3.8/site-packages/airflow/example_dags/example_kubernetes_executor.py for tasks to queue
[2021-03-03 14:25:49,961] {logging_mixin.py:103} INFO - [2021-03-03 14:25:49,960] {dagbag.py:440} INFO - Filling up the DagBag from /home/airflow/.local/lib/python3.8/site-packages/airflow/example_dags/example_kubernetes_executor.py
[2021-03-03 14:25:50,144] {scheduler_job.py:639} INFO - DAG(s) dict_keys(['example_kubernetes_executor']) retrieved from /home/airflow/.local/lib/python3.8/site-packages/airflow/example_dags/example_kubernetes_executor.py
[2021-03-03 14:25:50,154] {logging_mixin.py:103} INFO - [2021-03-03 14:25:50,154] {dag.py:1813} INFO - Sync 1 DAGs
[2021-03-03 14:25:50,319] {logging_mixin.py:103} INFO - [2021-03-03 14:25:50,319] {dag.py:2266} INFO - Setting next_dagrun for example_kubernetes_executor to None
[2021-03-03 14:25:50,437] {scheduler_job.py:189} INFO - Processing /home/airflow/.local/lib/python3.8/site-packages/airflow/example_dags/example_kubernetes_executor.py took 0.525 seconds
[2021-03-03 14:25:55,486] {scheduler_job.py:181} INFO - Started process (PID=587) to work on /home/airflow/.local/lib/python3.8/site-packages/airflow/example_dags/example_kubernetes_executor.py
[2021-03-03 14:25:55,518] {scheduler_job.py:629} INFO - Processing file /home/airflow/.local/lib/python3.8/site-packages/airflow/example_dags/example_kubernetes_executor.py for tasks to queue
[2021-03-03 14:25:55,519] {logging_mixin.py:103} INFO - [2021-03-03 14:25:55,519] {dagbag.py:440} INFO - Filling up the DagBag from /home/airflow/.local/lib/python3.8/site-packages/airflow/example_dags/example_kubernetes_executor.py
[2021-03-03 14:25:55,618] {scheduler_job.py:639} INFO - DAG(s) dict_keys(['example_kubernetes_executor']) retrieved from /home/airflow/.local/lib/python3.8/site-packages/airflow/example_dags/example_kubernetes_executor.py
[2021-03-03 14:25:55,620] {logging_mixin.py:103} INFO - [2021-03-03 14:25:55,620] {dag.py:1813} INFO - Sync 1 DAGs
[2021-03-03 14:25:55,843] {logging_mixin.py:103} INFO - [2021-03-03 14:25:55,842] {dag.py:2266} INFO - Setting next_dagrun for example_kubernetes_executor to None
[2021-03-03 14:25:56,061] {scheduler_job.py:189} INFO - Processing /home/airflow/.local/lib/python3.8/site-packages/airflow/example_dags/example_kubernetes_executor.py took 0.597 seconds
[2021-03-03 14:26:02,309] {scheduler_job.py:181} INFO - Started process (PID=614) to work on /home/airflow/.local/lib/python3.8/site-packages/airflow/example_dags/example_kubernetes_executor.py
[2021-03-03 14:26:02,315] {scheduler_job.py:629} INFO - Processing file /home/airflow/.local/lib/python3.8/site-packages/airflow/example_dags/example_kubernetes_executor.py for tasks to queue
[2021-03-03 14:26:02,316] {logging_mixin.py:103} INFO - [2021-03-03 14:26:02,316] {dagbag.py:440} INFO - Filling up the DagBag from /home/airflow/.local/lib/python3.8/site-packages/airflow/example_dags/example_kubernetes_executor.py
[2021-03-03 14:26:02,380] {scheduler_job.py:639} INFO - DAG(s) dict_keys(['example_kubernetes_executor']) retrieved from /home/airflow/.local/lib/python3.8/site-packages/airflow/example_dags/example_kubernetes_executor.py
[2021-03-03 14:26:02,393] {logging_mixin.py:103} INFO - [2021-03-03 14:26:02,393] {dag.py:1813} INFO - Sync 1 DAGs
[2021-03-03 14:26:02,517] {logging_mixin.py:103} INFO - [2021-03-03 14:26:02,517] {dag.py:2266} INFO - Setting next_dagrun for example_kubernetes_executor to None
[2021-03-03 14:26:02,627] {scheduler_job.py:189} INFO - Processing /home/airflow/.local/lib/python3.8/site-packages/airflow/example_dags/example_kubernetes_executor.py took 0.345 seconds
