[2021-03-03 14:23:36,706] {scheduler_job.py:181} INFO - Started process (PID=20) to work on /home/airflow/.local/lib/python3.8/site-packages/airflow/example_dags/example_python_operator.py
[2021-03-03 14:23:36,708] {scheduler_job.py:629} INFO - Processing file /home/airflow/.local/lib/python3.8/site-packages/airflow/example_dags/example_python_operator.py for tasks to queue
[2021-03-03 14:23:36,735] {logging_mixin.py:103} INFO - [2021-03-03 14:23:36,723] {dagbag.py:440} INFO - Filling up the DagBag from /home/airflow/.local/lib/python3.8/site-packages/airflow/example_dags/example_python_operator.py
[2021-03-03 14:23:36,843] {scheduler_job.py:639} INFO - DAG(s) dict_keys(['example_python_operator']) retrieved from /home/airflow/.local/lib/python3.8/site-packages/airflow/example_dags/example_python_operator.py
[2021-03-03 14:23:36,856] {logging_mixin.py:103} INFO - [2021-03-03 14:23:36,855] {dag.py:1813} INFO - Sync 1 DAGs
[2021-03-03 14:23:37,009] {logging_mixin.py:103} INFO - [2021-03-03 14:23:36,995] {dag.py:1832} INFO - Creating ORM DAG for example_python_operator
[2021-03-03 14:23:37,073] {logging_mixin.py:103} INFO - [2021-03-03 14:23:37,073] {dag.py:2266} INFO - Setting next_dagrun for example_python_operator to None
[2021-03-03 14:23:37,371] {scheduler_job.py:189} INFO - Processing /home/airflow/.local/lib/python3.8/site-packages/airflow/example_dags/example_python_operator.py took 0.673 seconds
[2021-03-03 14:23:44,690] {scheduler_job.py:181} INFO - Started process (PID=47) to work on /home/airflow/.local/lib/python3.8/site-packages/airflow/example_dags/example_python_operator.py
[2021-03-03 14:23:44,693] {scheduler_job.py:629} INFO - Processing file /home/airflow/.local/lib/python3.8/site-packages/airflow/example_dags/example_python_operator.py for tasks to queue
[2021-03-03 14:23:44,698] {logging_mixin.py:103} INFO - [2021-03-03 14:23:44,698] {dagbag.py:440} INFO - Filling up the DagBag from /home/airflow/.local/lib/python3.8/site-packages/airflow/example_dags/example_python_operator.py
[2021-03-03 14:23:44,778] {scheduler_job.py:639} INFO - DAG(s) dict_keys(['example_python_operator']) retrieved from /home/airflow/.local/lib/python3.8/site-packages/airflow/example_dags/example_python_operator.py
[2021-03-03 14:23:44,780] {logging_mixin.py:103} INFO - [2021-03-03 14:23:44,780] {dag.py:1813} INFO - Sync 1 DAGs
[2021-03-03 14:23:44,922] {logging_mixin.py:103} INFO - [2021-03-03 14:23:44,922] {dag.py:2266} INFO - Setting next_dagrun for example_python_operator to None
[2021-03-03 14:23:44,980] {scheduler_job.py:189} INFO - Processing /home/airflow/.local/lib/python3.8/site-packages/airflow/example_dags/example_python_operator.py took 0.309 seconds
[2021-03-03 14:23:51,915] {scheduler_job.py:181} INFO - Started process (PID=73) to work on /home/airflow/.local/lib/python3.8/site-packages/airflow/example_dags/example_python_operator.py
[2021-03-03 14:23:51,922] {scheduler_job.py:629} INFO - Processing file /home/airflow/.local/lib/python3.8/site-packages/airflow/example_dags/example_python_operator.py for tasks to queue
[2021-03-03 14:23:51,923] {logging_mixin.py:103} INFO - [2021-03-03 14:23:51,923] {dagbag.py:440} INFO - Filling up the DagBag from /home/airflow/.local/lib/python3.8/site-packages/airflow/example_dags/example_python_operator.py
[2021-03-03 14:23:51,991] {scheduler_job.py:639} INFO - DAG(s) dict_keys(['example_python_operator']) retrieved from /home/airflow/.local/lib/python3.8/site-packages/airflow/example_dags/example_python_operator.py
[2021-03-03 14:23:51,993] {logging_mixin.py:103} INFO - [2021-03-03 14:23:51,992] {dag.py:1813} INFO - Sync 1 DAGs
[2021-03-03 14:23:52,217] {logging_mixin.py:103} INFO - [2021-03-03 14:23:52,217] {dag.py:2266} INFO - Setting next_dagrun for example_python_operator to None
[2021-03-03 14:23:52,311] {scheduler_job.py:189} INFO - Processing /home/airflow/.local/lib/python3.8/site-packages/airflow/example_dags/example_python_operator.py took 0.416 seconds
[2021-03-03 14:24:00,565] {scheduler_job.py:181} INFO - Started process (PID=99) to work on /home/airflow/.local/lib/python3.8/site-packages/airflow/example_dags/example_python_operator.py
[2021-03-03 14:24:00,568] {scheduler_job.py:629} INFO - Processing file /home/airflow/.local/lib/python3.8/site-packages/airflow/example_dags/example_python_operator.py for tasks to queue
[2021-03-03 14:24:00,583] {logging_mixin.py:103} INFO - [2021-03-03 14:24:00,583] {dagbag.py:440} INFO - Filling up the DagBag from /home/airflow/.local/lib/python3.8/site-packages/airflow/example_dags/example_python_operator.py
[2021-03-03 14:24:00,740] {scheduler_job.py:639} INFO - DAG(s) dict_keys(['example_python_operator']) retrieved from /home/airflow/.local/lib/python3.8/site-packages/airflow/example_dags/example_python_operator.py
[2021-03-03 14:24:00,761] {logging_mixin.py:103} INFO - [2021-03-03 14:24:00,761] {dag.py:1813} INFO - Sync 1 DAGs
[2021-03-03 14:24:00,981] {logging_mixin.py:103} INFO - [2021-03-03 14:24:00,980] {dag.py:2266} INFO - Setting next_dagrun for example_python_operator to None
[2021-03-03 14:24:01,051] {scheduler_job.py:189} INFO - Processing /home/airflow/.local/lib/python3.8/site-packages/airflow/example_dags/example_python_operator.py took 0.529 seconds
[2021-03-03 14:24:07,792] {scheduler_job.py:181} INFO - Started process (PID=126) to work on /home/airflow/.local/lib/python3.8/site-packages/airflow/example_dags/example_python_operator.py
[2021-03-03 14:24:07,798] {scheduler_job.py:629} INFO - Processing file /home/airflow/.local/lib/python3.8/site-packages/airflow/example_dags/example_python_operator.py for tasks to queue
[2021-03-03 14:24:07,800] {logging_mixin.py:103} INFO - [2021-03-03 14:24:07,799] {dagbag.py:440} INFO - Filling up the DagBag from /home/airflow/.local/lib/python3.8/site-packages/airflow/example_dags/example_python_operator.py
[2021-03-03 14:24:07,882] {scheduler_job.py:639} INFO - DAG(s) dict_keys(['example_python_operator']) retrieved from /home/airflow/.local/lib/python3.8/site-packages/airflow/example_dags/example_python_operator.py
[2021-03-03 14:24:07,884] {logging_mixin.py:103} INFO - [2021-03-03 14:24:07,884] {dag.py:1813} INFO - Sync 1 DAGs
[2021-03-03 14:24:08,002] {logging_mixin.py:103} INFO - [2021-03-03 14:24:08,002] {dag.py:2266} INFO - Setting next_dagrun for example_python_operator to None
[2021-03-03 14:24:08,104] {scheduler_job.py:189} INFO - Processing /home/airflow/.local/lib/python3.8/site-packages/airflow/example_dags/example_python_operator.py took 0.321 seconds
[2021-03-03 14:24:13,638] {scheduler_job.py:181} INFO - Started process (PID=152) to work on /home/airflow/.local/lib/python3.8/site-packages/airflow/example_dags/example_python_operator.py
[2021-03-03 14:24:13,640] {scheduler_job.py:629} INFO - Processing file /home/airflow/.local/lib/python3.8/site-packages/airflow/example_dags/example_python_operator.py for tasks to queue
[2021-03-03 14:24:13,641] {logging_mixin.py:103} INFO - [2021-03-03 14:24:13,641] {dagbag.py:440} INFO - Filling up the DagBag from /home/airflow/.local/lib/python3.8/site-packages/airflow/example_dags/example_python_operator.py
[2021-03-03 14:24:13,713] {scheduler_job.py:639} INFO - DAG(s) dict_keys(['example_python_operator']) retrieved from /home/airflow/.local/lib/python3.8/site-packages/airflow/example_dags/example_python_operator.py
[2021-03-03 14:24:13,718] {logging_mixin.py:103} INFO - [2021-03-03 14:24:13,718] {dag.py:1813} INFO - Sync 1 DAGs
[2021-03-03 14:24:13,811] {logging_mixin.py:103} INFO - [2021-03-03 14:24:13,811] {dag.py:2266} INFO - Setting next_dagrun for example_python_operator to None
[2021-03-03 14:24:13,950] {scheduler_job.py:189} INFO - Processing /home/airflow/.local/lib/python3.8/site-packages/airflow/example_dags/example_python_operator.py took 0.319 seconds
[2021-03-03 14:24:20,245] {scheduler_job.py:181} INFO - Started process (PID=178) to work on /home/airflow/.local/lib/python3.8/site-packages/airflow/example_dags/example_python_operator.py
[2021-03-03 14:24:20,264] {scheduler_job.py:629} INFO - Processing file /home/airflow/.local/lib/python3.8/site-packages/airflow/example_dags/example_python_operator.py for tasks to queue
[2021-03-03 14:24:20,265] {logging_mixin.py:103} INFO - [2021-03-03 14:24:20,265] {dagbag.py:440} INFO - Filling up the DagBag from /home/airflow/.local/lib/python3.8/site-packages/airflow/example_dags/example_python_operator.py
[2021-03-03 14:24:20,354] {scheduler_job.py:639} INFO - DAG(s) dict_keys(['example_python_operator']) retrieved from /home/airflow/.local/lib/python3.8/site-packages/airflow/example_dags/example_python_operator.py
[2021-03-03 14:24:20,356] {logging_mixin.py:103} INFO - [2021-03-03 14:24:20,356] {dag.py:1813} INFO - Sync 1 DAGs
[2021-03-03 14:24:20,503] {logging_mixin.py:103} INFO - [2021-03-03 14:24:20,502] {dag.py:2266} INFO - Setting next_dagrun for example_python_operator to None
[2021-03-03 14:24:20,623] {scheduler_job.py:189} INFO - Processing /home/airflow/.local/lib/python3.8/site-packages/airflow/example_dags/example_python_operator.py took 0.411 seconds
[2021-03-03 14:24:26,851] {scheduler_job.py:181} INFO - Started process (PID=204) to work on /home/airflow/.local/lib/python3.8/site-packages/airflow/example_dags/example_python_operator.py
[2021-03-03 14:24:26,877] {scheduler_job.py:629} INFO - Processing file /home/airflow/.local/lib/python3.8/site-packages/airflow/example_dags/example_python_operator.py for tasks to queue
[2021-03-03 14:24:26,879] {logging_mixin.py:103} INFO - [2021-03-03 14:24:26,878] {dagbag.py:440} INFO - Filling up the DagBag from /home/airflow/.local/lib/python3.8/site-packages/airflow/example_dags/example_python_operator.py
[2021-03-03 14:24:26,956] {scheduler_job.py:639} INFO - DAG(s) dict_keys(['example_python_operator']) retrieved from /home/airflow/.local/lib/python3.8/site-packages/airflow/example_dags/example_python_operator.py
[2021-03-03 14:24:26,957] {logging_mixin.py:103} INFO - [2021-03-03 14:24:26,957] {dag.py:1813} INFO - Sync 1 DAGs
[2021-03-03 14:24:27,137] {logging_mixin.py:103} INFO - [2021-03-03 14:24:27,137] {dag.py:2266} INFO - Setting next_dagrun for example_python_operator to None
[2021-03-03 14:24:27,227] {scheduler_job.py:189} INFO - Processing /home/airflow/.local/lib/python3.8/site-packages/airflow/example_dags/example_python_operator.py took 0.390 seconds
[2021-03-03 14:24:31,852] {scheduler_job.py:181} INFO - Started process (PID=230) to work on /home/airflow/.local/lib/python3.8/site-packages/airflow/example_dags/example_python_operator.py
[2021-03-03 14:24:31,854] {scheduler_job.py:629} INFO - Processing file /home/airflow/.local/lib/python3.8/site-packages/airflow/example_dags/example_python_operator.py for tasks to queue
[2021-03-03 14:24:31,856] {logging_mixin.py:103} INFO - [2021-03-03 14:24:31,855] {dagbag.py:440} INFO - Filling up the DagBag from /home/airflow/.local/lib/python3.8/site-packages/airflow/example_dags/example_python_operator.py
[2021-03-03 14:24:31,913] {scheduler_job.py:639} INFO - DAG(s) dict_keys(['example_python_operator']) retrieved from /home/airflow/.local/lib/python3.8/site-packages/airflow/example_dags/example_python_operator.py
[2021-03-03 14:24:31,914] {logging_mixin.py:103} INFO - [2021-03-03 14:24:31,914] {dag.py:1813} INFO - Sync 1 DAGs
[2021-03-03 14:24:32,026] {logging_mixin.py:103} INFO - [2021-03-03 14:24:32,026] {dag.py:2266} INFO - Setting next_dagrun for example_python_operator to None
[2021-03-03 14:24:32,076] {scheduler_job.py:189} INFO - Processing /home/airflow/.local/lib/python3.8/site-packages/airflow/example_dags/example_python_operator.py took 0.254 seconds
[2021-03-03 14:24:38,083] {scheduler_job.py:181} INFO - Started process (PID=256) to work on /home/airflow/.local/lib/python3.8/site-packages/airflow/example_dags/example_python_operator.py
[2021-03-03 14:24:38,085] {scheduler_job.py:629} INFO - Processing file /home/airflow/.local/lib/python3.8/site-packages/airflow/example_dags/example_python_operator.py for tasks to queue
[2021-03-03 14:24:38,087] {logging_mixin.py:103} INFO - [2021-03-03 14:24:38,086] {dagbag.py:440} INFO - Filling up the DagBag from /home/airflow/.local/lib/python3.8/site-packages/airflow/example_dags/example_python_operator.py
[2021-03-03 14:24:38,167] {scheduler_job.py:639} INFO - DAG(s) dict_keys(['example_python_operator']) retrieved from /home/airflow/.local/lib/python3.8/site-packages/airflow/example_dags/example_python_operator.py
[2021-03-03 14:24:38,169] {logging_mixin.py:103} INFO - [2021-03-03 14:24:38,169] {dag.py:1813} INFO - Sync 1 DAGs
[2021-03-03 14:24:38,325] {logging_mixin.py:103} INFO - [2021-03-03 14:24:38,324] {dag.py:2266} INFO - Setting next_dagrun for example_python_operator to None
[2021-03-03 14:24:38,489] {scheduler_job.py:189} INFO - Processing /home/airflow/.local/lib/python3.8/site-packages/airflow/example_dags/example_python_operator.py took 0.428 seconds
[2021-03-03 14:24:44,595] {scheduler_job.py:181} INFO - Started process (PID=282) to work on /home/airflow/.local/lib/python3.8/site-packages/airflow/example_dags/example_python_operator.py
[2021-03-03 14:24:44,617] {scheduler_job.py:629} INFO - Processing file /home/airflow/.local/lib/python3.8/site-packages/airflow/example_dags/example_python_operator.py for tasks to queue
[2021-03-03 14:24:44,619] {logging_mixin.py:103} INFO - [2021-03-03 14:24:44,618] {dagbag.py:440} INFO - Filling up the DagBag from /home/airflow/.local/lib/python3.8/site-packages/airflow/example_dags/example_python_operator.py
[2021-03-03 14:24:44,703] {scheduler_job.py:639} INFO - DAG(s) dict_keys(['example_python_operator']) retrieved from /home/airflow/.local/lib/python3.8/site-packages/airflow/example_dags/example_python_operator.py
[2021-03-03 14:24:44,705] {logging_mixin.py:103} INFO - [2021-03-03 14:24:44,704] {dag.py:1813} INFO - Sync 1 DAGs
[2021-03-03 14:24:44,810] {logging_mixin.py:103} INFO - [2021-03-03 14:24:44,810] {dag.py:2266} INFO - Setting next_dagrun for example_python_operator to None
[2021-03-03 14:24:44,951] {scheduler_job.py:189} INFO - Processing /home/airflow/.local/lib/python3.8/site-packages/airflow/example_dags/example_python_operator.py took 0.370 seconds
[2021-03-03 14:24:50,763] {scheduler_job.py:181} INFO - Started process (PID=308) to work on /home/airflow/.local/lib/python3.8/site-packages/airflow/example_dags/example_python_operator.py
[2021-03-03 14:24:50,768] {scheduler_job.py:629} INFO - Processing file /home/airflow/.local/lib/python3.8/site-packages/airflow/example_dags/example_python_operator.py for tasks to queue
[2021-03-03 14:24:50,770] {logging_mixin.py:103} INFO - [2021-03-03 14:24:50,770] {dagbag.py:440} INFO - Filling up the DagBag from /home/airflow/.local/lib/python3.8/site-packages/airflow/example_dags/example_python_operator.py
[2021-03-03 14:24:50,874] {scheduler_job.py:639} INFO - DAG(s) dict_keys(['example_python_operator']) retrieved from /home/airflow/.local/lib/python3.8/site-packages/airflow/example_dags/example_python_operator.py
[2021-03-03 14:24:50,875] {logging_mixin.py:103} INFO - [2021-03-03 14:24:50,875] {dag.py:1813} INFO - Sync 1 DAGs
[2021-03-03 14:24:50,994] {logging_mixin.py:103} INFO - [2021-03-03 14:24:50,994] {dag.py:2266} INFO - Setting next_dagrun for example_python_operator to None
[2021-03-03 14:24:51,090] {scheduler_job.py:189} INFO - Processing /home/airflow/.local/lib/python3.8/site-packages/airflow/example_dags/example_python_operator.py took 0.350 seconds
[2021-03-03 14:24:57,289] {scheduler_job.py:181} INFO - Started process (PID=334) to work on /home/airflow/.local/lib/python3.8/site-packages/airflow/example_dags/example_python_operator.py
[2021-03-03 14:24:57,291] {scheduler_job.py:629} INFO - Processing file /home/airflow/.local/lib/python3.8/site-packages/airflow/example_dags/example_python_operator.py for tasks to queue
[2021-03-03 14:24:57,292] {logging_mixin.py:103} INFO - [2021-03-03 14:24:57,292] {dagbag.py:440} INFO - Filling up the DagBag from /home/airflow/.local/lib/python3.8/site-packages/airflow/example_dags/example_python_operator.py
[2021-03-03 14:24:57,407] {scheduler_job.py:639} INFO - DAG(s) dict_keys(['example_python_operator']) retrieved from /home/airflow/.local/lib/python3.8/site-packages/airflow/example_dags/example_python_operator.py
[2021-03-03 14:24:57,422] {logging_mixin.py:103} INFO - [2021-03-03 14:24:57,421] {dag.py:1813} INFO - Sync 1 DAGs
[2021-03-03 14:24:57,694] {logging_mixin.py:103} INFO - [2021-03-03 14:24:57,694] {dag.py:2266} INFO - Setting next_dagrun for example_python_operator to None
[2021-03-03 14:24:57,910] {scheduler_job.py:189} INFO - Processing /home/airflow/.local/lib/python3.8/site-packages/airflow/example_dags/example_python_operator.py took 0.659 seconds
[2021-03-03 14:25:03,187] {scheduler_job.py:181} INFO - Started process (PID=360) to work on /home/airflow/.local/lib/python3.8/site-packages/airflow/example_dags/example_python_operator.py
[2021-03-03 14:25:03,193] {scheduler_job.py:629} INFO - Processing file /home/airflow/.local/lib/python3.8/site-packages/airflow/example_dags/example_python_operator.py for tasks to queue
[2021-03-03 14:25:03,194] {logging_mixin.py:103} INFO - [2021-03-03 14:25:03,194] {dagbag.py:440} INFO - Filling up the DagBag from /home/airflow/.local/lib/python3.8/site-packages/airflow/example_dags/example_python_operator.py
[2021-03-03 14:25:03,285] {scheduler_job.py:639} INFO - DAG(s) dict_keys(['example_python_operator']) retrieved from /home/airflow/.local/lib/python3.8/site-packages/airflow/example_dags/example_python_operator.py
[2021-03-03 14:25:03,299] {logging_mixin.py:103} INFO - [2021-03-03 14:25:03,299] {dag.py:1813} INFO - Sync 1 DAGs
[2021-03-03 14:25:03,415] {logging_mixin.py:103} INFO - [2021-03-03 14:25:03,415] {dag.py:2266} INFO - Setting next_dagrun for example_python_operator to None
[2021-03-03 14:25:03,502] {scheduler_job.py:189} INFO - Processing /home/airflow/.local/lib/python3.8/site-packages/airflow/example_dags/example_python_operator.py took 0.350 seconds
[2021-03-03 14:25:08,643] {scheduler_job.py:181} INFO - Started process (PID=386) to work on /home/airflow/.local/lib/python3.8/site-packages/airflow/example_dags/example_python_operator.py
[2021-03-03 14:25:08,645] {scheduler_job.py:629} INFO - Processing file /home/airflow/.local/lib/python3.8/site-packages/airflow/example_dags/example_python_operator.py for tasks to queue
[2021-03-03 14:25:08,647] {logging_mixin.py:103} INFO - [2021-03-03 14:25:08,646] {dagbag.py:440} INFO - Filling up the DagBag from /home/airflow/.local/lib/python3.8/site-packages/airflow/example_dags/example_python_operator.py
[2021-03-03 14:25:08,690] {scheduler_job.py:639} INFO - DAG(s) dict_keys(['example_python_operator']) retrieved from /home/airflow/.local/lib/python3.8/site-packages/airflow/example_dags/example_python_operator.py
[2021-03-03 14:25:08,692] {logging_mixin.py:103} INFO - [2021-03-03 14:25:08,692] {dag.py:1813} INFO - Sync 1 DAGs
[2021-03-03 14:25:08,784] {logging_mixin.py:103} INFO - [2021-03-03 14:25:08,784] {dag.py:2266} INFO - Setting next_dagrun for example_python_operator to None
[2021-03-03 14:25:08,867] {scheduler_job.py:189} INFO - Processing /home/airflow/.local/lib/python3.8/site-packages/airflow/example_dags/example_python_operator.py took 0.237 seconds
[2021-03-03 14:25:13,531] {scheduler_job.py:181} INFO - Started process (PID=412) to work on /home/airflow/.local/lib/python3.8/site-packages/airflow/example_dags/example_python_operator.py
[2021-03-03 14:25:13,533] {scheduler_job.py:629} INFO - Processing file /home/airflow/.local/lib/python3.8/site-packages/airflow/example_dags/example_python_operator.py for tasks to queue
[2021-03-03 14:25:13,534] {logging_mixin.py:103} INFO - [2021-03-03 14:25:13,534] {dagbag.py:440} INFO - Filling up the DagBag from /home/airflow/.local/lib/python3.8/site-packages/airflow/example_dags/example_python_operator.py
[2021-03-03 14:25:13,588] {scheduler_job.py:639} INFO - DAG(s) dict_keys(['example_python_operator']) retrieved from /home/airflow/.local/lib/python3.8/site-packages/airflow/example_dags/example_python_operator.py
[2021-03-03 14:25:13,602] {logging_mixin.py:103} INFO - [2021-03-03 14:25:13,601] {dag.py:1813} INFO - Sync 1 DAGs
[2021-03-03 14:25:13,713] {logging_mixin.py:103} INFO - [2021-03-03 14:25:13,713] {dag.py:2266} INFO - Setting next_dagrun for example_python_operator to None
[2021-03-03 14:25:13,803] {scheduler_job.py:189} INFO - Processing /home/airflow/.local/lib/python3.8/site-packages/airflow/example_dags/example_python_operator.py took 0.293 seconds
[2021-03-03 14:25:19,864] {scheduler_job.py:181} INFO - Started process (PID=438) to work on /home/airflow/.local/lib/python3.8/site-packages/airflow/example_dags/example_python_operator.py
[2021-03-03 14:25:19,869] {scheduler_job.py:629} INFO - Processing file /home/airflow/.local/lib/python3.8/site-packages/airflow/example_dags/example_python_operator.py for tasks to queue
[2021-03-03 14:25:19,874] {logging_mixin.py:103} INFO - [2021-03-03 14:25:19,874] {dagbag.py:440} INFO - Filling up the DagBag from /home/airflow/.local/lib/python3.8/site-packages/airflow/example_dags/example_python_operator.py
[2021-03-03 14:25:19,981] {scheduler_job.py:639} INFO - DAG(s) dict_keys(['example_python_operator']) retrieved from /home/airflow/.local/lib/python3.8/site-packages/airflow/example_dags/example_python_operator.py
[2021-03-03 14:25:19,983] {logging_mixin.py:103} INFO - [2021-03-03 14:25:19,983] {dag.py:1813} INFO - Sync 1 DAGs
[2021-03-03 14:25:20,110] {logging_mixin.py:103} INFO - [2021-03-03 14:25:20,110] {dag.py:2266} INFO - Setting next_dagrun for example_python_operator to None
[2021-03-03 14:25:20,176] {scheduler_job.py:189} INFO - Processing /home/airflow/.local/lib/python3.8/site-packages/airflow/example_dags/example_python_operator.py took 0.330 seconds
[2021-03-03 14:25:25,974] {scheduler_job.py:181} INFO - Started process (PID=464) to work on /home/airflow/.local/lib/python3.8/site-packages/airflow/example_dags/example_python_operator.py
[2021-03-03 14:25:25,976] {scheduler_job.py:629} INFO - Processing file /home/airflow/.local/lib/python3.8/site-packages/airflow/example_dags/example_python_operator.py for tasks to queue
[2021-03-03 14:25:25,990] {logging_mixin.py:103} INFO - [2021-03-03 14:25:25,990] {dagbag.py:440} INFO - Filling up the DagBag from /home/airflow/.local/lib/python3.8/site-packages/airflow/example_dags/example_python_operator.py
[2021-03-03 14:25:26,040] {scheduler_job.py:639} INFO - DAG(s) dict_keys(['example_python_operator']) retrieved from /home/airflow/.local/lib/python3.8/site-packages/airflow/example_dags/example_python_operator.py
[2021-03-03 14:25:26,050] {logging_mixin.py:103} INFO - [2021-03-03 14:25:26,050] {dag.py:1813} INFO - Sync 1 DAGs
[2021-03-03 14:25:26,181] {logging_mixin.py:103} INFO - [2021-03-03 14:25:26,181] {dag.py:2266} INFO - Setting next_dagrun for example_python_operator to None
[2021-03-03 14:25:26,279] {scheduler_job.py:189} INFO - Processing /home/airflow/.local/lib/python3.8/site-packages/airflow/example_dags/example_python_operator.py took 0.328 seconds
[2021-03-03 14:25:33,134] {scheduler_job.py:181} INFO - Started process (PID=490) to work on /home/airflow/.local/lib/python3.8/site-packages/airflow/example_dags/example_python_operator.py
[2021-03-03 14:25:33,137] {scheduler_job.py:629} INFO - Processing file /home/airflow/.local/lib/python3.8/site-packages/airflow/example_dags/example_python_operator.py for tasks to queue
[2021-03-03 14:25:33,150] {logging_mixin.py:103} INFO - [2021-03-03 14:25:33,150] {dagbag.py:440} INFO - Filling up the DagBag from /home/airflow/.local/lib/python3.8/site-packages/airflow/example_dags/example_python_operator.py
[2021-03-03 14:25:33,234] {scheduler_job.py:639} INFO - DAG(s) dict_keys(['example_python_operator']) retrieved from /home/airflow/.local/lib/python3.8/site-packages/airflow/example_dags/example_python_operator.py
[2021-03-03 14:25:33,236] {logging_mixin.py:103} INFO - [2021-03-03 14:25:33,236] {dag.py:1813} INFO - Sync 1 DAGs
[2021-03-03 14:25:33,344] {logging_mixin.py:103} INFO - [2021-03-03 14:25:33,344] {dag.py:2266} INFO - Setting next_dagrun for example_python_operator to None
[2021-03-03 14:25:33,456] {scheduler_job.py:189} INFO - Processing /home/airflow/.local/lib/python3.8/site-packages/airflow/example_dags/example_python_operator.py took 0.362 seconds
[2021-03-03 14:25:39,950] {scheduler_job.py:181} INFO - Started process (PID=516) to work on /home/airflow/.local/lib/python3.8/site-packages/airflow/example_dags/example_python_operator.py
[2021-03-03 14:25:39,955] {scheduler_job.py:629} INFO - Processing file /home/airflow/.local/lib/python3.8/site-packages/airflow/example_dags/example_python_operator.py for tasks to queue
[2021-03-03 14:25:39,960] {logging_mixin.py:103} INFO - [2021-03-03 14:25:39,960] {dagbag.py:440} INFO - Filling up the DagBag from /home/airflow/.local/lib/python3.8/site-packages/airflow/example_dags/example_python_operator.py
[2021-03-03 14:25:40,042] {scheduler_job.py:639} INFO - DAG(s) dict_keys(['example_python_operator']) retrieved from /home/airflow/.local/lib/python3.8/site-packages/airflow/example_dags/example_python_operator.py
[2021-03-03 14:25:40,044] {logging_mixin.py:103} INFO - [2021-03-03 14:25:40,044] {dag.py:1813} INFO - Sync 1 DAGs
[2021-03-03 14:25:40,198] {logging_mixin.py:103} INFO - [2021-03-03 14:25:40,198] {dag.py:2266} INFO - Setting next_dagrun for example_python_operator to None
[2021-03-03 14:25:40,305] {scheduler_job.py:189} INFO - Processing /home/airflow/.local/lib/python3.8/site-packages/airflow/example_dags/example_python_operator.py took 0.364 seconds
[2021-03-03 14:25:46,040] {scheduler_job.py:181} INFO - Started process (PID=542) to work on /home/airflow/.local/lib/python3.8/site-packages/airflow/example_dags/example_python_operator.py
[2021-03-03 14:25:46,070] {scheduler_job.py:629} INFO - Processing file /home/airflow/.local/lib/python3.8/site-packages/airflow/example_dags/example_python_operator.py for tasks to queue
[2021-03-03 14:25:46,079] {logging_mixin.py:103} INFO - [2021-03-03 14:25:46,079] {dagbag.py:440} INFO - Filling up the DagBag from /home/airflow/.local/lib/python3.8/site-packages/airflow/example_dags/example_python_operator.py
[2021-03-03 14:25:46,139] {scheduler_job.py:639} INFO - DAG(s) dict_keys(['example_python_operator']) retrieved from /home/airflow/.local/lib/python3.8/site-packages/airflow/example_dags/example_python_operator.py
[2021-03-03 14:25:46,149] {logging_mixin.py:103} INFO - [2021-03-03 14:25:46,149] {dag.py:1813} INFO - Sync 1 DAGs
[2021-03-03 14:25:46,377] {logging_mixin.py:103} INFO - [2021-03-03 14:25:46,377] {dag.py:2266} INFO - Setting next_dagrun for example_python_operator to None
[2021-03-03 14:25:46,555] {scheduler_job.py:189} INFO - Processing /home/airflow/.local/lib/python3.8/site-packages/airflow/example_dags/example_python_operator.py took 0.523 seconds
[2021-03-03 14:25:51,512] {scheduler_job.py:181} INFO - Started process (PID=568) to work on /home/airflow/.local/lib/python3.8/site-packages/airflow/example_dags/example_python_operator.py
[2021-03-03 14:25:51,522] {scheduler_job.py:629} INFO - Processing file /home/airflow/.local/lib/python3.8/site-packages/airflow/example_dags/example_python_operator.py for tasks to queue
[2021-03-03 14:25:51,532] {logging_mixin.py:103} INFO - [2021-03-03 14:25:51,531] {dagbag.py:440} INFO - Filling up the DagBag from /home/airflow/.local/lib/python3.8/site-packages/airflow/example_dags/example_python_operator.py
[2021-03-03 14:25:51,617] {scheduler_job.py:639} INFO - DAG(s) dict_keys(['example_python_operator']) retrieved from /home/airflow/.local/lib/python3.8/site-packages/airflow/example_dags/example_python_operator.py
[2021-03-03 14:25:51,625] {logging_mixin.py:103} INFO - [2021-03-03 14:25:51,625] {dag.py:1813} INFO - Sync 1 DAGs
[2021-03-03 14:25:51,736] {logging_mixin.py:103} INFO - [2021-03-03 14:25:51,736] {dag.py:2266} INFO - Setting next_dagrun for example_python_operator to None
[2021-03-03 14:25:51,884] {scheduler_job.py:189} INFO - Processing /home/airflow/.local/lib/python3.8/site-packages/airflow/example_dags/example_python_operator.py took 0.390 seconds
[2021-03-03 14:25:57,176] {scheduler_job.py:181} INFO - Started process (PID=594) to work on /home/airflow/.local/lib/python3.8/site-packages/airflow/example_dags/example_python_operator.py
[2021-03-03 14:25:57,203] {scheduler_job.py:629} INFO - Processing file /home/airflow/.local/lib/python3.8/site-packages/airflow/example_dags/example_python_operator.py for tasks to queue
[2021-03-03 14:25:57,204] {logging_mixin.py:103} INFO - [2021-03-03 14:25:57,204] {dagbag.py:440} INFO - Filling up the DagBag from /home/airflow/.local/lib/python3.8/site-packages/airflow/example_dags/example_python_operator.py
[2021-03-03 14:25:57,418] {scheduler_job.py:639} INFO - DAG(s) dict_keys(['example_python_operator']) retrieved from /home/airflow/.local/lib/python3.8/site-packages/airflow/example_dags/example_python_operator.py
[2021-03-03 14:25:57,419] {logging_mixin.py:103} INFO - [2021-03-03 14:25:57,419] {dag.py:1813} INFO - Sync 1 DAGs
[2021-03-03 14:25:57,605] {logging_mixin.py:103} INFO - [2021-03-03 14:25:57,605] {dag.py:2266} INFO - Setting next_dagrun for example_python_operator to None
[2021-03-03 14:25:57,658] {scheduler_job.py:189} INFO - Processing /home/airflow/.local/lib/python3.8/site-packages/airflow/example_dags/example_python_operator.py took 0.498 seconds
