[2021-03-03 14:23:41,539] {scheduler_job.py:181} INFO - Started process (PID=36) to work on /home/airflow/.local/lib/python3.8/site-packages/airflow/example_dags/example_xcomargs.py
[2021-03-03 14:23:41,566] {scheduler_job.py:629} INFO - Processing file /home/airflow/.local/lib/python3.8/site-packages/airflow/example_dags/example_xcomargs.py for tasks to queue
[2021-03-03 14:23:41,567] {logging_mixin.py:103} INFO - [2021-03-03 14:23:41,567] {dagbag.py:440} INFO - Filling up the DagBag from /home/airflow/.local/lib/python3.8/site-packages/airflow/example_dags/example_xcomargs.py
[2021-03-03 14:23:41,810] {scheduler_job.py:639} INFO - DAG(s) dict_keys(['example_xcom_args', 'example_xcom_args_with_operators']) retrieved from /home/airflow/.local/lib/python3.8/site-packages/airflow/example_dags/example_xcomargs.py
[2021-03-03 14:23:41,812] {logging_mixin.py:103} INFO - [2021-03-03 14:23:41,812] {dag.py:1813} INFO - Sync 2 DAGs
[2021-03-03 14:23:42,147] {logging_mixin.py:103} INFO - [2021-03-03 14:23:42,147] {dag.py:1832} INFO - Creating ORM DAG for example_xcom_args
[2021-03-03 14:23:42,149] {logging_mixin.py:103} INFO - [2021-03-03 14:23:42,148] {dag.py:1832} INFO - Creating ORM DAG for example_xcom_args_with_operators
[2021-03-03 14:23:42,194] {logging_mixin.py:103} INFO - [2021-03-03 14:23:42,194] {dag.py:2266} INFO - Setting next_dagrun for example_xcom_args to None
[2021-03-03 14:23:42,195] {logging_mixin.py:103} INFO - [2021-03-03 14:23:42,195] {dag.py:2266} INFO - Setting next_dagrun for example_xcom_args_with_operators to None
[2021-03-03 14:23:42,342] {scheduler_job.py:189} INFO - Processing /home/airflow/.local/lib/python3.8/site-packages/airflow/example_dags/example_xcomargs.py took 0.858 seconds
[2021-03-03 14:23:49,246] {scheduler_job.py:181} INFO - Started process (PID=62) to work on /home/airflow/.local/lib/python3.8/site-packages/airflow/example_dags/example_xcomargs.py
[2021-03-03 14:23:49,273] {scheduler_job.py:629} INFO - Processing file /home/airflow/.local/lib/python3.8/site-packages/airflow/example_dags/example_xcomargs.py for tasks to queue
[2021-03-03 14:23:49,274] {logging_mixin.py:103} INFO - [2021-03-03 14:23:49,274] {dagbag.py:440} INFO - Filling up the DagBag from /home/airflow/.local/lib/python3.8/site-packages/airflow/example_dags/example_xcomargs.py
[2021-03-03 14:23:49,390] {scheduler_job.py:639} INFO - DAG(s) dict_keys(['example_xcom_args', 'example_xcom_args_with_operators']) retrieved from /home/airflow/.local/lib/python3.8/site-packages/airflow/example_dags/example_xcomargs.py
[2021-03-03 14:23:49,393] {logging_mixin.py:103} INFO - [2021-03-03 14:23:49,393] {dag.py:1813} INFO - Sync 2 DAGs
[2021-03-03 14:23:49,634] {logging_mixin.py:103} INFO - [2021-03-03 14:23:49,634] {dag.py:2266} INFO - Setting next_dagrun for example_xcom_args to None
[2021-03-03 14:23:49,636] {logging_mixin.py:103} INFO - [2021-03-03 14:23:49,636] {dag.py:2266} INFO - Setting next_dagrun for example_xcom_args_with_operators to None
[2021-03-03 14:23:49,738] {scheduler_job.py:189} INFO - Processing /home/airflow/.local/lib/python3.8/site-packages/airflow/example_dags/example_xcomargs.py took 0.506 seconds
[2021-03-03 14:23:57,001] {scheduler_job.py:181} INFO - Started process (PID=88) to work on /home/airflow/.local/lib/python3.8/site-packages/airflow/example_dags/example_xcomargs.py
[2021-03-03 14:23:57,003] {scheduler_job.py:629} INFO - Processing file /home/airflow/.local/lib/python3.8/site-packages/airflow/example_dags/example_xcomargs.py for tasks to queue
[2021-03-03 14:23:57,014] {logging_mixin.py:103} INFO - [2021-03-03 14:23:57,004] {dagbag.py:440} INFO - Filling up the DagBag from /home/airflow/.local/lib/python3.8/site-packages/airflow/example_dags/example_xcomargs.py
[2021-03-03 14:23:57,148] {scheduler_job.py:639} INFO - DAG(s) dict_keys(['example_xcom_args', 'example_xcom_args_with_operators']) retrieved from /home/airflow/.local/lib/python3.8/site-packages/airflow/example_dags/example_xcomargs.py
[2021-03-03 14:23:57,169] {logging_mixin.py:103} INFO - [2021-03-03 14:23:57,168] {dag.py:1813} INFO - Sync 2 DAGs
[2021-03-03 14:23:57,394] {logging_mixin.py:103} INFO - [2021-03-03 14:23:57,393] {dag.py:2266} INFO - Setting next_dagrun for example_xcom_args to None
[2021-03-03 14:23:57,424] {logging_mixin.py:103} INFO - [2021-03-03 14:23:57,424] {dag.py:2266} INFO - Setting next_dagrun for example_xcom_args_with_operators to None
[2021-03-03 14:23:57,519] {scheduler_job.py:189} INFO - Processing /home/airflow/.local/lib/python3.8/site-packages/airflow/example_dags/example_xcomargs.py took 0.569 seconds
[2021-03-03 14:24:05,058] {scheduler_job.py:181} INFO - Started process (PID=115) to work on /home/airflow/.local/lib/python3.8/site-packages/airflow/example_dags/example_xcomargs.py
[2021-03-03 14:24:05,068] {scheduler_job.py:629} INFO - Processing file /home/airflow/.local/lib/python3.8/site-packages/airflow/example_dags/example_xcomargs.py for tasks to queue
[2021-03-03 14:24:05,070] {logging_mixin.py:103} INFO - [2021-03-03 14:24:05,070] {dagbag.py:440} INFO - Filling up the DagBag from /home/airflow/.local/lib/python3.8/site-packages/airflow/example_dags/example_xcomargs.py
[2021-03-03 14:24:05,154] {scheduler_job.py:639} INFO - DAG(s) dict_keys(['example_xcom_args', 'example_xcom_args_with_operators']) retrieved from /home/airflow/.local/lib/python3.8/site-packages/airflow/example_dags/example_xcomargs.py
[2021-03-03 14:24:05,156] {logging_mixin.py:103} INFO - [2021-03-03 14:24:05,156] {dag.py:1813} INFO - Sync 2 DAGs
[2021-03-03 14:24:05,294] {logging_mixin.py:103} INFO - [2021-03-03 14:24:05,294] {dag.py:2266} INFO - Setting next_dagrun for example_xcom_args to None
[2021-03-03 14:24:05,296] {logging_mixin.py:103} INFO - [2021-03-03 14:24:05,296] {dag.py:2266} INFO - Setting next_dagrun for example_xcom_args_with_operators to None
[2021-03-03 14:24:05,365] {scheduler_job.py:189} INFO - Processing /home/airflow/.local/lib/python3.8/site-packages/airflow/example_dags/example_xcomargs.py took 0.325 seconds
[2021-03-03 14:24:11,308] {scheduler_job.py:181} INFO - Started process (PID=141) to work on /home/airflow/.local/lib/python3.8/site-packages/airflow/example_dags/example_xcomargs.py
[2021-03-03 14:24:11,323] {scheduler_job.py:629} INFO - Processing file /home/airflow/.local/lib/python3.8/site-packages/airflow/example_dags/example_xcomargs.py for tasks to queue
[2021-03-03 14:24:11,324] {logging_mixin.py:103} INFO - [2021-03-03 14:24:11,324] {dagbag.py:440} INFO - Filling up the DagBag from /home/airflow/.local/lib/python3.8/site-packages/airflow/example_dags/example_xcomargs.py
[2021-03-03 14:24:11,389] {scheduler_job.py:639} INFO - DAG(s) dict_keys(['example_xcom_args', 'example_xcom_args_with_operators']) retrieved from /home/airflow/.local/lib/python3.8/site-packages/airflow/example_dags/example_xcomargs.py
[2021-03-03 14:24:11,405] {logging_mixin.py:103} INFO - [2021-03-03 14:24:11,404] {dag.py:1813} INFO - Sync 2 DAGs
[2021-03-03 14:24:11,576] {logging_mixin.py:103} INFO - [2021-03-03 14:24:11,575] {dag.py:2266} INFO - Setting next_dagrun for example_xcom_args to None
[2021-03-03 14:24:11,578] {logging_mixin.py:103} INFO - [2021-03-03 14:24:11,577] {dag.py:2266} INFO - Setting next_dagrun for example_xcom_args_with_operators to None
[2021-03-03 14:24:11,690] {scheduler_job.py:189} INFO - Processing /home/airflow/.local/lib/python3.8/site-packages/airflow/example_dags/example_xcomargs.py took 0.396 seconds
[2021-03-03 14:24:17,352] {scheduler_job.py:181} INFO - Started process (PID=167) to work on /home/airflow/.local/lib/python3.8/site-packages/airflow/example_dags/example_xcomargs.py
[2021-03-03 14:24:17,382] {scheduler_job.py:629} INFO - Processing file /home/airflow/.local/lib/python3.8/site-packages/airflow/example_dags/example_xcomargs.py for tasks to queue
[2021-03-03 14:24:17,384] {logging_mixin.py:103} INFO - [2021-03-03 14:24:17,384] {dagbag.py:440} INFO - Filling up the DagBag from /home/airflow/.local/lib/python3.8/site-packages/airflow/example_dags/example_xcomargs.py
[2021-03-03 14:24:17,486] {scheduler_job.py:639} INFO - DAG(s) dict_keys(['example_xcom_args', 'example_xcom_args_with_operators']) retrieved from /home/airflow/.local/lib/python3.8/site-packages/airflow/example_dags/example_xcomargs.py
[2021-03-03 14:24:17,488] {logging_mixin.py:103} INFO - [2021-03-03 14:24:17,488] {dag.py:1813} INFO - Sync 2 DAGs
[2021-03-03 14:24:17,616] {logging_mixin.py:103} INFO - [2021-03-03 14:24:17,616] {dag.py:2266} INFO - Setting next_dagrun for example_xcom_args to None
[2021-03-03 14:24:17,618] {logging_mixin.py:103} INFO - [2021-03-03 14:24:17,617] {dag.py:2266} INFO - Setting next_dagrun for example_xcom_args_with_operators to None
[2021-03-03 14:24:17,772] {scheduler_job.py:189} INFO - Processing /home/airflow/.local/lib/python3.8/site-packages/airflow/example_dags/example_xcomargs.py took 0.432 seconds
[2021-03-03 14:24:23,785] {scheduler_job.py:181} INFO - Started process (PID=193) to work on /home/airflow/.local/lib/python3.8/site-packages/airflow/example_dags/example_xcomargs.py
[2021-03-03 14:24:23,788] {scheduler_job.py:629} INFO - Processing file /home/airflow/.local/lib/python3.8/site-packages/airflow/example_dags/example_xcomargs.py for tasks to queue
[2021-03-03 14:24:23,789] {logging_mixin.py:103} INFO - [2021-03-03 14:24:23,789] {dagbag.py:440} INFO - Filling up the DagBag from /home/airflow/.local/lib/python3.8/site-packages/airflow/example_dags/example_xcomargs.py
[2021-03-03 14:24:23,820] {scheduler_job.py:639} INFO - DAG(s) dict_keys(['example_xcom_args', 'example_xcom_args_with_operators']) retrieved from /home/airflow/.local/lib/python3.8/site-packages/airflow/example_dags/example_xcomargs.py
[2021-03-03 14:24:23,822] {logging_mixin.py:103} INFO - [2021-03-03 14:24:23,822] {dag.py:1813} INFO - Sync 2 DAGs
[2021-03-03 14:24:23,994] {logging_mixin.py:103} INFO - [2021-03-03 14:24:23,994] {dag.py:2266} INFO - Setting next_dagrun for example_xcom_args to None
[2021-03-03 14:24:23,996] {logging_mixin.py:103} INFO - [2021-03-03 14:24:23,996] {dag.py:2266} INFO - Setting next_dagrun for example_xcom_args_with_operators to None
[2021-03-03 14:24:24,162] {scheduler_job.py:189} INFO - Processing /home/airflow/.local/lib/python3.8/site-packages/airflow/example_dags/example_xcomargs.py took 0.390 seconds
[2021-03-03 14:24:29,490] {scheduler_job.py:181} INFO - Started process (PID=219) to work on /home/airflow/.local/lib/python3.8/site-packages/airflow/example_dags/example_xcomargs.py
[2021-03-03 14:24:29,492] {scheduler_job.py:629} INFO - Processing file /home/airflow/.local/lib/python3.8/site-packages/airflow/example_dags/example_xcomargs.py for tasks to queue
[2021-03-03 14:24:29,518] {logging_mixin.py:103} INFO - [2021-03-03 14:24:29,517] {dagbag.py:440} INFO - Filling up the DagBag from /home/airflow/.local/lib/python3.8/site-packages/airflow/example_dags/example_xcomargs.py
[2021-03-03 14:24:29,625] {scheduler_job.py:639} INFO - DAG(s) dict_keys(['example_xcom_args', 'example_xcom_args_with_operators']) retrieved from /home/airflow/.local/lib/python3.8/site-packages/airflow/example_dags/example_xcomargs.py
[2021-03-03 14:24:29,627] {logging_mixin.py:103} INFO - [2021-03-03 14:24:29,627] {dag.py:1813} INFO - Sync 2 DAGs
[2021-03-03 14:24:29,784] {logging_mixin.py:103} INFO - [2021-03-03 14:24:29,784] {dag.py:2266} INFO - Setting next_dagrun for example_xcom_args to None
[2021-03-03 14:24:29,798] {logging_mixin.py:103} INFO - [2021-03-03 14:24:29,798] {dag.py:2266} INFO - Setting next_dagrun for example_xcom_args_with_operators to None
[2021-03-03 14:24:29,917] {scheduler_job.py:189} INFO - Processing /home/airflow/.local/lib/python3.8/site-packages/airflow/example_dags/example_xcomargs.py took 0.467 seconds
[2021-03-03 14:24:35,562] {scheduler_job.py:181} INFO - Started process (PID=245) to work on /home/airflow/.local/lib/python3.8/site-packages/airflow/example_dags/example_xcomargs.py
[2021-03-03 14:24:35,564] {scheduler_job.py:629} INFO - Processing file /home/airflow/.local/lib/python3.8/site-packages/airflow/example_dags/example_xcomargs.py for tasks to queue
[2021-03-03 14:24:35,585] {logging_mixin.py:103} INFO - [2021-03-03 14:24:35,585] {dagbag.py:440} INFO - Filling up the DagBag from /home/airflow/.local/lib/python3.8/site-packages/airflow/example_dags/example_xcomargs.py
[2021-03-03 14:24:35,770] {scheduler_job.py:639} INFO - DAG(s) dict_keys(['example_xcom_args', 'example_xcom_args_with_operators']) retrieved from /home/airflow/.local/lib/python3.8/site-packages/airflow/example_dags/example_xcomargs.py
[2021-03-03 14:24:35,771] {logging_mixin.py:103} INFO - [2021-03-03 14:24:35,771] {dag.py:1813} INFO - Sync 2 DAGs
[2021-03-03 14:24:35,914] {logging_mixin.py:103} INFO - [2021-03-03 14:24:35,914] {dag.py:2266} INFO - Setting next_dagrun for example_xcom_args to None
[2021-03-03 14:24:35,916] {logging_mixin.py:103} INFO - [2021-03-03 14:24:35,915] {dag.py:2266} INFO - Setting next_dagrun for example_xcom_args_with_operators to None
[2021-03-03 14:24:36,013] {scheduler_job.py:189} INFO - Processing /home/airflow/.local/lib/python3.8/site-packages/airflow/example_dags/example_xcomargs.py took 0.542 seconds
[2021-03-03 14:24:41,885] {scheduler_job.py:181} INFO - Started process (PID=271) to work on /home/airflow/.local/lib/python3.8/site-packages/airflow/example_dags/example_xcomargs.py
[2021-03-03 14:24:41,887] {scheduler_job.py:629} INFO - Processing file /home/airflow/.local/lib/python3.8/site-packages/airflow/example_dags/example_xcomargs.py for tasks to queue
[2021-03-03 14:24:41,889] {logging_mixin.py:103} INFO - [2021-03-03 14:24:41,889] {dagbag.py:440} INFO - Filling up the DagBag from /home/airflow/.local/lib/python3.8/site-packages/airflow/example_dags/example_xcomargs.py
[2021-03-03 14:24:41,970] {scheduler_job.py:639} INFO - DAG(s) dict_keys(['example_xcom_args', 'example_xcom_args_with_operators']) retrieved from /home/airflow/.local/lib/python3.8/site-packages/airflow/example_dags/example_xcomargs.py
[2021-03-03 14:24:41,972] {logging_mixin.py:103} INFO - [2021-03-03 14:24:41,971] {dag.py:1813} INFO - Sync 2 DAGs
[2021-03-03 14:24:42,093] {logging_mixin.py:103} INFO - [2021-03-03 14:24:42,093] {dag.py:2266} INFO - Setting next_dagrun for example_xcom_args to None
[2021-03-03 14:24:42,095] {logging_mixin.py:103} INFO - [2021-03-03 14:24:42,094] {dag.py:2266} INFO - Setting next_dagrun for example_xcom_args_with_operators to None
[2021-03-03 14:24:42,226] {scheduler_job.py:189} INFO - Processing /home/airflow/.local/lib/python3.8/site-packages/airflow/example_dags/example_xcomargs.py took 0.360 seconds
[2021-03-03 14:24:48,278] {scheduler_job.py:181} INFO - Started process (PID=297) to work on /home/airflow/.local/lib/python3.8/site-packages/airflow/example_dags/example_xcomargs.py
[2021-03-03 14:24:48,280] {scheduler_job.py:629} INFO - Processing file /home/airflow/.local/lib/python3.8/site-packages/airflow/example_dags/example_xcomargs.py for tasks to queue
[2021-03-03 14:24:48,290] {logging_mixin.py:103} INFO - [2021-03-03 14:24:48,289] {dagbag.py:440} INFO - Filling up the DagBag from /home/airflow/.local/lib/python3.8/site-packages/airflow/example_dags/example_xcomargs.py
[2021-03-03 14:24:48,411] {scheduler_job.py:639} INFO - DAG(s) dict_keys(['example_xcom_args', 'example_xcom_args_with_operators']) retrieved from /home/airflow/.local/lib/python3.8/site-packages/airflow/example_dags/example_xcomargs.py
[2021-03-03 14:24:48,413] {logging_mixin.py:103} INFO - [2021-03-03 14:24:48,413] {dag.py:1813} INFO - Sync 2 DAGs
[2021-03-03 14:24:48,602] {logging_mixin.py:103} INFO - [2021-03-03 14:24:48,602] {dag.py:2266} INFO - Setting next_dagrun for example_xcom_args to None
[2021-03-03 14:24:48,615] {logging_mixin.py:103} INFO - [2021-03-03 14:24:48,615] {dag.py:2266} INFO - Setting next_dagrun for example_xcom_args_with_operators to None
[2021-03-03 14:24:48,895] {scheduler_job.py:189} INFO - Processing /home/airflow/.local/lib/python3.8/site-packages/airflow/example_dags/example_xcomargs.py took 0.639 seconds
[2021-03-03 14:24:54,830] {scheduler_job.py:181} INFO - Started process (PID=323) to work on /home/airflow/.local/lib/python3.8/site-packages/airflow/example_dags/example_xcomargs.py
[2021-03-03 14:24:54,832] {scheduler_job.py:629} INFO - Processing file /home/airflow/.local/lib/python3.8/site-packages/airflow/example_dags/example_xcomargs.py for tasks to queue
[2021-03-03 14:24:54,849] {logging_mixin.py:103} INFO - [2021-03-03 14:24:54,849] {dagbag.py:440} INFO - Filling up the DagBag from /home/airflow/.local/lib/python3.8/site-packages/airflow/example_dags/example_xcomargs.py
[2021-03-03 14:24:54,929] {scheduler_job.py:639} INFO - DAG(s) dict_keys(['example_xcom_args', 'example_xcom_args_with_operators']) retrieved from /home/airflow/.local/lib/python3.8/site-packages/airflow/example_dags/example_xcomargs.py
[2021-03-03 14:24:54,936] {logging_mixin.py:103} INFO - [2021-03-03 14:24:54,931] {dag.py:1813} INFO - Sync 2 DAGs
[2021-03-03 14:24:55,204] {logging_mixin.py:103} INFO - [2021-03-03 14:24:55,204] {dag.py:2266} INFO - Setting next_dagrun for example_xcom_args to None
[2021-03-03 14:24:55,206] {logging_mixin.py:103} INFO - [2021-03-03 14:24:55,206] {dag.py:2266} INFO - Setting next_dagrun for example_xcom_args_with_operators to None
[2021-03-03 14:24:55,375] {scheduler_job.py:189} INFO - Processing /home/airflow/.local/lib/python3.8/site-packages/airflow/example_dags/example_xcomargs.py took 0.567 seconds
[2021-03-03 14:25:01,008] {scheduler_job.py:181} INFO - Started process (PID=349) to work on /home/airflow/.local/lib/python3.8/site-packages/airflow/example_dags/example_xcomargs.py
[2021-03-03 14:25:01,010] {scheduler_job.py:629} INFO - Processing file /home/airflow/.local/lib/python3.8/site-packages/airflow/example_dags/example_xcomargs.py for tasks to queue
[2021-03-03 14:25:01,016] {logging_mixin.py:103} INFO - [2021-03-03 14:25:01,016] {dagbag.py:440} INFO - Filling up the DagBag from /home/airflow/.local/lib/python3.8/site-packages/airflow/example_dags/example_xcomargs.py
[2021-03-03 14:25:01,103] {scheduler_job.py:639} INFO - DAG(s) dict_keys(['example_xcom_args', 'example_xcom_args_with_operators']) retrieved from /home/airflow/.local/lib/python3.8/site-packages/airflow/example_dags/example_xcomargs.py
[2021-03-03 14:25:01,125] {logging_mixin.py:103} INFO - [2021-03-03 14:25:01,104] {dag.py:1813} INFO - Sync 2 DAGs
[2021-03-03 14:25:01,273] {logging_mixin.py:103} INFO - [2021-03-03 14:25:01,273] {dag.py:2266} INFO - Setting next_dagrun for example_xcom_args to None
[2021-03-03 14:25:01,275] {logging_mixin.py:103} INFO - [2021-03-03 14:25:01,275] {dag.py:2266} INFO - Setting next_dagrun for example_xcom_args_with_operators to None
[2021-03-03 14:25:01,357] {scheduler_job.py:189} INFO - Processing /home/airflow/.local/lib/python3.8/site-packages/airflow/example_dags/example_xcomargs.py took 0.370 seconds
[2021-03-03 14:25:06,671] {scheduler_job.py:181} INFO - Started process (PID=375) to work on /home/airflow/.local/lib/python3.8/site-packages/airflow/example_dags/example_xcomargs.py
[2021-03-03 14:25:06,673] {scheduler_job.py:629} INFO - Processing file /home/airflow/.local/lib/python3.8/site-packages/airflow/example_dags/example_xcomargs.py for tasks to queue
[2021-03-03 14:25:06,674] {logging_mixin.py:103} INFO - [2021-03-03 14:25:06,674] {dagbag.py:440} INFO - Filling up the DagBag from /home/airflow/.local/lib/python3.8/site-packages/airflow/example_dags/example_xcomargs.py
[2021-03-03 14:25:06,704] {scheduler_job.py:639} INFO - DAG(s) dict_keys(['example_xcom_args', 'example_xcom_args_with_operators']) retrieved from /home/airflow/.local/lib/python3.8/site-packages/airflow/example_dags/example_xcomargs.py
[2021-03-03 14:25:06,706] {logging_mixin.py:103} INFO - [2021-03-03 14:25:06,705] {dag.py:1813} INFO - Sync 2 DAGs
[2021-03-03 14:25:06,827] {logging_mixin.py:103} INFO - [2021-03-03 14:25:06,827] {dag.py:2266} INFO - Setting next_dagrun for example_xcom_args to None
[2021-03-03 14:25:06,829] {logging_mixin.py:103} INFO - [2021-03-03 14:25:06,828] {dag.py:2266} INFO - Setting next_dagrun for example_xcom_args_with_operators to None
[2021-03-03 14:25:06,892] {scheduler_job.py:189} INFO - Processing /home/airflow/.local/lib/python3.8/site-packages/airflow/example_dags/example_xcomargs.py took 0.228 seconds
[2021-03-03 14:25:11,704] {scheduler_job.py:181} INFO - Started process (PID=401) to work on /home/airflow/.local/lib/python3.8/site-packages/airflow/example_dags/example_xcomargs.py
[2021-03-03 14:25:11,706] {scheduler_job.py:629} INFO - Processing file /home/airflow/.local/lib/python3.8/site-packages/airflow/example_dags/example_xcomargs.py for tasks to queue
[2021-03-03 14:25:11,708] {logging_mixin.py:103} INFO - [2021-03-03 14:25:11,708] {dagbag.py:440} INFO - Filling up the DagBag from /home/airflow/.local/lib/python3.8/site-packages/airflow/example_dags/example_xcomargs.py
[2021-03-03 14:25:11,770] {scheduler_job.py:639} INFO - DAG(s) dict_keys(['example_xcom_args', 'example_xcom_args_with_operators']) retrieved from /home/airflow/.local/lib/python3.8/site-packages/airflow/example_dags/example_xcomargs.py
[2021-03-03 14:25:11,773] {logging_mixin.py:103} INFO - [2021-03-03 14:25:11,772] {dag.py:1813} INFO - Sync 2 DAGs
[2021-03-03 14:25:11,890] {logging_mixin.py:103} INFO - [2021-03-03 14:25:11,889] {dag.py:2266} INFO - Setting next_dagrun for example_xcom_args to None
[2021-03-03 14:25:11,892] {logging_mixin.py:103} INFO - [2021-03-03 14:25:11,892] {dag.py:2266} INFO - Setting next_dagrun for example_xcom_args_with_operators to None
[2021-03-03 14:25:11,958] {scheduler_job.py:189} INFO - Processing /home/airflow/.local/lib/python3.8/site-packages/airflow/example_dags/example_xcomargs.py took 0.260 seconds
[2021-03-03 14:25:16,841] {scheduler_job.py:181} INFO - Started process (PID=427) to work on /home/airflow/.local/lib/python3.8/site-packages/airflow/example_dags/example_xcomargs.py
[2021-03-03 14:25:16,855] {scheduler_job.py:629} INFO - Processing file /home/airflow/.local/lib/python3.8/site-packages/airflow/example_dags/example_xcomargs.py for tasks to queue
[2021-03-03 14:25:16,857] {logging_mixin.py:103} INFO - [2021-03-03 14:25:16,857] {dagbag.py:440} INFO - Filling up the DagBag from /home/airflow/.local/lib/python3.8/site-packages/airflow/example_dags/example_xcomargs.py
[2021-03-03 14:25:16,931] {scheduler_job.py:639} INFO - DAG(s) dict_keys(['example_xcom_args', 'example_xcom_args_with_operators']) retrieved from /home/airflow/.local/lib/python3.8/site-packages/airflow/example_dags/example_xcomargs.py
[2021-03-03 14:25:16,942] {logging_mixin.py:103} INFO - [2021-03-03 14:25:16,942] {dag.py:1813} INFO - Sync 2 DAGs
[2021-03-03 14:25:17,122] {logging_mixin.py:103} INFO - [2021-03-03 14:25:17,122] {dag.py:2266} INFO - Setting next_dagrun for example_xcom_args to None
[2021-03-03 14:25:17,124] {logging_mixin.py:103} INFO - [2021-03-03 14:25:17,124] {dag.py:2266} INFO - Setting next_dagrun for example_xcom_args_with_operators to None
[2021-03-03 14:25:17,272] {scheduler_job.py:189} INFO - Processing /home/airflow/.local/lib/python3.8/site-packages/airflow/example_dags/example_xcomargs.py took 0.438 seconds
[2021-03-03 14:25:23,586] {scheduler_job.py:181} INFO - Started process (PID=453) to work on /home/airflow/.local/lib/python3.8/site-packages/airflow/example_dags/example_xcomargs.py
[2021-03-03 14:25:23,588] {scheduler_job.py:629} INFO - Processing file /home/airflow/.local/lib/python3.8/site-packages/airflow/example_dags/example_xcomargs.py for tasks to queue
[2021-03-03 14:25:23,606] {logging_mixin.py:103} INFO - [2021-03-03 14:25:23,605] {dagbag.py:440} INFO - Filling up the DagBag from /home/airflow/.local/lib/python3.8/site-packages/airflow/example_dags/example_xcomargs.py
[2021-03-03 14:25:23,696] {scheduler_job.py:639} INFO - DAG(s) dict_keys(['example_xcom_args', 'example_xcom_args_with_operators']) retrieved from /home/airflow/.local/lib/python3.8/site-packages/airflow/example_dags/example_xcomargs.py
[2021-03-03 14:25:23,722] {logging_mixin.py:103} INFO - [2021-03-03 14:25:23,722] {dag.py:1813} INFO - Sync 2 DAGs
[2021-03-03 14:25:23,823] {logging_mixin.py:103} INFO - [2021-03-03 14:25:23,823] {dag.py:2266} INFO - Setting next_dagrun for example_xcom_args to None
[2021-03-03 14:25:23,826] {logging_mixin.py:103} INFO - [2021-03-03 14:25:23,825] {dag.py:2266} INFO - Setting next_dagrun for example_xcom_args_with_operators to None
[2021-03-03 14:25:23,906] {scheduler_job.py:189} INFO - Processing /home/airflow/.local/lib/python3.8/site-packages/airflow/example_dags/example_xcomargs.py took 0.341 seconds
[2021-03-03 14:25:30,046] {scheduler_job.py:181} INFO - Started process (PID=479) to work on /home/airflow/.local/lib/python3.8/site-packages/airflow/example_dags/example_xcomargs.py
[2021-03-03 14:25:30,048] {scheduler_job.py:629} INFO - Processing file /home/airflow/.local/lib/python3.8/site-packages/airflow/example_dags/example_xcomargs.py for tasks to queue
[2021-03-03 14:25:30,094] {logging_mixin.py:103} INFO - [2021-03-03 14:25:30,093] {dagbag.py:440} INFO - Filling up the DagBag from /home/airflow/.local/lib/python3.8/site-packages/airflow/example_dags/example_xcomargs.py
[2021-03-03 14:25:30,217] {scheduler_job.py:639} INFO - DAG(s) dict_keys(['example_xcom_args', 'example_xcom_args_with_operators']) retrieved from /home/airflow/.local/lib/python3.8/site-packages/airflow/example_dags/example_xcomargs.py
[2021-03-03 14:25:30,230] {logging_mixin.py:103} INFO - [2021-03-03 14:25:30,219] {dag.py:1813} INFO - Sync 2 DAGs
[2021-03-03 14:25:30,482] {logging_mixin.py:103} INFO - [2021-03-03 14:25:30,482] {dag.py:2266} INFO - Setting next_dagrun for example_xcom_args to None
[2021-03-03 14:25:30,484] {logging_mixin.py:103} INFO - [2021-03-03 14:25:30,484] {dag.py:2266} INFO - Setting next_dagrun for example_xcom_args_with_operators to None
[2021-03-03 14:25:30,636] {scheduler_job.py:189} INFO - Processing /home/airflow/.local/lib/python3.8/site-packages/airflow/example_dags/example_xcomargs.py took 0.644 seconds
[2021-03-03 14:25:37,004] {scheduler_job.py:181} INFO - Started process (PID=505) to work on /home/airflow/.local/lib/python3.8/site-packages/airflow/example_dags/example_xcomargs.py
[2021-03-03 14:25:37,006] {scheduler_job.py:629} INFO - Processing file /home/airflow/.local/lib/python3.8/site-packages/airflow/example_dags/example_xcomargs.py for tasks to queue
[2021-03-03 14:25:37,007] {logging_mixin.py:103} INFO - [2021-03-03 14:25:37,007] {dagbag.py:440} INFO - Filling up the DagBag from /home/airflow/.local/lib/python3.8/site-packages/airflow/example_dags/example_xcomargs.py
[2021-03-03 14:25:37,077] {scheduler_job.py:639} INFO - DAG(s) dict_keys(['example_xcom_args', 'example_xcom_args_with_operators']) retrieved from /home/airflow/.local/lib/python3.8/site-packages/airflow/example_dags/example_xcomargs.py
[2021-03-03 14:25:37,079] {logging_mixin.py:103} INFO - [2021-03-03 14:25:37,079] {dag.py:1813} INFO - Sync 2 DAGs
[2021-03-03 14:25:37,332] {logging_mixin.py:103} INFO - [2021-03-03 14:25:37,331] {dag.py:2266} INFO - Setting next_dagrun for example_xcom_args to None
[2021-03-03 14:25:37,354] {logging_mixin.py:103} INFO - [2021-03-03 14:25:37,354] {dag.py:2266} INFO - Setting next_dagrun for example_xcom_args_with_operators to None
[2021-03-03 14:25:37,483] {scheduler_job.py:189} INFO - Processing /home/airflow/.local/lib/python3.8/site-packages/airflow/example_dags/example_xcomargs.py took 0.490 seconds
[2021-03-03 14:25:43,420] {scheduler_job.py:181} INFO - Started process (PID=531) to work on /home/airflow/.local/lib/python3.8/site-packages/airflow/example_dags/example_xcomargs.py
[2021-03-03 14:25:43,422] {scheduler_job.py:629} INFO - Processing file /home/airflow/.local/lib/python3.8/site-packages/airflow/example_dags/example_xcomargs.py for tasks to queue
[2021-03-03 14:25:43,423] {logging_mixin.py:103} INFO - [2021-03-03 14:25:43,423] {dagbag.py:440} INFO - Filling up the DagBag from /home/airflow/.local/lib/python3.8/site-packages/airflow/example_dags/example_xcomargs.py
[2021-03-03 14:25:43,494] {scheduler_job.py:639} INFO - DAG(s) dict_keys(['example_xcom_args', 'example_xcom_args_with_operators']) retrieved from /home/airflow/.local/lib/python3.8/site-packages/airflow/example_dags/example_xcomargs.py
[2021-03-03 14:25:43,495] {logging_mixin.py:103} INFO - [2021-03-03 14:25:43,495] {dag.py:1813} INFO - Sync 2 DAGs
[2021-03-03 14:25:43,658] {logging_mixin.py:103} INFO - [2021-03-03 14:25:43,658] {dag.py:2266} INFO - Setting next_dagrun for example_xcom_args to None
[2021-03-03 14:25:43,660] {logging_mixin.py:103} INFO - [2021-03-03 14:25:43,659] {dag.py:2266} INFO - Setting next_dagrun for example_xcom_args_with_operators to None
[2021-03-03 14:25:43,788] {scheduler_job.py:189} INFO - Processing /home/airflow/.local/lib/python3.8/site-packages/airflow/example_dags/example_xcomargs.py took 0.379 seconds
[2021-03-03 14:25:48,919] {scheduler_job.py:181} INFO - Started process (PID=557) to work on /home/airflow/.local/lib/python3.8/site-packages/airflow/example_dags/example_xcomargs.py
[2021-03-03 14:25:48,942] {scheduler_job.py:629} INFO - Processing file /home/airflow/.local/lib/python3.8/site-packages/airflow/example_dags/example_xcomargs.py for tasks to queue
[2021-03-03 14:25:48,944] {logging_mixin.py:103} INFO - [2021-03-03 14:25:48,944] {dagbag.py:440} INFO - Filling up the DagBag from /home/airflow/.local/lib/python3.8/site-packages/airflow/example_dags/example_xcomargs.py
[2021-03-03 14:25:49,004] {scheduler_job.py:639} INFO - DAG(s) dict_keys(['example_xcom_args', 'example_xcom_args_with_operators']) retrieved from /home/airflow/.local/lib/python3.8/site-packages/airflow/example_dags/example_xcomargs.py
[2021-03-03 14:25:49,006] {logging_mixin.py:103} INFO - [2021-03-03 14:25:49,005] {dag.py:1813} INFO - Sync 2 DAGs
[2021-03-03 14:25:49,110] {logging_mixin.py:103} INFO - [2021-03-03 14:25:49,110] {dag.py:2266} INFO - Setting next_dagrun for example_xcom_args to None
[2021-03-03 14:25:49,113] {logging_mixin.py:103} INFO - [2021-03-03 14:25:49,112] {dag.py:2266} INFO - Setting next_dagrun for example_xcom_args_with_operators to None
[2021-03-03 14:25:49,177] {scheduler_job.py:189} INFO - Processing /home/airflow/.local/lib/python3.8/site-packages/airflow/example_dags/example_xcomargs.py took 0.264 seconds
[2021-03-03 14:25:54,429] {scheduler_job.py:181} INFO - Started process (PID=583) to work on /home/airflow/.local/lib/python3.8/site-packages/airflow/example_dags/example_xcomargs.py
[2021-03-03 14:25:54,433] {scheduler_job.py:629} INFO - Processing file /home/airflow/.local/lib/python3.8/site-packages/airflow/example_dags/example_xcomargs.py for tasks to queue
[2021-03-03 14:25:54,438] {logging_mixin.py:103} INFO - [2021-03-03 14:25:54,438] {dagbag.py:440} INFO - Filling up the DagBag from /home/airflow/.local/lib/python3.8/site-packages/airflow/example_dags/example_xcomargs.py
[2021-03-03 14:25:54,536] {scheduler_job.py:639} INFO - DAG(s) dict_keys(['example_xcom_args', 'example_xcom_args_with_operators']) retrieved from /home/airflow/.local/lib/python3.8/site-packages/airflow/example_dags/example_xcomargs.py
[2021-03-03 14:25:54,558] {logging_mixin.py:103} INFO - [2021-03-03 14:25:54,558] {dag.py:1813} INFO - Sync 2 DAGs
[2021-03-03 14:25:54,835] {logging_mixin.py:103} INFO - [2021-03-03 14:25:54,835] {dag.py:2266} INFO - Setting next_dagrun for example_xcom_args to None
[2021-03-03 14:25:54,848] {logging_mixin.py:103} INFO - [2021-03-03 14:25:54,848] {dag.py:2266} INFO - Setting next_dagrun for example_xcom_args_with_operators to None
[2021-03-03 14:25:55,010] {scheduler_job.py:189} INFO - Processing /home/airflow/.local/lib/python3.8/site-packages/airflow/example_dags/example_xcomargs.py took 0.590 seconds
[2021-03-03 14:26:01,311] {scheduler_job.py:181} INFO - Started process (PID=610) to work on /home/airflow/.local/lib/python3.8/site-packages/airflow/example_dags/example_xcomargs.py
[2021-03-03 14:26:01,315] {scheduler_job.py:629} INFO - Processing file /home/airflow/.local/lib/python3.8/site-packages/airflow/example_dags/example_xcomargs.py for tasks to queue
[2021-03-03 14:26:01,316] {logging_mixin.py:103} INFO - [2021-03-03 14:26:01,316] {dagbag.py:440} INFO - Filling up the DagBag from /home/airflow/.local/lib/python3.8/site-packages/airflow/example_dags/example_xcomargs.py
[2021-03-03 14:26:01,422] {scheduler_job.py:639} INFO - DAG(s) dict_keys(['example_xcom_args', 'example_xcom_args_with_operators']) retrieved from /home/airflow/.local/lib/python3.8/site-packages/airflow/example_dags/example_xcomargs.py
[2021-03-03 14:26:01,423] {logging_mixin.py:103} INFO - [2021-03-03 14:26:01,423] {dag.py:1813} INFO - Sync 2 DAGs
[2021-03-03 14:26:01,620] {logging_mixin.py:103} INFO - [2021-03-03 14:26:01,620] {dag.py:2266} INFO - Setting next_dagrun for example_xcom_args to None
[2021-03-03 14:26:01,639] {logging_mixin.py:103} INFO - [2021-03-03 14:26:01,639] {dag.py:2266} INFO - Setting next_dagrun for example_xcom_args_with_operators to None
[2021-03-03 14:26:01,779] {scheduler_job.py:189} INFO - Processing /home/airflow/.local/lib/python3.8/site-packages/airflow/example_dags/example_xcomargs.py took 0.482 seconds
