[2021-03-03 14:23:43,807] {scheduler_job.py:181} INFO - Started process (PID=43) to work on /home/airflow/.local/lib/python3.8/site-packages/airflow/example_dags/example_dag_decorator.py
[2021-03-03 14:23:43,809] {scheduler_job.py:629} INFO - Processing file /home/airflow/.local/lib/python3.8/site-packages/airflow/example_dags/example_dag_decorator.py for tasks to queue
[2021-03-03 14:23:43,810] {logging_mixin.py:103} INFO - [2021-03-03 14:23:43,810] {dagbag.py:440} INFO - Filling up the DagBag from /home/airflow/.local/lib/python3.8/site-packages/airflow/example_dags/example_dag_decorator.py
[2021-03-03 14:23:43,916] {scheduler_job.py:639} INFO - DAG(s) dict_keys(['example_dag_decorator']) retrieved from /home/airflow/.local/lib/python3.8/site-packages/airflow/example_dags/example_dag_decorator.py
[2021-03-03 14:23:43,925] {logging_mixin.py:103} INFO - [2021-03-03 14:23:43,924] {dag.py:1813} INFO - Sync 1 DAGs
[2021-03-03 14:23:44,002] {logging_mixin.py:103} INFO - [2021-03-03 14:23:44,002] {dag.py:1832} INFO - Creating ORM DAG for example_dag_decorator
[2021-03-03 14:23:44,028] {logging_mixin.py:103} INFO - [2021-03-03 14:23:44,027] {dag.py:2266} INFO - Setting next_dagrun for example_dag_decorator to None
[2021-03-03 14:23:44,127] {scheduler_job.py:189} INFO - Processing /home/airflow/.local/lib/python3.8/site-packages/airflow/example_dags/example_dag_decorator.py took 0.328 seconds
[2021-03-03 14:23:50,818] {scheduler_job.py:181} INFO - Started process (PID=69) to work on /home/airflow/.local/lib/python3.8/site-packages/airflow/example_dags/example_dag_decorator.py
[2021-03-03 14:23:50,822] {scheduler_job.py:629} INFO - Processing file /home/airflow/.local/lib/python3.8/site-packages/airflow/example_dags/example_dag_decorator.py for tasks to queue
[2021-03-03 14:23:50,823] {logging_mixin.py:103} INFO - [2021-03-03 14:23:50,823] {dagbag.py:440} INFO - Filling up the DagBag from /home/airflow/.local/lib/python3.8/site-packages/airflow/example_dags/example_dag_decorator.py
[2021-03-03 14:23:50,966] {scheduler_job.py:639} INFO - DAG(s) dict_keys(['example_dag_decorator']) retrieved from /home/airflow/.local/lib/python3.8/site-packages/airflow/example_dags/example_dag_decorator.py
[2021-03-03 14:23:50,968] {logging_mixin.py:103} INFO - [2021-03-03 14:23:50,968] {dag.py:1813} INFO - Sync 1 DAGs
[2021-03-03 14:23:51,057] {logging_mixin.py:103} INFO - [2021-03-03 14:23:51,056] {dag.py:2266} INFO - Setting next_dagrun for example_dag_decorator to None
[2021-03-03 14:23:51,095] {scheduler_job.py:189} INFO - Processing /home/airflow/.local/lib/python3.8/site-packages/airflow/example_dags/example_dag_decorator.py took 0.288 seconds
[2021-03-03 14:23:58,979] {scheduler_job.py:181} INFO - Started process (PID=95) to work on /home/airflow/.local/lib/python3.8/site-packages/airflow/example_dags/example_dag_decorator.py
[2021-03-03 14:23:59,005] {scheduler_job.py:629} INFO - Processing file /home/airflow/.local/lib/python3.8/site-packages/airflow/example_dags/example_dag_decorator.py for tasks to queue
[2021-03-03 14:23:59,006] {logging_mixin.py:103} INFO - [2021-03-03 14:23:59,006] {dagbag.py:440} INFO - Filling up the DagBag from /home/airflow/.local/lib/python3.8/site-packages/airflow/example_dags/example_dag_decorator.py
[2021-03-03 14:23:59,082] {scheduler_job.py:639} INFO - DAG(s) dict_keys(['example_dag_decorator']) retrieved from /home/airflow/.local/lib/python3.8/site-packages/airflow/example_dags/example_dag_decorator.py
[2021-03-03 14:23:59,087] {logging_mixin.py:103} INFO - [2021-03-03 14:23:59,084] {dag.py:1813} INFO - Sync 1 DAGs
[2021-03-03 14:23:59,250] {logging_mixin.py:103} INFO - [2021-03-03 14:23:59,250] {dag.py:2266} INFO - Setting next_dagrun for example_dag_decorator to None
[2021-03-03 14:23:59,347] {scheduler_job.py:189} INFO - Processing /home/airflow/.local/lib/python3.8/site-packages/airflow/example_dags/example_dag_decorator.py took 0.415 seconds
[2021-03-03 14:24:07,059] {scheduler_job.py:181} INFO - Started process (PID=122) to work on /home/airflow/.local/lib/python3.8/site-packages/airflow/example_dags/example_dag_decorator.py
[2021-03-03 14:24:07,072] {scheduler_job.py:629} INFO - Processing file /home/airflow/.local/lib/python3.8/site-packages/airflow/example_dags/example_dag_decorator.py for tasks to queue
[2021-03-03 14:24:07,073] {logging_mixin.py:103} INFO - [2021-03-03 14:24:07,073] {dagbag.py:440} INFO - Filling up the DagBag from /home/airflow/.local/lib/python3.8/site-packages/airflow/example_dags/example_dag_decorator.py
[2021-03-03 14:24:07,155] {scheduler_job.py:639} INFO - DAG(s) dict_keys(['example_dag_decorator']) retrieved from /home/airflow/.local/lib/python3.8/site-packages/airflow/example_dags/example_dag_decorator.py
[2021-03-03 14:24:07,157] {logging_mixin.py:103} INFO - [2021-03-03 14:24:07,157] {dag.py:1813} INFO - Sync 1 DAGs
[2021-03-03 14:24:07,274] {logging_mixin.py:103} INFO - [2021-03-03 14:24:07,274] {dag.py:2266} INFO - Setting next_dagrun for example_dag_decorator to None
[2021-03-03 14:24:07,335] {scheduler_job.py:189} INFO - Processing /home/airflow/.local/lib/python3.8/site-packages/airflow/example_dags/example_dag_decorator.py took 0.293 seconds
[2021-03-03 14:24:12,958] {scheduler_job.py:181} INFO - Started process (PID=148) to work on /home/airflow/.local/lib/python3.8/site-packages/airflow/example_dags/example_dag_decorator.py
[2021-03-03 14:24:12,962] {scheduler_job.py:629} INFO - Processing file /home/airflow/.local/lib/python3.8/site-packages/airflow/example_dags/example_dag_decorator.py for tasks to queue
[2021-03-03 14:24:12,964] {logging_mixin.py:103} INFO - [2021-03-03 14:24:12,964] {dagbag.py:440} INFO - Filling up the DagBag from /home/airflow/.local/lib/python3.8/site-packages/airflow/example_dags/example_dag_decorator.py
[2021-03-03 14:24:13,017] {scheduler_job.py:639} INFO - DAG(s) dict_keys(['example_dag_decorator']) retrieved from /home/airflow/.local/lib/python3.8/site-packages/airflow/example_dags/example_dag_decorator.py
[2021-03-03 14:24:13,019] {logging_mixin.py:103} INFO - [2021-03-03 14:24:13,019] {dag.py:1813} INFO - Sync 1 DAGs
[2021-03-03 14:24:13,167] {logging_mixin.py:103} INFO - [2021-03-03 14:24:13,167] {dag.py:2266} INFO - Setting next_dagrun for example_dag_decorator to None
[2021-03-03 14:24:13,238] {scheduler_job.py:189} INFO - Processing /home/airflow/.local/lib/python3.8/site-packages/airflow/example_dags/example_dag_decorator.py took 0.286 seconds
[2021-03-03 14:24:18,982] {scheduler_job.py:181} INFO - Started process (PID=174) to work on /home/airflow/.local/lib/python3.8/site-packages/airflow/example_dags/example_dag_decorator.py
[2021-03-03 14:24:18,984] {scheduler_job.py:629} INFO - Processing file /home/airflow/.local/lib/python3.8/site-packages/airflow/example_dags/example_dag_decorator.py for tasks to queue
[2021-03-03 14:24:19,005] {logging_mixin.py:103} INFO - [2021-03-03 14:24:19,005] {dagbag.py:440} INFO - Filling up the DagBag from /home/airflow/.local/lib/python3.8/site-packages/airflow/example_dags/example_dag_decorator.py
[2021-03-03 14:24:19,048] {scheduler_job.py:639} INFO - DAG(s) dict_keys(['example_dag_decorator']) retrieved from /home/airflow/.local/lib/python3.8/site-packages/airflow/example_dags/example_dag_decorator.py
[2021-03-03 14:24:19,051] {logging_mixin.py:103} INFO - [2021-03-03 14:24:19,050] {dag.py:1813} INFO - Sync 1 DAGs
[2021-03-03 14:24:19,142] {logging_mixin.py:103} INFO - [2021-03-03 14:24:19,141] {dag.py:2266} INFO - Setting next_dagrun for example_dag_decorator to None
[2021-03-03 14:24:19,221] {scheduler_job.py:189} INFO - Processing /home/airflow/.local/lib/python3.8/site-packages/airflow/example_dags/example_dag_decorator.py took 0.257 seconds
[2021-03-03 14:24:25,780] {scheduler_job.py:181} INFO - Started process (PID=200) to work on /home/airflow/.local/lib/python3.8/site-packages/airflow/example_dags/example_dag_decorator.py
[2021-03-03 14:24:25,783] {scheduler_job.py:629} INFO - Processing file /home/airflow/.local/lib/python3.8/site-packages/airflow/example_dags/example_dag_decorator.py for tasks to queue
[2021-03-03 14:24:25,784] {logging_mixin.py:103} INFO - [2021-03-03 14:24:25,784] {dagbag.py:440} INFO - Filling up the DagBag from /home/airflow/.local/lib/python3.8/site-packages/airflow/example_dags/example_dag_decorator.py
[2021-03-03 14:24:25,824] {scheduler_job.py:639} INFO - DAG(s) dict_keys(['example_dag_decorator']) retrieved from /home/airflow/.local/lib/python3.8/site-packages/airflow/example_dags/example_dag_decorator.py
[2021-03-03 14:24:25,826] {logging_mixin.py:103} INFO - [2021-03-03 14:24:25,826] {dag.py:1813} INFO - Sync 1 DAGs
[2021-03-03 14:24:25,889] {logging_mixin.py:103} INFO - [2021-03-03 14:24:25,888] {dag.py:2266} INFO - Setting next_dagrun for example_dag_decorator to None
[2021-03-03 14:24:25,958] {scheduler_job.py:189} INFO - Processing /home/airflow/.local/lib/python3.8/site-packages/airflow/example_dags/example_dag_decorator.py took 0.198 seconds
[2021-03-03 14:24:30,964] {scheduler_job.py:181} INFO - Started process (PID=226) to work on /home/airflow/.local/lib/python3.8/site-packages/airflow/example_dags/example_dag_decorator.py
[2021-03-03 14:24:30,966] {scheduler_job.py:629} INFO - Processing file /home/airflow/.local/lib/python3.8/site-packages/airflow/example_dags/example_dag_decorator.py for tasks to queue
[2021-03-03 14:24:30,967] {logging_mixin.py:103} INFO - [2021-03-03 14:24:30,967] {dagbag.py:440} INFO - Filling up the DagBag from /home/airflow/.local/lib/python3.8/site-packages/airflow/example_dags/example_dag_decorator.py
[2021-03-03 14:24:31,063] {scheduler_job.py:639} INFO - DAG(s) dict_keys(['example_dag_decorator']) retrieved from /home/airflow/.local/lib/python3.8/site-packages/airflow/example_dags/example_dag_decorator.py
[2021-03-03 14:24:31,074] {logging_mixin.py:103} INFO - [2021-03-03 14:24:31,074] {dag.py:1813} INFO - Sync 1 DAGs
[2021-03-03 14:24:31,267] {logging_mixin.py:103} INFO - [2021-03-03 14:24:31,266] {dag.py:2266} INFO - Setting next_dagrun for example_dag_decorator to None
[2021-03-03 14:24:31,320] {scheduler_job.py:189} INFO - Processing /home/airflow/.local/lib/python3.8/site-packages/airflow/example_dags/example_dag_decorator.py took 0.375 seconds
[2021-03-03 14:24:37,275] {scheduler_job.py:181} INFO - Started process (PID=252) to work on /home/airflow/.local/lib/python3.8/site-packages/airflow/example_dags/example_dag_decorator.py
[2021-03-03 14:24:37,277] {scheduler_job.py:629} INFO - Processing file /home/airflow/.local/lib/python3.8/site-packages/airflow/example_dags/example_dag_decorator.py for tasks to queue
[2021-03-03 14:24:37,298] {logging_mixin.py:103} INFO - [2021-03-03 14:24:37,298] {dagbag.py:440} INFO - Filling up the DagBag from /home/airflow/.local/lib/python3.8/site-packages/airflow/example_dags/example_dag_decorator.py
[2021-03-03 14:24:37,451] {scheduler_job.py:639} INFO - DAG(s) dict_keys(['example_dag_decorator']) retrieved from /home/airflow/.local/lib/python3.8/site-packages/airflow/example_dags/example_dag_decorator.py
[2021-03-03 14:24:37,453] {logging_mixin.py:103} INFO - [2021-03-03 14:24:37,452] {dag.py:1813} INFO - Sync 1 DAGs
[2021-03-03 14:24:37,651] {logging_mixin.py:103} INFO - [2021-03-03 14:24:37,651] {dag.py:2266} INFO - Setting next_dagrun for example_dag_decorator to None
[2021-03-03 14:24:37,722] {scheduler_job.py:189} INFO - Processing /home/airflow/.local/lib/python3.8/site-packages/airflow/example_dags/example_dag_decorator.py took 0.481 seconds
[2021-03-03 14:24:43,572] {scheduler_job.py:181} INFO - Started process (PID=278) to work on /home/airflow/.local/lib/python3.8/site-packages/airflow/example_dags/example_dag_decorator.py
[2021-03-03 14:24:43,574] {scheduler_job.py:629} INFO - Processing file /home/airflow/.local/lib/python3.8/site-packages/airflow/example_dags/example_dag_decorator.py for tasks to queue
[2021-03-03 14:24:43,592] {logging_mixin.py:103} INFO - [2021-03-03 14:24:43,592] {dagbag.py:440} INFO - Filling up the DagBag from /home/airflow/.local/lib/python3.8/site-packages/airflow/example_dags/example_dag_decorator.py
[2021-03-03 14:24:43,758] {scheduler_job.py:639} INFO - DAG(s) dict_keys(['example_dag_decorator']) retrieved from /home/airflow/.local/lib/python3.8/site-packages/airflow/example_dags/example_dag_decorator.py
[2021-03-03 14:24:43,768] {logging_mixin.py:103} INFO - [2021-03-03 14:24:43,768] {dag.py:1813} INFO - Sync 1 DAGs
[2021-03-03 14:24:43,924] {logging_mixin.py:103} INFO - [2021-03-03 14:24:43,924] {dag.py:2266} INFO - Setting next_dagrun for example_dag_decorator to None
[2021-03-03 14:24:43,982] {scheduler_job.py:189} INFO - Processing /home/airflow/.local/lib/python3.8/site-packages/airflow/example_dags/example_dag_decorator.py took 0.424 seconds
[2021-03-03 14:24:49,964] {scheduler_job.py:181} INFO - Started process (PID=304) to work on /home/airflow/.local/lib/python3.8/site-packages/airflow/example_dags/example_dag_decorator.py
[2021-03-03 14:24:49,967] {scheduler_job.py:629} INFO - Processing file /home/airflow/.local/lib/python3.8/site-packages/airflow/example_dags/example_dag_decorator.py for tasks to queue
[2021-03-03 14:24:49,968] {logging_mixin.py:103} INFO - [2021-03-03 14:24:49,968] {dagbag.py:440} INFO - Filling up the DagBag from /home/airflow/.local/lib/python3.8/site-packages/airflow/example_dags/example_dag_decorator.py
[2021-03-03 14:24:50,027] {scheduler_job.py:639} INFO - DAG(s) dict_keys(['example_dag_decorator']) retrieved from /home/airflow/.local/lib/python3.8/site-packages/airflow/example_dags/example_dag_decorator.py
[2021-03-03 14:24:50,029] {logging_mixin.py:103} INFO - [2021-03-03 14:24:50,028] {dag.py:1813} INFO - Sync 1 DAGs
[2021-03-03 14:24:50,150] {logging_mixin.py:103} INFO - [2021-03-03 14:24:50,150] {dag.py:2266} INFO - Setting next_dagrun for example_dag_decorator to None
[2021-03-03 14:24:50,265] {scheduler_job.py:189} INFO - Processing /home/airflow/.local/lib/python3.8/site-packages/airflow/example_dags/example_dag_decorator.py took 0.308 seconds
[2021-03-03 14:24:56,425] {scheduler_job.py:181} INFO - Started process (PID=330) to work on /home/airflow/.local/lib/python3.8/site-packages/airflow/example_dags/example_dag_decorator.py
[2021-03-03 14:24:56,435] {scheduler_job.py:629} INFO - Processing file /home/airflow/.local/lib/python3.8/site-packages/airflow/example_dags/example_dag_decorator.py for tasks to queue
[2021-03-03 14:24:56,437] {logging_mixin.py:103} INFO - [2021-03-03 14:24:56,436] {dagbag.py:440} INFO - Filling up the DagBag from /home/airflow/.local/lib/python3.8/site-packages/airflow/example_dags/example_dag_decorator.py
[2021-03-03 14:24:56,578] {scheduler_job.py:639} INFO - DAG(s) dict_keys(['example_dag_decorator']) retrieved from /home/airflow/.local/lib/python3.8/site-packages/airflow/example_dags/example_dag_decorator.py
[2021-03-03 14:24:56,580] {logging_mixin.py:103} INFO - [2021-03-03 14:24:56,579] {dag.py:1813} INFO - Sync 1 DAGs
[2021-03-03 14:24:56,673] {logging_mixin.py:103} INFO - [2021-03-03 14:24:56,672] {dag.py:2266} INFO - Setting next_dagrun for example_dag_decorator to None
[2021-03-03 14:24:56,702] {scheduler_job.py:189} INFO - Processing /home/airflow/.local/lib/python3.8/site-packages/airflow/example_dags/example_dag_decorator.py took 0.326 seconds
[2021-03-03 14:25:02,338] {scheduler_job.py:181} INFO - Started process (PID=356) to work on /home/airflow/.local/lib/python3.8/site-packages/airflow/example_dags/example_dag_decorator.py
[2021-03-03 14:25:02,345] {scheduler_job.py:629} INFO - Processing file /home/airflow/.local/lib/python3.8/site-packages/airflow/example_dags/example_dag_decorator.py for tasks to queue
[2021-03-03 14:25:02,346] {logging_mixin.py:103} INFO - [2021-03-03 14:25:02,346] {dagbag.py:440} INFO - Filling up the DagBag from /home/airflow/.local/lib/python3.8/site-packages/airflow/example_dags/example_dag_decorator.py
[2021-03-03 14:25:02,405] {scheduler_job.py:639} INFO - DAG(s) dict_keys(['example_dag_decorator']) retrieved from /home/airflow/.local/lib/python3.8/site-packages/airflow/example_dags/example_dag_decorator.py
[2021-03-03 14:25:02,417] {logging_mixin.py:103} INFO - [2021-03-03 14:25:02,417] {dag.py:1813} INFO - Sync 1 DAGs
[2021-03-03 14:25:02,539] {logging_mixin.py:103} INFO - [2021-03-03 14:25:02,539] {dag.py:2266} INFO - Setting next_dagrun for example_dag_decorator to None
[2021-03-03 14:25:02,589] {scheduler_job.py:189} INFO - Processing /home/airflow/.local/lib/python3.8/site-packages/airflow/example_dags/example_dag_decorator.py took 0.258 seconds
[2021-03-03 14:25:07,955] {scheduler_job.py:181} INFO - Started process (PID=382) to work on /home/airflow/.local/lib/python3.8/site-packages/airflow/example_dags/example_dag_decorator.py
[2021-03-03 14:25:07,966] {scheduler_job.py:629} INFO - Processing file /home/airflow/.local/lib/python3.8/site-packages/airflow/example_dags/example_dag_decorator.py for tasks to queue
[2021-03-03 14:25:07,967] {logging_mixin.py:103} INFO - [2021-03-03 14:25:07,967] {dagbag.py:440} INFO - Filling up the DagBag from /home/airflow/.local/lib/python3.8/site-packages/airflow/example_dags/example_dag_decorator.py
[2021-03-03 14:25:08,049] {scheduler_job.py:639} INFO - DAG(s) dict_keys(['example_dag_decorator']) retrieved from /home/airflow/.local/lib/python3.8/site-packages/airflow/example_dags/example_dag_decorator.py
[2021-03-03 14:25:08,051] {logging_mixin.py:103} INFO - [2021-03-03 14:25:08,051] {dag.py:1813} INFO - Sync 1 DAGs
[2021-03-03 14:25:08,138] {logging_mixin.py:103} INFO - [2021-03-03 14:25:08,138] {dag.py:2266} INFO - Setting next_dagrun for example_dag_decorator to None
[2021-03-03 14:25:08,172] {scheduler_job.py:189} INFO - Processing /home/airflow/.local/lib/python3.8/site-packages/airflow/example_dags/example_dag_decorator.py took 0.240 seconds
[2021-03-03 14:25:12,891] {scheduler_job.py:181} INFO - Started process (PID=408) to work on /home/airflow/.local/lib/python3.8/site-packages/airflow/example_dags/example_dag_decorator.py
[2021-03-03 14:25:12,893] {scheduler_job.py:629} INFO - Processing file /home/airflow/.local/lib/python3.8/site-packages/airflow/example_dags/example_dag_decorator.py for tasks to queue
[2021-03-03 14:25:12,902] {logging_mixin.py:103} INFO - [2021-03-03 14:25:12,901] {dagbag.py:440} INFO - Filling up the DagBag from /home/airflow/.local/lib/python3.8/site-packages/airflow/example_dags/example_dag_decorator.py
[2021-03-03 14:25:12,962] {scheduler_job.py:639} INFO - DAG(s) dict_keys(['example_dag_decorator']) retrieved from /home/airflow/.local/lib/python3.8/site-packages/airflow/example_dags/example_dag_decorator.py
[2021-03-03 14:25:12,969] {logging_mixin.py:103} INFO - [2021-03-03 14:25:12,969] {dag.py:1813} INFO - Sync 1 DAGs
[2021-03-03 14:25:13,056] {logging_mixin.py:103} INFO - [2021-03-03 14:25:13,056] {dag.py:2266} INFO - Setting next_dagrun for example_dag_decorator to None
[2021-03-03 14:25:13,095] {scheduler_job.py:189} INFO - Processing /home/airflow/.local/lib/python3.8/site-packages/airflow/example_dags/example_dag_decorator.py took 0.211 seconds
[2021-03-03 14:25:18,805] {scheduler_job.py:181} INFO - Started process (PID=434) to work on /home/airflow/.local/lib/python3.8/site-packages/airflow/example_dags/example_dag_decorator.py
[2021-03-03 14:25:18,807] {scheduler_job.py:629} INFO - Processing file /home/airflow/.local/lib/python3.8/site-packages/airflow/example_dags/example_dag_decorator.py for tasks to queue
[2021-03-03 14:25:18,809] {logging_mixin.py:103} INFO - [2021-03-03 14:25:18,808] {dagbag.py:440} INFO - Filling up the DagBag from /home/airflow/.local/lib/python3.8/site-packages/airflow/example_dags/example_dag_decorator.py
[2021-03-03 14:25:18,867] {scheduler_job.py:639} INFO - DAG(s) dict_keys(['example_dag_decorator']) retrieved from /home/airflow/.local/lib/python3.8/site-packages/airflow/example_dags/example_dag_decorator.py
[2021-03-03 14:25:18,869] {logging_mixin.py:103} INFO - [2021-03-03 14:25:18,869] {dag.py:1813} INFO - Sync 1 DAGs
[2021-03-03 14:25:18,957] {logging_mixin.py:103} INFO - [2021-03-03 14:25:18,956] {dag.py:2266} INFO - Setting next_dagrun for example_dag_decorator to None
[2021-03-03 14:25:19,029] {scheduler_job.py:189} INFO - Processing /home/airflow/.local/lib/python3.8/site-packages/airflow/example_dags/example_dag_decorator.py took 0.240 seconds
[2021-03-03 14:25:24,998] {scheduler_job.py:181} INFO - Started process (PID=460) to work on /home/airflow/.local/lib/python3.8/site-packages/airflow/example_dags/example_dag_decorator.py
[2021-03-03 14:25:25,000] {scheduler_job.py:629} INFO - Processing file /home/airflow/.local/lib/python3.8/site-packages/airflow/example_dags/example_dag_decorator.py for tasks to queue
[2021-03-03 14:25:25,012] {logging_mixin.py:103} INFO - [2021-03-03 14:25:25,011] {dagbag.py:440} INFO - Filling up the DagBag from /home/airflow/.local/lib/python3.8/site-packages/airflow/example_dags/example_dag_decorator.py
[2021-03-03 14:25:25,050] {scheduler_job.py:639} INFO - DAG(s) dict_keys(['example_dag_decorator']) retrieved from /home/airflow/.local/lib/python3.8/site-packages/airflow/example_dags/example_dag_decorator.py
[2021-03-03 14:25:25,052] {logging_mixin.py:103} INFO - [2021-03-03 14:25:25,052] {dag.py:1813} INFO - Sync 1 DAGs
[2021-03-03 14:25:25,198] {logging_mixin.py:103} INFO - [2021-03-03 14:25:25,198] {dag.py:2266} INFO - Setting next_dagrun for example_dag_decorator to None
[2021-03-03 14:25:25,324] {scheduler_job.py:189} INFO - Processing /home/airflow/.local/lib/python3.8/site-packages/airflow/example_dags/example_dag_decorator.py took 0.334 seconds
[2021-03-03 14:25:31,935] {scheduler_job.py:181} INFO - Started process (PID=486) to work on /home/airflow/.local/lib/python3.8/site-packages/airflow/example_dags/example_dag_decorator.py
[2021-03-03 14:25:31,945] {scheduler_job.py:629} INFO - Processing file /home/airflow/.local/lib/python3.8/site-packages/airflow/example_dags/example_dag_decorator.py for tasks to queue
[2021-03-03 14:25:31,947] {logging_mixin.py:103} INFO - [2021-03-03 14:25:31,946] {dagbag.py:440} INFO - Filling up the DagBag from /home/airflow/.local/lib/python3.8/site-packages/airflow/example_dags/example_dag_decorator.py
[2021-03-03 14:25:32,016] {scheduler_job.py:639} INFO - DAG(s) dict_keys(['example_dag_decorator']) retrieved from /home/airflow/.local/lib/python3.8/site-packages/airflow/example_dags/example_dag_decorator.py
[2021-03-03 14:25:32,018] {logging_mixin.py:103} INFO - [2021-03-03 14:25:32,018] {dag.py:1813} INFO - Sync 1 DAGs
[2021-03-03 14:25:32,159] {logging_mixin.py:103} INFO - [2021-03-03 14:25:32,159] {dag.py:2266} INFO - Setting next_dagrun for example_dag_decorator to None
[2021-03-03 14:25:32,459] {scheduler_job.py:189} INFO - Processing /home/airflow/.local/lib/python3.8/site-packages/airflow/example_dags/example_dag_decorator.py took 0.539 seconds
[2021-03-03 14:25:38,971] {scheduler_job.py:181} INFO - Started process (PID=512) to work on /home/airflow/.local/lib/python3.8/site-packages/airflow/example_dags/example_dag_decorator.py
[2021-03-03 14:25:38,979] {scheduler_job.py:629} INFO - Processing file /home/airflow/.local/lib/python3.8/site-packages/airflow/example_dags/example_dag_decorator.py for tasks to queue
[2021-03-03 14:25:38,982] {logging_mixin.py:103} INFO - [2021-03-03 14:25:38,982] {dagbag.py:440} INFO - Filling up the DagBag from /home/airflow/.local/lib/python3.8/site-packages/airflow/example_dags/example_dag_decorator.py
[2021-03-03 14:25:39,055] {scheduler_job.py:639} INFO - DAG(s) dict_keys(['example_dag_decorator']) retrieved from /home/airflow/.local/lib/python3.8/site-packages/airflow/example_dags/example_dag_decorator.py
[2021-03-03 14:25:39,058] {logging_mixin.py:103} INFO - [2021-03-03 14:25:39,058] {dag.py:1813} INFO - Sync 1 DAGs
[2021-03-03 14:25:39,238] {logging_mixin.py:103} INFO - [2021-03-03 14:25:39,238] {dag.py:2266} INFO - Setting next_dagrun for example_dag_decorator to None
[2021-03-03 14:25:39,308] {scheduler_job.py:189} INFO - Processing /home/airflow/.local/lib/python3.8/site-packages/airflow/example_dags/example_dag_decorator.py took 0.361 seconds
[2021-03-03 14:25:45,116] {scheduler_job.py:181} INFO - Started process (PID=538) to work on /home/airflow/.local/lib/python3.8/site-packages/airflow/example_dags/example_dag_decorator.py
[2021-03-03 14:25:45,126] {scheduler_job.py:629} INFO - Processing file /home/airflow/.local/lib/python3.8/site-packages/airflow/example_dags/example_dag_decorator.py for tasks to queue
[2021-03-03 14:25:45,128] {logging_mixin.py:103} INFO - [2021-03-03 14:25:45,128] {dagbag.py:440} INFO - Filling up the DagBag from /home/airflow/.local/lib/python3.8/site-packages/airflow/example_dags/example_dag_decorator.py
[2021-03-03 14:25:45,259] {scheduler_job.py:639} INFO - DAG(s) dict_keys(['example_dag_decorator']) retrieved from /home/airflow/.local/lib/python3.8/site-packages/airflow/example_dags/example_dag_decorator.py
[2021-03-03 14:25:45,261] {logging_mixin.py:103} INFO - [2021-03-03 14:25:45,261] {dag.py:1813} INFO - Sync 1 DAGs
[2021-03-03 14:25:45,395] {logging_mixin.py:103} INFO - [2021-03-03 14:25:45,395] {dag.py:2266} INFO - Setting next_dagrun for example_dag_decorator to None
[2021-03-03 14:25:45,447] {scheduler_job.py:189} INFO - Processing /home/airflow/.local/lib/python3.8/site-packages/airflow/example_dags/example_dag_decorator.py took 0.352 seconds
[2021-03-03 14:25:50,710] {scheduler_job.py:181} INFO - Started process (PID=564) to work on /home/airflow/.local/lib/python3.8/site-packages/airflow/example_dags/example_dag_decorator.py
[2021-03-03 14:25:50,714] {scheduler_job.py:629} INFO - Processing file /home/airflow/.local/lib/python3.8/site-packages/airflow/example_dags/example_dag_decorator.py for tasks to queue
[2021-03-03 14:25:50,716] {logging_mixin.py:103} INFO - [2021-03-03 14:25:50,715] {dagbag.py:440} INFO - Filling up the DagBag from /home/airflow/.local/lib/python3.8/site-packages/airflow/example_dags/example_dag_decorator.py
[2021-03-03 14:25:50,824] {scheduler_job.py:639} INFO - DAG(s) dict_keys(['example_dag_decorator']) retrieved from /home/airflow/.local/lib/python3.8/site-packages/airflow/example_dags/example_dag_decorator.py
[2021-03-03 14:25:50,826] {logging_mixin.py:103} INFO - [2021-03-03 14:25:50,826] {dag.py:1813} INFO - Sync 1 DAGs
[2021-03-03 14:25:50,964] {logging_mixin.py:103} INFO - [2021-03-03 14:25:50,964] {dag.py:2266} INFO - Setting next_dagrun for example_dag_decorator to None
[2021-03-03 14:25:50,996] {scheduler_job.py:189} INFO - Processing /home/airflow/.local/lib/python3.8/site-packages/airflow/example_dags/example_dag_decorator.py took 0.298 seconds
[2021-03-03 14:25:56,148] {scheduler_job.py:181} INFO - Started process (PID=590) to work on /home/airflow/.local/lib/python3.8/site-packages/airflow/example_dags/example_dag_decorator.py
[2021-03-03 14:25:56,161] {scheduler_job.py:629} INFO - Processing file /home/airflow/.local/lib/python3.8/site-packages/airflow/example_dags/example_dag_decorator.py for tasks to queue
[2021-03-03 14:25:56,165] {logging_mixin.py:103} INFO - [2021-03-03 14:25:56,165] {dagbag.py:440} INFO - Filling up the DagBag from /home/airflow/.local/lib/python3.8/site-packages/airflow/example_dags/example_dag_decorator.py
[2021-03-03 14:25:56,320] {scheduler_job.py:639} INFO - DAG(s) dict_keys(['example_dag_decorator']) retrieved from /home/airflow/.local/lib/python3.8/site-packages/airflow/example_dags/example_dag_decorator.py
[2021-03-03 14:25:56,343] {logging_mixin.py:103} INFO - [2021-03-03 14:25:56,343] {dag.py:1813} INFO - Sync 1 DAGs
[2021-03-03 14:25:56,437] {logging_mixin.py:103} INFO - [2021-03-03 14:25:56,437] {dag.py:2266} INFO - Setting next_dagrun for example_dag_decorator to None
[2021-03-03 14:25:56,516] {scheduler_job.py:189} INFO - Processing /home/airflow/.local/lib/python3.8/site-packages/airflow/example_dags/example_dag_decorator.py took 0.374 seconds
[2021-03-03 14:26:03,427] {scheduler_job.py:181} INFO - Started process (PID=617) to work on /home/airflow/.local/lib/python3.8/site-packages/airflow/example_dags/example_dag_decorator.py
[2021-03-03 14:26:03,436] {scheduler_job.py:629} INFO - Processing file /home/airflow/.local/lib/python3.8/site-packages/airflow/example_dags/example_dag_decorator.py for tasks to queue
[2021-03-03 14:26:03,438] {logging_mixin.py:103} INFO - [2021-03-03 14:26:03,438] {dagbag.py:440} INFO - Filling up the DagBag from /home/airflow/.local/lib/python3.8/site-packages/airflow/example_dags/example_dag_decorator.py
[2021-03-03 14:26:03,551] {scheduler_job.py:639} INFO - DAG(s) dict_keys(['example_dag_decorator']) retrieved from /home/airflow/.local/lib/python3.8/site-packages/airflow/example_dags/example_dag_decorator.py
[2021-03-03 14:26:03,567] {logging_mixin.py:103} INFO - [2021-03-03 14:26:03,567] {dag.py:1813} INFO - Sync 1 DAGs
[2021-03-03 14:26:06,912] {logging_mixin.py:103} INFO - [2021-03-03 14:26:06,912] {process_utils.py:201} INFO - Waiting up to 5 seconds for processes to exit...
