[2021-03-03 14:23:39,760] {scheduler_job.py:181} INFO - Started process (PID=31) to work on /home/airflow/.local/lib/python3.8/site-packages/airflow/example_dags/example_branch_python_dop_operator_3.py
[2021-03-03 14:23:39,783] {scheduler_job.py:629} INFO - Processing file /home/airflow/.local/lib/python3.8/site-packages/airflow/example_dags/example_branch_python_dop_operator_3.py for tasks to queue
[2021-03-03 14:23:39,785] {logging_mixin.py:103} INFO - [2021-03-03 14:23:39,784] {dagbag.py:440} INFO - Filling up the DagBag from /home/airflow/.local/lib/python3.8/site-packages/airflow/example_dags/example_branch_python_dop_operator_3.py
[2021-03-03 14:23:39,881] {scheduler_job.py:639} INFO - DAG(s) dict_keys(['example_branch_dop_operator_v3']) retrieved from /home/airflow/.local/lib/python3.8/site-packages/airflow/example_dags/example_branch_python_dop_operator_3.py
[2021-03-03 14:23:39,883] {logging_mixin.py:103} INFO - [2021-03-03 14:23:39,883] {dag.py:1813} INFO - Sync 1 DAGs
[2021-03-03 14:23:39,983] {logging_mixin.py:103} INFO - [2021-03-03 14:23:39,983] {dag.py:1832} INFO - Creating ORM DAG for example_branch_dop_operator_v3
[2021-03-03 14:23:40,228] {logging_mixin.py:103} INFO - [2021-03-03 14:23:40,228] {dag.py:2266} INFO - Setting next_dagrun for example_branch_dop_operator_v3 to 2021-03-01 00:00:00+00:00
[2021-03-03 14:23:40,470] {scheduler_job.py:189} INFO - Processing /home/airflow/.local/lib/python3.8/site-packages/airflow/example_dags/example_branch_python_dop_operator_3.py took 0.736 seconds
[2021-03-03 14:23:47,904] {scheduler_job.py:181} INFO - Started process (PID=57) to work on /home/airflow/.local/lib/python3.8/site-packages/airflow/example_dags/example_branch_python_dop_operator_3.py
[2021-03-03 14:23:47,924] {scheduler_job.py:629} INFO - Processing file /home/airflow/.local/lib/python3.8/site-packages/airflow/example_dags/example_branch_python_dop_operator_3.py for tasks to queue
[2021-03-03 14:23:47,933] {logging_mixin.py:103} INFO - [2021-03-03 14:23:47,932] {dagbag.py:440} INFO - Filling up the DagBag from /home/airflow/.local/lib/python3.8/site-packages/airflow/example_dags/example_branch_python_dop_operator_3.py
[2021-03-03 14:23:48,138] {scheduler_job.py:639} INFO - DAG(s) dict_keys(['example_branch_dop_operator_v3']) retrieved from /home/airflow/.local/lib/python3.8/site-packages/airflow/example_dags/example_branch_python_dop_operator_3.py
[2021-03-03 14:23:48,140] {logging_mixin.py:103} INFO - [2021-03-03 14:23:48,139] {dag.py:1813} INFO - Sync 1 DAGs
[2021-03-03 14:23:48,545] {logging_mixin.py:103} INFO - [2021-03-03 14:23:48,537] {dag.py:2266} INFO - Setting next_dagrun for example_branch_dop_operator_v3 to 2021-03-01 00:00:00+00:00
[2021-03-03 14:23:48,627] {scheduler_job.py:189} INFO - Processing /home/airflow/.local/lib/python3.8/site-packages/airflow/example_dags/example_branch_python_dop_operator_3.py took 0.784 seconds
[2021-03-03 14:23:55,486] {scheduler_job.py:181} INFO - Started process (PID=83) to work on /home/airflow/.local/lib/python3.8/site-packages/airflow/example_dags/example_branch_python_dop_operator_3.py
[2021-03-03 14:23:55,488] {scheduler_job.py:629} INFO - Processing file /home/airflow/.local/lib/python3.8/site-packages/airflow/example_dags/example_branch_python_dop_operator_3.py for tasks to queue
[2021-03-03 14:23:55,499] {logging_mixin.py:103} INFO - [2021-03-03 14:23:55,499] {dagbag.py:440} INFO - Filling up the DagBag from /home/airflow/.local/lib/python3.8/site-packages/airflow/example_dags/example_branch_python_dop_operator_3.py
[2021-03-03 14:23:55,627] {scheduler_job.py:639} INFO - DAG(s) dict_keys(['example_branch_dop_operator_v3']) retrieved from /home/airflow/.local/lib/python3.8/site-packages/airflow/example_dags/example_branch_python_dop_operator_3.py
[2021-03-03 14:23:55,660] {logging_mixin.py:103} INFO - [2021-03-03 14:23:55,660] {dag.py:1813} INFO - Sync 1 DAGs
[2021-03-03 14:23:56,028] {logging_mixin.py:103} INFO - [2021-03-03 14:23:56,028] {dag.py:2266} INFO - Setting next_dagrun for example_branch_dop_operator_v3 to 2021-03-01 00:00:00+00:00
[2021-03-03 14:23:56,150] {scheduler_job.py:189} INFO - Processing /home/airflow/.local/lib/python3.8/site-packages/airflow/example_dags/example_branch_python_dop_operator_3.py took 0.691 seconds
[2021-03-03 14:24:03,919] {scheduler_job.py:181} INFO - Started process (PID=110) to work on /home/airflow/.local/lib/python3.8/site-packages/airflow/example_dags/example_branch_python_dop_operator_3.py
[2021-03-03 14:24:03,944] {scheduler_job.py:629} INFO - Processing file /home/airflow/.local/lib/python3.8/site-packages/airflow/example_dags/example_branch_python_dop_operator_3.py for tasks to queue
[2021-03-03 14:24:03,945] {logging_mixin.py:103} INFO - [2021-03-03 14:24:03,945] {dagbag.py:440} INFO - Filling up the DagBag from /home/airflow/.local/lib/python3.8/site-packages/airflow/example_dags/example_branch_python_dop_operator_3.py
[2021-03-03 14:24:04,132] {scheduler_job.py:639} INFO - DAG(s) dict_keys(['example_branch_dop_operator_v3']) retrieved from /home/airflow/.local/lib/python3.8/site-packages/airflow/example_dags/example_branch_python_dop_operator_3.py
[2021-03-03 14:24:04,134] {logging_mixin.py:103} INFO - [2021-03-03 14:24:04,134] {dag.py:1813} INFO - Sync 1 DAGs
[2021-03-03 14:24:04,365] {logging_mixin.py:103} INFO - [2021-03-03 14:24:04,364] {dag.py:2266} INFO - Setting next_dagrun for example_branch_dop_operator_v3 to 2021-03-01 00:00:00+00:00
[2021-03-03 14:24:04,409] {scheduler_job.py:189} INFO - Processing /home/airflow/.local/lib/python3.8/site-packages/airflow/example_dags/example_branch_python_dop_operator_3.py took 0.518 seconds
[2021-03-03 14:24:10,319] {scheduler_job.py:181} INFO - Started process (PID=136) to work on /home/airflow/.local/lib/python3.8/site-packages/airflow/example_dags/example_branch_python_dop_operator_3.py
[2021-03-03 14:24:10,337] {scheduler_job.py:629} INFO - Processing file /home/airflow/.local/lib/python3.8/site-packages/airflow/example_dags/example_branch_python_dop_operator_3.py for tasks to queue
[2021-03-03 14:24:10,339] {logging_mixin.py:103} INFO - [2021-03-03 14:24:10,339] {dagbag.py:440} INFO - Filling up the DagBag from /home/airflow/.local/lib/python3.8/site-packages/airflow/example_dags/example_branch_python_dop_operator_3.py
[2021-03-03 14:24:10,459] {scheduler_job.py:639} INFO - DAG(s) dict_keys(['example_branch_dop_operator_v3']) retrieved from /home/airflow/.local/lib/python3.8/site-packages/airflow/example_dags/example_branch_python_dop_operator_3.py
[2021-03-03 14:24:10,461] {logging_mixin.py:103} INFO - [2021-03-03 14:24:10,461] {dag.py:1813} INFO - Sync 1 DAGs
[2021-03-03 14:24:10,627] {logging_mixin.py:103} INFO - [2021-03-03 14:24:10,627] {dag.py:2266} INFO - Setting next_dagrun for example_branch_dop_operator_v3 to 2021-03-01 00:00:00+00:00
[2021-03-03 14:24:10,741] {scheduler_job.py:189} INFO - Processing /home/airflow/.local/lib/python3.8/site-packages/airflow/example_dags/example_branch_python_dop_operator_3.py took 0.433 seconds
[2021-03-03 14:24:16,283] {scheduler_job.py:181} INFO - Started process (PID=162) to work on /home/airflow/.local/lib/python3.8/site-packages/airflow/example_dags/example_branch_python_dop_operator_3.py
[2021-03-03 14:24:16,290] {scheduler_job.py:629} INFO - Processing file /home/airflow/.local/lib/python3.8/site-packages/airflow/example_dags/example_branch_python_dop_operator_3.py for tasks to queue
[2021-03-03 14:24:16,291] {logging_mixin.py:103} INFO - [2021-03-03 14:24:16,291] {dagbag.py:440} INFO - Filling up the DagBag from /home/airflow/.local/lib/python3.8/site-packages/airflow/example_dags/example_branch_python_dop_operator_3.py
[2021-03-03 14:24:16,433] {scheduler_job.py:639} INFO - DAG(s) dict_keys(['example_branch_dop_operator_v3']) retrieved from /home/airflow/.local/lib/python3.8/site-packages/airflow/example_dags/example_branch_python_dop_operator_3.py
[2021-03-03 14:24:16,435] {logging_mixin.py:103} INFO - [2021-03-03 14:24:16,435] {dag.py:1813} INFO - Sync 1 DAGs
[2021-03-03 14:24:16,661] {logging_mixin.py:103} INFO - [2021-03-03 14:24:16,660] {dag.py:2266} INFO - Setting next_dagrun for example_branch_dop_operator_v3 to 2021-03-01 00:00:00+00:00
[2021-03-03 14:24:16,737] {scheduler_job.py:189} INFO - Processing /home/airflow/.local/lib/python3.8/site-packages/airflow/example_dags/example_branch_python_dop_operator_3.py took 0.481 seconds
[2021-03-03 14:24:22,611] {scheduler_job.py:181} INFO - Started process (PID=188) to work on /home/airflow/.local/lib/python3.8/site-packages/airflow/example_dags/example_branch_python_dop_operator_3.py
[2021-03-03 14:24:22,629] {scheduler_job.py:629} INFO - Processing file /home/airflow/.local/lib/python3.8/site-packages/airflow/example_dags/example_branch_python_dop_operator_3.py for tasks to queue
[2021-03-03 14:24:22,631] {logging_mixin.py:103} INFO - [2021-03-03 14:24:22,630] {dagbag.py:440} INFO - Filling up the DagBag from /home/airflow/.local/lib/python3.8/site-packages/airflow/example_dags/example_branch_python_dop_operator_3.py
[2021-03-03 14:24:22,766] {scheduler_job.py:639} INFO - DAG(s) dict_keys(['example_branch_dop_operator_v3']) retrieved from /home/airflow/.local/lib/python3.8/site-packages/airflow/example_dags/example_branch_python_dop_operator_3.py
[2021-03-03 14:24:22,768] {logging_mixin.py:103} INFO - [2021-03-03 14:24:22,768] {dag.py:1813} INFO - Sync 1 DAGs
[2021-03-03 14:24:22,990] {logging_mixin.py:103} INFO - [2021-03-03 14:24:22,990] {dag.py:2266} INFO - Setting next_dagrun for example_branch_dop_operator_v3 to 2021-03-01 00:00:00+00:00
[2021-03-03 14:24:23,060] {scheduler_job.py:189} INFO - Processing /home/airflow/.local/lib/python3.8/site-packages/airflow/example_dags/example_branch_python_dop_operator_3.py took 0.490 seconds
[2021-03-03 14:24:28,466] {scheduler_job.py:181} INFO - Started process (PID=214) to work on /home/airflow/.local/lib/python3.8/site-packages/airflow/example_dags/example_branch_python_dop_operator_3.py
[2021-03-03 14:24:28,468] {scheduler_job.py:629} INFO - Processing file /home/airflow/.local/lib/python3.8/site-packages/airflow/example_dags/example_branch_python_dop_operator_3.py for tasks to queue
[2021-03-03 14:24:28,473] {logging_mixin.py:103} INFO - [2021-03-03 14:24:28,473] {dagbag.py:440} INFO - Filling up the DagBag from /home/airflow/.local/lib/python3.8/site-packages/airflow/example_dags/example_branch_python_dop_operator_3.py
[2021-03-03 14:24:28,578] {scheduler_job.py:639} INFO - DAG(s) dict_keys(['example_branch_dop_operator_v3']) retrieved from /home/airflow/.local/lib/python3.8/site-packages/airflow/example_dags/example_branch_python_dop_operator_3.py
[2021-03-03 14:24:28,580] {logging_mixin.py:103} INFO - [2021-03-03 14:24:28,580] {dag.py:1813} INFO - Sync 1 DAGs
[2021-03-03 14:24:28,844] {logging_mixin.py:103} INFO - [2021-03-03 14:24:28,844] {dag.py:2266} INFO - Setting next_dagrun for example_branch_dop_operator_v3 to 2021-03-01 00:00:00+00:00
[2021-03-03 14:24:28,961] {scheduler_job.py:189} INFO - Processing /home/airflow/.local/lib/python3.8/site-packages/airflow/example_dags/example_branch_python_dop_operator_3.py took 0.514 seconds
[2021-03-03 14:24:34,024] {scheduler_job.py:181} INFO - Started process (PID=240) to work on /home/airflow/.local/lib/python3.8/site-packages/airflow/example_dags/example_branch_python_dop_operator_3.py
[2021-03-03 14:24:34,026] {scheduler_job.py:629} INFO - Processing file /home/airflow/.local/lib/python3.8/site-packages/airflow/example_dags/example_branch_python_dop_operator_3.py for tasks to queue
[2021-03-03 14:24:34,027] {logging_mixin.py:103} INFO - [2021-03-03 14:24:34,027] {dagbag.py:440} INFO - Filling up the DagBag from /home/airflow/.local/lib/python3.8/site-packages/airflow/example_dags/example_branch_python_dop_operator_3.py
[2021-03-03 14:24:34,112] {scheduler_job.py:639} INFO - DAG(s) dict_keys(['example_branch_dop_operator_v3']) retrieved from /home/airflow/.local/lib/python3.8/site-packages/airflow/example_dags/example_branch_python_dop_operator_3.py
[2021-03-03 14:24:34,122] {logging_mixin.py:103} INFO - [2021-03-03 14:24:34,122] {dag.py:1813} INFO - Sync 1 DAGs
[2021-03-03 14:24:34,523] {logging_mixin.py:103} INFO - [2021-03-03 14:24:34,523] {dag.py:2266} INFO - Setting next_dagrun for example_branch_dop_operator_v3 to 2021-03-01 00:00:00+00:00
[2021-03-03 14:24:34,652] {scheduler_job.py:189} INFO - Processing /home/airflow/.local/lib/python3.8/site-packages/airflow/example_dags/example_branch_python_dop_operator_3.py took 0.650 seconds
[2021-03-03 14:24:40,787] {scheduler_job.py:181} INFO - Started process (PID=266) to work on /home/airflow/.local/lib/python3.8/site-packages/airflow/example_dags/example_branch_python_dop_operator_3.py
[2021-03-03 14:24:40,796] {scheduler_job.py:629} INFO - Processing file /home/airflow/.local/lib/python3.8/site-packages/airflow/example_dags/example_branch_python_dop_operator_3.py for tasks to queue
[2021-03-03 14:24:40,797] {logging_mixin.py:103} INFO - [2021-03-03 14:24:40,797] {dagbag.py:440} INFO - Filling up the DagBag from /home/airflow/.local/lib/python3.8/site-packages/airflow/example_dags/example_branch_python_dop_operator_3.py
[2021-03-03 14:24:40,928] {scheduler_job.py:639} INFO - DAG(s) dict_keys(['example_branch_dop_operator_v3']) retrieved from /home/airflow/.local/lib/python3.8/site-packages/airflow/example_dags/example_branch_python_dop_operator_3.py
[2021-03-03 14:24:40,937] {logging_mixin.py:103} INFO - [2021-03-03 14:24:40,937] {dag.py:1813} INFO - Sync 1 DAGs
[2021-03-03 14:24:41,268] {logging_mixin.py:103} INFO - [2021-03-03 14:24:41,267] {dag.py:2266} INFO - Setting next_dagrun for example_branch_dop_operator_v3 to 2021-03-01 00:00:00+00:00
[2021-03-03 14:24:41,357] {scheduler_job.py:189} INFO - Processing /home/airflow/.local/lib/python3.8/site-packages/airflow/example_dags/example_branch_python_dop_operator_3.py took 0.588 seconds
[2021-03-03 14:24:47,353] {scheduler_job.py:181} INFO - Started process (PID=292) to work on /home/airflow/.local/lib/python3.8/site-packages/airflow/example_dags/example_branch_python_dop_operator_3.py
[2021-03-03 14:24:47,355] {scheduler_job.py:629} INFO - Processing file /home/airflow/.local/lib/python3.8/site-packages/airflow/example_dags/example_branch_python_dop_operator_3.py for tasks to queue
[2021-03-03 14:24:47,356] {logging_mixin.py:103} INFO - [2021-03-03 14:24:47,356] {dagbag.py:440} INFO - Filling up the DagBag from /home/airflow/.local/lib/python3.8/site-packages/airflow/example_dags/example_branch_python_dop_operator_3.py
[2021-03-03 14:24:47,486] {scheduler_job.py:639} INFO - DAG(s) dict_keys(['example_branch_dop_operator_v3']) retrieved from /home/airflow/.local/lib/python3.8/site-packages/airflow/example_dags/example_branch_python_dop_operator_3.py
[2021-03-03 14:24:47,488] {logging_mixin.py:103} INFO - [2021-03-03 14:24:47,488] {dag.py:1813} INFO - Sync 1 DAGs
[2021-03-03 14:24:47,850] {logging_mixin.py:103} INFO - [2021-03-03 14:24:47,850] {dag.py:2266} INFO - Setting next_dagrun for example_branch_dop_operator_v3 to 2021-03-01 00:00:00+00:00
[2021-03-03 14:24:47,969] {scheduler_job.py:189} INFO - Processing /home/airflow/.local/lib/python3.8/site-packages/airflow/example_dags/example_branch_python_dop_operator_3.py took 0.650 seconds
[2021-03-03 14:24:53,547] {scheduler_job.py:181} INFO - Started process (PID=318) to work on /home/airflow/.local/lib/python3.8/site-packages/airflow/example_dags/example_branch_python_dop_operator_3.py
[2021-03-03 14:24:53,549] {scheduler_job.py:629} INFO - Processing file /home/airflow/.local/lib/python3.8/site-packages/airflow/example_dags/example_branch_python_dop_operator_3.py for tasks to queue
[2021-03-03 14:24:53,550] {logging_mixin.py:103} INFO - [2021-03-03 14:24:53,550] {dagbag.py:440} INFO - Filling up the DagBag from /home/airflow/.local/lib/python3.8/site-packages/airflow/example_dags/example_branch_python_dop_operator_3.py
[2021-03-03 14:24:53,672] {scheduler_job.py:639} INFO - DAG(s) dict_keys(['example_branch_dop_operator_v3']) retrieved from /home/airflow/.local/lib/python3.8/site-packages/airflow/example_dags/example_branch_python_dop_operator_3.py
[2021-03-03 14:24:53,674] {logging_mixin.py:103} INFO - [2021-03-03 14:24:53,673] {dag.py:1813} INFO - Sync 1 DAGs
[2021-03-03 14:24:53,814] {logging_mixin.py:103} INFO - [2021-03-03 14:24:53,813] {dag.py:2266} INFO - Setting next_dagrun for example_branch_dop_operator_v3 to 2021-03-01 00:00:00+00:00
[2021-03-03 14:24:53,902] {scheduler_job.py:189} INFO - Processing /home/airflow/.local/lib/python3.8/site-packages/airflow/example_dags/example_branch_python_dop_operator_3.py took 0.366 seconds
[2021-03-03 14:24:59,948] {scheduler_job.py:181} INFO - Started process (PID=344) to work on /home/airflow/.local/lib/python3.8/site-packages/airflow/example_dags/example_branch_python_dop_operator_3.py
[2021-03-03 14:24:59,951] {scheduler_job.py:629} INFO - Processing file /home/airflow/.local/lib/python3.8/site-packages/airflow/example_dags/example_branch_python_dop_operator_3.py for tasks to queue
[2021-03-03 14:24:59,956] {logging_mixin.py:103} INFO - [2021-03-03 14:24:59,956] {dagbag.py:440} INFO - Filling up the DagBag from /home/airflow/.local/lib/python3.8/site-packages/airflow/example_dags/example_branch_python_dop_operator_3.py
[2021-03-03 14:25:00,044] {scheduler_job.py:639} INFO - DAG(s) dict_keys(['example_branch_dop_operator_v3']) retrieved from /home/airflow/.local/lib/python3.8/site-packages/airflow/example_dags/example_branch_python_dop_operator_3.py
[2021-03-03 14:25:00,046] {logging_mixin.py:103} INFO - [2021-03-03 14:25:00,046] {dag.py:1813} INFO - Sync 1 DAGs
[2021-03-03 14:25:00,189] {logging_mixin.py:103} INFO - [2021-03-03 14:25:00,189] {dag.py:2266} INFO - Setting next_dagrun for example_branch_dop_operator_v3 to 2021-03-01 00:00:00+00:00
[2021-03-03 14:25:00,254] {scheduler_job.py:189} INFO - Processing /home/airflow/.local/lib/python3.8/site-packages/airflow/example_dags/example_branch_python_dop_operator_3.py took 0.326 seconds
[2021-03-03 14:25:05,737] {scheduler_job.py:181} INFO - Started process (PID=370) to work on /home/airflow/.local/lib/python3.8/site-packages/airflow/example_dags/example_branch_python_dop_operator_3.py
[2021-03-03 14:25:05,739] {scheduler_job.py:629} INFO - Processing file /home/airflow/.local/lib/python3.8/site-packages/airflow/example_dags/example_branch_python_dop_operator_3.py for tasks to queue
[2021-03-03 14:25:05,741] {logging_mixin.py:103} INFO - [2021-03-03 14:25:05,740] {dagbag.py:440} INFO - Filling up the DagBag from /home/airflow/.local/lib/python3.8/site-packages/airflow/example_dags/example_branch_python_dop_operator_3.py
[2021-03-03 14:25:05,818] {scheduler_job.py:639} INFO - DAG(s) dict_keys(['example_branch_dop_operator_v3']) retrieved from /home/airflow/.local/lib/python3.8/site-packages/airflow/example_dags/example_branch_python_dop_operator_3.py
[2021-03-03 14:25:05,820] {logging_mixin.py:103} INFO - [2021-03-03 14:25:05,820] {dag.py:1813} INFO - Sync 1 DAGs
[2021-03-03 14:25:06,058] {logging_mixin.py:103} INFO - [2021-03-03 14:25:06,058] {dag.py:2266} INFO - Setting next_dagrun for example_branch_dop_operator_v3 to 2021-03-01 00:00:00+00:00
[2021-03-03 14:25:06,153] {scheduler_job.py:189} INFO - Processing /home/airflow/.local/lib/python3.8/site-packages/airflow/example_dags/example_branch_python_dop_operator_3.py took 0.435 seconds
[2021-03-03 14:25:10,775] {scheduler_job.py:181} INFO - Started process (PID=396) to work on /home/airflow/.local/lib/python3.8/site-packages/airflow/example_dags/example_branch_python_dop_operator_3.py
[2021-03-03 14:25:10,778] {scheduler_job.py:629} INFO - Processing file /home/airflow/.local/lib/python3.8/site-packages/airflow/example_dags/example_branch_python_dop_operator_3.py for tasks to queue
[2021-03-03 14:25:10,779] {logging_mixin.py:103} INFO - [2021-03-03 14:25:10,779] {dagbag.py:440} INFO - Filling up the DagBag from /home/airflow/.local/lib/python3.8/site-packages/airflow/example_dags/example_branch_python_dop_operator_3.py
[2021-03-03 14:25:10,854] {scheduler_job.py:639} INFO - DAG(s) dict_keys(['example_branch_dop_operator_v3']) retrieved from /home/airflow/.local/lib/python3.8/site-packages/airflow/example_dags/example_branch_python_dop_operator_3.py
[2021-03-03 14:25:10,857] {logging_mixin.py:103} INFO - [2021-03-03 14:25:10,857] {dag.py:1813} INFO - Sync 1 DAGs
[2021-03-03 14:25:11,105] {logging_mixin.py:103} INFO - [2021-03-03 14:25:11,105] {dag.py:2266} INFO - Setting next_dagrun for example_branch_dop_operator_v3 to 2021-03-01 00:00:00+00:00
[2021-03-03 14:25:11,202] {scheduler_job.py:189} INFO - Processing /home/airflow/.local/lib/python3.8/site-packages/airflow/example_dags/example_branch_python_dop_operator_3.py took 0.462 seconds
[2021-03-03 14:25:15,719] {scheduler_job.py:181} INFO - Started process (PID=422) to work on /home/airflow/.local/lib/python3.8/site-packages/airflow/example_dags/example_branch_python_dop_operator_3.py
[2021-03-03 14:25:15,722] {scheduler_job.py:629} INFO - Processing file /home/airflow/.local/lib/python3.8/site-packages/airflow/example_dags/example_branch_python_dop_operator_3.py for tasks to queue
[2021-03-03 14:25:15,723] {logging_mixin.py:103} INFO - [2021-03-03 14:25:15,723] {dagbag.py:440} INFO - Filling up the DagBag from /home/airflow/.local/lib/python3.8/site-packages/airflow/example_dags/example_branch_python_dop_operator_3.py
[2021-03-03 14:25:15,863] {scheduler_job.py:639} INFO - DAG(s) dict_keys(['example_branch_dop_operator_v3']) retrieved from /home/airflow/.local/lib/python3.8/site-packages/airflow/example_dags/example_branch_python_dop_operator_3.py
[2021-03-03 14:25:15,865] {logging_mixin.py:103} INFO - [2021-03-03 14:25:15,865] {dag.py:1813} INFO - Sync 1 DAGs
[2021-03-03 14:25:16,095] {logging_mixin.py:103} INFO - [2021-03-03 14:25:16,094] {dag.py:2266} INFO - Setting next_dagrun for example_branch_dop_operator_v3 to 2021-03-01 00:00:00+00:00
[2021-03-03 14:25:16,237] {scheduler_job.py:189} INFO - Processing /home/airflow/.local/lib/python3.8/site-packages/airflow/example_dags/example_branch_python_dop_operator_3.py took 0.541 seconds
[2021-03-03 14:25:22,482] {scheduler_job.py:181} INFO - Started process (PID=448) to work on /home/airflow/.local/lib/python3.8/site-packages/airflow/example_dags/example_branch_python_dop_operator_3.py
[2021-03-03 14:25:22,484] {scheduler_job.py:629} INFO - Processing file /home/airflow/.local/lib/python3.8/site-packages/airflow/example_dags/example_branch_python_dop_operator_3.py for tasks to queue
[2021-03-03 14:25:22,495] {logging_mixin.py:103} INFO - [2021-03-03 14:25:22,495] {dagbag.py:440} INFO - Filling up the DagBag from /home/airflow/.local/lib/python3.8/site-packages/airflow/example_dags/example_branch_python_dop_operator_3.py
[2021-03-03 14:25:22,615] {scheduler_job.py:639} INFO - DAG(s) dict_keys(['example_branch_dop_operator_v3']) retrieved from /home/airflow/.local/lib/python3.8/site-packages/airflow/example_dags/example_branch_python_dop_operator_3.py
[2021-03-03 14:25:22,617] {logging_mixin.py:103} INFO - [2021-03-03 14:25:22,616] {dag.py:1813} INFO - Sync 1 DAGs
[2021-03-03 14:25:22,842] {logging_mixin.py:103} INFO - [2021-03-03 14:25:22,842] {dag.py:2266} INFO - Setting next_dagrun for example_branch_dop_operator_v3 to 2021-03-01 00:00:00+00:00
[2021-03-03 14:25:22,961] {scheduler_job.py:189} INFO - Processing /home/airflow/.local/lib/python3.8/site-packages/airflow/example_dags/example_branch_python_dop_operator_3.py took 0.505 seconds
[2021-03-03 14:25:28,818] {scheduler_job.py:181} INFO - Started process (PID=474) to work on /home/airflow/.local/lib/python3.8/site-packages/airflow/example_dags/example_branch_python_dop_operator_3.py
[2021-03-03 14:25:28,820] {scheduler_job.py:629} INFO - Processing file /home/airflow/.local/lib/python3.8/site-packages/airflow/example_dags/example_branch_python_dop_operator_3.py for tasks to queue
[2021-03-03 14:25:28,822] {logging_mixin.py:103} INFO - [2021-03-03 14:25:28,821] {dagbag.py:440} INFO - Filling up the DagBag from /home/airflow/.local/lib/python3.8/site-packages/airflow/example_dags/example_branch_python_dop_operator_3.py
[2021-03-03 14:25:28,945] {scheduler_job.py:639} INFO - DAG(s) dict_keys(['example_branch_dop_operator_v3']) retrieved from /home/airflow/.local/lib/python3.8/site-packages/airflow/example_dags/example_branch_python_dop_operator_3.py
[2021-03-03 14:25:28,947] {logging_mixin.py:103} INFO - [2021-03-03 14:25:28,947] {dag.py:1813} INFO - Sync 1 DAGs
[2021-03-03 14:25:29,358] {logging_mixin.py:103} INFO - [2021-03-03 14:25:29,357] {dag.py:2266} INFO - Setting next_dagrun for example_branch_dop_operator_v3 to 2021-03-01 00:00:00+00:00
[2021-03-03 14:25:29,530] {scheduler_job.py:189} INFO - Processing /home/airflow/.local/lib/python3.8/site-packages/airflow/example_dags/example_branch_python_dop_operator_3.py took 0.750 seconds
[2021-03-03 14:25:35,888] {scheduler_job.py:181} INFO - Started process (PID=500) to work on /home/airflow/.local/lib/python3.8/site-packages/airflow/example_dags/example_branch_python_dop_operator_3.py
[2021-03-03 14:25:35,890] {scheduler_job.py:629} INFO - Processing file /home/airflow/.local/lib/python3.8/site-packages/airflow/example_dags/example_branch_python_dop_operator_3.py for tasks to queue
[2021-03-03 14:25:35,891] {logging_mixin.py:103} INFO - [2021-03-03 14:25:35,891] {dagbag.py:440} INFO - Filling up the DagBag from /home/airflow/.local/lib/python3.8/site-packages/airflow/example_dags/example_branch_python_dop_operator_3.py
[2021-03-03 14:25:36,010] {scheduler_job.py:639} INFO - DAG(s) dict_keys(['example_branch_dop_operator_v3']) retrieved from /home/airflow/.local/lib/python3.8/site-packages/airflow/example_dags/example_branch_python_dop_operator_3.py
[2021-03-03 14:25:36,012] {logging_mixin.py:103} INFO - [2021-03-03 14:25:36,012] {dag.py:1813} INFO - Sync 1 DAGs
[2021-03-03 14:25:36,334] {logging_mixin.py:103} INFO - [2021-03-03 14:25:36,334] {dag.py:2266} INFO - Setting next_dagrun for example_branch_dop_operator_v3 to 2021-03-01 00:00:00+00:00
[2021-03-03 14:25:36,434] {scheduler_job.py:189} INFO - Processing /home/airflow/.local/lib/python3.8/site-packages/airflow/example_dags/example_branch_python_dop_operator_3.py took 0.584 seconds
[2021-03-03 14:25:42,448] {scheduler_job.py:181} INFO - Started process (PID=526) to work on /home/airflow/.local/lib/python3.8/site-packages/airflow/example_dags/example_branch_python_dop_operator_3.py
[2021-03-03 14:25:42,451] {scheduler_job.py:629} INFO - Processing file /home/airflow/.local/lib/python3.8/site-packages/airflow/example_dags/example_branch_python_dop_operator_3.py for tasks to queue
[2021-03-03 14:25:42,453] {logging_mixin.py:103} INFO - [2021-03-03 14:25:42,453] {dagbag.py:440} INFO - Filling up the DagBag from /home/airflow/.local/lib/python3.8/site-packages/airflow/example_dags/example_branch_python_dop_operator_3.py
[2021-03-03 14:25:42,556] {scheduler_job.py:639} INFO - DAG(s) dict_keys(['example_branch_dop_operator_v3']) retrieved from /home/airflow/.local/lib/python3.8/site-packages/airflow/example_dags/example_branch_python_dop_operator_3.py
[2021-03-03 14:25:42,558] {logging_mixin.py:103} INFO - [2021-03-03 14:25:42,558] {dag.py:1813} INFO - Sync 1 DAGs
[2021-03-03 14:25:42,858] {logging_mixin.py:103} INFO - [2021-03-03 14:25:42,858] {dag.py:2266} INFO - Setting next_dagrun for example_branch_dop_operator_v3 to 2021-03-01 00:00:00+00:00
[2021-03-03 14:25:42,939] {scheduler_job.py:189} INFO - Processing /home/airflow/.local/lib/python3.8/site-packages/airflow/example_dags/example_branch_python_dop_operator_3.py took 0.534 seconds
[2021-03-03 14:25:47,963] {scheduler_job.py:181} INFO - Started process (PID=552) to work on /home/airflow/.local/lib/python3.8/site-packages/airflow/example_dags/example_branch_python_dop_operator_3.py
[2021-03-03 14:25:47,990] {scheduler_job.py:629} INFO - Processing file /home/airflow/.local/lib/python3.8/site-packages/airflow/example_dags/example_branch_python_dop_operator_3.py for tasks to queue
[2021-03-03 14:25:47,992] {logging_mixin.py:103} INFO - [2021-03-03 14:25:47,991] {dagbag.py:440} INFO - Filling up the DagBag from /home/airflow/.local/lib/python3.8/site-packages/airflow/example_dags/example_branch_python_dop_operator_3.py
[2021-03-03 14:25:48,064] {scheduler_job.py:639} INFO - DAG(s) dict_keys(['example_branch_dop_operator_v3']) retrieved from /home/airflow/.local/lib/python3.8/site-packages/airflow/example_dags/example_branch_python_dop_operator_3.py
[2021-03-03 14:25:48,083] {logging_mixin.py:103} INFO - [2021-03-03 14:25:48,082] {dag.py:1813} INFO - Sync 1 DAGs
[2021-03-03 14:25:48,325] {logging_mixin.py:103} INFO - [2021-03-03 14:25:48,325] {dag.py:2266} INFO - Setting next_dagrun for example_branch_dop_operator_v3 to 2021-03-01 00:00:00+00:00
[2021-03-03 14:25:48,434] {scheduler_job.py:189} INFO - Processing /home/airflow/.local/lib/python3.8/site-packages/airflow/example_dags/example_branch_python_dop_operator_3.py took 0.491 seconds
[2021-03-03 14:25:53,652] {scheduler_job.py:181} INFO - Started process (PID=578) to work on /home/airflow/.local/lib/python3.8/site-packages/airflow/example_dags/example_branch_python_dop_operator_3.py
[2021-03-03 14:25:53,669] {scheduler_job.py:629} INFO - Processing file /home/airflow/.local/lib/python3.8/site-packages/airflow/example_dags/example_branch_python_dop_operator_3.py for tasks to queue
[2021-03-03 14:25:53,670] {logging_mixin.py:103} INFO - [2021-03-03 14:25:53,670] {dagbag.py:440} INFO - Filling up the DagBag from /home/airflow/.local/lib/python3.8/site-packages/airflow/example_dags/example_branch_python_dop_operator_3.py
[2021-03-03 14:25:53,730] {scheduler_job.py:639} INFO - DAG(s) dict_keys(['example_branch_dop_operator_v3']) retrieved from /home/airflow/.local/lib/python3.8/site-packages/airflow/example_dags/example_branch_python_dop_operator_3.py
[2021-03-03 14:25:53,732] {logging_mixin.py:103} INFO - [2021-03-03 14:25:53,732] {dag.py:1813} INFO - Sync 1 DAGs
[2021-03-03 14:25:53,972] {logging_mixin.py:103} INFO - [2021-03-03 14:25:53,972] {dag.py:2266} INFO - Setting next_dagrun for example_branch_dop_operator_v3 to 2021-03-01 00:00:00+00:00
[2021-03-03 14:25:54,073] {scheduler_job.py:189} INFO - Processing /home/airflow/.local/lib/python3.8/site-packages/airflow/example_dags/example_branch_python_dop_operator_3.py took 0.427 seconds
[2021-03-03 14:25:59,970] {scheduler_job.py:181} INFO - Started process (PID=605) to work on /home/airflow/.local/lib/python3.8/site-packages/airflow/example_dags/example_branch_python_dop_operator_3.py
[2021-03-03 14:25:59,978] {scheduler_job.py:629} INFO - Processing file /home/airflow/.local/lib/python3.8/site-packages/airflow/example_dags/example_branch_python_dop_operator_3.py for tasks to queue
[2021-03-03 14:25:59,980] {logging_mixin.py:103} INFO - [2021-03-03 14:25:59,979] {dagbag.py:440} INFO - Filling up the DagBag from /home/airflow/.local/lib/python3.8/site-packages/airflow/example_dags/example_branch_python_dop_operator_3.py
[2021-03-03 14:26:00,138] {scheduler_job.py:639} INFO - DAG(s) dict_keys(['example_branch_dop_operator_v3']) retrieved from /home/airflow/.local/lib/python3.8/site-packages/airflow/example_dags/example_branch_python_dop_operator_3.py
[2021-03-03 14:26:00,141] {logging_mixin.py:103} INFO - [2021-03-03 14:26:00,141] {dag.py:1813} INFO - Sync 1 DAGs
[2021-03-03 14:26:00,608] {logging_mixin.py:103} INFO - [2021-03-03 14:26:00,608] {dag.py:2266} INFO - Setting next_dagrun for example_branch_dop_operator_v3 to 2021-03-01 00:00:00+00:00
[2021-03-03 14:26:00,680] {scheduler_job.py:189} INFO - Processing /home/airflow/.local/lib/python3.8/site-packages/airflow/example_dags/example_branch_python_dop_operator_3.py took 0.749 seconds
