[2021-03-03 14:23:37,961] {scheduler_job.py:181} INFO - Started process (PID=24) to work on /home/airflow/.local/lib/python3.8/site-packages/airflow/example_dags/example_branch_operator.py
[2021-03-03 14:23:37,964] {scheduler_job.py:629} INFO - Processing file /home/airflow/.local/lib/python3.8/site-packages/airflow/example_dags/example_branch_operator.py for tasks to queue
[2021-03-03 14:23:37,965] {logging_mixin.py:103} INFO - [2021-03-03 14:23:37,965] {dagbag.py:440} INFO - Filling up the DagBag from /home/airflow/.local/lib/python3.8/site-packages/airflow/example_dags/example_branch_operator.py
[2021-03-03 14:23:38,042] {scheduler_job.py:639} INFO - DAG(s) dict_keys(['example_branch_operator']) retrieved from /home/airflow/.local/lib/python3.8/site-packages/airflow/example_dags/example_branch_operator.py
[2021-03-03 14:23:38,044] {logging_mixin.py:103} INFO - [2021-03-03 14:23:38,043] {dag.py:1813} INFO - Sync 1 DAGs
[2021-03-03 14:23:38,131] {logging_mixin.py:103} INFO - [2021-03-03 14:23:38,131] {dag.py:1832} INFO - Creating ORM DAG for example_branch_operator
[2021-03-03 14:23:38,188] {logging_mixin.py:103} INFO - [2021-03-03 14:23:38,187] {dag.py:2266} INFO - Setting next_dagrun for example_branch_operator to 2021-03-01 00:00:00+00:00
[2021-03-03 14:23:38,349] {scheduler_job.py:189} INFO - Processing /home/airflow/.local/lib/python3.8/site-packages/airflow/example_dags/example_branch_operator.py took 0.398 seconds
[2021-03-03 14:23:45,604] {scheduler_job.py:181} INFO - Started process (PID=50) to work on /home/airflow/.local/lib/python3.8/site-packages/airflow/example_dags/example_branch_operator.py
[2021-03-03 14:23:45,636] {scheduler_job.py:629} INFO - Processing file /home/airflow/.local/lib/python3.8/site-packages/airflow/example_dags/example_branch_operator.py for tasks to queue
[2021-03-03 14:23:45,637] {logging_mixin.py:103} INFO - [2021-03-03 14:23:45,637] {dagbag.py:440} INFO - Filling up the DagBag from /home/airflow/.local/lib/python3.8/site-packages/airflow/example_dags/example_branch_operator.py
[2021-03-03 14:23:45,780] {scheduler_job.py:639} INFO - DAG(s) dict_keys(['example_branch_operator']) retrieved from /home/airflow/.local/lib/python3.8/site-packages/airflow/example_dags/example_branch_operator.py
[2021-03-03 14:23:45,782] {logging_mixin.py:103} INFO - [2021-03-03 14:23:45,781] {dag.py:1813} INFO - Sync 1 DAGs
[2021-03-03 14:23:46,060] {logging_mixin.py:103} INFO - [2021-03-03 14:23:46,060] {dag.py:2266} INFO - Setting next_dagrun for example_branch_operator to 2021-03-01 00:00:00+00:00
[2021-03-03 14:23:46,155] {scheduler_job.py:189} INFO - Processing /home/airflow/.local/lib/python3.8/site-packages/airflow/example_dags/example_branch_operator.py took 0.569 seconds
[2021-03-03 14:23:53,264] {scheduler_job.py:181} INFO - Started process (PID=76) to work on /home/airflow/.local/lib/python3.8/site-packages/airflow/example_dags/example_branch_operator.py
[2021-03-03 14:23:53,303] {scheduler_job.py:629} INFO - Processing file /home/airflow/.local/lib/python3.8/site-packages/airflow/example_dags/example_branch_operator.py for tasks to queue
[2021-03-03 14:23:53,305] {logging_mixin.py:103} INFO - [2021-03-03 14:23:53,304] {dagbag.py:440} INFO - Filling up the DagBag from /home/airflow/.local/lib/python3.8/site-packages/airflow/example_dags/example_branch_operator.py
[2021-03-03 14:23:53,592] {scheduler_job.py:639} INFO - DAG(s) dict_keys(['example_branch_operator']) retrieved from /home/airflow/.local/lib/python3.8/site-packages/airflow/example_dags/example_branch_operator.py
[2021-03-03 14:23:53,621] {logging_mixin.py:103} INFO - [2021-03-03 14:23:53,620] {dag.py:1813} INFO - Sync 1 DAGs
[2021-03-03 14:23:53,942] {logging_mixin.py:103} INFO - [2021-03-03 14:23:53,942] {dag.py:2266} INFO - Setting next_dagrun for example_branch_operator to 2021-03-01 00:00:00+00:00
[2021-03-03 14:23:53,997] {scheduler_job.py:189} INFO - Processing /home/airflow/.local/lib/python3.8/site-packages/airflow/example_dags/example_branch_operator.py took 0.796 seconds
[2021-03-03 14:24:01,874] {scheduler_job.py:181} INFO - Started process (PID=103) to work on /home/airflow/.local/lib/python3.8/site-packages/airflow/example_dags/example_branch_operator.py
[2021-03-03 14:24:01,876] {scheduler_job.py:629} INFO - Processing file /home/airflow/.local/lib/python3.8/site-packages/airflow/example_dags/example_branch_operator.py for tasks to queue
[2021-03-03 14:24:01,893] {logging_mixin.py:103} INFO - [2021-03-03 14:24:01,892] {dagbag.py:440} INFO - Filling up the DagBag from /home/airflow/.local/lib/python3.8/site-packages/airflow/example_dags/example_branch_operator.py
[2021-03-03 14:24:02,053] {scheduler_job.py:639} INFO - DAG(s) dict_keys(['example_branch_operator']) retrieved from /home/airflow/.local/lib/python3.8/site-packages/airflow/example_dags/example_branch_operator.py
[2021-03-03 14:24:02,055] {logging_mixin.py:103} INFO - [2021-03-03 14:24:02,055] {dag.py:1813} INFO - Sync 1 DAGs
[2021-03-03 14:24:02,310] {logging_mixin.py:103} INFO - [2021-03-03 14:24:02,310] {dag.py:2266} INFO - Setting next_dagrun for example_branch_operator to 2021-03-01 00:00:00+00:00
[2021-03-03 14:24:02,410] {scheduler_job.py:189} INFO - Processing /home/airflow/.local/lib/python3.8/site-packages/airflow/example_dags/example_branch_operator.py took 0.557 seconds
[2021-03-03 14:24:08,606] {scheduler_job.py:181} INFO - Started process (PID=129) to work on /home/airflow/.local/lib/python3.8/site-packages/airflow/example_dags/example_branch_operator.py
[2021-03-03 14:24:08,608] {scheduler_job.py:629} INFO - Processing file /home/airflow/.local/lib/python3.8/site-packages/airflow/example_dags/example_branch_operator.py for tasks to queue
[2021-03-03 14:24:08,612] {logging_mixin.py:103} INFO - [2021-03-03 14:24:08,611] {dagbag.py:440} INFO - Filling up the DagBag from /home/airflow/.local/lib/python3.8/site-packages/airflow/example_dags/example_branch_operator.py
[2021-03-03 14:24:08,688] {scheduler_job.py:639} INFO - DAG(s) dict_keys(['example_branch_operator']) retrieved from /home/airflow/.local/lib/python3.8/site-packages/airflow/example_dags/example_branch_operator.py
[2021-03-03 14:24:08,692] {logging_mixin.py:103} INFO - [2021-03-03 14:24:08,692] {dag.py:1813} INFO - Sync 1 DAGs
[2021-03-03 14:24:08,830] {logging_mixin.py:103} INFO - [2021-03-03 14:24:08,830] {dag.py:2266} INFO - Setting next_dagrun for example_branch_operator to 2021-03-01 00:00:00+00:00
[2021-03-03 14:24:08,896] {scheduler_job.py:189} INFO - Processing /home/airflow/.local/lib/python3.8/site-packages/airflow/example_dags/example_branch_operator.py took 0.305 seconds
[2021-03-03 14:24:14,661] {scheduler_job.py:181} INFO - Started process (PID=155) to work on /home/airflow/.local/lib/python3.8/site-packages/airflow/example_dags/example_branch_operator.py
[2021-03-03 14:24:14,663] {scheduler_job.py:629} INFO - Processing file /home/airflow/.local/lib/python3.8/site-packages/airflow/example_dags/example_branch_operator.py for tasks to queue
[2021-03-03 14:24:14,664] {logging_mixin.py:103} INFO - [2021-03-03 14:24:14,664] {dagbag.py:440} INFO - Filling up the DagBag from /home/airflow/.local/lib/python3.8/site-packages/airflow/example_dags/example_branch_operator.py
[2021-03-03 14:24:14,740] {scheduler_job.py:639} INFO - DAG(s) dict_keys(['example_branch_operator']) retrieved from /home/airflow/.local/lib/python3.8/site-packages/airflow/example_dags/example_branch_operator.py
[2021-03-03 14:24:14,758] {logging_mixin.py:103} INFO - [2021-03-03 14:24:14,758] {dag.py:1813} INFO - Sync 1 DAGs
[2021-03-03 14:24:14,938] {logging_mixin.py:103} INFO - [2021-03-03 14:24:14,937] {dag.py:2266} INFO - Setting next_dagrun for example_branch_operator to 2021-03-01 00:00:00+00:00
[2021-03-03 14:24:15,058] {scheduler_job.py:189} INFO - Processing /home/airflow/.local/lib/python3.8/site-packages/airflow/example_dags/example_branch_operator.py took 0.417 seconds
[2021-03-03 14:24:20,860] {scheduler_job.py:181} INFO - Started process (PID=181) to work on /home/airflow/.local/lib/python3.8/site-packages/airflow/example_dags/example_branch_operator.py
[2021-03-03 14:24:20,886] {scheduler_job.py:629} INFO - Processing file /home/airflow/.local/lib/python3.8/site-packages/airflow/example_dags/example_branch_operator.py for tasks to queue
[2021-03-03 14:24:20,888] {logging_mixin.py:103} INFO - [2021-03-03 14:24:20,887] {dagbag.py:440} INFO - Filling up the DagBag from /home/airflow/.local/lib/python3.8/site-packages/airflow/example_dags/example_branch_operator.py
[2021-03-03 14:24:21,047] {scheduler_job.py:639} INFO - DAG(s) dict_keys(['example_branch_operator']) retrieved from /home/airflow/.local/lib/python3.8/site-packages/airflow/example_dags/example_branch_operator.py
[2021-03-03 14:24:21,048] {logging_mixin.py:103} INFO - [2021-03-03 14:24:21,048] {dag.py:1813} INFO - Sync 1 DAGs
[2021-03-03 14:24:21,187] {logging_mixin.py:103} INFO - [2021-03-03 14:24:21,187] {dag.py:2266} INFO - Setting next_dagrun for example_branch_operator to 2021-03-01 00:00:00+00:00
[2021-03-03 14:24:21,268] {scheduler_job.py:189} INFO - Processing /home/airflow/.local/lib/python3.8/site-packages/airflow/example_dags/example_branch_operator.py took 0.445 seconds
[2021-03-03 14:24:27,483] {scheduler_job.py:181} INFO - Started process (PID=207) to work on /home/airflow/.local/lib/python3.8/site-packages/airflow/example_dags/example_branch_operator.py
[2021-03-03 14:24:27,487] {scheduler_job.py:629} INFO - Processing file /home/airflow/.local/lib/python3.8/site-packages/airflow/example_dags/example_branch_operator.py for tasks to queue
[2021-03-03 14:24:27,488] {logging_mixin.py:103} INFO - [2021-03-03 14:24:27,488] {dagbag.py:440} INFO - Filling up the DagBag from /home/airflow/.local/lib/python3.8/site-packages/airflow/example_dags/example_branch_operator.py
[2021-03-03 14:24:27,545] {scheduler_job.py:639} INFO - DAG(s) dict_keys(['example_branch_operator']) retrieved from /home/airflow/.local/lib/python3.8/site-packages/airflow/example_dags/example_branch_operator.py
[2021-03-03 14:24:27,550] {logging_mixin.py:103} INFO - [2021-03-03 14:24:27,550] {dag.py:1813} INFO - Sync 1 DAGs
[2021-03-03 14:24:27,633] {logging_mixin.py:103} INFO - [2021-03-03 14:24:27,632] {dag.py:2266} INFO - Setting next_dagrun for example_branch_operator to 2021-03-01 00:00:00+00:00
[2021-03-03 14:24:27,709] {scheduler_job.py:189} INFO - Processing /home/airflow/.local/lib/python3.8/site-packages/airflow/example_dags/example_branch_operator.py took 0.249 seconds
[2021-03-03 14:24:32,527] {scheduler_job.py:181} INFO - Started process (PID=233) to work on /home/airflow/.local/lib/python3.8/site-packages/airflow/example_dags/example_branch_operator.py
[2021-03-03 14:24:32,557] {scheduler_job.py:629} INFO - Processing file /home/airflow/.local/lib/python3.8/site-packages/airflow/example_dags/example_branch_operator.py for tasks to queue
[2021-03-03 14:24:32,558] {logging_mixin.py:103} INFO - [2021-03-03 14:24:32,558] {dagbag.py:440} INFO - Filling up the DagBag from /home/airflow/.local/lib/python3.8/site-packages/airflow/example_dags/example_branch_operator.py
[2021-03-03 14:24:32,684] {scheduler_job.py:639} INFO - DAG(s) dict_keys(['example_branch_operator']) retrieved from /home/airflow/.local/lib/python3.8/site-packages/airflow/example_dags/example_branch_operator.py
[2021-03-03 14:24:32,706] {logging_mixin.py:103} INFO - [2021-03-03 14:24:32,705] {dag.py:1813} INFO - Sync 1 DAGs
[2021-03-03 14:24:32,856] {logging_mixin.py:103} INFO - [2021-03-03 14:24:32,856] {dag.py:2266} INFO - Setting next_dagrun for example_branch_operator to 2021-03-01 00:00:00+00:00
[2021-03-03 14:24:33,031] {scheduler_job.py:189} INFO - Processing /home/airflow/.local/lib/python3.8/site-packages/airflow/example_dags/example_branch_operator.py took 0.523 seconds
[2021-03-03 14:24:39,067] {scheduler_job.py:181} INFO - Started process (PID=259) to work on /home/airflow/.local/lib/python3.8/site-packages/airflow/example_dags/example_branch_operator.py
[2021-03-03 14:24:39,081] {scheduler_job.py:629} INFO - Processing file /home/airflow/.local/lib/python3.8/site-packages/airflow/example_dags/example_branch_operator.py for tasks to queue
[2021-03-03 14:24:39,082] {logging_mixin.py:103} INFO - [2021-03-03 14:24:39,082] {dagbag.py:440} INFO - Filling up the DagBag from /home/airflow/.local/lib/python3.8/site-packages/airflow/example_dags/example_branch_operator.py
[2021-03-03 14:24:39,179] {scheduler_job.py:639} INFO - DAG(s) dict_keys(['example_branch_operator']) retrieved from /home/airflow/.local/lib/python3.8/site-packages/airflow/example_dags/example_branch_operator.py
[2021-03-03 14:24:39,198] {logging_mixin.py:103} INFO - [2021-03-03 14:24:39,197] {dag.py:1813} INFO - Sync 1 DAGs
[2021-03-03 14:24:39,421] {logging_mixin.py:103} INFO - [2021-03-03 14:24:39,421] {dag.py:2266} INFO - Setting next_dagrun for example_branch_operator to 2021-03-01 00:00:00+00:00
[2021-03-03 14:24:39,623] {scheduler_job.py:189} INFO - Processing /home/airflow/.local/lib/python3.8/site-packages/airflow/example_dags/example_branch_operator.py took 0.564 seconds
[2021-03-03 14:24:45,404] {scheduler_job.py:181} INFO - Started process (PID=285) to work on /home/airflow/.local/lib/python3.8/site-packages/airflow/example_dags/example_branch_operator.py
[2021-03-03 14:24:45,407] {scheduler_job.py:629} INFO - Processing file /home/airflow/.local/lib/python3.8/site-packages/airflow/example_dags/example_branch_operator.py for tasks to queue
[2021-03-03 14:24:45,414] {logging_mixin.py:103} INFO - [2021-03-03 14:24:45,414] {dagbag.py:440} INFO - Filling up the DagBag from /home/airflow/.local/lib/python3.8/site-packages/airflow/example_dags/example_branch_operator.py
[2021-03-03 14:24:45,523] {scheduler_job.py:639} INFO - DAG(s) dict_keys(['example_branch_operator']) retrieved from /home/airflow/.local/lib/python3.8/site-packages/airflow/example_dags/example_branch_operator.py
[2021-03-03 14:24:45,533] {logging_mixin.py:103} INFO - [2021-03-03 14:24:45,533] {dag.py:1813} INFO - Sync 1 DAGs
[2021-03-03 14:24:45,719] {logging_mixin.py:103} INFO - [2021-03-03 14:24:45,719] {dag.py:2266} INFO - Setting next_dagrun for example_branch_operator to 2021-03-01 00:00:00+00:00
[2021-03-03 14:24:45,818] {scheduler_job.py:189} INFO - Processing /home/airflow/.local/lib/python3.8/site-packages/airflow/example_dags/example_branch_operator.py took 0.441 seconds
[2021-03-03 14:24:51,644] {scheduler_job.py:181} INFO - Started process (PID=311) to work on /home/airflow/.local/lib/python3.8/site-packages/airflow/example_dags/example_branch_operator.py
[2021-03-03 14:24:51,646] {scheduler_job.py:629} INFO - Processing file /home/airflow/.local/lib/python3.8/site-packages/airflow/example_dags/example_branch_operator.py for tasks to queue
[2021-03-03 14:24:51,647] {logging_mixin.py:103} INFO - [2021-03-03 14:24:51,647] {dagbag.py:440} INFO - Filling up the DagBag from /home/airflow/.local/lib/python3.8/site-packages/airflow/example_dags/example_branch_operator.py
[2021-03-03 14:24:51,705] {scheduler_job.py:639} INFO - DAG(s) dict_keys(['example_branch_operator']) retrieved from /home/airflow/.local/lib/python3.8/site-packages/airflow/example_dags/example_branch_operator.py
[2021-03-03 14:24:51,708] {logging_mixin.py:103} INFO - [2021-03-03 14:24:51,707] {dag.py:1813} INFO - Sync 1 DAGs
[2021-03-03 14:24:51,859] {logging_mixin.py:103} INFO - [2021-03-03 14:24:51,859] {dag.py:2266} INFO - Setting next_dagrun for example_branch_operator to 2021-03-01 00:00:00+00:00
[2021-03-03 14:24:51,964] {scheduler_job.py:189} INFO - Processing /home/airflow/.local/lib/python3.8/site-packages/airflow/example_dags/example_branch_operator.py took 0.333 seconds
[2021-03-03 14:24:58,167] {scheduler_job.py:181} INFO - Started process (PID=337) to work on /home/airflow/.local/lib/python3.8/site-packages/airflow/example_dags/example_branch_operator.py
[2021-03-03 14:24:58,182] {scheduler_job.py:629} INFO - Processing file /home/airflow/.local/lib/python3.8/site-packages/airflow/example_dags/example_branch_operator.py for tasks to queue
[2021-03-03 14:24:58,183] {logging_mixin.py:103} INFO - [2021-03-03 14:24:58,183] {dagbag.py:440} INFO - Filling up the DagBag from /home/airflow/.local/lib/python3.8/site-packages/airflow/example_dags/example_branch_operator.py
[2021-03-03 14:24:58,262] {scheduler_job.py:639} INFO - DAG(s) dict_keys(['example_branch_operator']) retrieved from /home/airflow/.local/lib/python3.8/site-packages/airflow/example_dags/example_branch_operator.py
[2021-03-03 14:24:58,269] {logging_mixin.py:103} INFO - [2021-03-03 14:24:58,269] {dag.py:1813} INFO - Sync 1 DAGs
[2021-03-03 14:24:58,564] {logging_mixin.py:103} INFO - [2021-03-03 14:24:58,564] {dag.py:2266} INFO - Setting next_dagrun for example_branch_operator to 2021-03-01 00:00:00+00:00
[2021-03-03 14:24:58,634] {scheduler_job.py:189} INFO - Processing /home/airflow/.local/lib/python3.8/site-packages/airflow/example_dags/example_branch_operator.py took 0.506 seconds
[2021-03-03 14:25:04,035] {scheduler_job.py:181} INFO - Started process (PID=363) to work on /home/airflow/.local/lib/python3.8/site-packages/airflow/example_dags/example_branch_operator.py
[2021-03-03 14:25:04,042] {scheduler_job.py:629} INFO - Processing file /home/airflow/.local/lib/python3.8/site-packages/airflow/example_dags/example_branch_operator.py for tasks to queue
[2021-03-03 14:25:04,043] {logging_mixin.py:103} INFO - [2021-03-03 14:25:04,043] {dagbag.py:440} INFO - Filling up the DagBag from /home/airflow/.local/lib/python3.8/site-packages/airflow/example_dags/example_branch_operator.py
[2021-03-03 14:25:04,192] {scheduler_job.py:639} INFO - DAG(s) dict_keys(['example_branch_operator']) retrieved from /home/airflow/.local/lib/python3.8/site-packages/airflow/example_dags/example_branch_operator.py
[2021-03-03 14:25:04,207] {logging_mixin.py:103} INFO - [2021-03-03 14:25:04,206] {dag.py:1813} INFO - Sync 1 DAGs
[2021-03-03 14:25:04,452] {logging_mixin.py:103} INFO - [2021-03-03 14:25:04,452] {dag.py:2266} INFO - Setting next_dagrun for example_branch_operator to 2021-03-01 00:00:00+00:00
[2021-03-03 14:25:04,565] {scheduler_job.py:189} INFO - Processing /home/airflow/.local/lib/python3.8/site-packages/airflow/example_dags/example_branch_operator.py took 0.561 seconds
[2021-03-03 14:25:09,291] {scheduler_job.py:181} INFO - Started process (PID=389) to work on /home/airflow/.local/lib/python3.8/site-packages/airflow/example_dags/example_branch_operator.py
[2021-03-03 14:25:09,309] {scheduler_job.py:629} INFO - Processing file /home/airflow/.local/lib/python3.8/site-packages/airflow/example_dags/example_branch_operator.py for tasks to queue
[2021-03-03 14:25:09,311] {logging_mixin.py:103} INFO - [2021-03-03 14:25:09,310] {dagbag.py:440} INFO - Filling up the DagBag from /home/airflow/.local/lib/python3.8/site-packages/airflow/example_dags/example_branch_operator.py
[2021-03-03 14:25:09,444] {scheduler_job.py:639} INFO - DAG(s) dict_keys(['example_branch_operator']) retrieved from /home/airflow/.local/lib/python3.8/site-packages/airflow/example_dags/example_branch_operator.py
[2021-03-03 14:25:09,455] {logging_mixin.py:103} INFO - [2021-03-03 14:25:09,454] {dag.py:1813} INFO - Sync 1 DAGs
[2021-03-03 14:25:09,725] {logging_mixin.py:103} INFO - [2021-03-03 14:25:09,725] {dag.py:2266} INFO - Setting next_dagrun for example_branch_operator to 2021-03-01 00:00:00+00:00
[2021-03-03 14:25:09,816] {scheduler_job.py:189} INFO - Processing /home/airflow/.local/lib/python3.8/site-packages/airflow/example_dags/example_branch_operator.py took 0.531 seconds
[2021-03-03 14:25:14,324] {scheduler_job.py:181} INFO - Started process (PID=415) to work on /home/airflow/.local/lib/python3.8/site-packages/airflow/example_dags/example_branch_operator.py
[2021-03-03 14:25:14,334] {scheduler_job.py:629} INFO - Processing file /home/airflow/.local/lib/python3.8/site-packages/airflow/example_dags/example_branch_operator.py for tasks to queue
[2021-03-03 14:25:14,335] {logging_mixin.py:103} INFO - [2021-03-03 14:25:14,335] {dagbag.py:440} INFO - Filling up the DagBag from /home/airflow/.local/lib/python3.8/site-packages/airflow/example_dags/example_branch_operator.py
[2021-03-03 14:25:14,443] {scheduler_job.py:639} INFO - DAG(s) dict_keys(['example_branch_operator']) retrieved from /home/airflow/.local/lib/python3.8/site-packages/airflow/example_dags/example_branch_operator.py
[2021-03-03 14:25:14,461] {logging_mixin.py:103} INFO - [2021-03-03 14:25:14,461] {dag.py:1813} INFO - Sync 1 DAGs
[2021-03-03 14:25:14,640] {logging_mixin.py:103} INFO - [2021-03-03 14:25:14,640] {dag.py:2266} INFO - Setting next_dagrun for example_branch_operator to 2021-03-01 00:00:00+00:00
[2021-03-03 14:25:14,712] {scheduler_job.py:189} INFO - Processing /home/airflow/.local/lib/python3.8/site-packages/airflow/example_dags/example_branch_operator.py took 0.407 seconds
[2021-03-03 14:25:20,643] {scheduler_job.py:181} INFO - Started process (PID=441) to work on /home/airflow/.local/lib/python3.8/site-packages/airflow/example_dags/example_branch_operator.py
[2021-03-03 14:25:20,665] {scheduler_job.py:629} INFO - Processing file /home/airflow/.local/lib/python3.8/site-packages/airflow/example_dags/example_branch_operator.py for tasks to queue
[2021-03-03 14:25:20,667] {logging_mixin.py:103} INFO - [2021-03-03 14:25:20,666] {dagbag.py:440} INFO - Filling up the DagBag from /home/airflow/.local/lib/python3.8/site-packages/airflow/example_dags/example_branch_operator.py
[2021-03-03 14:25:20,801] {scheduler_job.py:639} INFO - DAG(s) dict_keys(['example_branch_operator']) retrieved from /home/airflow/.local/lib/python3.8/site-packages/airflow/example_dags/example_branch_operator.py
[2021-03-03 14:25:20,803] {logging_mixin.py:103} INFO - [2021-03-03 14:25:20,803] {dag.py:1813} INFO - Sync 1 DAGs
[2021-03-03 14:25:21,106] {logging_mixin.py:103} INFO - [2021-03-03 14:25:21,105] {dag.py:2266} INFO - Setting next_dagrun for example_branch_operator to 2021-03-01 00:00:00+00:00
[2021-03-03 14:25:21,268] {scheduler_job.py:189} INFO - Processing /home/airflow/.local/lib/python3.8/site-packages/airflow/example_dags/example_branch_operator.py took 0.648 seconds
[2021-03-03 14:25:26,763] {scheduler_job.py:181} INFO - Started process (PID=467) to work on /home/airflow/.local/lib/python3.8/site-packages/airflow/example_dags/example_branch_operator.py
[2021-03-03 14:25:26,766] {scheduler_job.py:629} INFO - Processing file /home/airflow/.local/lib/python3.8/site-packages/airflow/example_dags/example_branch_operator.py for tasks to queue
[2021-03-03 14:25:26,767] {logging_mixin.py:103} INFO - [2021-03-03 14:25:26,767] {dagbag.py:440} INFO - Filling up the DagBag from /home/airflow/.local/lib/python3.8/site-packages/airflow/example_dags/example_branch_operator.py
[2021-03-03 14:25:26,835] {scheduler_job.py:639} INFO - DAG(s) dict_keys(['example_branch_operator']) retrieved from /home/airflow/.local/lib/python3.8/site-packages/airflow/example_dags/example_branch_operator.py
[2021-03-03 14:25:26,837] {logging_mixin.py:103} INFO - [2021-03-03 14:25:26,837] {dag.py:1813} INFO - Sync 1 DAGs
[2021-03-03 14:25:27,045] {logging_mixin.py:103} INFO - [2021-03-03 14:25:27,045] {dag.py:2266} INFO - Setting next_dagrun for example_branch_operator to 2021-03-01 00:00:00+00:00
[2021-03-03 14:25:27,175] {scheduler_job.py:189} INFO - Processing /home/airflow/.local/lib/python3.8/site-packages/airflow/example_dags/example_branch_operator.py took 0.425 seconds
[2021-03-03 14:25:34,036] {scheduler_job.py:181} INFO - Started process (PID=493) to work on /home/airflow/.local/lib/python3.8/site-packages/airflow/example_dags/example_branch_operator.py
[2021-03-03 14:25:34,047] {scheduler_job.py:629} INFO - Processing file /home/airflow/.local/lib/python3.8/site-packages/airflow/example_dags/example_branch_operator.py for tasks to queue
[2021-03-03 14:25:34,049] {logging_mixin.py:103} INFO - [2021-03-03 14:25:34,048] {dagbag.py:440} INFO - Filling up the DagBag from /home/airflow/.local/lib/python3.8/site-packages/airflow/example_dags/example_branch_operator.py
[2021-03-03 14:25:34,116] {scheduler_job.py:639} INFO - DAG(s) dict_keys(['example_branch_operator']) retrieved from /home/airflow/.local/lib/python3.8/site-packages/airflow/example_dags/example_branch_operator.py
[2021-03-03 14:25:34,118] {logging_mixin.py:103} INFO - [2021-03-03 14:25:34,118] {dag.py:1813} INFO - Sync 1 DAGs
[2021-03-03 14:25:34,289] {logging_mixin.py:103} INFO - [2021-03-03 14:25:34,288] {dag.py:2266} INFO - Setting next_dagrun for example_branch_operator to 2021-03-01 00:00:00+00:00
[2021-03-03 14:25:34,374] {scheduler_job.py:189} INFO - Processing /home/airflow/.local/lib/python3.8/site-packages/airflow/example_dags/example_branch_operator.py took 0.357 seconds
[2021-03-03 14:25:40,731] {scheduler_job.py:181} INFO - Started process (PID=519) to work on /home/airflow/.local/lib/python3.8/site-packages/airflow/example_dags/example_branch_operator.py
[2021-03-03 14:25:40,741] {scheduler_job.py:629} INFO - Processing file /home/airflow/.local/lib/python3.8/site-packages/airflow/example_dags/example_branch_operator.py for tasks to queue
[2021-03-03 14:25:40,743] {logging_mixin.py:103} INFO - [2021-03-03 14:25:40,742] {dagbag.py:440} INFO - Filling up the DagBag from /home/airflow/.local/lib/python3.8/site-packages/airflow/example_dags/example_branch_operator.py
[2021-03-03 14:25:40,815] {scheduler_job.py:639} INFO - DAG(s) dict_keys(['example_branch_operator']) retrieved from /home/airflow/.local/lib/python3.8/site-packages/airflow/example_dags/example_branch_operator.py
[2021-03-03 14:25:40,816] {logging_mixin.py:103} INFO - [2021-03-03 14:25:40,816] {dag.py:1813} INFO - Sync 1 DAGs
[2021-03-03 14:25:41,062] {logging_mixin.py:103} INFO - [2021-03-03 14:25:41,061] {dag.py:2266} INFO - Setting next_dagrun for example_branch_operator to 2021-03-01 00:00:00+00:00
[2021-03-03 14:25:41,230] {scheduler_job.py:189} INFO - Processing /home/airflow/.local/lib/python3.8/site-packages/airflow/example_dags/example_branch_operator.py took 0.510 seconds
[2021-03-03 14:25:46,682] {scheduler_job.py:181} INFO - Started process (PID=545) to work on /home/airflow/.local/lib/python3.8/site-packages/airflow/example_dags/example_branch_operator.py
[2021-03-03 14:25:46,685] {scheduler_job.py:629} INFO - Processing file /home/airflow/.local/lib/python3.8/site-packages/airflow/example_dags/example_branch_operator.py for tasks to queue
[2021-03-03 14:25:46,695] {logging_mixin.py:103} INFO - [2021-03-03 14:25:46,695] {dagbag.py:440} INFO - Filling up the DagBag from /home/airflow/.local/lib/python3.8/site-packages/airflow/example_dags/example_branch_operator.py
[2021-03-03 14:25:46,810] {scheduler_job.py:639} INFO - DAG(s) dict_keys(['example_branch_operator']) retrieved from /home/airflow/.local/lib/python3.8/site-packages/airflow/example_dags/example_branch_operator.py
[2021-03-03 14:25:46,812] {logging_mixin.py:103} INFO - [2021-03-03 14:25:46,812] {dag.py:1813} INFO - Sync 1 DAGs
[2021-03-03 14:25:46,958] {logging_mixin.py:103} INFO - [2021-03-03 14:25:46,958] {dag.py:2266} INFO - Setting next_dagrun for example_branch_operator to 2021-03-01 00:00:00+00:00
[2021-03-03 14:25:47,035] {scheduler_job.py:189} INFO - Processing /home/airflow/.local/lib/python3.8/site-packages/airflow/example_dags/example_branch_operator.py took 0.375 seconds
[2021-03-03 14:25:52,336] {scheduler_job.py:181} INFO - Started process (PID=571) to work on /home/airflow/.local/lib/python3.8/site-packages/airflow/example_dags/example_branch_operator.py
[2021-03-03 14:25:52,356] {scheduler_job.py:629} INFO - Processing file /home/airflow/.local/lib/python3.8/site-packages/airflow/example_dags/example_branch_operator.py for tasks to queue
[2021-03-03 14:25:52,363] {logging_mixin.py:103} INFO - [2021-03-03 14:25:52,362] {dagbag.py:440} INFO - Filling up the DagBag from /home/airflow/.local/lib/python3.8/site-packages/airflow/example_dags/example_branch_operator.py
[2021-03-03 14:25:52,476] {scheduler_job.py:639} INFO - DAG(s) dict_keys(['example_branch_operator']) retrieved from /home/airflow/.local/lib/python3.8/site-packages/airflow/example_dags/example_branch_operator.py
[2021-03-03 14:25:52,486] {logging_mixin.py:103} INFO - [2021-03-03 14:25:52,486] {dag.py:1813} INFO - Sync 1 DAGs
[2021-03-03 14:25:52,629] {logging_mixin.py:103} INFO - [2021-03-03 14:25:52,629] {dag.py:2266} INFO - Setting next_dagrun for example_branch_operator to 2021-03-01 00:00:00+00:00
[2021-03-03 14:25:52,675] {scheduler_job.py:189} INFO - Processing /home/airflow/.local/lib/python3.8/site-packages/airflow/example_dags/example_branch_operator.py took 0.377 seconds
[2021-03-03 14:25:58,402] {scheduler_job.py:181} INFO - Started process (PID=598) to work on /home/airflow/.local/lib/python3.8/site-packages/airflow/example_dags/example_branch_operator.py
[2021-03-03 14:25:58,409] {scheduler_job.py:629} INFO - Processing file /home/airflow/.local/lib/python3.8/site-packages/airflow/example_dags/example_branch_operator.py for tasks to queue
[2021-03-03 14:25:58,411] {logging_mixin.py:103} INFO - [2021-03-03 14:25:58,410] {dagbag.py:440} INFO - Filling up the DagBag from /home/airflow/.local/lib/python3.8/site-packages/airflow/example_dags/example_branch_operator.py
[2021-03-03 14:25:58,512] {scheduler_job.py:639} INFO - DAG(s) dict_keys(['example_branch_operator']) retrieved from /home/airflow/.local/lib/python3.8/site-packages/airflow/example_dags/example_branch_operator.py
[2021-03-03 14:25:58,526] {logging_mixin.py:103} INFO - [2021-03-03 14:25:58,525] {dag.py:1813} INFO - Sync 1 DAGs
[2021-03-03 14:25:58,680] {logging_mixin.py:103} INFO - [2021-03-03 14:25:58,680] {dag.py:2266} INFO - Setting next_dagrun for example_branch_operator to 2021-03-01 00:00:00+00:00
[2021-03-03 14:25:58,806] {scheduler_job.py:189} INFO - Processing /home/airflow/.local/lib/python3.8/site-packages/airflow/example_dags/example_branch_operator.py took 0.418 seconds
