[2021-03-03 14:23:36,017] {scheduler_job.py:181} INFO - Started process (PID=18) to work on /home/airflow/.local/lib/python3.8/site-packages/airflow/example_dags/example_xcom.py
[2021-03-03 14:23:36,033] {scheduler_job.py:629} INFO - Processing file /home/airflow/.local/lib/python3.8/site-packages/airflow/example_dags/example_xcom.py for tasks to queue
[2021-03-03 14:23:36,054] {logging_mixin.py:103} INFO - [2021-03-03 14:23:36,054] {dagbag.py:440} INFO - Filling up the DagBag from /home/airflow/.local/lib/python3.8/site-packages/airflow/example_dags/example_xcom.py
[2021-03-03 14:23:36,335] {scheduler_job.py:639} INFO - DAG(s) dict_keys(['example_xcom']) retrieved from /home/airflow/.local/lib/python3.8/site-packages/airflow/example_dags/example_xcom.py
[2021-03-03 14:23:36,343] {logging_mixin.py:103} INFO - [2021-03-03 14:23:36,343] {dag.py:1813} INFO - Sync 1 DAGs
[2021-03-03 14:23:36,508] {logging_mixin.py:103} INFO - [2021-03-03 14:23:36,507] {dag.py:1832} INFO - Creating ORM DAG for example_xcom
[2021-03-03 14:23:36,525] {logging_mixin.py:103} INFO - [2021-03-03 14:23:36,525] {dag.py:2266} INFO - Setting next_dagrun for example_xcom to 2021-03-01 00:00:00+00:00
[2021-03-03 14:23:36,622] {scheduler_job.py:189} INFO - Processing /home/airflow/.local/lib/python3.8/site-packages/airflow/example_dags/example_xcom.py took 0.644 seconds
[2021-03-03 14:23:44,244] {scheduler_job.py:181} INFO - Started process (PID=45) to work on /home/airflow/.local/lib/python3.8/site-packages/airflow/example_dags/example_xcom.py
[2021-03-03 14:23:44,258] {scheduler_job.py:629} INFO - Processing file /home/airflow/.local/lib/python3.8/site-packages/airflow/example_dags/example_xcom.py for tasks to queue
[2021-03-03 14:23:44,259] {logging_mixin.py:103} INFO - [2021-03-03 14:23:44,259] {dagbag.py:440} INFO - Filling up the DagBag from /home/airflow/.local/lib/python3.8/site-packages/airflow/example_dags/example_xcom.py
[2021-03-03 14:23:44,342] {scheduler_job.py:639} INFO - DAG(s) dict_keys(['example_xcom']) retrieved from /home/airflow/.local/lib/python3.8/site-packages/airflow/example_dags/example_xcom.py
[2021-03-03 14:23:44,343] {logging_mixin.py:103} INFO - [2021-03-03 14:23:44,343] {dag.py:1813} INFO - Sync 1 DAGs
[2021-03-03 14:23:44,479] {logging_mixin.py:103} INFO - [2021-03-03 14:23:44,479] {dag.py:2266} INFO - Setting next_dagrun for example_xcom to 2021-03-01 00:00:00+00:00
[2021-03-03 14:23:44,526] {scheduler_job.py:189} INFO - Processing /home/airflow/.local/lib/python3.8/site-packages/airflow/example_dags/example_xcom.py took 0.292 seconds
[2021-03-03 14:23:51,427] {scheduler_job.py:181} INFO - Started process (PID=71) to work on /home/airflow/.local/lib/python3.8/site-packages/airflow/example_dags/example_xcom.py
[2021-03-03 14:23:51,430] {scheduler_job.py:629} INFO - Processing file /home/airflow/.local/lib/python3.8/site-packages/airflow/example_dags/example_xcom.py for tasks to queue
[2021-03-03 14:23:51,431] {logging_mixin.py:103} INFO - [2021-03-03 14:23:51,431] {dagbag.py:440} INFO - Filling up the DagBag from /home/airflow/.local/lib/python3.8/site-packages/airflow/example_dags/example_xcom.py
[2021-03-03 14:23:51,531] {scheduler_job.py:639} INFO - DAG(s) dict_keys(['example_xcom']) retrieved from /home/airflow/.local/lib/python3.8/site-packages/airflow/example_dags/example_xcom.py
[2021-03-03 14:23:51,534] {logging_mixin.py:103} INFO - [2021-03-03 14:23:51,534] {dag.py:1813} INFO - Sync 1 DAGs
[2021-03-03 14:23:51,704] {logging_mixin.py:103} INFO - [2021-03-03 14:23:51,704] {dag.py:2266} INFO - Setting next_dagrun for example_xcom to 2021-03-01 00:00:00+00:00
[2021-03-03 14:23:51,772] {scheduler_job.py:189} INFO - Processing /home/airflow/.local/lib/python3.8/site-packages/airflow/example_dags/example_xcom.py took 0.364 seconds
[2021-03-03 14:23:59,863] {scheduler_job.py:181} INFO - Started process (PID=97) to work on /home/airflow/.local/lib/python3.8/site-packages/airflow/example_dags/example_xcom.py
[2021-03-03 14:23:59,866] {scheduler_job.py:629} INFO - Processing file /home/airflow/.local/lib/python3.8/site-packages/airflow/example_dags/example_xcom.py for tasks to queue
[2021-03-03 14:23:59,867] {logging_mixin.py:103} INFO - [2021-03-03 14:23:59,867] {dagbag.py:440} INFO - Filling up the DagBag from /home/airflow/.local/lib/python3.8/site-packages/airflow/example_dags/example_xcom.py
[2021-03-03 14:24:00,003] {scheduler_job.py:639} INFO - DAG(s) dict_keys(['example_xcom']) retrieved from /home/airflow/.local/lib/python3.8/site-packages/airflow/example_dags/example_xcom.py
[2021-03-03 14:24:00,025] {logging_mixin.py:103} INFO - [2021-03-03 14:24:00,025] {dag.py:1813} INFO - Sync 1 DAGs
[2021-03-03 14:24:00,246] {logging_mixin.py:103} INFO - [2021-03-03 14:24:00,246] {dag.py:2266} INFO - Setting next_dagrun for example_xcom to 2021-03-01 00:00:00+00:00
[2021-03-03 14:24:00,361] {scheduler_job.py:189} INFO - Processing /home/airflow/.local/lib/python3.8/site-packages/airflow/example_dags/example_xcom.py took 0.533 seconds
[2021-03-03 14:24:07,448] {scheduler_job.py:181} INFO - Started process (PID=124) to work on /home/airflow/.local/lib/python3.8/site-packages/airflow/example_dags/example_xcom.py
[2021-03-03 14:24:07,450] {scheduler_job.py:629} INFO - Processing file /home/airflow/.local/lib/python3.8/site-packages/airflow/example_dags/example_xcom.py for tasks to queue
[2021-03-03 14:24:07,452] {logging_mixin.py:103} INFO - [2021-03-03 14:24:07,451] {dagbag.py:440} INFO - Filling up the DagBag from /home/airflow/.local/lib/python3.8/site-packages/airflow/example_dags/example_xcom.py
[2021-03-03 14:24:07,518] {scheduler_job.py:639} INFO - DAG(s) dict_keys(['example_xcom']) retrieved from /home/airflow/.local/lib/python3.8/site-packages/airflow/example_dags/example_xcom.py
[2021-03-03 14:24:07,520] {logging_mixin.py:103} INFO - [2021-03-03 14:24:07,520] {dag.py:1813} INFO - Sync 1 DAGs
[2021-03-03 14:24:07,632] {logging_mixin.py:103} INFO - [2021-03-03 14:24:07,631] {dag.py:2266} INFO - Setting next_dagrun for example_xcom to 2021-03-01 00:00:00+00:00
[2021-03-03 14:24:07,702] {scheduler_job.py:189} INFO - Processing /home/airflow/.local/lib/python3.8/site-packages/airflow/example_dags/example_xcom.py took 0.281 seconds
[2021-03-03 14:24:13,353] {scheduler_job.py:181} INFO - Started process (PID=150) to work on /home/airflow/.local/lib/python3.8/site-packages/airflow/example_dags/example_xcom.py
[2021-03-03 14:24:13,355] {scheduler_job.py:629} INFO - Processing file /home/airflow/.local/lib/python3.8/site-packages/airflow/example_dags/example_xcom.py for tasks to queue
[2021-03-03 14:24:13,356] {logging_mixin.py:103} INFO - [2021-03-03 14:24:13,356] {dagbag.py:440} INFO - Filling up the DagBag from /home/airflow/.local/lib/python3.8/site-packages/airflow/example_dags/example_xcom.py
[2021-03-03 14:24:13,429] {scheduler_job.py:639} INFO - DAG(s) dict_keys(['example_xcom']) retrieved from /home/airflow/.local/lib/python3.8/site-packages/airflow/example_dags/example_xcom.py
[2021-03-03 14:24:13,431] {logging_mixin.py:103} INFO - [2021-03-03 14:24:13,431] {dag.py:1813} INFO - Sync 1 DAGs
[2021-03-03 14:24:13,522] {logging_mixin.py:103} INFO - [2021-03-03 14:24:13,522] {dag.py:2266} INFO - Setting next_dagrun for example_xcom to 2021-03-01 00:00:00+00:00
[2021-03-03 14:24:13,593] {scheduler_job.py:189} INFO - Processing /home/airflow/.local/lib/python3.8/site-packages/airflow/example_dags/example_xcom.py took 0.269 seconds
[2021-03-03 14:24:19,322] {scheduler_job.py:181} INFO - Started process (PID=176) to work on /home/airflow/.local/lib/python3.8/site-packages/airflow/example_dags/example_xcom.py
[2021-03-03 14:24:19,330] {scheduler_job.py:629} INFO - Processing file /home/airflow/.local/lib/python3.8/site-packages/airflow/example_dags/example_xcom.py for tasks to queue
[2021-03-03 14:24:19,331] {logging_mixin.py:103} INFO - [2021-03-03 14:24:19,331] {dagbag.py:440} INFO - Filling up the DagBag from /home/airflow/.local/lib/python3.8/site-packages/airflow/example_dags/example_xcom.py
[2021-03-03 14:24:19,403] {scheduler_job.py:639} INFO - DAG(s) dict_keys(['example_xcom']) retrieved from /home/airflow/.local/lib/python3.8/site-packages/airflow/example_dags/example_xcom.py
[2021-03-03 14:24:19,405] {logging_mixin.py:103} INFO - [2021-03-03 14:24:19,404] {dag.py:1813} INFO - Sync 1 DAGs
[2021-03-03 14:24:19,578] {logging_mixin.py:103} INFO - [2021-03-03 14:24:19,578] {dag.py:2266} INFO - Setting next_dagrun for example_xcom to 2021-03-01 00:00:00+00:00
[2021-03-03 14:24:19,674] {scheduler_job.py:189} INFO - Processing /home/airflow/.local/lib/python3.8/site-packages/airflow/example_dags/example_xcom.py took 0.368 seconds
[2021-03-03 14:24:26,095] {scheduler_job.py:181} INFO - Started process (PID=202) to work on /home/airflow/.local/lib/python3.8/site-packages/airflow/example_dags/example_xcom.py
[2021-03-03 14:24:26,110] {scheduler_job.py:629} INFO - Processing file /home/airflow/.local/lib/python3.8/site-packages/airflow/example_dags/example_xcom.py for tasks to queue
[2021-03-03 14:24:26,111] {logging_mixin.py:103} INFO - [2021-03-03 14:24:26,111] {dagbag.py:440} INFO - Filling up the DagBag from /home/airflow/.local/lib/python3.8/site-packages/airflow/example_dags/example_xcom.py
[2021-03-03 14:24:26,220] {scheduler_job.py:639} INFO - DAG(s) dict_keys(['example_xcom']) retrieved from /home/airflow/.local/lib/python3.8/site-packages/airflow/example_dags/example_xcom.py
[2021-03-03 14:24:26,222] {logging_mixin.py:103} INFO - [2021-03-03 14:24:26,222] {dag.py:1813} INFO - Sync 1 DAGs
[2021-03-03 14:24:26,517] {logging_mixin.py:103} INFO - [2021-03-03 14:24:26,517] {dag.py:2266} INFO - Setting next_dagrun for example_xcom to 2021-03-01 00:00:00+00:00
[2021-03-03 14:24:26,691] {scheduler_job.py:189} INFO - Processing /home/airflow/.local/lib/python3.8/site-packages/airflow/example_dags/example_xcom.py took 0.628 seconds
[2021-03-03 14:24:31,432] {scheduler_job.py:181} INFO - Started process (PID=228) to work on /home/airflow/.local/lib/python3.8/site-packages/airflow/example_dags/example_xcom.py
[2021-03-03 14:24:31,460] {scheduler_job.py:629} INFO - Processing file /home/airflow/.local/lib/python3.8/site-packages/airflow/example_dags/example_xcom.py for tasks to queue
[2021-03-03 14:24:31,461] {logging_mixin.py:103} INFO - [2021-03-03 14:24:31,461] {dagbag.py:440} INFO - Filling up the DagBag from /home/airflow/.local/lib/python3.8/site-packages/airflow/example_dags/example_xcom.py
[2021-03-03 14:24:31,522] {scheduler_job.py:639} INFO - DAG(s) dict_keys(['example_xcom']) retrieved from /home/airflow/.local/lib/python3.8/site-packages/airflow/example_dags/example_xcom.py
[2021-03-03 14:24:31,524] {logging_mixin.py:103} INFO - [2021-03-03 14:24:31,523] {dag.py:1813} INFO - Sync 1 DAGs
[2021-03-03 14:24:31,650] {logging_mixin.py:103} INFO - [2021-03-03 14:24:31,650] {dag.py:2266} INFO - Setting next_dagrun for example_xcom to 2021-03-01 00:00:00+00:00
[2021-03-03 14:24:31,725] {scheduler_job.py:189} INFO - Processing /home/airflow/.local/lib/python3.8/site-packages/airflow/example_dags/example_xcom.py took 0.307 seconds
[2021-03-03 14:24:37,795] {scheduler_job.py:181} INFO - Started process (PID=254) to work on /home/airflow/.local/lib/python3.8/site-packages/airflow/example_dags/example_xcom.py
[2021-03-03 14:24:37,806] {scheduler_job.py:629} INFO - Processing file /home/airflow/.local/lib/python3.8/site-packages/airflow/example_dags/example_xcom.py for tasks to queue
[2021-03-03 14:24:37,807] {logging_mixin.py:103} INFO - [2021-03-03 14:24:37,807] {dagbag.py:440} INFO - Filling up the DagBag from /home/airflow/.local/lib/python3.8/site-packages/airflow/example_dags/example_xcom.py
[2021-03-03 14:24:37,849] {scheduler_job.py:639} INFO - DAG(s) dict_keys(['example_xcom']) retrieved from /home/airflow/.local/lib/python3.8/site-packages/airflow/example_dags/example_xcom.py
[2021-03-03 14:24:37,851] {logging_mixin.py:103} INFO - [2021-03-03 14:24:37,851] {dag.py:1813} INFO - Sync 1 DAGs
[2021-03-03 14:24:37,908] {logging_mixin.py:103} INFO - [2021-03-03 14:24:37,907] {dag.py:2266} INFO - Setting next_dagrun for example_xcom to 2021-03-01 00:00:00+00:00
[2021-03-03 14:24:37,990] {scheduler_job.py:189} INFO - Processing /home/airflow/.local/lib/python3.8/site-packages/airflow/example_dags/example_xcom.py took 0.218 seconds
[2021-03-03 14:24:44,079] {scheduler_job.py:181} INFO - Started process (PID=280) to work on /home/airflow/.local/lib/python3.8/site-packages/airflow/example_dags/example_xcom.py
[2021-03-03 14:24:44,081] {scheduler_job.py:629} INFO - Processing file /home/airflow/.local/lib/python3.8/site-packages/airflow/example_dags/example_xcom.py for tasks to queue
[2021-03-03 14:24:44,094] {logging_mixin.py:103} INFO - [2021-03-03 14:24:44,094] {dagbag.py:440} INFO - Filling up the DagBag from /home/airflow/.local/lib/python3.8/site-packages/airflow/example_dags/example_xcom.py
[2021-03-03 14:24:44,155] {scheduler_job.py:639} INFO - DAG(s) dict_keys(['example_xcom']) retrieved from /home/airflow/.local/lib/python3.8/site-packages/airflow/example_dags/example_xcom.py
[2021-03-03 14:24:44,165] {logging_mixin.py:103} INFO - [2021-03-03 14:24:44,165] {dag.py:1813} INFO - Sync 1 DAGs
[2021-03-03 14:24:44,384] {logging_mixin.py:103} INFO - [2021-03-03 14:24:44,384] {dag.py:2266} INFO - Setting next_dagrun for example_xcom to 2021-03-01 00:00:00+00:00
[2021-03-03 14:24:44,522] {scheduler_job.py:189} INFO - Processing /home/airflow/.local/lib/python3.8/site-packages/airflow/example_dags/example_xcom.py took 0.469 seconds
[2021-03-03 14:24:50,391] {scheduler_job.py:181} INFO - Started process (PID=306) to work on /home/airflow/.local/lib/python3.8/site-packages/airflow/example_dags/example_xcom.py
[2021-03-03 14:24:50,399] {scheduler_job.py:629} INFO - Processing file /home/airflow/.local/lib/python3.8/site-packages/airflow/example_dags/example_xcom.py for tasks to queue
[2021-03-03 14:24:50,401] {logging_mixin.py:103} INFO - [2021-03-03 14:24:50,401] {dagbag.py:440} INFO - Filling up the DagBag from /home/airflow/.local/lib/python3.8/site-packages/airflow/example_dags/example_xcom.py
[2021-03-03 14:24:50,442] {scheduler_job.py:639} INFO - DAG(s) dict_keys(['example_xcom']) retrieved from /home/airflow/.local/lib/python3.8/site-packages/airflow/example_dags/example_xcom.py
[2021-03-03 14:24:50,444] {logging_mixin.py:103} INFO - [2021-03-03 14:24:50,444] {dag.py:1813} INFO - Sync 1 DAGs
[2021-03-03 14:24:50,596] {logging_mixin.py:103} INFO - [2021-03-03 14:24:50,596] {dag.py:2266} INFO - Setting next_dagrun for example_xcom to 2021-03-01 00:00:00+00:00
[2021-03-03 14:24:50,663] {scheduler_job.py:189} INFO - Processing /home/airflow/.local/lib/python3.8/site-packages/airflow/example_dags/example_xcom.py took 0.304 seconds
[2021-03-03 14:24:56,841] {scheduler_job.py:181} INFO - Started process (PID=332) to work on /home/airflow/.local/lib/python3.8/site-packages/airflow/example_dags/example_xcom.py
[2021-03-03 14:24:56,843] {scheduler_job.py:629} INFO - Processing file /home/airflow/.local/lib/python3.8/site-packages/airflow/example_dags/example_xcom.py for tasks to queue
[2021-03-03 14:24:56,844] {logging_mixin.py:103} INFO - [2021-03-03 14:24:56,844] {dagbag.py:440} INFO - Filling up the DagBag from /home/airflow/.local/lib/python3.8/site-packages/airflow/example_dags/example_xcom.py
[2021-03-03 14:24:56,900] {scheduler_job.py:639} INFO - DAG(s) dict_keys(['example_xcom']) retrieved from /home/airflow/.local/lib/python3.8/site-packages/airflow/example_dags/example_xcom.py
[2021-03-03 14:24:56,902] {logging_mixin.py:103} INFO - [2021-03-03 14:24:56,902] {dag.py:1813} INFO - Sync 1 DAGs
[2021-03-03 14:24:57,034] {logging_mixin.py:103} INFO - [2021-03-03 14:24:57,034] {dag.py:2266} INFO - Setting next_dagrun for example_xcom to 2021-03-01 00:00:00+00:00
[2021-03-03 14:24:57,156] {scheduler_job.py:189} INFO - Processing /home/airflow/.local/lib/python3.8/site-packages/airflow/example_dags/example_xcom.py took 0.334 seconds
[2021-03-03 14:25:02,669] {scheduler_job.py:181} INFO - Started process (PID=358) to work on /home/airflow/.local/lib/python3.8/site-packages/airflow/example_dags/example_xcom.py
[2021-03-03 14:25:02,677] {scheduler_job.py:629} INFO - Processing file /home/airflow/.local/lib/python3.8/site-packages/airflow/example_dags/example_xcom.py for tasks to queue
[2021-03-03 14:25:02,678] {logging_mixin.py:103} INFO - [2021-03-03 14:25:02,678] {dagbag.py:440} INFO - Filling up the DagBag from /home/airflow/.local/lib/python3.8/site-packages/airflow/example_dags/example_xcom.py
[2021-03-03 14:25:02,731] {scheduler_job.py:639} INFO - DAG(s) dict_keys(['example_xcom']) retrieved from /home/airflow/.local/lib/python3.8/site-packages/airflow/example_dags/example_xcom.py
[2021-03-03 14:25:02,733] {logging_mixin.py:103} INFO - [2021-03-03 14:25:02,733] {dag.py:1813} INFO - Sync 1 DAGs
[2021-03-03 14:25:02,855] {logging_mixin.py:103} INFO - [2021-03-03 14:25:02,854] {dag.py:2266} INFO - Setting next_dagrun for example_xcom to 2021-03-01 00:00:00+00:00
[2021-03-03 14:25:03,020] {scheduler_job.py:189} INFO - Processing /home/airflow/.local/lib/python3.8/site-packages/airflow/example_dags/example_xcom.py took 0.380 seconds
[2021-03-03 14:25:08,253] {scheduler_job.py:181} INFO - Started process (PID=384) to work on /home/airflow/.local/lib/python3.8/site-packages/airflow/example_dags/example_xcom.py
[2021-03-03 14:25:08,260] {scheduler_job.py:629} INFO - Processing file /home/airflow/.local/lib/python3.8/site-packages/airflow/example_dags/example_xcom.py for tasks to queue
[2021-03-03 14:25:08,273] {logging_mixin.py:103} INFO - [2021-03-03 14:25:08,273] {dagbag.py:440} INFO - Filling up the DagBag from /home/airflow/.local/lib/python3.8/site-packages/airflow/example_dags/example_xcom.py
[2021-03-03 14:25:08,342] {scheduler_job.py:639} INFO - DAG(s) dict_keys(['example_xcom']) retrieved from /home/airflow/.local/lib/python3.8/site-packages/airflow/example_dags/example_xcom.py
[2021-03-03 14:25:08,344] {logging_mixin.py:103} INFO - [2021-03-03 14:25:08,344] {dag.py:1813} INFO - Sync 1 DAGs
[2021-03-03 14:25:08,493] {logging_mixin.py:103} INFO - [2021-03-03 14:25:08,493] {dag.py:2266} INFO - Setting next_dagrun for example_xcom to 2021-03-01 00:00:00+00:00
[2021-03-03 14:25:08,570] {scheduler_job.py:189} INFO - Processing /home/airflow/.local/lib/python3.8/site-packages/airflow/example_dags/example_xcom.py took 0.331 seconds
[2021-03-03 14:25:13,167] {scheduler_job.py:181} INFO - Started process (PID=410) to work on /home/airflow/.local/lib/python3.8/site-packages/airflow/example_dags/example_xcom.py
[2021-03-03 14:25:13,169] {scheduler_job.py:629} INFO - Processing file /home/airflow/.local/lib/python3.8/site-packages/airflow/example_dags/example_xcom.py for tasks to queue
[2021-03-03 14:25:13,171] {logging_mixin.py:103} INFO - [2021-03-03 14:25:13,171] {dagbag.py:440} INFO - Filling up the DagBag from /home/airflow/.local/lib/python3.8/site-packages/airflow/example_dags/example_xcom.py
[2021-03-03 14:25:13,222] {scheduler_job.py:639} INFO - DAG(s) dict_keys(['example_xcom']) retrieved from /home/airflow/.local/lib/python3.8/site-packages/airflow/example_dags/example_xcom.py
[2021-03-03 14:25:13,224] {logging_mixin.py:103} INFO - [2021-03-03 14:25:13,223] {dag.py:1813} INFO - Sync 1 DAGs
[2021-03-03 14:25:13,370] {logging_mixin.py:103} INFO - [2021-03-03 14:25:13,370] {dag.py:2266} INFO - Setting next_dagrun for example_xcom to 2021-03-01 00:00:00+00:00
[2021-03-03 14:25:13,427] {scheduler_job.py:189} INFO - Processing /home/airflow/.local/lib/python3.8/site-packages/airflow/example_dags/example_xcom.py took 0.268 seconds
[2021-03-03 14:25:19,176] {scheduler_job.py:181} INFO - Started process (PID=436) to work on /home/airflow/.local/lib/python3.8/site-packages/airflow/example_dags/example_xcom.py
[2021-03-03 14:25:19,196] {scheduler_job.py:629} INFO - Processing file /home/airflow/.local/lib/python3.8/site-packages/airflow/example_dags/example_xcom.py for tasks to queue
[2021-03-03 14:25:19,197] {logging_mixin.py:103} INFO - [2021-03-03 14:25:19,197] {dagbag.py:440} INFO - Filling up the DagBag from /home/airflow/.local/lib/python3.8/site-packages/airflow/example_dags/example_xcom.py
[2021-03-03 14:25:19,393] {scheduler_job.py:639} INFO - DAG(s) dict_keys(['example_xcom']) retrieved from /home/airflow/.local/lib/python3.8/site-packages/airflow/example_dags/example_xcom.py
[2021-03-03 14:25:19,395] {logging_mixin.py:103} INFO - [2021-03-03 14:25:19,394] {dag.py:1813} INFO - Sync 1 DAGs
[2021-03-03 14:25:19,626] {logging_mixin.py:103} INFO - [2021-03-03 14:25:19,626] {dag.py:2266} INFO - Setting next_dagrun for example_xcom to 2021-03-01 00:00:00+00:00
[2021-03-03 14:25:19,738] {scheduler_job.py:189} INFO - Processing /home/airflow/.local/lib/python3.8/site-packages/airflow/example_dags/example_xcom.py took 0.598 seconds
[2021-03-03 14:25:25,475] {scheduler_job.py:181} INFO - Started process (PID=462) to work on /home/airflow/.local/lib/python3.8/site-packages/airflow/example_dags/example_xcom.py
[2021-03-03 14:25:25,486] {scheduler_job.py:629} INFO - Processing file /home/airflow/.local/lib/python3.8/site-packages/airflow/example_dags/example_xcom.py for tasks to queue
[2021-03-03 14:25:25,487] {logging_mixin.py:103} INFO - [2021-03-03 14:25:25,487] {dagbag.py:440} INFO - Filling up the DagBag from /home/airflow/.local/lib/python3.8/site-packages/airflow/example_dags/example_xcom.py
[2021-03-03 14:25:25,567] {scheduler_job.py:639} INFO - DAG(s) dict_keys(['example_xcom']) retrieved from /home/airflow/.local/lib/python3.8/site-packages/airflow/example_dags/example_xcom.py
[2021-03-03 14:25:25,581] {logging_mixin.py:103} INFO - [2021-03-03 14:25:25,581] {dag.py:1813} INFO - Sync 1 DAGs
[2021-03-03 14:25:25,722] {logging_mixin.py:103} INFO - [2021-03-03 14:25:25,722] {dag.py:2266} INFO - Setting next_dagrun for example_xcom to 2021-03-01 00:00:00+00:00
[2021-03-03 14:25:25,774] {scheduler_job.py:189} INFO - Processing /home/airflow/.local/lib/python3.8/site-packages/airflow/example_dags/example_xcom.py took 0.325 seconds
[2021-03-03 14:25:32,551] {scheduler_job.py:181} INFO - Started process (PID=488) to work on /home/airflow/.local/lib/python3.8/site-packages/airflow/example_dags/example_xcom.py
[2021-03-03 14:25:32,557] {scheduler_job.py:629} INFO - Processing file /home/airflow/.local/lib/python3.8/site-packages/airflow/example_dags/example_xcom.py for tasks to queue
[2021-03-03 14:25:32,559] {logging_mixin.py:103} INFO - [2021-03-03 14:25:32,559] {dagbag.py:440} INFO - Filling up the DagBag from /home/airflow/.local/lib/python3.8/site-packages/airflow/example_dags/example_xcom.py
[2021-03-03 14:25:32,600] {scheduler_job.py:639} INFO - DAG(s) dict_keys(['example_xcom']) retrieved from /home/airflow/.local/lib/python3.8/site-packages/airflow/example_dags/example_xcom.py
[2021-03-03 14:25:32,602] {logging_mixin.py:103} INFO - [2021-03-03 14:25:32,602] {dag.py:1813} INFO - Sync 1 DAGs
[2021-03-03 14:25:32,742] {logging_mixin.py:103} INFO - [2021-03-03 14:25:32,742] {dag.py:2266} INFO - Setting next_dagrun for example_xcom to 2021-03-01 00:00:00+00:00
[2021-03-03 14:25:32,994] {scheduler_job.py:189} INFO - Processing /home/airflow/.local/lib/python3.8/site-packages/airflow/example_dags/example_xcom.py took 0.472 seconds
[2021-03-03 14:25:39,455] {scheduler_job.py:181} INFO - Started process (PID=514) to work on /home/airflow/.local/lib/python3.8/site-packages/airflow/example_dags/example_xcom.py
[2021-03-03 14:25:39,457] {scheduler_job.py:629} INFO - Processing file /home/airflow/.local/lib/python3.8/site-packages/airflow/example_dags/example_xcom.py for tasks to queue
[2021-03-03 14:25:39,460] {logging_mixin.py:103} INFO - [2021-03-03 14:25:39,459] {dagbag.py:440} INFO - Filling up the DagBag from /home/airflow/.local/lib/python3.8/site-packages/airflow/example_dags/example_xcom.py
[2021-03-03 14:25:39,626] {scheduler_job.py:639} INFO - DAG(s) dict_keys(['example_xcom']) retrieved from /home/airflow/.local/lib/python3.8/site-packages/airflow/example_dags/example_xcom.py
[2021-03-03 14:25:39,627] {logging_mixin.py:103} INFO - [2021-03-03 14:25:39,627] {dag.py:1813} INFO - Sync 1 DAGs
[2021-03-03 14:25:39,772] {logging_mixin.py:103} INFO - [2021-03-03 14:25:39,772] {dag.py:2266} INFO - Setting next_dagrun for example_xcom to 2021-03-01 00:00:00+00:00
[2021-03-03 14:25:39,862] {scheduler_job.py:189} INFO - Processing /home/airflow/.local/lib/python3.8/site-packages/airflow/example_dags/example_xcom.py took 0.455 seconds
[2021-03-03 14:25:45,521] {scheduler_job.py:181} INFO - Started process (PID=540) to work on /home/airflow/.local/lib/python3.8/site-packages/airflow/example_dags/example_xcom.py
[2021-03-03 14:25:45,531] {scheduler_job.py:629} INFO - Processing file /home/airflow/.local/lib/python3.8/site-packages/airflow/example_dags/example_xcom.py for tasks to queue
[2021-03-03 14:25:45,543] {logging_mixin.py:103} INFO - [2021-03-03 14:25:45,543] {dagbag.py:440} INFO - Filling up the DagBag from /home/airflow/.local/lib/python3.8/site-packages/airflow/example_dags/example_xcom.py
[2021-03-03 14:25:45,590] {scheduler_job.py:639} INFO - DAG(s) dict_keys(['example_xcom']) retrieved from /home/airflow/.local/lib/python3.8/site-packages/airflow/example_dags/example_xcom.py
[2021-03-03 14:25:45,592] {logging_mixin.py:103} INFO - [2021-03-03 14:25:45,592] {dag.py:1813} INFO - Sync 1 DAGs
[2021-03-03 14:25:45,822] {logging_mixin.py:103} INFO - [2021-03-03 14:25:45,822] {dag.py:2266} INFO - Setting next_dagrun for example_xcom to 2021-03-01 00:00:00+00:00
[2021-03-03 14:25:45,970] {scheduler_job.py:189} INFO - Processing /home/airflow/.local/lib/python3.8/site-packages/airflow/example_dags/example_xcom.py took 0.470 seconds
[2021-03-03 14:25:51,076] {scheduler_job.py:181} INFO - Started process (PID=566) to work on /home/airflow/.local/lib/python3.8/site-packages/airflow/example_dags/example_xcom.py
[2021-03-03 14:25:51,079] {scheduler_job.py:629} INFO - Processing file /home/airflow/.local/lib/python3.8/site-packages/airflow/example_dags/example_xcom.py for tasks to queue
[2021-03-03 14:25:51,081] {logging_mixin.py:103} INFO - [2021-03-03 14:25:51,081] {dagbag.py:440} INFO - Filling up the DagBag from /home/airflow/.local/lib/python3.8/site-packages/airflow/example_dags/example_xcom.py
[2021-03-03 14:25:51,156] {scheduler_job.py:639} INFO - DAG(s) dict_keys(['example_xcom']) retrieved from /home/airflow/.local/lib/python3.8/site-packages/airflow/example_dags/example_xcom.py
[2021-03-03 14:25:51,171] {logging_mixin.py:103} INFO - [2021-03-03 14:25:51,170] {dag.py:1813} INFO - Sync 1 DAGs
[2021-03-03 14:25:51,328] {logging_mixin.py:103} INFO - [2021-03-03 14:25:51,327] {dag.py:2266} INFO - Setting next_dagrun for example_xcom to 2021-03-01 00:00:00+00:00
[2021-03-03 14:25:51,396] {scheduler_job.py:189} INFO - Processing /home/airflow/.local/lib/python3.8/site-packages/airflow/example_dags/example_xcom.py took 0.342 seconds
[2021-03-03 14:25:56,790] {scheduler_job.py:181} INFO - Started process (PID=592) to work on /home/airflow/.local/lib/python3.8/site-packages/airflow/example_dags/example_xcom.py
[2021-03-03 14:25:56,802] {scheduler_job.py:629} INFO - Processing file /home/airflow/.local/lib/python3.8/site-packages/airflow/example_dags/example_xcom.py for tasks to queue
[2021-03-03 14:25:56,803] {logging_mixin.py:103} INFO - [2021-03-03 14:25:56,803] {dagbag.py:440} INFO - Filling up the DagBag from /home/airflow/.local/lib/python3.8/site-packages/airflow/example_dags/example_xcom.py
[2021-03-03 14:25:56,847] {scheduler_job.py:639} INFO - DAG(s) dict_keys(['example_xcom']) retrieved from /home/airflow/.local/lib/python3.8/site-packages/airflow/example_dags/example_xcom.py
[2021-03-03 14:25:56,857] {logging_mixin.py:103} INFO - [2021-03-03 14:25:56,857] {dag.py:1813} INFO - Sync 1 DAGs
[2021-03-03 14:25:56,985] {logging_mixin.py:103} INFO - [2021-03-03 14:25:56,984] {dag.py:2266} INFO - Setting next_dagrun for example_xcom to 2021-03-01 00:00:00+00:00
[2021-03-03 14:25:57,067] {scheduler_job.py:189} INFO - Processing /home/airflow/.local/lib/python3.8/site-packages/airflow/example_dags/example_xcom.py took 0.283 seconds
