[2021-03-03 14:23:38,416] {scheduler_job.py:181} INFO - Started process (PID=26) to work on /home/airflow/.local/lib/python3.8/site-packages/airflow/example_dags/example_latest_only_with_trigger.py
[2021-03-03 14:23:38,431] {scheduler_job.py:629} INFO - Processing file /home/airflow/.local/lib/python3.8/site-packages/airflow/example_dags/example_latest_only_with_trigger.py for tasks to queue
[2021-03-03 14:23:38,432] {logging_mixin.py:103} INFO - [2021-03-03 14:23:38,432] {dagbag.py:440} INFO - Filling up the DagBag from /home/airflow/.local/lib/python3.8/site-packages/airflow/example_dags/example_latest_only_with_trigger.py
[2021-03-03 14:23:38,520] {scheduler_job.py:639} INFO - DAG(s) dict_keys(['latest_only_with_trigger']) retrieved from /home/airflow/.local/lib/python3.8/site-packages/airflow/example_dags/example_latest_only_with_trigger.py
[2021-03-03 14:23:38,523] {logging_mixin.py:103} INFO - [2021-03-03 14:23:38,522] {dag.py:1813} INFO - Sync 1 DAGs
[2021-03-03 14:23:38,592] {logging_mixin.py:103} INFO - [2021-03-03 14:23:38,592] {dag.py:1832} INFO - Creating ORM DAG for latest_only_with_trigger
[2021-03-03 14:23:38,625] {logging_mixin.py:103} INFO - [2021-03-03 14:23:38,624] {dag.py:2266} INFO - Setting next_dagrun for latest_only_with_trigger to 2021-03-01 00:00:00+00:00
[2021-03-03 14:23:38,772] {scheduler_job.py:189} INFO - Processing /home/airflow/.local/lib/python3.8/site-packages/airflow/example_dags/example_latest_only_with_trigger.py took 0.383 seconds
[2021-03-03 14:23:46,319] {scheduler_job.py:181} INFO - Started process (PID=52) to work on /home/airflow/.local/lib/python3.8/site-packages/airflow/example_dags/example_latest_only_with_trigger.py
[2021-03-03 14:23:46,321] {scheduler_job.py:629} INFO - Processing file /home/airflow/.local/lib/python3.8/site-packages/airflow/example_dags/example_latest_only_with_trigger.py for tasks to queue
[2021-03-03 14:23:46,322] {logging_mixin.py:103} INFO - [2021-03-03 14:23:46,322] {dagbag.py:440} INFO - Filling up the DagBag from /home/airflow/.local/lib/python3.8/site-packages/airflow/example_dags/example_latest_only_with_trigger.py
[2021-03-03 14:23:46,454] {scheduler_job.py:639} INFO - DAG(s) dict_keys(['latest_only_with_trigger']) retrieved from /home/airflow/.local/lib/python3.8/site-packages/airflow/example_dags/example_latest_only_with_trigger.py
[2021-03-03 14:23:46,455] {logging_mixin.py:103} INFO - [2021-03-03 14:23:46,455] {dag.py:1813} INFO - Sync 1 DAGs
[2021-03-03 14:23:46,610] {logging_mixin.py:103} INFO - [2021-03-03 14:23:46,610] {dag.py:2266} INFO - Setting next_dagrun for latest_only_with_trigger to 2021-03-01 00:00:00+00:00
[2021-03-03 14:23:46,710] {scheduler_job.py:189} INFO - Processing /home/airflow/.local/lib/python3.8/site-packages/airflow/example_dags/example_latest_only_with_trigger.py took 0.415 seconds
[2021-03-03 14:23:54,141] {scheduler_job.py:181} INFO - Started process (PID=78) to work on /home/airflow/.local/lib/python3.8/site-packages/airflow/example_dags/example_latest_only_with_trigger.py
[2021-03-03 14:23:54,144] {scheduler_job.py:629} INFO - Processing file /home/airflow/.local/lib/python3.8/site-packages/airflow/example_dags/example_latest_only_with_trigger.py for tasks to queue
[2021-03-03 14:23:54,165] {logging_mixin.py:103} INFO - [2021-03-03 14:23:54,145] {dagbag.py:440} INFO - Filling up the DagBag from /home/airflow/.local/lib/python3.8/site-packages/airflow/example_dags/example_latest_only_with_trigger.py
[2021-03-03 14:23:54,305] {scheduler_job.py:639} INFO - DAG(s) dict_keys(['latest_only_with_trigger']) retrieved from /home/airflow/.local/lib/python3.8/site-packages/airflow/example_dags/example_latest_only_with_trigger.py
[2021-03-03 14:23:54,307] {logging_mixin.py:103} INFO - [2021-03-03 14:23:54,307] {dag.py:1813} INFO - Sync 1 DAGs
[2021-03-03 14:23:54,634] {logging_mixin.py:103} INFO - [2021-03-03 14:23:54,634] {dag.py:2266} INFO - Setting next_dagrun for latest_only_with_trigger to 2021-03-01 00:00:00+00:00
[2021-03-03 14:23:54,727] {scheduler_job.py:189} INFO - Processing /home/airflow/.local/lib/python3.8/site-packages/airflow/example_dags/example_latest_only_with_trigger.py took 0.639 seconds
[2021-03-03 14:24:02,543] {scheduler_job.py:181} INFO - Started process (PID=105) to work on /home/airflow/.local/lib/python3.8/site-packages/airflow/example_dags/example_latest_only_with_trigger.py
[2021-03-03 14:24:02,562] {scheduler_job.py:629} INFO - Processing file /home/airflow/.local/lib/python3.8/site-packages/airflow/example_dags/example_latest_only_with_trigger.py for tasks to queue
[2021-03-03 14:24:02,563] {logging_mixin.py:103} INFO - [2021-03-03 14:24:02,563] {dagbag.py:440} INFO - Filling up the DagBag from /home/airflow/.local/lib/python3.8/site-packages/airflow/example_dags/example_latest_only_with_trigger.py
[2021-03-03 14:24:02,664] {scheduler_job.py:639} INFO - DAG(s) dict_keys(['latest_only_with_trigger']) retrieved from /home/airflow/.local/lib/python3.8/site-packages/airflow/example_dags/example_latest_only_with_trigger.py
[2021-03-03 14:24:02,666] {logging_mixin.py:103} INFO - [2021-03-03 14:24:02,666] {dag.py:1813} INFO - Sync 1 DAGs
[2021-03-03 14:24:02,940] {logging_mixin.py:103} INFO - [2021-03-03 14:24:02,940] {dag.py:2266} INFO - Setting next_dagrun for latest_only_with_trigger to 2021-03-01 00:00:00+00:00
[2021-03-03 14:24:03,177] {scheduler_job.py:189} INFO - Processing /home/airflow/.local/lib/python3.8/site-packages/airflow/example_dags/example_latest_only_with_trigger.py took 0.660 seconds
[2021-03-03 14:24:09,007] {scheduler_job.py:181} INFO - Started process (PID=131) to work on /home/airflow/.local/lib/python3.8/site-packages/airflow/example_dags/example_latest_only_with_trigger.py
[2021-03-03 14:24:09,018] {scheduler_job.py:629} INFO - Processing file /home/airflow/.local/lib/python3.8/site-packages/airflow/example_dags/example_latest_only_with_trigger.py for tasks to queue
[2021-03-03 14:24:09,019] {logging_mixin.py:103} INFO - [2021-03-03 14:24:09,019] {dagbag.py:440} INFO - Filling up the DagBag from /home/airflow/.local/lib/python3.8/site-packages/airflow/example_dags/example_latest_only_with_trigger.py
[2021-03-03 14:24:09,139] {scheduler_job.py:639} INFO - DAG(s) dict_keys(['latest_only_with_trigger']) retrieved from /home/airflow/.local/lib/python3.8/site-packages/airflow/example_dags/example_latest_only_with_trigger.py
[2021-03-03 14:24:09,176] {logging_mixin.py:103} INFO - [2021-03-03 14:24:09,141] {dag.py:1813} INFO - Sync 1 DAGs
[2021-03-03 14:24:09,346] {logging_mixin.py:103} INFO - [2021-03-03 14:24:09,346] {dag.py:2266} INFO - Setting next_dagrun for latest_only_with_trigger to 2021-03-01 00:00:00+00:00
[2021-03-03 14:24:09,486] {scheduler_job.py:189} INFO - Processing /home/airflow/.local/lib/python3.8/site-packages/airflow/example_dags/example_latest_only_with_trigger.py took 0.512 seconds
[2021-03-03 14:24:15,148] {scheduler_job.py:181} INFO - Started process (PID=157) to work on /home/airflow/.local/lib/python3.8/site-packages/airflow/example_dags/example_latest_only_with_trigger.py
[2021-03-03 14:24:15,150] {scheduler_job.py:629} INFO - Processing file /home/airflow/.local/lib/python3.8/site-packages/airflow/example_dags/example_latest_only_with_trigger.py for tasks to queue
[2021-03-03 14:24:15,151] {logging_mixin.py:103} INFO - [2021-03-03 14:24:15,151] {dagbag.py:440} INFO - Filling up the DagBag from /home/airflow/.local/lib/python3.8/site-packages/airflow/example_dags/example_latest_only_with_trigger.py
[2021-03-03 14:24:15,188] {scheduler_job.py:639} INFO - DAG(s) dict_keys(['latest_only_with_trigger']) retrieved from /home/airflow/.local/lib/python3.8/site-packages/airflow/example_dags/example_latest_only_with_trigger.py
[2021-03-03 14:24:15,190] {logging_mixin.py:103} INFO - [2021-03-03 14:24:15,190] {dag.py:1813} INFO - Sync 1 DAGs
[2021-03-03 14:24:15,287] {logging_mixin.py:103} INFO - [2021-03-03 14:24:15,287] {dag.py:2266} INFO - Setting next_dagrun for latest_only_with_trigger to 2021-03-01 00:00:00+00:00
[2021-03-03 14:24:15,365] {scheduler_job.py:189} INFO - Processing /home/airflow/.local/lib/python3.8/site-packages/airflow/example_dags/example_latest_only_with_trigger.py took 0.231 seconds
[2021-03-03 14:24:21,361] {scheduler_job.py:181} INFO - Started process (PID=183) to work on /home/airflow/.local/lib/python3.8/site-packages/airflow/example_dags/example_latest_only_with_trigger.py
[2021-03-03 14:24:21,363] {scheduler_job.py:629} INFO - Processing file /home/airflow/.local/lib/python3.8/site-packages/airflow/example_dags/example_latest_only_with_trigger.py for tasks to queue
[2021-03-03 14:24:21,364] {logging_mixin.py:103} INFO - [2021-03-03 14:24:21,364] {dagbag.py:440} INFO - Filling up the DagBag from /home/airflow/.local/lib/python3.8/site-packages/airflow/example_dags/example_latest_only_with_trigger.py
[2021-03-03 14:24:21,483] {scheduler_job.py:639} INFO - DAG(s) dict_keys(['latest_only_with_trigger']) retrieved from /home/airflow/.local/lib/python3.8/site-packages/airflow/example_dags/example_latest_only_with_trigger.py
[2021-03-03 14:24:21,497] {logging_mixin.py:103} INFO - [2021-03-03 14:24:21,497] {dag.py:1813} INFO - Sync 1 DAGs
[2021-03-03 14:24:21,598] {logging_mixin.py:103} INFO - [2021-03-03 14:24:21,598] {dag.py:2266} INFO - Setting next_dagrun for latest_only_with_trigger to 2021-03-01 00:00:00+00:00
[2021-03-03 14:24:21,660] {scheduler_job.py:189} INFO - Processing /home/airflow/.local/lib/python3.8/site-packages/airflow/example_dags/example_latest_only_with_trigger.py took 0.330 seconds
[2021-03-03 14:24:27,803] {scheduler_job.py:181} INFO - Started process (PID=209) to work on /home/airflow/.local/lib/python3.8/site-packages/airflow/example_dags/example_latest_only_with_trigger.py
[2021-03-03 14:24:27,805] {scheduler_job.py:629} INFO - Processing file /home/airflow/.local/lib/python3.8/site-packages/airflow/example_dags/example_latest_only_with_trigger.py for tasks to queue
[2021-03-03 14:24:27,807] {logging_mixin.py:103} INFO - [2021-03-03 14:24:27,806] {dagbag.py:440} INFO - Filling up the DagBag from /home/airflow/.local/lib/python3.8/site-packages/airflow/example_dags/example_latest_only_with_trigger.py
[2021-03-03 14:24:27,838] {scheduler_job.py:639} INFO - DAG(s) dict_keys(['latest_only_with_trigger']) retrieved from /home/airflow/.local/lib/python3.8/site-packages/airflow/example_dags/example_latest_only_with_trigger.py
[2021-03-03 14:24:27,840] {logging_mixin.py:103} INFO - [2021-03-03 14:24:27,840] {dag.py:1813} INFO - Sync 1 DAGs
[2021-03-03 14:24:27,986] {logging_mixin.py:103} INFO - [2021-03-03 14:24:27,986] {dag.py:2266} INFO - Setting next_dagrun for latest_only_with_trigger to 2021-03-01 00:00:00+00:00
[2021-03-03 14:24:28,088] {scheduler_job.py:189} INFO - Processing /home/airflow/.local/lib/python3.8/site-packages/airflow/example_dags/example_latest_only_with_trigger.py took 0.294 seconds
[2021-03-03 14:24:33,100] {scheduler_job.py:181} INFO - Started process (PID=235) to work on /home/airflow/.local/lib/python3.8/site-packages/airflow/example_dags/example_latest_only_with_trigger.py
[2021-03-03 14:24:33,102] {scheduler_job.py:629} INFO - Processing file /home/airflow/.local/lib/python3.8/site-packages/airflow/example_dags/example_latest_only_with_trigger.py for tasks to queue
[2021-03-03 14:24:33,103] {logging_mixin.py:103} INFO - [2021-03-03 14:24:33,103] {dagbag.py:440} INFO - Filling up the DagBag from /home/airflow/.local/lib/python3.8/site-packages/airflow/example_dags/example_latest_only_with_trigger.py
[2021-03-03 14:24:33,158] {scheduler_job.py:639} INFO - DAG(s) dict_keys(['latest_only_with_trigger']) retrieved from /home/airflow/.local/lib/python3.8/site-packages/airflow/example_dags/example_latest_only_with_trigger.py
[2021-03-03 14:24:33,160] {logging_mixin.py:103} INFO - [2021-03-03 14:24:33,160] {dag.py:1813} INFO - Sync 1 DAGs
[2021-03-03 14:24:33,330] {logging_mixin.py:103} INFO - [2021-03-03 14:24:33,329] {dag.py:2266} INFO - Setting next_dagrun for latest_only_with_trigger to 2021-03-01 00:00:00+00:00
[2021-03-03 14:24:33,454] {scheduler_job.py:189} INFO - Processing /home/airflow/.local/lib/python3.8/site-packages/airflow/example_dags/example_latest_only_with_trigger.py took 0.367 seconds
[2021-03-03 14:24:39,745] {scheduler_job.py:181} INFO - Started process (PID=261) to work on /home/airflow/.local/lib/python3.8/site-packages/airflow/example_dags/example_latest_only_with_trigger.py
[2021-03-03 14:24:39,747] {scheduler_job.py:629} INFO - Processing file /home/airflow/.local/lib/python3.8/site-packages/airflow/example_dags/example_latest_only_with_trigger.py for tasks to queue
[2021-03-03 14:24:39,749] {logging_mixin.py:103} INFO - [2021-03-03 14:24:39,748] {dagbag.py:440} INFO - Filling up the DagBag from /home/airflow/.local/lib/python3.8/site-packages/airflow/example_dags/example_latest_only_with_trigger.py
[2021-03-03 14:24:39,853] {scheduler_job.py:639} INFO - DAG(s) dict_keys(['latest_only_with_trigger']) retrieved from /home/airflow/.local/lib/python3.8/site-packages/airflow/example_dags/example_latest_only_with_trigger.py
[2021-03-03 14:24:39,855] {logging_mixin.py:103} INFO - [2021-03-03 14:24:39,854] {dag.py:1813} INFO - Sync 1 DAGs
[2021-03-03 14:24:39,975] {logging_mixin.py:103} INFO - [2021-03-03 14:24:39,974] {dag.py:2266} INFO - Setting next_dagrun for latest_only_with_trigger to 2021-03-01 00:00:00+00:00
[2021-03-03 14:24:40,043] {scheduler_job.py:189} INFO - Processing /home/airflow/.local/lib/python3.8/site-packages/airflow/example_dags/example_latest_only_with_trigger.py took 0.308 seconds
[2021-03-03 14:24:45,882] {scheduler_job.py:181} INFO - Started process (PID=287) to work on /home/airflow/.local/lib/python3.8/site-packages/airflow/example_dags/example_latest_only_with_trigger.py
[2021-03-03 14:24:45,884] {scheduler_job.py:629} INFO - Processing file /home/airflow/.local/lib/python3.8/site-packages/airflow/example_dags/example_latest_only_with_trigger.py for tasks to queue
[2021-03-03 14:24:45,918] {logging_mixin.py:103} INFO - [2021-03-03 14:24:45,918] {dagbag.py:440} INFO - Filling up the DagBag from /home/airflow/.local/lib/python3.8/site-packages/airflow/example_dags/example_latest_only_with_trigger.py
[2021-03-03 14:24:46,039] {scheduler_job.py:639} INFO - DAG(s) dict_keys(['latest_only_with_trigger']) retrieved from /home/airflow/.local/lib/python3.8/site-packages/airflow/example_dags/example_latest_only_with_trigger.py
[2021-03-03 14:24:46,079] {logging_mixin.py:103} INFO - [2021-03-03 14:24:46,078] {dag.py:1813} INFO - Sync 1 DAGs
[2021-03-03 14:24:46,304] {logging_mixin.py:103} INFO - [2021-03-03 14:24:46,304] {dag.py:2266} INFO - Setting next_dagrun for latest_only_with_trigger to 2021-03-01 00:00:00+00:00
[2021-03-03 14:24:46,419] {scheduler_job.py:189} INFO - Processing /home/airflow/.local/lib/python3.8/site-packages/airflow/example_dags/example_latest_only_with_trigger.py took 0.565 seconds
[2021-03-03 14:24:52,089] {scheduler_job.py:181} INFO - Started process (PID=313) to work on /home/airflow/.local/lib/python3.8/site-packages/airflow/example_dags/example_latest_only_with_trigger.py
[2021-03-03 14:24:52,092] {scheduler_job.py:629} INFO - Processing file /home/airflow/.local/lib/python3.8/site-packages/airflow/example_dags/example_latest_only_with_trigger.py for tasks to queue
[2021-03-03 14:24:52,093] {logging_mixin.py:103} INFO - [2021-03-03 14:24:52,093] {dagbag.py:440} INFO - Filling up the DagBag from /home/airflow/.local/lib/python3.8/site-packages/airflow/example_dags/example_latest_only_with_trigger.py
[2021-03-03 14:24:52,194] {scheduler_job.py:639} INFO - DAG(s) dict_keys(['latest_only_with_trigger']) retrieved from /home/airflow/.local/lib/python3.8/site-packages/airflow/example_dags/example_latest_only_with_trigger.py
[2021-03-03 14:24:52,196] {logging_mixin.py:103} INFO - [2021-03-03 14:24:52,196] {dag.py:1813} INFO - Sync 1 DAGs
[2021-03-03 14:24:52,384] {logging_mixin.py:103} INFO - [2021-03-03 14:24:52,384] {dag.py:2266} INFO - Setting next_dagrun for latest_only_with_trigger to 2021-03-01 00:00:00+00:00
[2021-03-03 14:24:52,486] {scheduler_job.py:189} INFO - Processing /home/airflow/.local/lib/python3.8/site-packages/airflow/example_dags/example_latest_only_with_trigger.py took 0.403 seconds
[2021-03-03 14:24:58,731] {scheduler_job.py:181} INFO - Started process (PID=339) to work on /home/airflow/.local/lib/python3.8/site-packages/airflow/example_dags/example_latest_only_with_trigger.py
[2021-03-03 14:24:58,738] {scheduler_job.py:629} INFO - Processing file /home/airflow/.local/lib/python3.8/site-packages/airflow/example_dags/example_latest_only_with_trigger.py for tasks to queue
[2021-03-03 14:24:58,739] {logging_mixin.py:103} INFO - [2021-03-03 14:24:58,739] {dagbag.py:440} INFO - Filling up the DagBag from /home/airflow/.local/lib/python3.8/site-packages/airflow/example_dags/example_latest_only_with_trigger.py
[2021-03-03 14:24:58,818] {scheduler_job.py:639} INFO - DAG(s) dict_keys(['latest_only_with_trigger']) retrieved from /home/airflow/.local/lib/python3.8/site-packages/airflow/example_dags/example_latest_only_with_trigger.py
[2021-03-03 14:24:58,820] {logging_mixin.py:103} INFO - [2021-03-03 14:24:58,820] {dag.py:1813} INFO - Sync 1 DAGs
[2021-03-03 14:24:58,995] {logging_mixin.py:103} INFO - [2021-03-03 14:24:58,995] {dag.py:2266} INFO - Setting next_dagrun for latest_only_with_trigger to 2021-03-01 00:00:00+00:00
[2021-03-03 14:24:59,100] {scheduler_job.py:189} INFO - Processing /home/airflow/.local/lib/python3.8/site-packages/airflow/example_dags/example_latest_only_with_trigger.py took 0.400 seconds
[2021-03-03 14:25:04,674] {scheduler_job.py:181} INFO - Started process (PID=365) to work on /home/airflow/.local/lib/python3.8/site-packages/airflow/example_dags/example_latest_only_with_trigger.py
[2021-03-03 14:25:04,682] {scheduler_job.py:629} INFO - Processing file /home/airflow/.local/lib/python3.8/site-packages/airflow/example_dags/example_latest_only_with_trigger.py for tasks to queue
[2021-03-03 14:25:04,683] {logging_mixin.py:103} INFO - [2021-03-03 14:25:04,683] {dagbag.py:440} INFO - Filling up the DagBag from /home/airflow/.local/lib/python3.8/site-packages/airflow/example_dags/example_latest_only_with_trigger.py
[2021-03-03 14:25:04,728] {scheduler_job.py:639} INFO - DAG(s) dict_keys(['latest_only_with_trigger']) retrieved from /home/airflow/.local/lib/python3.8/site-packages/airflow/example_dags/example_latest_only_with_trigger.py
[2021-03-03 14:25:04,730] {logging_mixin.py:103} INFO - [2021-03-03 14:25:04,729] {dag.py:1813} INFO - Sync 1 DAGs
[2021-03-03 14:25:04,821] {logging_mixin.py:103} INFO - [2021-03-03 14:25:04,820] {dag.py:2266} INFO - Setting next_dagrun for latest_only_with_trigger to 2021-03-01 00:00:00+00:00
[2021-03-03 14:25:04,879] {scheduler_job.py:189} INFO - Processing /home/airflow/.local/lib/python3.8/site-packages/airflow/example_dags/example_latest_only_with_trigger.py took 0.216 seconds
[2021-03-03 14:25:09,902] {scheduler_job.py:181} INFO - Started process (PID=391) to work on /home/airflow/.local/lib/python3.8/site-packages/airflow/example_dags/example_latest_only_with_trigger.py
[2021-03-03 14:25:09,904] {scheduler_job.py:629} INFO - Processing file /home/airflow/.local/lib/python3.8/site-packages/airflow/example_dags/example_latest_only_with_trigger.py for tasks to queue
[2021-03-03 14:25:09,908] {logging_mixin.py:103} INFO - [2021-03-03 14:25:09,908] {dagbag.py:440} INFO - Filling up the DagBag from /home/airflow/.local/lib/python3.8/site-packages/airflow/example_dags/example_latest_only_with_trigger.py
[2021-03-03 14:25:09,952] {scheduler_job.py:639} INFO - DAG(s) dict_keys(['latest_only_with_trigger']) retrieved from /home/airflow/.local/lib/python3.8/site-packages/airflow/example_dags/example_latest_only_with_trigger.py
[2021-03-03 14:25:09,966] {logging_mixin.py:103} INFO - [2021-03-03 14:25:09,966] {dag.py:1813} INFO - Sync 1 DAGs
[2021-03-03 14:25:10,066] {logging_mixin.py:103} INFO - [2021-03-03 14:25:10,066] {dag.py:2266} INFO - Setting next_dagrun for latest_only_with_trigger to 2021-03-01 00:00:00+00:00
[2021-03-03 14:25:10,161] {scheduler_job.py:189} INFO - Processing /home/airflow/.local/lib/python3.8/site-packages/airflow/example_dags/example_latest_only_with_trigger.py took 0.277 seconds
[2021-03-03 14:25:14,777] {scheduler_job.py:181} INFO - Started process (PID=417) to work on /home/airflow/.local/lib/python3.8/site-packages/airflow/example_dags/example_latest_only_with_trigger.py
[2021-03-03 14:25:14,779] {scheduler_job.py:629} INFO - Processing file /home/airflow/.local/lib/python3.8/site-packages/airflow/example_dags/example_latest_only_with_trigger.py for tasks to queue
[2021-03-03 14:25:14,780] {logging_mixin.py:103} INFO - [2021-03-03 14:25:14,780] {dagbag.py:440} INFO - Filling up the DagBag from /home/airflow/.local/lib/python3.8/site-packages/airflow/example_dags/example_latest_only_with_trigger.py
[2021-03-03 14:25:14,848] {scheduler_job.py:639} INFO - DAG(s) dict_keys(['latest_only_with_trigger']) retrieved from /home/airflow/.local/lib/python3.8/site-packages/airflow/example_dags/example_latest_only_with_trigger.py
[2021-03-03 14:25:14,854] {logging_mixin.py:103} INFO - [2021-03-03 14:25:14,854] {dag.py:1813} INFO - Sync 1 DAGs
[2021-03-03 14:25:15,036] {logging_mixin.py:103} INFO - [2021-03-03 14:25:15,036] {dag.py:2266} INFO - Setting next_dagrun for latest_only_with_trigger to 2021-03-01 00:00:00+00:00
[2021-03-03 14:25:15,129] {scheduler_job.py:189} INFO - Processing /home/airflow/.local/lib/python3.8/site-packages/airflow/example_dags/example_latest_only_with_trigger.py took 0.379 seconds
[2021-03-03 14:25:21,373] {scheduler_job.py:181} INFO - Started process (PID=443) to work on /home/airflow/.local/lib/python3.8/site-packages/airflow/example_dags/example_latest_only_with_trigger.py
[2021-03-03 14:25:21,375] {scheduler_job.py:629} INFO - Processing file /home/airflow/.local/lib/python3.8/site-packages/airflow/example_dags/example_latest_only_with_trigger.py for tasks to queue
[2021-03-03 14:25:21,376] {logging_mixin.py:103} INFO - [2021-03-03 14:25:21,376] {dagbag.py:440} INFO - Filling up the DagBag from /home/airflow/.local/lib/python3.8/site-packages/airflow/example_dags/example_latest_only_with_trigger.py
[2021-03-03 14:25:21,463] {scheduler_job.py:639} INFO - DAG(s) dict_keys(['latest_only_with_trigger']) retrieved from /home/airflow/.local/lib/python3.8/site-packages/airflow/example_dags/example_latest_only_with_trigger.py
[2021-03-03 14:25:21,465] {logging_mixin.py:103} INFO - [2021-03-03 14:25:21,464] {dag.py:1813} INFO - Sync 1 DAGs
[2021-03-03 14:25:21,536] {logging_mixin.py:103} INFO - [2021-03-03 14:25:21,535] {dag.py:2266} INFO - Setting next_dagrun for latest_only_with_trigger to 2021-03-01 00:00:00+00:00
[2021-03-03 14:25:21,643] {scheduler_job.py:189} INFO - Processing /home/airflow/.local/lib/python3.8/site-packages/airflow/example_dags/example_latest_only_with_trigger.py took 0.300 seconds
[2021-03-03 14:25:27,244] {scheduler_job.py:181} INFO - Started process (PID=469) to work on /home/airflow/.local/lib/python3.8/site-packages/airflow/example_dags/example_latest_only_with_trigger.py
[2021-03-03 14:25:27,246] {scheduler_job.py:629} INFO - Processing file /home/airflow/.local/lib/python3.8/site-packages/airflow/example_dags/example_latest_only_with_trigger.py for tasks to queue
[2021-03-03 14:25:27,247] {logging_mixin.py:103} INFO - [2021-03-03 14:25:27,247] {dagbag.py:440} INFO - Filling up the DagBag from /home/airflow/.local/lib/python3.8/site-packages/airflow/example_dags/example_latest_only_with_trigger.py
[2021-03-03 14:25:27,279] {scheduler_job.py:639} INFO - DAG(s) dict_keys(['latest_only_with_trigger']) retrieved from /home/airflow/.local/lib/python3.8/site-packages/airflow/example_dags/example_latest_only_with_trigger.py
[2021-03-03 14:25:27,282] {logging_mixin.py:103} INFO - [2021-03-03 14:25:27,282] {dag.py:1813} INFO - Sync 1 DAGs
[2021-03-03 14:25:27,406] {logging_mixin.py:103} INFO - [2021-03-03 14:25:27,406] {dag.py:2266} INFO - Setting next_dagrun for latest_only_with_trigger to 2021-03-01 00:00:00+00:00
[2021-03-03 14:25:27,484] {scheduler_job.py:189} INFO - Processing /home/airflow/.local/lib/python3.8/site-packages/airflow/example_dags/example_latest_only_with_trigger.py took 0.252 seconds
[2021-03-03 14:25:34,466] {scheduler_job.py:181} INFO - Started process (PID=495) to work on /home/airflow/.local/lib/python3.8/site-packages/airflow/example_dags/example_latest_only_with_trigger.py
[2021-03-03 14:25:34,468] {scheduler_job.py:629} INFO - Processing file /home/airflow/.local/lib/python3.8/site-packages/airflow/example_dags/example_latest_only_with_trigger.py for tasks to queue
[2021-03-03 14:25:34,486] {logging_mixin.py:103} INFO - [2021-03-03 14:25:34,485] {dagbag.py:440} INFO - Filling up the DagBag from /home/airflow/.local/lib/python3.8/site-packages/airflow/example_dags/example_latest_only_with_trigger.py
[2021-03-03 14:25:34,564] {scheduler_job.py:639} INFO - DAG(s) dict_keys(['latest_only_with_trigger']) retrieved from /home/airflow/.local/lib/python3.8/site-packages/airflow/example_dags/example_latest_only_with_trigger.py
[2021-03-03 14:25:34,575] {logging_mixin.py:103} INFO - [2021-03-03 14:25:34,575] {dag.py:1813} INFO - Sync 1 DAGs
[2021-03-03 14:25:34,711] {logging_mixin.py:103} INFO - [2021-03-03 14:25:34,710] {dag.py:2266} INFO - Setting next_dagrun for latest_only_with_trigger to 2021-03-01 00:00:00+00:00
[2021-03-03 14:25:34,777] {scheduler_job.py:189} INFO - Processing /home/airflow/.local/lib/python3.8/site-packages/airflow/example_dags/example_latest_only_with_trigger.py took 0.339 seconds
[2021-03-03 14:25:41,380] {scheduler_job.py:181} INFO - Started process (PID=521) to work on /home/airflow/.local/lib/python3.8/site-packages/airflow/example_dags/example_latest_only_with_trigger.py
[2021-03-03 14:25:41,391] {scheduler_job.py:629} INFO - Processing file /home/airflow/.local/lib/python3.8/site-packages/airflow/example_dags/example_latest_only_with_trigger.py for tasks to queue
[2021-03-03 14:25:41,396] {logging_mixin.py:103} INFO - [2021-03-03 14:25:41,396] {dagbag.py:440} INFO - Filling up the DagBag from /home/airflow/.local/lib/python3.8/site-packages/airflow/example_dags/example_latest_only_with_trigger.py
[2021-03-03 14:25:41,462] {scheduler_job.py:639} INFO - DAG(s) dict_keys(['latest_only_with_trigger']) retrieved from /home/airflow/.local/lib/python3.8/site-packages/airflow/example_dags/example_latest_only_with_trigger.py
[2021-03-03 14:25:41,464] {logging_mixin.py:103} INFO - [2021-03-03 14:25:41,463] {dag.py:1813} INFO - Sync 1 DAGs
[2021-03-03 14:25:41,654] {logging_mixin.py:103} INFO - [2021-03-03 14:25:41,654] {dag.py:2266} INFO - Setting next_dagrun for latest_only_with_trigger to 2021-03-01 00:00:00+00:00
[2021-03-03 14:25:41,723] {scheduler_job.py:189} INFO - Processing /home/airflow/.local/lib/python3.8/site-packages/airflow/example_dags/example_latest_only_with_trigger.py took 0.363 seconds
[2021-03-03 14:25:47,091] {scheduler_job.py:181} INFO - Started process (PID=547) to work on /home/airflow/.local/lib/python3.8/site-packages/airflow/example_dags/example_latest_only_with_trigger.py
[2021-03-03 14:25:47,097] {scheduler_job.py:629} INFO - Processing file /home/airflow/.local/lib/python3.8/site-packages/airflow/example_dags/example_latest_only_with_trigger.py for tasks to queue
[2021-03-03 14:25:47,100] {logging_mixin.py:103} INFO - [2021-03-03 14:25:47,099] {dagbag.py:440} INFO - Filling up the DagBag from /home/airflow/.local/lib/python3.8/site-packages/airflow/example_dags/example_latest_only_with_trigger.py
[2021-03-03 14:25:47,136] {scheduler_job.py:639} INFO - DAG(s) dict_keys(['latest_only_with_trigger']) retrieved from /home/airflow/.local/lib/python3.8/site-packages/airflow/example_dags/example_latest_only_with_trigger.py
[2021-03-03 14:25:47,138] {logging_mixin.py:103} INFO - [2021-03-03 14:25:47,138] {dag.py:1813} INFO - Sync 1 DAGs
[2021-03-03 14:25:47,212] {logging_mixin.py:103} INFO - [2021-03-03 14:25:47,212] {dag.py:2266} INFO - Setting next_dagrun for latest_only_with_trigger to 2021-03-01 00:00:00+00:00
[2021-03-03 14:25:47,267] {scheduler_job.py:189} INFO - Processing /home/airflow/.local/lib/python3.8/site-packages/airflow/example_dags/example_latest_only_with_trigger.py took 0.190 seconds
[2021-03-03 14:25:52,719] {scheduler_job.py:181} INFO - Started process (PID=573) to work on /home/airflow/.local/lib/python3.8/site-packages/airflow/example_dags/example_latest_only_with_trigger.py
[2021-03-03 14:25:52,722] {scheduler_job.py:629} INFO - Processing file /home/airflow/.local/lib/python3.8/site-packages/airflow/example_dags/example_latest_only_with_trigger.py for tasks to queue
[2021-03-03 14:25:52,723] {logging_mixin.py:103} INFO - [2021-03-03 14:25:52,723] {dagbag.py:440} INFO - Filling up the DagBag from /home/airflow/.local/lib/python3.8/site-packages/airflow/example_dags/example_latest_only_with_trigger.py
[2021-03-03 14:25:52,801] {scheduler_job.py:639} INFO - DAG(s) dict_keys(['latest_only_with_trigger']) retrieved from /home/airflow/.local/lib/python3.8/site-packages/airflow/example_dags/example_latest_only_with_trigger.py
[2021-03-03 14:25:52,813] {logging_mixin.py:103} INFO - [2021-03-03 14:25:52,813] {dag.py:1813} INFO - Sync 1 DAGs
[2021-03-03 14:25:52,913] {logging_mixin.py:103} INFO - [2021-03-03 14:25:52,913] {dag.py:2266} INFO - Setting next_dagrun for latest_only_with_trigger to 2021-03-01 00:00:00+00:00
[2021-03-03 14:25:52,976] {scheduler_job.py:189} INFO - Processing /home/airflow/.local/lib/python3.8/site-packages/airflow/example_dags/example_latest_only_with_trigger.py took 0.265 seconds
[2021-03-03 14:25:58,860] {scheduler_job.py:181} INFO - Started process (PID=600) to work on /home/airflow/.local/lib/python3.8/site-packages/airflow/example_dags/example_latest_only_with_trigger.py
[2021-03-03 14:25:58,877] {scheduler_job.py:629} INFO - Processing file /home/airflow/.local/lib/python3.8/site-packages/airflow/example_dags/example_latest_only_with_trigger.py for tasks to queue
[2021-03-03 14:25:58,878] {logging_mixin.py:103} INFO - [2021-03-03 14:25:58,878] {dagbag.py:440} INFO - Filling up the DagBag from /home/airflow/.local/lib/python3.8/site-packages/airflow/example_dags/example_latest_only_with_trigger.py
[2021-03-03 14:25:58,911] {scheduler_job.py:639} INFO - DAG(s) dict_keys(['latest_only_with_trigger']) retrieved from /home/airflow/.local/lib/python3.8/site-packages/airflow/example_dags/example_latest_only_with_trigger.py
[2021-03-03 14:25:58,916] {logging_mixin.py:103} INFO - [2021-03-03 14:25:58,913] {dag.py:1813} INFO - Sync 1 DAGs
[2021-03-03 14:25:59,013] {logging_mixin.py:103} INFO - [2021-03-03 14:25:59,013] {dag.py:2266} INFO - Setting next_dagrun for latest_only_with_trigger to 2021-03-01 00:00:00+00:00
[2021-03-03 14:25:59,067] {scheduler_job.py:189} INFO - Processing /home/airflow/.local/lib/python3.8/site-packages/airflow/example_dags/example_latest_only_with_trigger.py took 0.217 seconds
