[2021-03-03 14:23:38,856] {scheduler_job.py:181} INFO - Started process (PID=28) to work on /home/airflow/.local/lib/python3.8/site-packages/airflow/example_dags/example_trigger_controller_dag.py
[2021-03-03 14:23:38,885] {scheduler_job.py:629} INFO - Processing file /home/airflow/.local/lib/python3.8/site-packages/airflow/example_dags/example_trigger_controller_dag.py for tasks to queue
[2021-03-03 14:23:38,886] {logging_mixin.py:103} INFO - [2021-03-03 14:23:38,886] {dagbag.py:440} INFO - Filling up the DagBag from /home/airflow/.local/lib/python3.8/site-packages/airflow/example_dags/example_trigger_controller_dag.py
[2021-03-03 14:23:38,927] {scheduler_job.py:639} INFO - DAG(s) dict_keys(['example_trigger_controller_dag']) retrieved from /home/airflow/.local/lib/python3.8/site-packages/airflow/example_dags/example_trigger_controller_dag.py
[2021-03-03 14:23:38,929] {logging_mixin.py:103} INFO - [2021-03-03 14:23:38,929] {dag.py:1813} INFO - Sync 1 DAGs
[2021-03-03 14:23:39,073] {logging_mixin.py:103} INFO - [2021-03-03 14:23:39,072] {dag.py:1832} INFO - Creating ORM DAG for example_trigger_controller_dag
[2021-03-03 14:23:39,121] {logging_mixin.py:103} INFO - [2021-03-03 14:23:39,120] {dag.py:2266} INFO - Setting next_dagrun for example_trigger_controller_dag to 2021-03-01 00:00:00+00:00
[2021-03-03 14:23:39,322] {scheduler_job.py:189} INFO - Processing /home/airflow/.local/lib/python3.8/site-packages/airflow/example_dags/example_trigger_controller_dag.py took 0.475 seconds
[2021-03-03 14:23:46,871] {scheduler_job.py:181} INFO - Started process (PID=54) to work on /home/airflow/.local/lib/python3.8/site-packages/airflow/example_dags/example_trigger_controller_dag.py
[2021-03-03 14:23:46,888] {scheduler_job.py:629} INFO - Processing file /home/airflow/.local/lib/python3.8/site-packages/airflow/example_dags/example_trigger_controller_dag.py for tasks to queue
[2021-03-03 14:23:46,901] {logging_mixin.py:103} INFO - [2021-03-03 14:23:46,901] {dagbag.py:440} INFO - Filling up the DagBag from /home/airflow/.local/lib/python3.8/site-packages/airflow/example_dags/example_trigger_controller_dag.py
[2021-03-03 14:23:46,965] {scheduler_job.py:639} INFO - DAG(s) dict_keys(['example_trigger_controller_dag']) retrieved from /home/airflow/.local/lib/python3.8/site-packages/airflow/example_dags/example_trigger_controller_dag.py
[2021-03-03 14:23:46,967] {logging_mixin.py:103} INFO - [2021-03-03 14:23:46,967] {dag.py:1813} INFO - Sync 1 DAGs
[2021-03-03 14:23:47,125] {logging_mixin.py:103} INFO - [2021-03-03 14:23:47,125] {dag.py:2266} INFO - Setting next_dagrun for example_trigger_controller_dag to 2021-03-01 00:00:00+00:00
[2021-03-03 14:23:47,238] {scheduler_job.py:189} INFO - Processing /home/airflow/.local/lib/python3.8/site-packages/airflow/example_dags/example_trigger_controller_dag.py took 0.398 seconds
[2021-03-03 14:23:54,893] {scheduler_job.py:181} INFO - Started process (PID=80) to work on /home/airflow/.local/lib/python3.8/site-packages/airflow/example_dags/example_trigger_controller_dag.py
[2021-03-03 14:23:54,895] {scheduler_job.py:629} INFO - Processing file /home/airflow/.local/lib/python3.8/site-packages/airflow/example_dags/example_trigger_controller_dag.py for tasks to queue
[2021-03-03 14:23:54,897] {logging_mixin.py:103} INFO - [2021-03-03 14:23:54,896] {dagbag.py:440} INFO - Filling up the DagBag from /home/airflow/.local/lib/python3.8/site-packages/airflow/example_dags/example_trigger_controller_dag.py
[2021-03-03 14:23:55,028] {scheduler_job.py:639} INFO - DAG(s) dict_keys(['example_trigger_controller_dag']) retrieved from /home/airflow/.local/lib/python3.8/site-packages/airflow/example_dags/example_trigger_controller_dag.py
[2021-03-03 14:23:55,047] {logging_mixin.py:103} INFO - [2021-03-03 14:23:55,047] {dag.py:1813} INFO - Sync 1 DAGs
[2021-03-03 14:23:55,266] {logging_mixin.py:103} INFO - [2021-03-03 14:23:55,266] {dag.py:2266} INFO - Setting next_dagrun for example_trigger_controller_dag to 2021-03-01 00:00:00+00:00
[2021-03-03 14:23:55,349] {scheduler_job.py:189} INFO - Processing /home/airflow/.local/lib/python3.8/site-packages/airflow/example_dags/example_trigger_controller_dag.py took 0.503 seconds
[2021-03-03 14:24:03,384] {scheduler_job.py:181} INFO - Started process (PID=107) to work on /home/airflow/.local/lib/python3.8/site-packages/airflow/example_dags/example_trigger_controller_dag.py
[2021-03-03 14:24:03,414] {scheduler_job.py:629} INFO - Processing file /home/airflow/.local/lib/python3.8/site-packages/airflow/example_dags/example_trigger_controller_dag.py for tasks to queue
[2021-03-03 14:24:03,416] {logging_mixin.py:103} INFO - [2021-03-03 14:24:03,415] {dagbag.py:440} INFO - Filling up the DagBag from /home/airflow/.local/lib/python3.8/site-packages/airflow/example_dags/example_trigger_controller_dag.py
[2021-03-03 14:24:03,613] {scheduler_job.py:639} INFO - DAG(s) dict_keys(['example_trigger_controller_dag']) retrieved from /home/airflow/.local/lib/python3.8/site-packages/airflow/example_dags/example_trigger_controller_dag.py
[2021-03-03 14:24:03,615] {logging_mixin.py:103} INFO - [2021-03-03 14:24:03,615] {dag.py:1813} INFO - Sync 1 DAGs
[2021-03-03 14:24:03,767] {logging_mixin.py:103} INFO - [2021-03-03 14:24:03,767] {dag.py:2266} INFO - Setting next_dagrun for example_trigger_controller_dag to 2021-03-01 00:00:00+00:00
[2021-03-03 14:24:03,807] {scheduler_job.py:189} INFO - Processing /home/airflow/.local/lib/python3.8/site-packages/airflow/example_dags/example_trigger_controller_dag.py took 0.463 seconds
[2021-03-03 14:24:09,609] {scheduler_job.py:181} INFO - Started process (PID=133) to work on /home/airflow/.local/lib/python3.8/site-packages/airflow/example_dags/example_trigger_controller_dag.py
[2021-03-03 14:24:09,612] {scheduler_job.py:629} INFO - Processing file /home/airflow/.local/lib/python3.8/site-packages/airflow/example_dags/example_trigger_controller_dag.py for tasks to queue
[2021-03-03 14:24:09,613] {logging_mixin.py:103} INFO - [2021-03-03 14:24:09,613] {dagbag.py:440} INFO - Filling up the DagBag from /home/airflow/.local/lib/python3.8/site-packages/airflow/example_dags/example_trigger_controller_dag.py
[2021-03-03 14:24:09,663] {scheduler_job.py:639} INFO - DAG(s) dict_keys(['example_trigger_controller_dag']) retrieved from /home/airflow/.local/lib/python3.8/site-packages/airflow/example_dags/example_trigger_controller_dag.py
[2021-03-03 14:24:09,670] {logging_mixin.py:103} INFO - [2021-03-03 14:24:09,670] {dag.py:1813} INFO - Sync 1 DAGs
[2021-03-03 14:24:09,850] {logging_mixin.py:103} INFO - [2021-03-03 14:24:09,850] {dag.py:2266} INFO - Setting next_dagrun for example_trigger_controller_dag to 2021-03-01 00:00:00+00:00
[2021-03-03 14:24:09,970] {scheduler_job.py:189} INFO - Processing /home/airflow/.local/lib/python3.8/site-packages/airflow/example_dags/example_trigger_controller_dag.py took 0.390 seconds
[2021-03-03 14:24:15,446] {scheduler_job.py:181} INFO - Started process (PID=159) to work on /home/airflow/.local/lib/python3.8/site-packages/airflow/example_dags/example_trigger_controller_dag.py
[2021-03-03 14:24:15,448] {scheduler_job.py:629} INFO - Processing file /home/airflow/.local/lib/python3.8/site-packages/airflow/example_dags/example_trigger_controller_dag.py for tasks to queue
[2021-03-03 14:24:15,450] {logging_mixin.py:103} INFO - [2021-03-03 14:24:15,449] {dagbag.py:440} INFO - Filling up the DagBag from /home/airflow/.local/lib/python3.8/site-packages/airflow/example_dags/example_trigger_controller_dag.py
[2021-03-03 14:24:15,482] {scheduler_job.py:639} INFO - DAG(s) dict_keys(['example_trigger_controller_dag']) retrieved from /home/airflow/.local/lib/python3.8/site-packages/airflow/example_dags/example_trigger_controller_dag.py
[2021-03-03 14:24:15,484] {logging_mixin.py:103} INFO - [2021-03-03 14:24:15,484] {dag.py:1813} INFO - Sync 1 DAGs
[2021-03-03 14:24:15,564] {logging_mixin.py:103} INFO - [2021-03-03 14:24:15,563] {dag.py:2266} INFO - Setting next_dagrun for example_trigger_controller_dag to 2021-03-01 00:00:00+00:00
[2021-03-03 14:24:15,636] {scheduler_job.py:189} INFO - Processing /home/airflow/.local/lib/python3.8/site-packages/airflow/example_dags/example_trigger_controller_dag.py took 0.209 seconds
[2021-03-03 14:24:21,779] {scheduler_job.py:181} INFO - Started process (PID=185) to work on /home/airflow/.local/lib/python3.8/site-packages/airflow/example_dags/example_trigger_controller_dag.py
[2021-03-03 14:24:21,789] {scheduler_job.py:629} INFO - Processing file /home/airflow/.local/lib/python3.8/site-packages/airflow/example_dags/example_trigger_controller_dag.py for tasks to queue
[2021-03-03 14:24:21,791] {logging_mixin.py:103} INFO - [2021-03-03 14:24:21,790] {dagbag.py:440} INFO - Filling up the DagBag from /home/airflow/.local/lib/python3.8/site-packages/airflow/example_dags/example_trigger_controller_dag.py
[2021-03-03 14:24:21,881] {scheduler_job.py:639} INFO - DAG(s) dict_keys(['example_trigger_controller_dag']) retrieved from /home/airflow/.local/lib/python3.8/site-packages/airflow/example_dags/example_trigger_controller_dag.py
[2021-03-03 14:24:21,883] {logging_mixin.py:103} INFO - [2021-03-03 14:24:21,883] {dag.py:1813} INFO - Sync 1 DAGs
[2021-03-03 14:24:22,047] {logging_mixin.py:103} INFO - [2021-03-03 14:24:22,047] {dag.py:2266} INFO - Setting next_dagrun for example_trigger_controller_dag to 2021-03-01 00:00:00+00:00
[2021-03-03 14:24:22,144] {scheduler_job.py:189} INFO - Processing /home/airflow/.local/lib/python3.8/site-packages/airflow/example_dags/example_trigger_controller_dag.py took 0.401 seconds
[2021-03-03 14:24:28,169] {scheduler_job.py:181} INFO - Started process (PID=211) to work on /home/airflow/.local/lib/python3.8/site-packages/airflow/example_dags/example_trigger_controller_dag.py
[2021-03-03 14:24:28,171] {scheduler_job.py:629} INFO - Processing file /home/airflow/.local/lib/python3.8/site-packages/airflow/example_dags/example_trigger_controller_dag.py for tasks to queue
[2021-03-03 14:24:28,172] {logging_mixin.py:103} INFO - [2021-03-03 14:24:28,172] {dagbag.py:440} INFO - Filling up the DagBag from /home/airflow/.local/lib/python3.8/site-packages/airflow/example_dags/example_trigger_controller_dag.py
[2021-03-03 14:24:28,209] {scheduler_job.py:639} INFO - DAG(s) dict_keys(['example_trigger_controller_dag']) retrieved from /home/airflow/.local/lib/python3.8/site-packages/airflow/example_dags/example_trigger_controller_dag.py
[2021-03-03 14:24:28,211] {logging_mixin.py:103} INFO - [2021-03-03 14:24:28,211] {dag.py:1813} INFO - Sync 1 DAGs
[2021-03-03 14:24:28,320] {logging_mixin.py:103} INFO - [2021-03-03 14:24:28,320] {dag.py:2266} INFO - Setting next_dagrun for example_trigger_controller_dag to 2021-03-01 00:00:00+00:00
[2021-03-03 14:24:28,398] {scheduler_job.py:189} INFO - Processing /home/airflow/.local/lib/python3.8/site-packages/airflow/example_dags/example_trigger_controller_dag.py took 0.237 seconds
[2021-03-03 14:24:33,541] {scheduler_job.py:181} INFO - Started process (PID=237) to work on /home/airflow/.local/lib/python3.8/site-packages/airflow/example_dags/example_trigger_controller_dag.py
[2021-03-03 14:24:33,543] {scheduler_job.py:629} INFO - Processing file /home/airflow/.local/lib/python3.8/site-packages/airflow/example_dags/example_trigger_controller_dag.py for tasks to queue
[2021-03-03 14:24:33,545] {logging_mixin.py:103} INFO - [2021-03-03 14:24:33,544] {dagbag.py:440} INFO - Filling up the DagBag from /home/airflow/.local/lib/python3.8/site-packages/airflow/example_dags/example_trigger_controller_dag.py
[2021-03-03 14:24:33,597] {scheduler_job.py:639} INFO - DAG(s) dict_keys(['example_trigger_controller_dag']) retrieved from /home/airflow/.local/lib/python3.8/site-packages/airflow/example_dags/example_trigger_controller_dag.py
[2021-03-03 14:24:33,599] {logging_mixin.py:103} INFO - [2021-03-03 14:24:33,599] {dag.py:1813} INFO - Sync 1 DAGs
[2021-03-03 14:24:33,689] {logging_mixin.py:103} INFO - [2021-03-03 14:24:33,688] {dag.py:2266} INFO - Setting next_dagrun for example_trigger_controller_dag to 2021-03-01 00:00:00+00:00
[2021-03-03 14:24:33,768] {scheduler_job.py:189} INFO - Processing /home/airflow/.local/lib/python3.8/site-packages/airflow/example_dags/example_trigger_controller_dag.py took 0.249 seconds
[2021-03-03 14:24:40,120] {scheduler_job.py:181} INFO - Started process (PID=263) to work on /home/airflow/.local/lib/python3.8/site-packages/airflow/example_dags/example_trigger_controller_dag.py
[2021-03-03 14:24:40,123] {scheduler_job.py:629} INFO - Processing file /home/airflow/.local/lib/python3.8/site-packages/airflow/example_dags/example_trigger_controller_dag.py for tasks to queue
[2021-03-03 14:24:40,132] {logging_mixin.py:103} INFO - [2021-03-03 14:24:40,132] {dagbag.py:440} INFO - Filling up the DagBag from /home/airflow/.local/lib/python3.8/site-packages/airflow/example_dags/example_trigger_controller_dag.py
[2021-03-03 14:24:40,192] {scheduler_job.py:639} INFO - DAG(s) dict_keys(['example_trigger_controller_dag']) retrieved from /home/airflow/.local/lib/python3.8/site-packages/airflow/example_dags/example_trigger_controller_dag.py
[2021-03-03 14:24:40,202] {logging_mixin.py:103} INFO - [2021-03-03 14:24:40,202] {dag.py:1813} INFO - Sync 1 DAGs
[2021-03-03 14:24:40,305] {logging_mixin.py:103} INFO - [2021-03-03 14:24:40,305] {dag.py:2266} INFO - Setting next_dagrun for example_trigger_controller_dag to 2021-03-01 00:00:00+00:00
[2021-03-03 14:24:40,412] {scheduler_job.py:189} INFO - Processing /home/airflow/.local/lib/python3.8/site-packages/airflow/example_dags/example_trigger_controller_dag.py took 0.302 seconds
[2021-03-03 14:24:46,552] {scheduler_job.py:181} INFO - Started process (PID=289) to work on /home/airflow/.local/lib/python3.8/site-packages/airflow/example_dags/example_trigger_controller_dag.py
[2021-03-03 14:24:46,582] {scheduler_job.py:629} INFO - Processing file /home/airflow/.local/lib/python3.8/site-packages/airflow/example_dags/example_trigger_controller_dag.py for tasks to queue
[2021-03-03 14:24:46,583] {logging_mixin.py:103} INFO - [2021-03-03 14:24:46,583] {dagbag.py:440} INFO - Filling up the DagBag from /home/airflow/.local/lib/python3.8/site-packages/airflow/example_dags/example_trigger_controller_dag.py
[2021-03-03 14:24:46,684] {scheduler_job.py:639} INFO - DAG(s) dict_keys(['example_trigger_controller_dag']) retrieved from /home/airflow/.local/lib/python3.8/site-packages/airflow/example_dags/example_trigger_controller_dag.py
[2021-03-03 14:24:46,718] {logging_mixin.py:103} INFO - [2021-03-03 14:24:46,718] {dag.py:1813} INFO - Sync 1 DAGs
[2021-03-03 14:24:46,883] {logging_mixin.py:103} INFO - [2021-03-03 14:24:46,882] {dag.py:2266} INFO - Setting next_dagrun for example_trigger_controller_dag to 2021-03-01 00:00:00+00:00
[2021-03-03 14:24:46,954] {scheduler_job.py:189} INFO - Processing /home/airflow/.local/lib/python3.8/site-packages/airflow/example_dags/example_trigger_controller_dag.py took 0.432 seconds
[2021-03-03 14:24:53,041] {scheduler_job.py:181} INFO - Started process (PID=315) to work on /home/airflow/.local/lib/python3.8/site-packages/airflow/example_dags/example_trigger_controller_dag.py
[2021-03-03 14:24:53,043] {scheduler_job.py:629} INFO - Processing file /home/airflow/.local/lib/python3.8/site-packages/airflow/example_dags/example_trigger_controller_dag.py for tasks to queue
[2021-03-03 14:24:53,044] {logging_mixin.py:103} INFO - [2021-03-03 14:24:53,044] {dagbag.py:440} INFO - Filling up the DagBag from /home/airflow/.local/lib/python3.8/site-packages/airflow/example_dags/example_trigger_controller_dag.py
[2021-03-03 14:24:53,130] {scheduler_job.py:639} INFO - DAG(s) dict_keys(['example_trigger_controller_dag']) retrieved from /home/airflow/.local/lib/python3.8/site-packages/airflow/example_dags/example_trigger_controller_dag.py
[2021-03-03 14:24:53,131] {logging_mixin.py:103} INFO - [2021-03-03 14:24:53,131] {dag.py:1813} INFO - Sync 1 DAGs
[2021-03-03 14:24:53,322] {logging_mixin.py:103} INFO - [2021-03-03 14:24:53,322] {dag.py:2266} INFO - Setting next_dagrun for example_trigger_controller_dag to 2021-03-01 00:00:00+00:00
[2021-03-03 14:24:53,424] {scheduler_job.py:189} INFO - Processing /home/airflow/.local/lib/python3.8/site-packages/airflow/example_dags/example_trigger_controller_dag.py took 0.402 seconds
[2021-03-03 14:24:59,230] {scheduler_job.py:181} INFO - Started process (PID=341) to work on /home/airflow/.local/lib/python3.8/site-packages/airflow/example_dags/example_trigger_controller_dag.py
[2021-03-03 14:24:59,232] {scheduler_job.py:629} INFO - Processing file /home/airflow/.local/lib/python3.8/site-packages/airflow/example_dags/example_trigger_controller_dag.py for tasks to queue
[2021-03-03 14:24:59,233] {logging_mixin.py:103} INFO - [2021-03-03 14:24:59,233] {dagbag.py:440} INFO - Filling up the DagBag from /home/airflow/.local/lib/python3.8/site-packages/airflow/example_dags/example_trigger_controller_dag.py
[2021-03-03 14:24:59,303] {scheduler_job.py:639} INFO - DAG(s) dict_keys(['example_trigger_controller_dag']) retrieved from /home/airflow/.local/lib/python3.8/site-packages/airflow/example_dags/example_trigger_controller_dag.py
[2021-03-03 14:24:59,321] {logging_mixin.py:103} INFO - [2021-03-03 14:24:59,321] {dag.py:1813} INFO - Sync 1 DAGs
[2021-03-03 14:24:59,542] {logging_mixin.py:103} INFO - [2021-03-03 14:24:59,542] {dag.py:2266} INFO - Setting next_dagrun for example_trigger_controller_dag to 2021-03-01 00:00:00+00:00
[2021-03-03 14:24:59,703] {scheduler_job.py:189} INFO - Processing /home/airflow/.local/lib/python3.8/site-packages/airflow/example_dags/example_trigger_controller_dag.py took 0.507 seconds
[2021-03-03 14:25:05,018] {scheduler_job.py:181} INFO - Started process (PID=367) to work on /home/airflow/.local/lib/python3.8/site-packages/airflow/example_dags/example_trigger_controller_dag.py
[2021-03-03 14:25:05,020] {scheduler_job.py:629} INFO - Processing file /home/airflow/.local/lib/python3.8/site-packages/airflow/example_dags/example_trigger_controller_dag.py for tasks to queue
[2021-03-03 14:25:05,022] {logging_mixin.py:103} INFO - [2021-03-03 14:25:05,022] {dagbag.py:440} INFO - Filling up the DagBag from /home/airflow/.local/lib/python3.8/site-packages/airflow/example_dags/example_trigger_controller_dag.py
[2021-03-03 14:25:05,045] {scheduler_job.py:639} INFO - DAG(s) dict_keys(['example_trigger_controller_dag']) retrieved from /home/airflow/.local/lib/python3.8/site-packages/airflow/example_dags/example_trigger_controller_dag.py
[2021-03-03 14:25:05,047] {logging_mixin.py:103} INFO - [2021-03-03 14:25:05,047] {dag.py:1813} INFO - Sync 1 DAGs
[2021-03-03 14:25:05,140] {logging_mixin.py:103} INFO - [2021-03-03 14:25:05,139] {dag.py:2266} INFO - Setting next_dagrun for example_trigger_controller_dag to 2021-03-01 00:00:00+00:00
[2021-03-03 14:25:05,206] {scheduler_job.py:189} INFO - Processing /home/airflow/.local/lib/python3.8/site-packages/airflow/example_dags/example_trigger_controller_dag.py took 0.211 seconds
[2021-03-03 14:25:10,250] {scheduler_job.py:181} INFO - Started process (PID=393) to work on /home/airflow/.local/lib/python3.8/site-packages/airflow/example_dags/example_trigger_controller_dag.py
[2021-03-03 14:25:10,252] {scheduler_job.py:629} INFO - Processing file /home/airflow/.local/lib/python3.8/site-packages/airflow/example_dags/example_trigger_controller_dag.py for tasks to queue
[2021-03-03 14:25:10,254] {logging_mixin.py:103} INFO - [2021-03-03 14:25:10,253] {dagbag.py:440} INFO - Filling up the DagBag from /home/airflow/.local/lib/python3.8/site-packages/airflow/example_dags/example_trigger_controller_dag.py
[2021-03-03 14:25:10,296] {scheduler_job.py:639} INFO - DAG(s) dict_keys(['example_trigger_controller_dag']) retrieved from /home/airflow/.local/lib/python3.8/site-packages/airflow/example_dags/example_trigger_controller_dag.py
[2021-03-03 14:25:10,306] {logging_mixin.py:103} INFO - [2021-03-03 14:25:10,306] {dag.py:1813} INFO - Sync 1 DAGs
[2021-03-03 14:25:10,460] {logging_mixin.py:103} INFO - [2021-03-03 14:25:10,460] {dag.py:2266} INFO - Setting next_dagrun for example_trigger_controller_dag to 2021-03-01 00:00:00+00:00
[2021-03-03 14:25:10,561] {scheduler_job.py:189} INFO - Processing /home/airflow/.local/lib/python3.8/site-packages/airflow/example_dags/example_trigger_controller_dag.py took 0.342 seconds
[2021-03-03 14:25:15,237] {scheduler_job.py:181} INFO - Started process (PID=419) to work on /home/airflow/.local/lib/python3.8/site-packages/airflow/example_dags/example_trigger_controller_dag.py
[2021-03-03 14:25:15,239] {scheduler_job.py:629} INFO - Processing file /home/airflow/.local/lib/python3.8/site-packages/airflow/example_dags/example_trigger_controller_dag.py for tasks to queue
[2021-03-03 14:25:15,240] {logging_mixin.py:103} INFO - [2021-03-03 14:25:15,240] {dagbag.py:440} INFO - Filling up the DagBag from /home/airflow/.local/lib/python3.8/site-packages/airflow/example_dags/example_trigger_controller_dag.py
[2021-03-03 14:25:15,279] {scheduler_job.py:639} INFO - DAG(s) dict_keys(['example_trigger_controller_dag']) retrieved from /home/airflow/.local/lib/python3.8/site-packages/airflow/example_dags/example_trigger_controller_dag.py
[2021-03-03 14:25:15,286] {logging_mixin.py:103} INFO - [2021-03-03 14:25:15,285] {dag.py:1813} INFO - Sync 1 DAGs
[2021-03-03 14:25:15,401] {logging_mixin.py:103} INFO - [2021-03-03 14:25:15,400] {dag.py:2266} INFO - Setting next_dagrun for example_trigger_controller_dag to 2021-03-01 00:00:00+00:00
[2021-03-03 14:25:15,506] {scheduler_job.py:189} INFO - Processing /home/airflow/.local/lib/python3.8/site-packages/airflow/example_dags/example_trigger_controller_dag.py took 0.286 seconds
[2021-03-03 14:25:21,739] {scheduler_job.py:181} INFO - Started process (PID=445) to work on /home/airflow/.local/lib/python3.8/site-packages/airflow/example_dags/example_trigger_controller_dag.py
[2021-03-03 14:25:21,749] {scheduler_job.py:629} INFO - Processing file /home/airflow/.local/lib/python3.8/site-packages/airflow/example_dags/example_trigger_controller_dag.py for tasks to queue
[2021-03-03 14:25:21,750] {logging_mixin.py:103} INFO - [2021-03-03 14:25:21,750] {dagbag.py:440} INFO - Filling up the DagBag from /home/airflow/.local/lib/python3.8/site-packages/airflow/example_dags/example_trigger_controller_dag.py
[2021-03-03 14:25:21,816] {scheduler_job.py:639} INFO - DAG(s) dict_keys(['example_trigger_controller_dag']) retrieved from /home/airflow/.local/lib/python3.8/site-packages/airflow/example_dags/example_trigger_controller_dag.py
[2021-03-03 14:25:21,826] {logging_mixin.py:103} INFO - [2021-03-03 14:25:21,825] {dag.py:1813} INFO - Sync 1 DAGs
[2021-03-03 14:25:21,979] {logging_mixin.py:103} INFO - [2021-03-03 14:25:21,978] {dag.py:2266} INFO - Setting next_dagrun for example_trigger_controller_dag to 2021-03-01 00:00:00+00:00
[2021-03-03 14:25:22,067] {scheduler_job.py:189} INFO - Processing /home/airflow/.local/lib/python3.8/site-packages/airflow/example_dags/example_trigger_controller_dag.py took 0.338 seconds
[2021-03-03 14:25:27,643] {scheduler_job.py:181} INFO - Started process (PID=471) to work on /home/airflow/.local/lib/python3.8/site-packages/airflow/example_dags/example_trigger_controller_dag.py
[2021-03-03 14:25:27,645] {scheduler_job.py:629} INFO - Processing file /home/airflow/.local/lib/python3.8/site-packages/airflow/example_dags/example_trigger_controller_dag.py for tasks to queue
[2021-03-03 14:25:27,647] {logging_mixin.py:103} INFO - [2021-03-03 14:25:27,646] {dagbag.py:440} INFO - Filling up the DagBag from /home/airflow/.local/lib/python3.8/site-packages/airflow/example_dags/example_trigger_controller_dag.py
[2021-03-03 14:25:27,703] {scheduler_job.py:639} INFO - DAG(s) dict_keys(['example_trigger_controller_dag']) retrieved from /home/airflow/.local/lib/python3.8/site-packages/airflow/example_dags/example_trigger_controller_dag.py
[2021-03-03 14:25:27,705] {logging_mixin.py:103} INFO - [2021-03-03 14:25:27,704] {dag.py:1813} INFO - Sync 1 DAGs
[2021-03-03 14:25:27,835] {logging_mixin.py:103} INFO - [2021-03-03 14:25:27,834] {dag.py:2266} INFO - Setting next_dagrun for example_trigger_controller_dag to 2021-03-01 00:00:00+00:00
[2021-03-03 14:25:27,917] {scheduler_job.py:189} INFO - Processing /home/airflow/.local/lib/python3.8/site-packages/airflow/example_dags/example_trigger_controller_dag.py took 0.286 seconds
[2021-03-03 14:25:35,001] {scheduler_job.py:181} INFO - Started process (PID=497) to work on /home/airflow/.local/lib/python3.8/site-packages/airflow/example_dags/example_trigger_controller_dag.py
[2021-03-03 14:25:35,003] {scheduler_job.py:629} INFO - Processing file /home/airflow/.local/lib/python3.8/site-packages/airflow/example_dags/example_trigger_controller_dag.py for tasks to queue
[2021-03-03 14:25:35,005] {logging_mixin.py:103} INFO - [2021-03-03 14:25:35,004] {dagbag.py:440} INFO - Filling up the DagBag from /home/airflow/.local/lib/python3.8/site-packages/airflow/example_dags/example_trigger_controller_dag.py
[2021-03-03 14:25:35,092] {scheduler_job.py:639} INFO - DAG(s) dict_keys(['example_trigger_controller_dag']) retrieved from /home/airflow/.local/lib/python3.8/site-packages/airflow/example_dags/example_trigger_controller_dag.py
[2021-03-03 14:25:35,106] {logging_mixin.py:103} INFO - [2021-03-03 14:25:35,105] {dag.py:1813} INFO - Sync 1 DAGs
[2021-03-03 14:25:35,238] {logging_mixin.py:103} INFO - [2021-03-03 14:25:35,238] {dag.py:2266} INFO - Setting next_dagrun for example_trigger_controller_dag to 2021-03-01 00:00:00+00:00
[2021-03-03 14:25:35,338] {scheduler_job.py:189} INFO - Processing /home/airflow/.local/lib/python3.8/site-packages/airflow/example_dags/example_trigger_controller_dag.py took 0.371 seconds
[2021-03-03 14:25:41,835] {scheduler_job.py:181} INFO - Started process (PID=523) to work on /home/airflow/.local/lib/python3.8/site-packages/airflow/example_dags/example_trigger_controller_dag.py
[2021-03-03 14:25:41,849] {scheduler_job.py:629} INFO - Processing file /home/airflow/.local/lib/python3.8/site-packages/airflow/example_dags/example_trigger_controller_dag.py for tasks to queue
[2021-03-03 14:25:41,851] {logging_mixin.py:103} INFO - [2021-03-03 14:25:41,850] {dagbag.py:440} INFO - Filling up the DagBag from /home/airflow/.local/lib/python3.8/site-packages/airflow/example_dags/example_trigger_controller_dag.py
[2021-03-03 14:25:41,903] {scheduler_job.py:639} INFO - DAG(s) dict_keys(['example_trigger_controller_dag']) retrieved from /home/airflow/.local/lib/python3.8/site-packages/airflow/example_dags/example_trigger_controller_dag.py
[2021-03-03 14:25:41,904] {logging_mixin.py:103} INFO - [2021-03-03 14:25:41,904] {dag.py:1813} INFO - Sync 1 DAGs
[2021-03-03 14:25:42,030] {logging_mixin.py:103} INFO - [2021-03-03 14:25:42,030] {dag.py:2266} INFO - Setting next_dagrun for example_trigger_controller_dag to 2021-03-01 00:00:00+00:00
[2021-03-03 14:25:42,129] {scheduler_job.py:189} INFO - Processing /home/airflow/.local/lib/python3.8/site-packages/airflow/example_dags/example_trigger_controller_dag.py took 0.304 seconds
[2021-03-03 14:25:47,659] {scheduler_job.py:181} INFO - Started process (PID=549) to work on /home/airflow/.local/lib/python3.8/site-packages/airflow/example_dags/example_trigger_controller_dag.py
[2021-03-03 14:25:47,672] {scheduler_job.py:629} INFO - Processing file /home/airflow/.local/lib/python3.8/site-packages/airflow/example_dags/example_trigger_controller_dag.py for tasks to queue
[2021-03-03 14:25:47,676] {logging_mixin.py:103} INFO - [2021-03-03 14:25:47,674] {dagbag.py:440} INFO - Filling up the DagBag from /home/airflow/.local/lib/python3.8/site-packages/airflow/example_dags/example_trigger_controller_dag.py
[2021-03-03 14:25:47,715] {scheduler_job.py:639} INFO - DAG(s) dict_keys(['example_trigger_controller_dag']) retrieved from /home/airflow/.local/lib/python3.8/site-packages/airflow/example_dags/example_trigger_controller_dag.py
[2021-03-03 14:25:47,717] {logging_mixin.py:103} INFO - [2021-03-03 14:25:47,717] {dag.py:1813} INFO - Sync 1 DAGs
[2021-03-03 14:25:47,807] {logging_mixin.py:103} INFO - [2021-03-03 14:25:47,806] {dag.py:2266} INFO - Setting next_dagrun for example_trigger_controller_dag to 2021-03-01 00:00:00+00:00
[2021-03-03 14:25:47,882] {scheduler_job.py:189} INFO - Processing /home/airflow/.local/lib/python3.8/site-packages/airflow/example_dags/example_trigger_controller_dag.py took 0.232 seconds
[2021-03-03 14:25:53,052] {scheduler_job.py:181} INFO - Started process (PID=575) to work on /home/airflow/.local/lib/python3.8/site-packages/airflow/example_dags/example_trigger_controller_dag.py
[2021-03-03 14:25:53,066] {scheduler_job.py:629} INFO - Processing file /home/airflow/.local/lib/python3.8/site-packages/airflow/example_dags/example_trigger_controller_dag.py for tasks to queue
[2021-03-03 14:25:53,067] {logging_mixin.py:103} INFO - [2021-03-03 14:25:53,067] {dagbag.py:440} INFO - Filling up the DagBag from /home/airflow/.local/lib/python3.8/site-packages/airflow/example_dags/example_trigger_controller_dag.py
[2021-03-03 14:25:53,124] {scheduler_job.py:639} INFO - DAG(s) dict_keys(['example_trigger_controller_dag']) retrieved from /home/airflow/.local/lib/python3.8/site-packages/airflow/example_dags/example_trigger_controller_dag.py
[2021-03-03 14:25:53,147] {logging_mixin.py:103} INFO - [2021-03-03 14:25:53,147] {dag.py:1813} INFO - Sync 1 DAGs
[2021-03-03 14:25:53,297] {logging_mixin.py:103} INFO - [2021-03-03 14:25:53,297] {dag.py:2266} INFO - Setting next_dagrun for example_trigger_controller_dag to 2021-03-01 00:00:00+00:00
[2021-03-03 14:25:53,369] {scheduler_job.py:189} INFO - Processing /home/airflow/.local/lib/python3.8/site-packages/airflow/example_dags/example_trigger_controller_dag.py took 0.324 seconds
[2021-03-03 14:25:59,152] {scheduler_job.py:181} INFO - Started process (PID=602) to work on /home/airflow/.local/lib/python3.8/site-packages/airflow/example_dags/example_trigger_controller_dag.py
[2021-03-03 14:25:59,175] {scheduler_job.py:629} INFO - Processing file /home/airflow/.local/lib/python3.8/site-packages/airflow/example_dags/example_trigger_controller_dag.py for tasks to queue
[2021-03-03 14:25:59,176] {logging_mixin.py:103} INFO - [2021-03-03 14:25:59,176] {dagbag.py:440} INFO - Filling up the DagBag from /home/airflow/.local/lib/python3.8/site-packages/airflow/example_dags/example_trigger_controller_dag.py
[2021-03-03 14:25:59,246] {scheduler_job.py:639} INFO - DAG(s) dict_keys(['example_trigger_controller_dag']) retrieved from /home/airflow/.local/lib/python3.8/site-packages/airflow/example_dags/example_trigger_controller_dag.py
[2021-03-03 14:25:59,248] {logging_mixin.py:103} INFO - [2021-03-03 14:25:59,248] {dag.py:1813} INFO - Sync 1 DAGs
[2021-03-03 14:25:59,447] {logging_mixin.py:103} INFO - [2021-03-03 14:25:59,447] {dag.py:2266} INFO - Setting next_dagrun for example_trigger_controller_dag to 2021-03-01 00:00:00+00:00
[2021-03-03 14:25:59,511] {scheduler_job.py:189} INFO - Processing /home/airflow/.local/lib/python3.8/site-packages/airflow/example_dags/example_trigger_controller_dag.py took 0.366 seconds
