[2021-03-03 14:23:38,783] {scheduler_job.py:181} INFO - Started process (PID=27) to work on /home/airflow/.local/lib/python3.8/site-packages/airflow/example_dags/example_subdag_operator.py
[2021-03-03 14:23:38,788] {scheduler_job.py:629} INFO - Processing file /home/airflow/.local/lib/python3.8/site-packages/airflow/example_dags/example_subdag_operator.py for tasks to queue
[2021-03-03 14:23:38,789] {logging_mixin.py:103} INFO - [2021-03-03 14:23:38,789] {dagbag.py:440} INFO - Filling up the DagBag from /home/airflow/.local/lib/python3.8/site-packages/airflow/example_dags/example_subdag_operator.py
[2021-03-03 14:23:38,951] {scheduler_job.py:639} INFO - DAG(s) dict_keys(['example_subdag_operator.section-1', 'example_subdag_operator.section-2', 'example_subdag_operator']) retrieved from /home/airflow/.local/lib/python3.8/site-packages/airflow/example_dags/example_subdag_operator.py
[2021-03-03 14:23:38,953] {logging_mixin.py:103} INFO - [2021-03-03 14:23:38,952] {dag.py:1813} INFO - Sync 3 DAGs
[2021-03-03 14:23:39,051] {logging_mixin.py:103} INFO - [2021-03-03 14:23:39,051] {dag.py:1832} INFO - Creating ORM DAG for example_subdag_operator.section-2
[2021-03-03 14:23:39,053] {logging_mixin.py:103} INFO - [2021-03-03 14:23:39,053] {dag.py:1832} INFO - Creating ORM DAG for example_subdag_operator.section-1
[2021-03-03 14:23:39,055] {logging_mixin.py:103} INFO - [2021-03-03 14:23:39,054] {dag.py:1832} INFO - Creating ORM DAG for example_subdag_operator
[2021-03-03 14:23:39,094] {logging_mixin.py:103} INFO - [2021-03-03 14:23:39,094] {dag.py:2266} INFO - Setting next_dagrun for example_subdag_operator to 2021-03-01 00:00:00+00:00
[2021-03-03 14:23:39,096] {logging_mixin.py:103} INFO - [2021-03-03 14:23:39,095] {dag.py:2266} INFO - Setting next_dagrun for example_subdag_operator.section-1 to None
[2021-03-03 14:23:39,096] {logging_mixin.py:103} INFO - [2021-03-03 14:23:39,096] {dag.py:2266} INFO - Setting next_dagrun for example_subdag_operator.section-2 to None
[2021-03-03 14:23:39,274] {logging_mixin.py:103} INFO - [2021-03-03 14:23:39,273] {dag.py:1813} INFO - Sync 2 DAGs
[2021-03-03 14:23:39,370] {logging_mixin.py:103} INFO - [2021-03-03 14:23:39,370] {dag.py:2266} INFO - Setting next_dagrun for example_subdag_operator.section-1 to None
[2021-03-03 14:23:39,371] {logging_mixin.py:103} INFO - [2021-03-03 14:23:39,370] {dag.py:2266} INFO - Setting next_dagrun for example_subdag_operator.section-2 to None
[2021-03-03 14:23:39,571] {scheduler_job.py:189} INFO - Processing /home/airflow/.local/lib/python3.8/site-packages/airflow/example_dags/example_subdag_operator.py took 0.800 seconds
[2021-03-03 14:23:46,761] {scheduler_job.py:181} INFO - Started process (PID=53) to work on /home/airflow/.local/lib/python3.8/site-packages/airflow/example_dags/example_subdag_operator.py
[2021-03-03 14:23:46,763] {scheduler_job.py:629} INFO - Processing file /home/airflow/.local/lib/python3.8/site-packages/airflow/example_dags/example_subdag_operator.py for tasks to queue
[2021-03-03 14:23:46,764] {logging_mixin.py:103} INFO - [2021-03-03 14:23:46,764] {dagbag.py:440} INFO - Filling up the DagBag from /home/airflow/.local/lib/python3.8/site-packages/airflow/example_dags/example_subdag_operator.py
[2021-03-03 14:23:46,993] {scheduler_job.py:639} INFO - DAG(s) dict_keys(['example_subdag_operator.section-1', 'example_subdag_operator.section-2', 'example_subdag_operator']) retrieved from /home/airflow/.local/lib/python3.8/site-packages/airflow/example_dags/example_subdag_operator.py
[2021-03-03 14:23:47,019] {logging_mixin.py:103} INFO - [2021-03-03 14:23:47,019] {dag.py:1813} INFO - Sync 3 DAGs
[2021-03-03 14:23:47,210] {logging_mixin.py:103} INFO - [2021-03-03 14:23:47,210] {dag.py:2266} INFO - Setting next_dagrun for example_subdag_operator to 2021-03-01 00:00:00+00:00
[2021-03-03 14:23:47,212] {logging_mixin.py:103} INFO - [2021-03-03 14:23:47,212] {dag.py:2266} INFO - Setting next_dagrun for example_subdag_operator.section-1 to None
[2021-03-03 14:23:47,248] {logging_mixin.py:103} INFO - [2021-03-03 14:23:47,213] {dag.py:2266} INFO - Setting next_dagrun for example_subdag_operator.section-2 to None
[2021-03-03 14:23:47,326] {logging_mixin.py:103} INFO - [2021-03-03 14:23:47,326] {dag.py:1813} INFO - Sync 2 DAGs
[2021-03-03 14:23:47,419] {logging_mixin.py:103} INFO - [2021-03-03 14:23:47,419] {dag.py:2266} INFO - Setting next_dagrun for example_subdag_operator.section-1 to None
[2021-03-03 14:23:47,420] {logging_mixin.py:103} INFO - [2021-03-03 14:23:47,420] {dag.py:2266} INFO - Setting next_dagrun for example_subdag_operator.section-2 to None
[2021-03-03 14:23:47,522] {scheduler_job.py:189} INFO - Processing /home/airflow/.local/lib/python3.8/site-packages/airflow/example_dags/example_subdag_operator.py took 0.825 seconds
[2021-03-03 14:23:54,310] {scheduler_job.py:181} INFO - Started process (PID=79) to work on /home/airflow/.local/lib/python3.8/site-packages/airflow/example_dags/example_subdag_operator.py
[2021-03-03 14:23:54,317] {scheduler_job.py:629} INFO - Processing file /home/airflow/.local/lib/python3.8/site-packages/airflow/example_dags/example_subdag_operator.py for tasks to queue
[2021-03-03 14:23:54,318] {logging_mixin.py:103} INFO - [2021-03-03 14:23:54,318] {dagbag.py:440} INFO - Filling up the DagBag from /home/airflow/.local/lib/python3.8/site-packages/airflow/example_dags/example_subdag_operator.py
[2021-03-03 14:23:54,541] {scheduler_job.py:639} INFO - DAG(s) dict_keys(['example_subdag_operator.section-1', 'example_subdag_operator.section-2', 'example_subdag_operator']) retrieved from /home/airflow/.local/lib/python3.8/site-packages/airflow/example_dags/example_subdag_operator.py
[2021-03-03 14:23:54,543] {logging_mixin.py:103} INFO - [2021-03-03 14:23:54,542] {dag.py:1813} INFO - Sync 3 DAGs
[2021-03-03 14:23:54,675] {logging_mixin.py:103} INFO - [2021-03-03 14:23:54,675] {dag.py:2266} INFO - Setting next_dagrun for example_subdag_operator to 2021-03-01 00:00:00+00:00
[2021-03-03 14:23:54,686] {logging_mixin.py:103} INFO - [2021-03-03 14:23:54,685] {dag.py:2266} INFO - Setting next_dagrun for example_subdag_operator.section-1 to None
[2021-03-03 14:23:54,686] {logging_mixin.py:103} INFO - [2021-03-03 14:23:54,686] {dag.py:2266} INFO - Setting next_dagrun for example_subdag_operator.section-2 to None
[2021-03-03 14:23:54,738] {logging_mixin.py:103} INFO - [2021-03-03 14:23:54,738] {dag.py:1813} INFO - Sync 2 DAGs
[2021-03-03 14:23:54,823] {logging_mixin.py:103} INFO - [2021-03-03 14:23:54,822] {dag.py:2266} INFO - Setting next_dagrun for example_subdag_operator.section-1 to None
[2021-03-03 14:23:54,823] {logging_mixin.py:103} INFO - [2021-03-03 14:23:54,823] {dag.py:2266} INFO - Setting next_dagrun for example_subdag_operator.section-2 to None
[2021-03-03 14:23:54,898] {scheduler_job.py:189} INFO - Processing /home/airflow/.local/lib/python3.8/site-packages/airflow/example_dags/example_subdag_operator.py took 0.607 seconds
[2021-03-03 14:24:02,745] {scheduler_job.py:181} INFO - Started process (PID=106) to work on /home/airflow/.local/lib/python3.8/site-packages/airflow/example_dags/example_subdag_operator.py
[2021-03-03 14:24:02,750] {scheduler_job.py:629} INFO - Processing file /home/airflow/.local/lib/python3.8/site-packages/airflow/example_dags/example_subdag_operator.py for tasks to queue
[2021-03-03 14:24:02,751] {logging_mixin.py:103} INFO - [2021-03-03 14:24:02,751] {dagbag.py:440} INFO - Filling up the DagBag from /home/airflow/.local/lib/python3.8/site-packages/airflow/example_dags/example_subdag_operator.py
[2021-03-03 14:24:02,904] {scheduler_job.py:639} INFO - DAG(s) dict_keys(['example_subdag_operator.section-1', 'example_subdag_operator.section-2', 'example_subdag_operator']) retrieved from /home/airflow/.local/lib/python3.8/site-packages/airflow/example_dags/example_subdag_operator.py
[2021-03-03 14:24:02,918] {logging_mixin.py:103} INFO - [2021-03-03 14:24:02,918] {dag.py:1813} INFO - Sync 3 DAGs
[2021-03-03 14:24:02,998] {logging_mixin.py:103} INFO - [2021-03-03 14:24:02,998] {dag.py:2266} INFO - Setting next_dagrun for example_subdag_operator to 2021-03-01 00:00:00+00:00
[2021-03-03 14:24:03,000] {logging_mixin.py:103} INFO - [2021-03-03 14:24:02,999] {dag.py:2266} INFO - Setting next_dagrun for example_subdag_operator.section-1 to None
[2021-03-03 14:24:03,000] {logging_mixin.py:103} INFO - [2021-03-03 14:24:03,000] {dag.py:2266} INFO - Setting next_dagrun for example_subdag_operator.section-2 to None
[2021-03-03 14:24:03,021] {logging_mixin.py:103} INFO - [2021-03-03 14:24:03,020] {dag.py:1813} INFO - Sync 2 DAGs
[2021-03-03 14:24:03,095] {logging_mixin.py:103} INFO - [2021-03-03 14:24:03,094] {dag.py:2266} INFO - Setting next_dagrun for example_subdag_operator.section-1 to None
[2021-03-03 14:24:03,095] {logging_mixin.py:103} INFO - [2021-03-03 14:24:03,095] {dag.py:2266} INFO - Setting next_dagrun for example_subdag_operator.section-2 to None
[2021-03-03 14:24:03,218] {scheduler_job.py:189} INFO - Processing /home/airflow/.local/lib/python3.8/site-packages/airflow/example_dags/example_subdag_operator.py took 0.480 seconds
[2021-03-03 14:24:09,480] {scheduler_job.py:181} INFO - Started process (PID=132) to work on /home/airflow/.local/lib/python3.8/site-packages/airflow/example_dags/example_subdag_operator.py
[2021-03-03 14:24:09,492] {scheduler_job.py:629} INFO - Processing file /home/airflow/.local/lib/python3.8/site-packages/airflow/example_dags/example_subdag_operator.py for tasks to queue
[2021-03-03 14:24:09,493] {logging_mixin.py:103} INFO - [2021-03-03 14:24:09,493] {dagbag.py:440} INFO - Filling up the DagBag from /home/airflow/.local/lib/python3.8/site-packages/airflow/example_dags/example_subdag_operator.py
[2021-03-03 14:24:09,713] {scheduler_job.py:639} INFO - DAG(s) dict_keys(['example_subdag_operator.section-1', 'example_subdag_operator.section-2', 'example_subdag_operator']) retrieved from /home/airflow/.local/lib/python3.8/site-packages/airflow/example_dags/example_subdag_operator.py
[2021-03-03 14:24:09,715] {logging_mixin.py:103} INFO - [2021-03-03 14:24:09,715] {dag.py:1813} INFO - Sync 3 DAGs
[2021-03-03 14:24:09,835] {logging_mixin.py:103} INFO - [2021-03-03 14:24:09,834] {dag.py:2266} INFO - Setting next_dagrun for example_subdag_operator to 2021-03-01 00:00:00+00:00
[2021-03-03 14:24:09,842] {logging_mixin.py:103} INFO - [2021-03-03 14:24:09,842] {dag.py:2266} INFO - Setting next_dagrun for example_subdag_operator.section-1 to None
[2021-03-03 14:24:09,843] {logging_mixin.py:103} INFO - [2021-03-03 14:24:09,843] {dag.py:2266} INFO - Setting next_dagrun for example_subdag_operator.section-2 to None
[2021-03-03 14:24:09,888] {logging_mixin.py:103} INFO - [2021-03-03 14:24:09,888] {dag.py:1813} INFO - Sync 2 DAGs
[2021-03-03 14:24:09,930] {logging_mixin.py:103} INFO - [2021-03-03 14:24:09,930] {dag.py:2266} INFO - Setting next_dagrun for example_subdag_operator.section-1 to None
[2021-03-03 14:24:09,931] {logging_mixin.py:103} INFO - [2021-03-03 14:24:09,930] {dag.py:2266} INFO - Setting next_dagrun for example_subdag_operator.section-2 to None
[2021-03-03 14:24:10,049] {scheduler_job.py:189} INFO - Processing /home/airflow/.local/lib/python3.8/site-packages/airflow/example_dags/example_subdag_operator.py took 0.591 seconds
[2021-03-03 14:24:15,433] {scheduler_job.py:181} INFO - Started process (PID=158) to work on /home/airflow/.local/lib/python3.8/site-packages/airflow/example_dags/example_subdag_operator.py
[2021-03-03 14:24:15,435] {scheduler_job.py:629} INFO - Processing file /home/airflow/.local/lib/python3.8/site-packages/airflow/example_dags/example_subdag_operator.py for tasks to queue
[2021-03-03 14:24:15,437] {logging_mixin.py:103} INFO - [2021-03-03 14:24:15,436] {dagbag.py:440} INFO - Filling up the DagBag from /home/airflow/.local/lib/python3.8/site-packages/airflow/example_dags/example_subdag_operator.py
[2021-03-03 14:24:15,707] {scheduler_job.py:639} INFO - DAG(s) dict_keys(['example_subdag_operator.section-1', 'example_subdag_operator.section-2', 'example_subdag_operator']) retrieved from /home/airflow/.local/lib/python3.8/site-packages/airflow/example_dags/example_subdag_operator.py
[2021-03-03 14:24:15,713] {logging_mixin.py:103} INFO - [2021-03-03 14:24:15,708] {dag.py:1813} INFO - Sync 3 DAGs
[2021-03-03 14:24:15,800] {logging_mixin.py:103} INFO - [2021-03-03 14:24:15,800] {dag.py:2266} INFO - Setting next_dagrun for example_subdag_operator to 2021-03-01 00:00:00+00:00
[2021-03-03 14:24:15,818] {logging_mixin.py:103} INFO - [2021-03-03 14:24:15,818] {dag.py:2266} INFO - Setting next_dagrun for example_subdag_operator.section-1 to None
[2021-03-03 14:24:15,819] {logging_mixin.py:103} INFO - [2021-03-03 14:24:15,819] {dag.py:2266} INFO - Setting next_dagrun for example_subdag_operator.section-2 to None
[2021-03-03 14:24:15,855] {logging_mixin.py:103} INFO - [2021-03-03 14:24:15,855] {dag.py:1813} INFO - Sync 2 DAGs
[2021-03-03 14:24:15,888] {logging_mixin.py:103} INFO - [2021-03-03 14:24:15,887] {dag.py:2266} INFO - Setting next_dagrun for example_subdag_operator.section-1 to None
[2021-03-03 14:24:15,888] {logging_mixin.py:103} INFO - [2021-03-03 14:24:15,888] {dag.py:2266} INFO - Setting next_dagrun for example_subdag_operator.section-2 to None
[2021-03-03 14:24:15,930] {scheduler_job.py:189} INFO - Processing /home/airflow/.local/lib/python3.8/site-packages/airflow/example_dags/example_subdag_operator.py took 0.519 seconds
[2021-03-03 14:24:21,745] {scheduler_job.py:181} INFO - Started process (PID=184) to work on /home/airflow/.local/lib/python3.8/site-packages/airflow/example_dags/example_subdag_operator.py
[2021-03-03 14:24:21,759] {scheduler_job.py:629} INFO - Processing file /home/airflow/.local/lib/python3.8/site-packages/airflow/example_dags/example_subdag_operator.py for tasks to queue
[2021-03-03 14:24:21,760] {logging_mixin.py:103} INFO - [2021-03-03 14:24:21,760] {dagbag.py:440} INFO - Filling up the DagBag from /home/airflow/.local/lib/python3.8/site-packages/airflow/example_dags/example_subdag_operator.py
[2021-03-03 14:24:22,021] {scheduler_job.py:639} INFO - DAG(s) dict_keys(['example_subdag_operator.section-1', 'example_subdag_operator.section-2', 'example_subdag_operator']) retrieved from /home/airflow/.local/lib/python3.8/site-packages/airflow/example_dags/example_subdag_operator.py
[2021-03-03 14:24:22,023] {logging_mixin.py:103} INFO - [2021-03-03 14:24:22,023] {dag.py:1813} INFO - Sync 3 DAGs
[2021-03-03 14:24:22,116] {logging_mixin.py:103} INFO - [2021-03-03 14:24:22,116] {dag.py:2266} INFO - Setting next_dagrun for example_subdag_operator to 2021-03-01 00:00:00+00:00
[2021-03-03 14:24:22,126] {logging_mixin.py:103} INFO - [2021-03-03 14:24:22,126] {dag.py:2266} INFO - Setting next_dagrun for example_subdag_operator.section-1 to None
[2021-03-03 14:24:22,127] {logging_mixin.py:103} INFO - [2021-03-03 14:24:22,126] {dag.py:2266} INFO - Setting next_dagrun for example_subdag_operator.section-2 to None
[2021-03-03 14:24:22,173] {logging_mixin.py:103} INFO - [2021-03-03 14:24:22,173] {dag.py:1813} INFO - Sync 2 DAGs
[2021-03-03 14:24:22,212] {logging_mixin.py:103} INFO - [2021-03-03 14:24:22,212] {dag.py:2266} INFO - Setting next_dagrun for example_subdag_operator.section-1 to None
[2021-03-03 14:24:22,213] {logging_mixin.py:103} INFO - [2021-03-03 14:24:22,213] {dag.py:2266} INFO - Setting next_dagrun for example_subdag_operator.section-2 to None
[2021-03-03 14:24:22,332] {scheduler_job.py:189} INFO - Processing /home/airflow/.local/lib/python3.8/site-packages/airflow/example_dags/example_subdag_operator.py took 0.646 seconds
[2021-03-03 14:24:27,932] {scheduler_job.py:181} INFO - Started process (PID=210) to work on /home/airflow/.local/lib/python3.8/site-packages/airflow/example_dags/example_subdag_operator.py
[2021-03-03 14:24:27,939] {scheduler_job.py:629} INFO - Processing file /home/airflow/.local/lib/python3.8/site-packages/airflow/example_dags/example_subdag_operator.py for tasks to queue
[2021-03-03 14:24:27,940] {logging_mixin.py:103} INFO - [2021-03-03 14:24:27,940] {dagbag.py:440} INFO - Filling up the DagBag from /home/airflow/.local/lib/python3.8/site-packages/airflow/example_dags/example_subdag_operator.py
[2021-03-03 14:24:28,009] {scheduler_job.py:639} INFO - DAG(s) dict_keys(['example_subdag_operator.section-1', 'example_subdag_operator.section-2', 'example_subdag_operator']) retrieved from /home/airflow/.local/lib/python3.8/site-packages/airflow/example_dags/example_subdag_operator.py
[2021-03-03 14:24:28,011] {logging_mixin.py:103} INFO - [2021-03-03 14:24:28,011] {dag.py:1813} INFO - Sync 3 DAGs
[2021-03-03 14:24:28,044] {logging_mixin.py:103} INFO - [2021-03-03 14:24:28,044] {dag.py:2266} INFO - Setting next_dagrun for example_subdag_operator to 2021-03-01 00:00:00+00:00
[2021-03-03 14:24:28,046] {logging_mixin.py:103} INFO - [2021-03-03 14:24:28,046] {dag.py:2266} INFO - Setting next_dagrun for example_subdag_operator.section-1 to None
[2021-03-03 14:24:28,047] {logging_mixin.py:103} INFO - [2021-03-03 14:24:28,047] {dag.py:2266} INFO - Setting next_dagrun for example_subdag_operator.section-2 to None
[2021-03-03 14:24:28,062] {logging_mixin.py:103} INFO - [2021-03-03 14:24:28,062] {dag.py:1813} INFO - Sync 2 DAGs
[2021-03-03 14:24:28,087] {logging_mixin.py:103} INFO - [2021-03-03 14:24:28,087] {dag.py:2266} INFO - Setting next_dagrun for example_subdag_operator.section-1 to None
[2021-03-03 14:24:28,088] {logging_mixin.py:103} INFO - [2021-03-03 14:24:28,088] {dag.py:2266} INFO - Setting next_dagrun for example_subdag_operator.section-2 to None
[2021-03-03 14:24:28,139] {scheduler_job.py:189} INFO - Processing /home/airflow/.local/lib/python3.8/site-packages/airflow/example_dags/example_subdag_operator.py took 0.217 seconds
[2021-03-03 14:24:33,245] {scheduler_job.py:181} INFO - Started process (PID=236) to work on /home/airflow/.local/lib/python3.8/site-packages/airflow/example_dags/example_subdag_operator.py
[2021-03-03 14:24:33,247] {scheduler_job.py:629} INFO - Processing file /home/airflow/.local/lib/python3.8/site-packages/airflow/example_dags/example_subdag_operator.py for tasks to queue
[2021-03-03 14:24:33,249] {logging_mixin.py:103} INFO - [2021-03-03 14:24:33,249] {dagbag.py:440} INFO - Filling up the DagBag from /home/airflow/.local/lib/python3.8/site-packages/airflow/example_dags/example_subdag_operator.py
[2021-03-03 14:24:33,442] {scheduler_job.py:639} INFO - DAG(s) dict_keys(['example_subdag_operator.section-1', 'example_subdag_operator.section-2', 'example_subdag_operator']) retrieved from /home/airflow/.local/lib/python3.8/site-packages/airflow/example_dags/example_subdag_operator.py
[2021-03-03 14:24:33,444] {logging_mixin.py:103} INFO - [2021-03-03 14:24:33,444] {dag.py:1813} INFO - Sync 3 DAGs
[2021-03-03 14:24:33,560] {logging_mixin.py:103} INFO - [2021-03-03 14:24:33,560] {dag.py:2266} INFO - Setting next_dagrun for example_subdag_operator to 2021-03-01 00:00:00+00:00
[2021-03-03 14:24:33,566] {logging_mixin.py:103} INFO - [2021-03-03 14:24:33,566] {dag.py:2266} INFO - Setting next_dagrun for example_subdag_operator.section-1 to None
[2021-03-03 14:24:33,566] {logging_mixin.py:103} INFO - [2021-03-03 14:24:33,566] {dag.py:2266} INFO - Setting next_dagrun for example_subdag_operator.section-2 to None
[2021-03-03 14:24:33,594] {logging_mixin.py:103} INFO - [2021-03-03 14:24:33,594] {dag.py:1813} INFO - Sync 2 DAGs
[2021-03-03 14:24:33,622] {logging_mixin.py:103} INFO - [2021-03-03 14:24:33,622] {dag.py:2266} INFO - Setting next_dagrun for example_subdag_operator.section-1 to None
[2021-03-03 14:24:33,623] {logging_mixin.py:103} INFO - [2021-03-03 14:24:33,623] {dag.py:2266} INFO - Setting next_dagrun for example_subdag_operator.section-2 to None
[2021-03-03 14:24:33,687] {scheduler_job.py:189} INFO - Processing /home/airflow/.local/lib/python3.8/site-packages/airflow/example_dags/example_subdag_operator.py took 0.464 seconds
[2021-03-03 14:24:39,755] {scheduler_job.py:181} INFO - Started process (PID=262) to work on /home/airflow/.local/lib/python3.8/site-packages/airflow/example_dags/example_subdag_operator.py
[2021-03-03 14:24:39,780] {scheduler_job.py:629} INFO - Processing file /home/airflow/.local/lib/python3.8/site-packages/airflow/example_dags/example_subdag_operator.py for tasks to queue
[2021-03-03 14:24:39,782] {logging_mixin.py:103} INFO - [2021-03-03 14:24:39,782] {dagbag.py:440} INFO - Filling up the DagBag from /home/airflow/.local/lib/python3.8/site-packages/airflow/example_dags/example_subdag_operator.py
[2021-03-03 14:24:39,999] {scheduler_job.py:639} INFO - DAG(s) dict_keys(['example_subdag_operator.section-1', 'example_subdag_operator.section-2', 'example_subdag_operator']) retrieved from /home/airflow/.local/lib/python3.8/site-packages/airflow/example_dags/example_subdag_operator.py
[2021-03-03 14:24:40,001] {logging_mixin.py:103} INFO - [2021-03-03 14:24:40,001] {dag.py:1813} INFO - Sync 3 DAGs
[2021-03-03 14:24:40,114] {logging_mixin.py:103} INFO - [2021-03-03 14:24:40,114] {dag.py:2266} INFO - Setting next_dagrun for example_subdag_operator to 2021-03-01 00:00:00+00:00
[2021-03-03 14:24:40,130] {logging_mixin.py:103} INFO - [2021-03-03 14:24:40,130] {dag.py:2266} INFO - Setting next_dagrun for example_subdag_operator.section-1 to None
[2021-03-03 14:24:40,131] {logging_mixin.py:103} INFO - [2021-03-03 14:24:40,131] {dag.py:2266} INFO - Setting next_dagrun for example_subdag_operator.section-2 to None
[2021-03-03 14:24:40,218] {logging_mixin.py:103} INFO - [2021-03-03 14:24:40,218] {dag.py:1813} INFO - Sync 2 DAGs
[2021-03-03 14:24:40,295] {logging_mixin.py:103} INFO - [2021-03-03 14:24:40,295] {dag.py:2266} INFO - Setting next_dagrun for example_subdag_operator.section-1 to None
[2021-03-03 14:24:40,296] {logging_mixin.py:103} INFO - [2021-03-03 14:24:40,296] {dag.py:2266} INFO - Setting next_dagrun for example_subdag_operator.section-2 to None
[2021-03-03 14:24:40,397] {scheduler_job.py:189} INFO - Processing /home/airflow/.local/lib/python3.8/site-packages/airflow/example_dags/example_subdag_operator.py took 0.663 seconds
[2021-03-03 14:24:46,195] {scheduler_job.py:181} INFO - Started process (PID=288) to work on /home/airflow/.local/lib/python3.8/site-packages/airflow/example_dags/example_subdag_operator.py
[2021-03-03 14:24:46,202] {scheduler_job.py:629} INFO - Processing file /home/airflow/.local/lib/python3.8/site-packages/airflow/example_dags/example_subdag_operator.py for tasks to queue
[2021-03-03 14:24:46,203] {logging_mixin.py:103} INFO - [2021-03-03 14:24:46,203] {dagbag.py:440} INFO - Filling up the DagBag from /home/airflow/.local/lib/python3.8/site-packages/airflow/example_dags/example_subdag_operator.py
[2021-03-03 14:24:46,484] {scheduler_job.py:639} INFO - DAG(s) dict_keys(['example_subdag_operator.section-1', 'example_subdag_operator.section-2', 'example_subdag_operator']) retrieved from /home/airflow/.local/lib/python3.8/site-packages/airflow/example_dags/example_subdag_operator.py
[2021-03-03 14:24:46,486] {logging_mixin.py:103} INFO - [2021-03-03 14:24:46,486] {dag.py:1813} INFO - Sync 3 DAGs
[2021-03-03 14:24:46,554] {logging_mixin.py:103} INFO - [2021-03-03 14:24:46,554] {dag.py:2266} INFO - Setting next_dagrun for example_subdag_operator to 2021-03-01 00:00:00+00:00
[2021-03-03 14:24:46,556] {logging_mixin.py:103} INFO - [2021-03-03 14:24:46,556] {dag.py:2266} INFO - Setting next_dagrun for example_subdag_operator.section-1 to None
[2021-03-03 14:24:46,557] {logging_mixin.py:103} INFO - [2021-03-03 14:24:46,556] {dag.py:2266} INFO - Setting next_dagrun for example_subdag_operator.section-2 to None
[2021-03-03 14:24:46,609] {logging_mixin.py:103} INFO - [2021-03-03 14:24:46,608] {dag.py:1813} INFO - Sync 2 DAGs
[2021-03-03 14:24:46,666] {logging_mixin.py:103} INFO - [2021-03-03 14:24:46,666] {dag.py:2266} INFO - Setting next_dagrun for example_subdag_operator.section-1 to None
[2021-03-03 14:24:46,667] {logging_mixin.py:103} INFO - [2021-03-03 14:24:46,666] {dag.py:2266} INFO - Setting next_dagrun for example_subdag_operator.section-2 to None
[2021-03-03 14:24:46,778] {scheduler_job.py:189} INFO - Processing /home/airflow/.local/lib/python3.8/site-packages/airflow/example_dags/example_subdag_operator.py took 0.643 seconds
[2021-03-03 14:24:52,585] {scheduler_job.py:181} INFO - Started process (PID=314) to work on /home/airflow/.local/lib/python3.8/site-packages/airflow/example_dags/example_subdag_operator.py
[2021-03-03 14:24:52,587] {scheduler_job.py:629} INFO - Processing file /home/airflow/.local/lib/python3.8/site-packages/airflow/example_dags/example_subdag_operator.py for tasks to queue
[2021-03-03 14:24:52,588] {logging_mixin.py:103} INFO - [2021-03-03 14:24:52,588] {dagbag.py:440} INFO - Filling up the DagBag from /home/airflow/.local/lib/python3.8/site-packages/airflow/example_dags/example_subdag_operator.py
[2021-03-03 14:24:52,843] {scheduler_job.py:639} INFO - DAG(s) dict_keys(['example_subdag_operator.section-1', 'example_subdag_operator.section-2', 'example_subdag_operator']) retrieved from /home/airflow/.local/lib/python3.8/site-packages/airflow/example_dags/example_subdag_operator.py
[2021-03-03 14:24:52,844] {logging_mixin.py:103} INFO - [2021-03-03 14:24:52,844] {dag.py:1813} INFO - Sync 3 DAGs
[2021-03-03 14:24:52,956] {logging_mixin.py:103} INFO - [2021-03-03 14:24:52,955] {dag.py:2266} INFO - Setting next_dagrun for example_subdag_operator to 2021-03-01 00:00:00+00:00
[2021-03-03 14:24:52,958] {logging_mixin.py:103} INFO - [2021-03-03 14:24:52,957] {dag.py:2266} INFO - Setting next_dagrun for example_subdag_operator.section-1 to None
[2021-03-03 14:24:52,958] {logging_mixin.py:103} INFO - [2021-03-03 14:24:52,958] {dag.py:2266} INFO - Setting next_dagrun for example_subdag_operator.section-2 to None
[2021-03-03 14:24:53,010] {logging_mixin.py:103} INFO - [2021-03-03 14:24:53,010] {dag.py:1813} INFO - Sync 2 DAGs
[2021-03-03 14:24:53,064] {logging_mixin.py:103} INFO - [2021-03-03 14:24:53,064] {dag.py:2266} INFO - Setting next_dagrun for example_subdag_operator.section-1 to None
[2021-03-03 14:24:53,064] {logging_mixin.py:103} INFO - [2021-03-03 14:24:53,064] {dag.py:2266} INFO - Setting next_dagrun for example_subdag_operator.section-2 to None
[2021-03-03 14:24:53,182] {scheduler_job.py:189} INFO - Processing /home/airflow/.local/lib/python3.8/site-packages/airflow/example_dags/example_subdag_operator.py took 0.610 seconds
[2021-03-03 14:24:59,023] {scheduler_job.py:181} INFO - Started process (PID=340) to work on /home/airflow/.local/lib/python3.8/site-packages/airflow/example_dags/example_subdag_operator.py
[2021-03-03 14:24:59,037] {scheduler_job.py:629} INFO - Processing file /home/airflow/.local/lib/python3.8/site-packages/airflow/example_dags/example_subdag_operator.py for tasks to queue
[2021-03-03 14:24:59,039] {logging_mixin.py:103} INFO - [2021-03-03 14:24:59,038] {dagbag.py:440} INFO - Filling up the DagBag from /home/airflow/.local/lib/python3.8/site-packages/airflow/example_dags/example_subdag_operator.py
[2021-03-03 14:24:59,173] {scheduler_job.py:639} INFO - DAG(s) dict_keys(['example_subdag_operator.section-1', 'example_subdag_operator.section-2', 'example_subdag_operator']) retrieved from /home/airflow/.local/lib/python3.8/site-packages/airflow/example_dags/example_subdag_operator.py
[2021-03-03 14:24:59,175] {logging_mixin.py:103} INFO - [2021-03-03 14:24:59,175] {dag.py:1813} INFO - Sync 3 DAGs
[2021-03-03 14:24:59,239] {logging_mixin.py:103} INFO - [2021-03-03 14:24:59,238] {dag.py:2266} INFO - Setting next_dagrun for example_subdag_operator to 2021-03-01 00:00:00+00:00
[2021-03-03 14:24:59,241] {logging_mixin.py:103} INFO - [2021-03-03 14:24:59,240] {dag.py:2266} INFO - Setting next_dagrun for example_subdag_operator.section-1 to None
[2021-03-03 14:24:59,253] {logging_mixin.py:103} INFO - [2021-03-03 14:24:59,253] {dag.py:2266} INFO - Setting next_dagrun for example_subdag_operator.section-2 to None
[2021-03-03 14:24:59,282] {logging_mixin.py:103} INFO - [2021-03-03 14:24:59,282] {dag.py:1813} INFO - Sync 2 DAGs
[2021-03-03 14:24:59,321] {logging_mixin.py:103} INFO - [2021-03-03 14:24:59,321] {dag.py:2266} INFO - Setting next_dagrun for example_subdag_operator.section-1 to None
[2021-03-03 14:24:59,322] {logging_mixin.py:103} INFO - [2021-03-03 14:24:59,321] {dag.py:2266} INFO - Setting next_dagrun for example_subdag_operator.section-2 to None
[2021-03-03 14:24:59,403] {scheduler_job.py:189} INFO - Processing /home/airflow/.local/lib/python3.8/site-packages/airflow/example_dags/example_subdag_operator.py took 0.395 seconds
[2021-03-03 14:25:04,953] {scheduler_job.py:181} INFO - Started process (PID=366) to work on /home/airflow/.local/lib/python3.8/site-packages/airflow/example_dags/example_subdag_operator.py
[2021-03-03 14:25:04,955] {scheduler_job.py:629} INFO - Processing file /home/airflow/.local/lib/python3.8/site-packages/airflow/example_dags/example_subdag_operator.py for tasks to queue
[2021-03-03 14:25:04,957] {logging_mixin.py:103} INFO - [2021-03-03 14:25:04,957] {dagbag.py:440} INFO - Filling up the DagBag from /home/airflow/.local/lib/python3.8/site-packages/airflow/example_dags/example_subdag_operator.py
[2021-03-03 14:25:05,202] {scheduler_job.py:639} INFO - DAG(s) dict_keys(['example_subdag_operator.section-1', 'example_subdag_operator.section-2', 'example_subdag_operator']) retrieved from /home/airflow/.local/lib/python3.8/site-packages/airflow/example_dags/example_subdag_operator.py
[2021-03-03 14:25:05,204] {logging_mixin.py:103} INFO - [2021-03-03 14:25:05,204] {dag.py:1813} INFO - Sync 3 DAGs
[2021-03-03 14:25:05,277] {logging_mixin.py:103} INFO - [2021-03-03 14:25:05,276] {dag.py:2266} INFO - Setting next_dagrun for example_subdag_operator to 2021-03-01 00:00:00+00:00
[2021-03-03 14:25:05,279] {logging_mixin.py:103} INFO - [2021-03-03 14:25:05,278] {dag.py:2266} INFO - Setting next_dagrun for example_subdag_operator.section-1 to None
[2021-03-03 14:25:05,279] {logging_mixin.py:103} INFO - [2021-03-03 14:25:05,279] {dag.py:2266} INFO - Setting next_dagrun for example_subdag_operator.section-2 to None
[2021-03-03 14:25:05,308] {logging_mixin.py:103} INFO - [2021-03-03 14:25:05,308] {dag.py:1813} INFO - Sync 2 DAGs
[2021-03-03 14:25:05,354] {logging_mixin.py:103} INFO - [2021-03-03 14:25:05,354] {dag.py:2266} INFO - Setting next_dagrun for example_subdag_operator.section-1 to None
[2021-03-03 14:25:05,354] {logging_mixin.py:103} INFO - [2021-03-03 14:25:05,354] {dag.py:2266} INFO - Setting next_dagrun for example_subdag_operator.section-2 to None
[2021-03-03 14:25:05,452] {scheduler_job.py:189} INFO - Processing /home/airflow/.local/lib/python3.8/site-packages/airflow/example_dags/example_subdag_operator.py took 0.537 seconds
[2021-03-03 14:25:10,022] {scheduler_job.py:181} INFO - Started process (PID=392) to work on /home/airflow/.local/lib/python3.8/site-packages/airflow/example_dags/example_subdag_operator.py
[2021-03-03 14:25:10,024] {scheduler_job.py:629} INFO - Processing file /home/airflow/.local/lib/python3.8/site-packages/airflow/example_dags/example_subdag_operator.py for tasks to queue
[2021-03-03 14:25:10,034] {logging_mixin.py:103} INFO - [2021-03-03 14:25:10,033] {dagbag.py:440} INFO - Filling up the DagBag from /home/airflow/.local/lib/python3.8/site-packages/airflow/example_dags/example_subdag_operator.py
[2021-03-03 14:25:10,198] {scheduler_job.py:639} INFO - DAG(s) dict_keys(['example_subdag_operator.section-1', 'example_subdag_operator.section-2', 'example_subdag_operator']) retrieved from /home/airflow/.local/lib/python3.8/site-packages/airflow/example_dags/example_subdag_operator.py
[2021-03-03 14:25:10,199] {logging_mixin.py:103} INFO - [2021-03-03 14:25:10,199] {dag.py:1813} INFO - Sync 3 DAGs
[2021-03-03 14:25:10,274] {logging_mixin.py:103} INFO - [2021-03-03 14:25:10,274] {dag.py:2266} INFO - Setting next_dagrun for example_subdag_operator to 2021-03-01 00:00:00+00:00
[2021-03-03 14:25:10,276] {logging_mixin.py:103} INFO - [2021-03-03 14:25:10,276] {dag.py:2266} INFO - Setting next_dagrun for example_subdag_operator.section-1 to None
[2021-03-03 14:25:10,277] {logging_mixin.py:103} INFO - [2021-03-03 14:25:10,276] {dag.py:2266} INFO - Setting next_dagrun for example_subdag_operator.section-2 to None
[2021-03-03 14:25:10,301] {logging_mixin.py:103} INFO - [2021-03-03 14:25:10,300] {dag.py:1813} INFO - Sync 2 DAGs
[2021-03-03 14:25:10,342] {logging_mixin.py:103} INFO - [2021-03-03 14:25:10,341] {dag.py:2266} INFO - Setting next_dagrun for example_subdag_operator.section-1 to None
[2021-03-03 14:25:10,342] {logging_mixin.py:103} INFO - [2021-03-03 14:25:10,342] {dag.py:2266} INFO - Setting next_dagrun for example_subdag_operator.section-2 to None
[2021-03-03 14:25:10,424] {scheduler_job.py:189} INFO - Processing /home/airflow/.local/lib/python3.8/site-packages/airflow/example_dags/example_subdag_operator.py took 0.429 seconds
[2021-03-03 14:25:15,009] {scheduler_job.py:181} INFO - Started process (PID=418) to work on /home/airflow/.local/lib/python3.8/site-packages/airflow/example_dags/example_subdag_operator.py
[2021-03-03 14:25:15,011] {scheduler_job.py:629} INFO - Processing file /home/airflow/.local/lib/python3.8/site-packages/airflow/example_dags/example_subdag_operator.py for tasks to queue
[2021-03-03 14:25:15,012] {logging_mixin.py:103} INFO - [2021-03-03 14:25:15,012] {dagbag.py:440} INFO - Filling up the DagBag from /home/airflow/.local/lib/python3.8/site-packages/airflow/example_dags/example_subdag_operator.py
[2021-03-03 14:25:15,104] {scheduler_job.py:639} INFO - DAG(s) dict_keys(['example_subdag_operator.section-1', 'example_subdag_operator.section-2', 'example_subdag_operator']) retrieved from /home/airflow/.local/lib/python3.8/site-packages/airflow/example_dags/example_subdag_operator.py
[2021-03-03 14:25:15,108] {logging_mixin.py:103} INFO - [2021-03-03 14:25:15,108] {dag.py:1813} INFO - Sync 3 DAGs
[2021-03-03 14:25:15,171] {logging_mixin.py:103} INFO - [2021-03-03 14:25:15,171] {dag.py:2266} INFO - Setting next_dagrun for example_subdag_operator to 2021-03-01 00:00:00+00:00
[2021-03-03 14:25:15,175] {logging_mixin.py:103} INFO - [2021-03-03 14:25:15,174] {dag.py:2266} INFO - Setting next_dagrun for example_subdag_operator.section-1 to None
[2021-03-03 14:25:15,175] {logging_mixin.py:103} INFO - [2021-03-03 14:25:15,175] {dag.py:2266} INFO - Setting next_dagrun for example_subdag_operator.section-2 to None
[2021-03-03 14:25:15,222] {logging_mixin.py:103} INFO - [2021-03-03 14:25:15,221] {dag.py:1813} INFO - Sync 2 DAGs
[2021-03-03 14:25:15,268] {logging_mixin.py:103} INFO - [2021-03-03 14:25:15,268] {dag.py:2266} INFO - Setting next_dagrun for example_subdag_operator.section-1 to None
[2021-03-03 14:25:15,269] {logging_mixin.py:103} INFO - [2021-03-03 14:25:15,269] {dag.py:2266} INFO - Setting next_dagrun for example_subdag_operator.section-2 to None
[2021-03-03 14:25:15,384] {scheduler_job.py:189} INFO - Processing /home/airflow/.local/lib/python3.8/site-packages/airflow/example_dags/example_subdag_operator.py took 0.385 seconds
[2021-03-03 14:25:21,670] {scheduler_job.py:181} INFO - Started process (PID=444) to work on /home/airflow/.local/lib/python3.8/site-packages/airflow/example_dags/example_subdag_operator.py
[2021-03-03 14:25:21,683] {scheduler_job.py:629} INFO - Processing file /home/airflow/.local/lib/python3.8/site-packages/airflow/example_dags/example_subdag_operator.py for tasks to queue
[2021-03-03 14:25:21,684] {logging_mixin.py:103} INFO - [2021-03-03 14:25:21,684] {dagbag.py:440} INFO - Filling up the DagBag from /home/airflow/.local/lib/python3.8/site-packages/airflow/example_dags/example_subdag_operator.py
[2021-03-03 14:25:21,828] {scheduler_job.py:639} INFO - DAG(s) dict_keys(['example_subdag_operator.section-1', 'example_subdag_operator.section-2', 'example_subdag_operator']) retrieved from /home/airflow/.local/lib/python3.8/site-packages/airflow/example_dags/example_subdag_operator.py
[2021-03-03 14:25:21,829] {logging_mixin.py:103} INFO - [2021-03-03 14:25:21,829] {dag.py:1813} INFO - Sync 3 DAGs
[2021-03-03 14:25:21,958] {logging_mixin.py:103} INFO - [2021-03-03 14:25:21,958] {dag.py:2266} INFO - Setting next_dagrun for example_subdag_operator to 2021-03-01 00:00:00+00:00
[2021-03-03 14:25:21,960] {logging_mixin.py:103} INFO - [2021-03-03 14:25:21,959] {dag.py:2266} INFO - Setting next_dagrun for example_subdag_operator.section-1 to None
[2021-03-03 14:25:21,960] {logging_mixin.py:103} INFO - [2021-03-03 14:25:21,960] {dag.py:2266} INFO - Setting next_dagrun for example_subdag_operator.section-2 to None
[2021-03-03 14:25:21,994] {logging_mixin.py:103} INFO - [2021-03-03 14:25:21,993] {dag.py:1813} INFO - Sync 2 DAGs
[2021-03-03 14:25:22,106] {logging_mixin.py:103} INFO - [2021-03-03 14:25:22,106] {dag.py:2266} INFO - Setting next_dagrun for example_subdag_operator.section-1 to None
[2021-03-03 14:25:22,107] {logging_mixin.py:103} INFO - [2021-03-03 14:25:22,107] {dag.py:2266} INFO - Setting next_dagrun for example_subdag_operator.section-2 to None
[2021-03-03 14:25:22,222] {scheduler_job.py:189} INFO - Processing /home/airflow/.local/lib/python3.8/site-packages/airflow/example_dags/example_subdag_operator.py took 0.559 seconds
[2021-03-03 14:25:27,573] {scheduler_job.py:181} INFO - Started process (PID=470) to work on /home/airflow/.local/lib/python3.8/site-packages/airflow/example_dags/example_subdag_operator.py
[2021-03-03 14:25:27,575] {scheduler_job.py:629} INFO - Processing file /home/airflow/.local/lib/python3.8/site-packages/airflow/example_dags/example_subdag_operator.py for tasks to queue
[2021-03-03 14:25:27,576] {logging_mixin.py:103} INFO - [2021-03-03 14:25:27,576] {dagbag.py:440} INFO - Filling up the DagBag from /home/airflow/.local/lib/python3.8/site-packages/airflow/example_dags/example_subdag_operator.py
[2021-03-03 14:25:27,877] {scheduler_job.py:639} INFO - DAG(s) dict_keys(['example_subdag_operator.section-1', 'example_subdag_operator.section-2', 'example_subdag_operator']) retrieved from /home/airflow/.local/lib/python3.8/site-packages/airflow/example_dags/example_subdag_operator.py
[2021-03-03 14:25:27,879] {logging_mixin.py:103} INFO - [2021-03-03 14:25:27,879] {dag.py:1813} INFO - Sync 3 DAGs
[2021-03-03 14:25:28,010] {logging_mixin.py:103} INFO - [2021-03-03 14:25:28,010] {dag.py:2266} INFO - Setting next_dagrun for example_subdag_operator to 2021-03-01 00:00:00+00:00
[2021-03-03 14:25:28,012] {logging_mixin.py:103} INFO - [2021-03-03 14:25:28,012] {dag.py:2266} INFO - Setting next_dagrun for example_subdag_operator.section-1 to None
[2021-03-03 14:25:28,013] {logging_mixin.py:103} INFO - [2021-03-03 14:25:28,012] {dag.py:2266} INFO - Setting next_dagrun for example_subdag_operator.section-2 to None
[2021-03-03 14:25:28,050] {logging_mixin.py:103} INFO - [2021-03-03 14:25:28,050] {dag.py:1813} INFO - Sync 2 DAGs
[2021-03-03 14:25:28,093] {logging_mixin.py:103} INFO - [2021-03-03 14:25:28,093] {dag.py:2266} INFO - Setting next_dagrun for example_subdag_operator.section-1 to None
[2021-03-03 14:25:28,093] {logging_mixin.py:103} INFO - [2021-03-03 14:25:28,093] {dag.py:2266} INFO - Setting next_dagrun for example_subdag_operator.section-2 to None
[2021-03-03 14:25:28,179] {scheduler_job.py:189} INFO - Processing /home/airflow/.local/lib/python3.8/site-packages/airflow/example_dags/example_subdag_operator.py took 0.644 seconds
[2021-03-03 14:25:34,848] {scheduler_job.py:181} INFO - Started process (PID=496) to work on /home/airflow/.local/lib/python3.8/site-packages/airflow/example_dags/example_subdag_operator.py
[2021-03-03 14:25:34,862] {scheduler_job.py:629} INFO - Processing file /home/airflow/.local/lib/python3.8/site-packages/airflow/example_dags/example_subdag_operator.py for tasks to queue
[2021-03-03 14:25:34,864] {logging_mixin.py:103} INFO - [2021-03-03 14:25:34,863] {dagbag.py:440} INFO - Filling up the DagBag from /home/airflow/.local/lib/python3.8/site-packages/airflow/example_dags/example_subdag_operator.py
[2021-03-03 14:25:35,036] {scheduler_job.py:639} INFO - DAG(s) dict_keys(['example_subdag_operator.section-1', 'example_subdag_operator.section-2', 'example_subdag_operator']) retrieved from /home/airflow/.local/lib/python3.8/site-packages/airflow/example_dags/example_subdag_operator.py
[2021-03-03 14:25:35,038] {logging_mixin.py:103} INFO - [2021-03-03 14:25:35,038] {dag.py:1813} INFO - Sync 3 DAGs
[2021-03-03 14:25:35,125] {logging_mixin.py:103} INFO - [2021-03-03 14:25:35,125] {dag.py:2266} INFO - Setting next_dagrun for example_subdag_operator to 2021-03-01 00:00:00+00:00
[2021-03-03 14:25:35,128] {logging_mixin.py:103} INFO - [2021-03-03 14:25:35,127] {dag.py:2266} INFO - Setting next_dagrun for example_subdag_operator.section-1 to None
[2021-03-03 14:25:35,129] {logging_mixin.py:103} INFO - [2021-03-03 14:25:35,128] {dag.py:2266} INFO - Setting next_dagrun for example_subdag_operator.section-2 to None
[2021-03-03 14:25:35,178] {logging_mixin.py:103} INFO - [2021-03-03 14:25:35,178] {dag.py:1813} INFO - Sync 2 DAGs
[2021-03-03 14:25:35,250] {logging_mixin.py:103} INFO - [2021-03-03 14:25:35,250] {dag.py:2266} INFO - Setting next_dagrun for example_subdag_operator.section-1 to None
[2021-03-03 14:25:35,250] {logging_mixin.py:103} INFO - [2021-03-03 14:25:35,250] {dag.py:2266} INFO - Setting next_dagrun for example_subdag_operator.section-2 to None
[2021-03-03 14:25:35,390] {scheduler_job.py:189} INFO - Processing /home/airflow/.local/lib/python3.8/site-packages/airflow/example_dags/example_subdag_operator.py took 0.566 seconds
[2021-03-03 14:25:41,818] {scheduler_job.py:181} INFO - Started process (PID=522) to work on /home/airflow/.local/lib/python3.8/site-packages/airflow/example_dags/example_subdag_operator.py
[2021-03-03 14:25:41,819] {scheduler_job.py:629} INFO - Processing file /home/airflow/.local/lib/python3.8/site-packages/airflow/example_dags/example_subdag_operator.py for tasks to queue
[2021-03-03 14:25:41,826] {logging_mixin.py:103} INFO - [2021-03-03 14:25:41,825] {dagbag.py:440} INFO - Filling up the DagBag from /home/airflow/.local/lib/python3.8/site-packages/airflow/example_dags/example_subdag_operator.py
[2021-03-03 14:25:41,977] {scheduler_job.py:639} INFO - DAG(s) dict_keys(['example_subdag_operator.section-1', 'example_subdag_operator.section-2', 'example_subdag_operator']) retrieved from /home/airflow/.local/lib/python3.8/site-packages/airflow/example_dags/example_subdag_operator.py
[2021-03-03 14:25:41,979] {logging_mixin.py:103} INFO - [2021-03-03 14:25:41,979] {dag.py:1813} INFO - Sync 3 DAGs
[2021-03-03 14:25:42,036] {logging_mixin.py:103} INFO - [2021-03-03 14:25:42,035] {dag.py:2266} INFO - Setting next_dagrun for example_subdag_operator to 2021-03-01 00:00:00+00:00
[2021-03-03 14:25:42,038] {logging_mixin.py:103} INFO - [2021-03-03 14:25:42,037] {dag.py:2266} INFO - Setting next_dagrun for example_subdag_operator.section-1 to None
[2021-03-03 14:25:42,038] {logging_mixin.py:103} INFO - [2021-03-03 14:25:42,038] {dag.py:2266} INFO - Setting next_dagrun for example_subdag_operator.section-2 to None
[2021-03-03 14:25:42,063] {logging_mixin.py:103} INFO - [2021-03-03 14:25:42,063] {dag.py:1813} INFO - Sync 2 DAGs
[2021-03-03 14:25:42,089] {logging_mixin.py:103} INFO - [2021-03-03 14:25:42,089] {dag.py:2266} INFO - Setting next_dagrun for example_subdag_operator.section-1 to None
[2021-03-03 14:25:42,090] {logging_mixin.py:103} INFO - [2021-03-03 14:25:42,090] {dag.py:2266} INFO - Setting next_dagrun for example_subdag_operator.section-2 to None
[2021-03-03 14:25:42,207] {scheduler_job.py:189} INFO - Processing /home/airflow/.local/lib/python3.8/site-packages/airflow/example_dags/example_subdag_operator.py took 0.423 seconds
[2021-03-03 14:25:47,320] {scheduler_job.py:181} INFO - Started process (PID=548) to work on /home/airflow/.local/lib/python3.8/site-packages/airflow/example_dags/example_subdag_operator.py
[2021-03-03 14:25:47,322] {scheduler_job.py:629} INFO - Processing file /home/airflow/.local/lib/python3.8/site-packages/airflow/example_dags/example_subdag_operator.py for tasks to queue
[2021-03-03 14:25:47,324] {logging_mixin.py:103} INFO - [2021-03-03 14:25:47,324] {dagbag.py:440} INFO - Filling up the DagBag from /home/airflow/.local/lib/python3.8/site-packages/airflow/example_dags/example_subdag_operator.py
[2021-03-03 14:25:47,399] {scheduler_job.py:639} INFO - DAG(s) dict_keys(['example_subdag_operator.section-1', 'example_subdag_operator.section-2', 'example_subdag_operator']) retrieved from /home/airflow/.local/lib/python3.8/site-packages/airflow/example_dags/example_subdag_operator.py
[2021-03-03 14:25:47,401] {logging_mixin.py:103} INFO - [2021-03-03 14:25:47,400] {dag.py:1813} INFO - Sync 3 DAGs
[2021-03-03 14:25:47,442] {logging_mixin.py:103} INFO - [2021-03-03 14:25:47,441] {dag.py:2266} INFO - Setting next_dagrun for example_subdag_operator to 2021-03-01 00:00:00+00:00
[2021-03-03 14:25:47,443] {logging_mixin.py:103} INFO - [2021-03-03 14:25:47,443] {dag.py:2266} INFO - Setting next_dagrun for example_subdag_operator.section-1 to None
[2021-03-03 14:25:47,444] {logging_mixin.py:103} INFO - [2021-03-03 14:25:47,444] {dag.py:2266} INFO - Setting next_dagrun for example_subdag_operator.section-2 to None
[2021-03-03 14:25:47,470] {logging_mixin.py:103} INFO - [2021-03-03 14:25:47,470] {dag.py:1813} INFO - Sync 2 DAGs
[2021-03-03 14:25:47,503] {logging_mixin.py:103} INFO - [2021-03-03 14:25:47,503] {dag.py:2266} INFO - Setting next_dagrun for example_subdag_operator.section-1 to None
[2021-03-03 14:25:47,504] {logging_mixin.py:103} INFO - [2021-03-03 14:25:47,504] {dag.py:2266} INFO - Setting next_dagrun for example_subdag_operator.section-2 to None
[2021-03-03 14:25:47,572] {scheduler_job.py:189} INFO - Processing /home/airflow/.local/lib/python3.8/site-packages/airflow/example_dags/example_subdag_operator.py took 0.258 seconds
[2021-03-03 14:25:53,014] {scheduler_job.py:181} INFO - Started process (PID=574) to work on /home/airflow/.local/lib/python3.8/site-packages/airflow/example_dags/example_subdag_operator.py
[2021-03-03 14:25:53,017] {scheduler_job.py:629} INFO - Processing file /home/airflow/.local/lib/python3.8/site-packages/airflow/example_dags/example_subdag_operator.py for tasks to queue
[2021-03-03 14:25:53,018] {logging_mixin.py:103} INFO - [2021-03-03 14:25:53,018] {dagbag.py:440} INFO - Filling up the DagBag from /home/airflow/.local/lib/python3.8/site-packages/airflow/example_dags/example_subdag_operator.py
[2021-03-03 14:25:53,145] {scheduler_job.py:639} INFO - DAG(s) dict_keys(['example_subdag_operator.section-1', 'example_subdag_operator.section-2', 'example_subdag_operator']) retrieved from /home/airflow/.local/lib/python3.8/site-packages/airflow/example_dags/example_subdag_operator.py
[2021-03-03 14:25:53,147] {logging_mixin.py:103} INFO - [2021-03-03 14:25:53,147] {dag.py:1813} INFO - Sync 3 DAGs
[2021-03-03 14:25:53,198] {logging_mixin.py:103} INFO - [2021-03-03 14:25:53,198] {dag.py:2266} INFO - Setting next_dagrun for example_subdag_operator to 2021-03-01 00:00:00+00:00
[2021-03-03 14:25:53,200] {logging_mixin.py:103} INFO - [2021-03-03 14:25:53,200] {dag.py:2266} INFO - Setting next_dagrun for example_subdag_operator.section-1 to None
[2021-03-03 14:25:53,201] {logging_mixin.py:103} INFO - [2021-03-03 14:25:53,200] {dag.py:2266} INFO - Setting next_dagrun for example_subdag_operator.section-2 to None
[2021-03-03 14:25:53,234] {logging_mixin.py:103} INFO - [2021-03-03 14:25:53,233] {dag.py:1813} INFO - Sync 2 DAGs
[2021-03-03 14:25:53,270] {logging_mixin.py:103} INFO - [2021-03-03 14:25:53,269] {dag.py:2266} INFO - Setting next_dagrun for example_subdag_operator.section-1 to None
[2021-03-03 14:25:53,270] {logging_mixin.py:103} INFO - [2021-03-03 14:25:53,270] {dag.py:2266} INFO - Setting next_dagrun for example_subdag_operator.section-2 to None
[2021-03-03 14:25:53,349] {scheduler_job.py:189} INFO - Processing /home/airflow/.local/lib/python3.8/site-packages/airflow/example_dags/example_subdag_operator.py took 0.346 seconds
[2021-03-03 14:25:59,033] {scheduler_job.py:181} INFO - Started process (PID=601) to work on /home/airflow/.local/lib/python3.8/site-packages/airflow/example_dags/example_subdag_operator.py
[2021-03-03 14:25:59,036] {scheduler_job.py:629} INFO - Processing file /home/airflow/.local/lib/python3.8/site-packages/airflow/example_dags/example_subdag_operator.py for tasks to queue
[2021-03-03 14:25:59,037] {logging_mixin.py:103} INFO - [2021-03-03 14:25:59,037] {dagbag.py:440} INFO - Filling up the DagBag from /home/airflow/.local/lib/python3.8/site-packages/airflow/example_dags/example_subdag_operator.py
[2021-03-03 14:25:59,244] {scheduler_job.py:639} INFO - DAG(s) dict_keys(['example_subdag_operator.section-1', 'example_subdag_operator.section-2', 'example_subdag_operator']) retrieved from /home/airflow/.local/lib/python3.8/site-packages/airflow/example_dags/example_subdag_operator.py
[2021-03-03 14:25:59,250] {logging_mixin.py:103} INFO - [2021-03-03 14:25:59,249] {dag.py:1813} INFO - Sync 3 DAGs
[2021-03-03 14:25:59,382] {logging_mixin.py:103} INFO - [2021-03-03 14:25:59,382] {dag.py:2266} INFO - Setting next_dagrun for example_subdag_operator to 2021-03-01 00:00:00+00:00
[2021-03-03 14:25:59,395] {logging_mixin.py:103} INFO - [2021-03-03 14:25:59,395] {dag.py:2266} INFO - Setting next_dagrun for example_subdag_operator.section-1 to None
[2021-03-03 14:25:59,395] {logging_mixin.py:103} INFO - [2021-03-03 14:25:59,395] {dag.py:2266} INFO - Setting next_dagrun for example_subdag_operator.section-2 to None
[2021-03-03 14:25:59,510] {logging_mixin.py:103} INFO - [2021-03-03 14:25:59,509] {dag.py:1813} INFO - Sync 2 DAGs
[2021-03-03 14:25:59,594] {logging_mixin.py:103} INFO - [2021-03-03 14:25:59,594] {dag.py:2266} INFO - Setting next_dagrun for example_subdag_operator.section-1 to None
[2021-03-03 14:25:59,594] {logging_mixin.py:103} INFO - [2021-03-03 14:25:59,594] {dag.py:2266} INFO - Setting next_dagrun for example_subdag_operator.section-2 to None
[2021-03-03 14:25:59,742] {scheduler_job.py:189} INFO - Processing /home/airflow/.local/lib/python3.8/site-packages/airflow/example_dags/example_subdag_operator.py took 0.715 seconds
