[2021-03-03 14:23:43,399] {scheduler_job.py:181} INFO - Started process (PID=41) to work on /home/airflow/.local/lib/python3.8/site-packages/airflow/example_dags/example_external_task_marker_dag.py
[2021-03-03 14:23:43,402] {scheduler_job.py:629} INFO - Processing file /home/airflow/.local/lib/python3.8/site-packages/airflow/example_dags/example_external_task_marker_dag.py for tasks to queue
[2021-03-03 14:23:43,403] {logging_mixin.py:103} INFO - [2021-03-03 14:23:43,403] {dagbag.py:440} INFO - Filling up the DagBag from /home/airflow/.local/lib/python3.8/site-packages/airflow/example_dags/example_external_task_marker_dag.py
[2021-03-03 14:23:43,475] {scheduler_job.py:639} INFO - DAG(s) dict_keys(['example_external_task_marker_parent', 'example_external_task_marker_child']) retrieved from /home/airflow/.local/lib/python3.8/site-packages/airflow/example_dags/example_external_task_marker_dag.py
[2021-03-03 14:23:43,477] {logging_mixin.py:103} INFO - [2021-03-03 14:23:43,477] {dag.py:1813} INFO - Sync 2 DAGs
[2021-03-03 14:23:43,541] {logging_mixin.py:103} INFO - [2021-03-03 14:23:43,541] {dag.py:1832} INFO - Creating ORM DAG for example_external_task_marker_parent
[2021-03-03 14:23:43,542] {logging_mixin.py:103} INFO - [2021-03-03 14:23:43,542] {dag.py:1832} INFO - Creating ORM DAG for example_external_task_marker_child
[2021-03-03 14:23:43,557] {logging_mixin.py:103} INFO - [2021-03-03 14:23:43,557] {dag.py:2266} INFO - Setting next_dagrun for example_external_task_marker_child to None
[2021-03-03 14:23:43,559] {logging_mixin.py:103} INFO - [2021-03-03 14:23:43,558] {dag.py:2266} INFO - Setting next_dagrun for example_external_task_marker_parent to None
[2021-03-03 14:23:43,738] {scheduler_job.py:189} INFO - Processing /home/airflow/.local/lib/python3.8/site-packages/airflow/example_dags/example_external_task_marker_dag.py took 0.358 seconds
[2021-03-03 14:23:51,168] {scheduler_job.py:181} INFO - Started process (PID=70) to work on /home/airflow/.local/lib/python3.8/site-packages/airflow/example_dags/example_external_task_marker_dag.py
[2021-03-03 14:23:51,173] {scheduler_job.py:629} INFO - Processing file /home/airflow/.local/lib/python3.8/site-packages/airflow/example_dags/example_external_task_marker_dag.py for tasks to queue
[2021-03-03 14:23:51,175] {logging_mixin.py:103} INFO - [2021-03-03 14:23:51,174] {dagbag.py:440} INFO - Filling up the DagBag from /home/airflow/.local/lib/python3.8/site-packages/airflow/example_dags/example_external_task_marker_dag.py
[2021-03-03 14:23:51,219] {scheduler_job.py:639} INFO - DAG(s) dict_keys(['example_external_task_marker_parent', 'example_external_task_marker_child']) retrieved from /home/airflow/.local/lib/python3.8/site-packages/airflow/example_dags/example_external_task_marker_dag.py
[2021-03-03 14:23:51,222] {logging_mixin.py:103} INFO - [2021-03-03 14:23:51,221] {dag.py:1813} INFO - Sync 2 DAGs
[2021-03-03 14:23:51,432] {logging_mixin.py:103} INFO - [2021-03-03 14:23:51,432] {dag.py:2266} INFO - Setting next_dagrun for example_external_task_marker_child to None
[2021-03-03 14:23:51,434] {logging_mixin.py:103} INFO - [2021-03-03 14:23:51,434] {dag.py:2266} INFO - Setting next_dagrun for example_external_task_marker_parent to None
[2021-03-03 14:23:51,491] {scheduler_job.py:189} INFO - Processing /home/airflow/.local/lib/python3.8/site-packages/airflow/example_dags/example_external_task_marker_dag.py took 0.344 seconds
[2021-03-03 14:24:06,296] {scheduler_job.py:181} INFO - Started process (PID=120) to work on /home/airflow/.local/lib/python3.8/site-packages/airflow/example_dags/example_external_task_marker_dag.py
[2021-03-03 14:24:06,306] {scheduler_job.py:629} INFO - Processing file /home/airflow/.local/lib/python3.8/site-packages/airflow/example_dags/example_external_task_marker_dag.py for tasks to queue
[2021-03-03 14:24:06,308] {logging_mixin.py:103} INFO - [2021-03-03 14:24:06,307] {dagbag.py:440} INFO - Filling up the DagBag from /home/airflow/.local/lib/python3.8/site-packages/airflow/example_dags/example_external_task_marker_dag.py
[2021-03-03 14:24:06,405] {scheduler_job.py:639} INFO - DAG(s) dict_keys(['example_external_task_marker_parent', 'example_external_task_marker_child']) retrieved from /home/airflow/.local/lib/python3.8/site-packages/airflow/example_dags/example_external_task_marker_dag.py
[2021-03-03 14:24:06,407] {logging_mixin.py:103} INFO - [2021-03-03 14:24:06,407] {dag.py:1813} INFO - Sync 2 DAGs
[2021-03-03 14:24:06,554] {logging_mixin.py:103} INFO - [2021-03-03 14:24:06,554] {dag.py:2266} INFO - Setting next_dagrun for example_external_task_marker_child to None
[2021-03-03 14:24:06,557] {logging_mixin.py:103} INFO - [2021-03-03 14:24:06,556] {dag.py:2266} INFO - Setting next_dagrun for example_external_task_marker_parent to None
[2021-03-03 14:24:06,607] {scheduler_job.py:189} INFO - Processing /home/airflow/.local/lib/python3.8/site-packages/airflow/example_dags/example_external_task_marker_dag.py took 0.326 seconds
[2021-03-03 14:24:13,134] {scheduler_job.py:181} INFO - Started process (PID=149) to work on /home/airflow/.local/lib/python3.8/site-packages/airflow/example_dags/example_external_task_marker_dag.py
[2021-03-03 14:24:13,137] {scheduler_job.py:629} INFO - Processing file /home/airflow/.local/lib/python3.8/site-packages/airflow/example_dags/example_external_task_marker_dag.py for tasks to queue
[2021-03-03 14:24:13,138] {logging_mixin.py:103} INFO - [2021-03-03 14:24:13,138] {dagbag.py:440} INFO - Filling up the DagBag from /home/airflow/.local/lib/python3.8/site-packages/airflow/example_dags/example_external_task_marker_dag.py
[2021-03-03 14:24:13,184] {scheduler_job.py:639} INFO - DAG(s) dict_keys(['example_external_task_marker_parent', 'example_external_task_marker_child']) retrieved from /home/airflow/.local/lib/python3.8/site-packages/airflow/example_dags/example_external_task_marker_dag.py
[2021-03-03 14:24:13,186] {logging_mixin.py:103} INFO - [2021-03-03 14:24:13,186] {dag.py:1813} INFO - Sync 2 DAGs
[2021-03-03 14:24:13,351] {logging_mixin.py:103} INFO - [2021-03-03 14:24:13,351] {dag.py:2266} INFO - Setting next_dagrun for example_external_task_marker_child to None
[2021-03-03 14:24:13,361] {logging_mixin.py:103} INFO - [2021-03-03 14:24:13,353] {dag.py:2266} INFO - Setting next_dagrun for example_external_task_marker_parent to None
[2021-03-03 14:24:13,456] {scheduler_job.py:189} INFO - Processing /home/airflow/.local/lib/python3.8/site-packages/airflow/example_dags/example_external_task_marker_dag.py took 0.329 seconds
[2021-03-03 14:24:25,834] {scheduler_job.py:181} INFO - Started process (PID=201) to work on /home/airflow/.local/lib/python3.8/site-packages/airflow/example_dags/example_external_task_marker_dag.py
[2021-03-03 14:24:25,836] {scheduler_job.py:629} INFO - Processing file /home/airflow/.local/lib/python3.8/site-packages/airflow/example_dags/example_external_task_marker_dag.py for tasks to queue
[2021-03-03 14:24:25,837] {logging_mixin.py:103} INFO - [2021-03-03 14:24:25,837] {dagbag.py:440} INFO - Filling up the DagBag from /home/airflow/.local/lib/python3.8/site-packages/airflow/example_dags/example_external_task_marker_dag.py
[2021-03-03 14:24:25,867] {scheduler_job.py:639} INFO - DAG(s) dict_keys(['example_external_task_marker_parent', 'example_external_task_marker_child']) retrieved from /home/airflow/.local/lib/python3.8/site-packages/airflow/example_dags/example_external_task_marker_dag.py
[2021-03-03 14:24:25,869] {logging_mixin.py:103} INFO - [2021-03-03 14:24:25,869] {dag.py:1813} INFO - Sync 2 DAGs
[2021-03-03 14:24:25,932] {logging_mixin.py:103} INFO - [2021-03-03 14:24:25,932] {dag.py:2266} INFO - Setting next_dagrun for example_external_task_marker_child to None
[2021-03-03 14:24:25,934] {logging_mixin.py:103} INFO - [2021-03-03 14:24:25,934] {dag.py:2266} INFO - Setting next_dagrun for example_external_task_marker_parent to None
[2021-03-03 14:24:26,050] {scheduler_job.py:189} INFO - Processing /home/airflow/.local/lib/python3.8/site-packages/airflow/example_dags/example_external_task_marker_dag.py took 0.224 seconds
[2021-03-03 14:24:37,617] {scheduler_job.py:181} INFO - Started process (PID=253) to work on /home/airflow/.local/lib/python3.8/site-packages/airflow/example_dags/example_external_task_marker_dag.py
[2021-03-03 14:24:37,619] {scheduler_job.py:629} INFO - Processing file /home/airflow/.local/lib/python3.8/site-packages/airflow/example_dags/example_external_task_marker_dag.py for tasks to queue
[2021-03-03 14:24:37,620] {logging_mixin.py:103} INFO - [2021-03-03 14:24:37,620] {dagbag.py:440} INFO - Filling up the DagBag from /home/airflow/.local/lib/python3.8/site-packages/airflow/example_dags/example_external_task_marker_dag.py
[2021-03-03 14:24:37,644] {scheduler_job.py:639} INFO - DAG(s) dict_keys(['example_external_task_marker_parent', 'example_external_task_marker_child']) retrieved from /home/airflow/.local/lib/python3.8/site-packages/airflow/example_dags/example_external_task_marker_dag.py
[2021-03-03 14:24:37,646] {logging_mixin.py:103} INFO - [2021-03-03 14:24:37,646] {dag.py:1813} INFO - Sync 2 DAGs
[2021-03-03 14:24:37,795] {logging_mixin.py:103} INFO - [2021-03-03 14:24:37,795] {dag.py:2266} INFO - Setting next_dagrun for example_external_task_marker_child to None
[2021-03-03 14:24:37,797] {logging_mixin.py:103} INFO - [2021-03-03 14:24:37,797] {dag.py:2266} INFO - Setting next_dagrun for example_external_task_marker_parent to None
[2021-03-03 14:24:37,941] {scheduler_job.py:189} INFO - Processing /home/airflow/.local/lib/python3.8/site-packages/airflow/example_dags/example_external_task_marker_dag.py took 0.331 seconds
[2021-03-03 14:24:50,076] {scheduler_job.py:181} INFO - Started process (PID=305) to work on /home/airflow/.local/lib/python3.8/site-packages/airflow/example_dags/example_external_task_marker_dag.py
[2021-03-03 14:24:50,084] {scheduler_job.py:629} INFO - Processing file /home/airflow/.local/lib/python3.8/site-packages/airflow/example_dags/example_external_task_marker_dag.py for tasks to queue
[2021-03-03 14:24:50,085] {logging_mixin.py:103} INFO - [2021-03-03 14:24:50,085] {dagbag.py:440} INFO - Filling up the DagBag from /home/airflow/.local/lib/python3.8/site-packages/airflow/example_dags/example_external_task_marker_dag.py
[2021-03-03 14:24:50,170] {scheduler_job.py:639} INFO - DAG(s) dict_keys(['example_external_task_marker_parent', 'example_external_task_marker_child']) retrieved from /home/airflow/.local/lib/python3.8/site-packages/airflow/example_dags/example_external_task_marker_dag.py
[2021-03-03 14:24:50,172] {logging_mixin.py:103} INFO - [2021-03-03 14:24:50,171] {dag.py:1813} INFO - Sync 2 DAGs
[2021-03-03 14:24:50,358] {logging_mixin.py:103} INFO - [2021-03-03 14:24:50,358] {dag.py:2266} INFO - Setting next_dagrun for example_external_task_marker_child to None
[2021-03-03 14:24:50,360] {logging_mixin.py:103} INFO - [2021-03-03 14:24:50,360] {dag.py:2266} INFO - Setting next_dagrun for example_external_task_marker_parent to None
[2021-03-03 14:24:50,471] {scheduler_job.py:189} INFO - Processing /home/airflow/.local/lib/python3.8/site-packages/airflow/example_dags/example_external_task_marker_dag.py took 0.424 seconds
[2021-03-03 14:25:02,450] {scheduler_job.py:181} INFO - Started process (PID=357) to work on /home/airflow/.local/lib/python3.8/site-packages/airflow/example_dags/example_external_task_marker_dag.py
[2021-03-03 14:25:02,462] {scheduler_job.py:629} INFO - Processing file /home/airflow/.local/lib/python3.8/site-packages/airflow/example_dags/example_external_task_marker_dag.py for tasks to queue
[2021-03-03 14:25:02,463] {logging_mixin.py:103} INFO - [2021-03-03 14:25:02,463] {dagbag.py:440} INFO - Filling up the DagBag from /home/airflow/.local/lib/python3.8/site-packages/airflow/example_dags/example_external_task_marker_dag.py
[2021-03-03 14:25:02,530] {scheduler_job.py:639} INFO - DAG(s) dict_keys(['example_external_task_marker_parent', 'example_external_task_marker_child']) retrieved from /home/airflow/.local/lib/python3.8/site-packages/airflow/example_dags/example_external_task_marker_dag.py
[2021-03-03 14:25:02,531] {logging_mixin.py:103} INFO - [2021-03-03 14:25:02,531] {dag.py:1813} INFO - Sync 2 DAGs
[2021-03-03 14:25:02,654] {logging_mixin.py:103} INFO - [2021-03-03 14:25:02,654] {dag.py:2266} INFO - Setting next_dagrun for example_external_task_marker_child to None
[2021-03-03 14:25:02,656] {logging_mixin.py:103} INFO - [2021-03-03 14:25:02,656] {dag.py:2266} INFO - Setting next_dagrun for example_external_task_marker_parent to None
[2021-03-03 14:25:02,802] {scheduler_job.py:189} INFO - Processing /home/airflow/.local/lib/python3.8/site-packages/airflow/example_dags/example_external_task_marker_dag.py took 0.362 seconds
[2021-03-03 14:25:13,016] {scheduler_job.py:181} INFO - Started process (PID=409) to work on /home/airflow/.local/lib/python3.8/site-packages/airflow/example_dags/example_external_task_marker_dag.py
[2021-03-03 14:25:13,018] {scheduler_job.py:629} INFO - Processing file /home/airflow/.local/lib/python3.8/site-packages/airflow/example_dags/example_external_task_marker_dag.py for tasks to queue
[2021-03-03 14:25:13,019] {logging_mixin.py:103} INFO - [2021-03-03 14:25:13,019] {dagbag.py:440} INFO - Filling up the DagBag from /home/airflow/.local/lib/python3.8/site-packages/airflow/example_dags/example_external_task_marker_dag.py
[2021-03-03 14:25:13,091] {scheduler_job.py:639} INFO - DAG(s) dict_keys(['example_external_task_marker_parent', 'example_external_task_marker_child']) retrieved from /home/airflow/.local/lib/python3.8/site-packages/airflow/example_dags/example_external_task_marker_dag.py
[2021-03-03 14:25:13,106] {logging_mixin.py:103} INFO - [2021-03-03 14:25:13,106] {dag.py:1813} INFO - Sync 2 DAGs
[2021-03-03 14:25:13,254] {logging_mixin.py:103} INFO - [2021-03-03 14:25:13,254] {dag.py:2266} INFO - Setting next_dagrun for example_external_task_marker_child to None
[2021-03-03 14:25:13,256] {logging_mixin.py:103} INFO - [2021-03-03 14:25:13,256] {dag.py:2266} INFO - Setting next_dagrun for example_external_task_marker_parent to None
[2021-03-03 14:25:13,358] {scheduler_job.py:189} INFO - Processing /home/airflow/.local/lib/python3.8/site-packages/airflow/example_dags/example_external_task_marker_dag.py took 0.364 seconds
[2021-03-03 14:25:25,481] {scheduler_job.py:181} INFO - Started process (PID=461) to work on /home/airflow/.local/lib/python3.8/site-packages/airflow/example_dags/example_external_task_marker_dag.py
[2021-03-03 14:25:25,483] {scheduler_job.py:629} INFO - Processing file /home/airflow/.local/lib/python3.8/site-packages/airflow/example_dags/example_external_task_marker_dag.py for tasks to queue
[2021-03-03 14:25:25,484] {logging_mixin.py:103} INFO - [2021-03-03 14:25:25,484] {dagbag.py:440} INFO - Filling up the DagBag from /home/airflow/.local/lib/python3.8/site-packages/airflow/example_dags/example_external_task_marker_dag.py
[2021-03-03 14:25:25,579] {scheduler_job.py:639} INFO - DAG(s) dict_keys(['example_external_task_marker_parent', 'example_external_task_marker_child']) retrieved from /home/airflow/.local/lib/python3.8/site-packages/airflow/example_dags/example_external_task_marker_dag.py
[2021-03-03 14:25:25,580] {logging_mixin.py:103} INFO - [2021-03-03 14:25:25,580] {dag.py:1813} INFO - Sync 2 DAGs
[2021-03-03 14:25:25,747] {logging_mixin.py:103} INFO - [2021-03-03 14:25:25,746] {dag.py:2266} INFO - Setting next_dagrun for example_external_task_marker_child to None
[2021-03-03 14:25:25,748] {logging_mixin.py:103} INFO - [2021-03-03 14:25:25,748] {dag.py:2266} INFO - Setting next_dagrun for example_external_task_marker_parent to None
[2021-03-03 14:25:25,873] {scheduler_job.py:189} INFO - Processing /home/airflow/.local/lib/python3.8/site-packages/airflow/example_dags/example_external_task_marker_dag.py took 0.426 seconds
[2021-03-03 14:25:39,172] {scheduler_job.py:181} INFO - Started process (PID=513) to work on /home/airflow/.local/lib/python3.8/site-packages/airflow/example_dags/example_external_task_marker_dag.py
[2021-03-03 14:25:39,181] {scheduler_job.py:629} INFO - Processing file /home/airflow/.local/lib/python3.8/site-packages/airflow/example_dags/example_external_task_marker_dag.py for tasks to queue
[2021-03-03 14:25:39,183] {logging_mixin.py:103} INFO - [2021-03-03 14:25:39,183] {dagbag.py:440} INFO - Filling up the DagBag from /home/airflow/.local/lib/python3.8/site-packages/airflow/example_dags/example_external_task_marker_dag.py
[2021-03-03 14:25:39,281] {scheduler_job.py:639} INFO - DAG(s) dict_keys(['example_external_task_marker_parent', 'example_external_task_marker_child']) retrieved from /home/airflow/.local/lib/python3.8/site-packages/airflow/example_dags/example_external_task_marker_dag.py
[2021-03-03 14:25:39,284] {logging_mixin.py:103} INFO - [2021-03-03 14:25:39,284] {dag.py:1813} INFO - Sync 2 DAGs
[2021-03-03 14:25:39,531] {logging_mixin.py:103} INFO - [2021-03-03 14:25:39,531] {dag.py:2266} INFO - Setting next_dagrun for example_external_task_marker_child to None
[2021-03-03 14:25:39,533] {logging_mixin.py:103} INFO - [2021-03-03 14:25:39,533] {dag.py:2266} INFO - Setting next_dagrun for example_external_task_marker_parent to None
[2021-03-03 14:25:39,699] {scheduler_job.py:189} INFO - Processing /home/airflow/.local/lib/python3.8/site-packages/airflow/example_dags/example_external_task_marker_dag.py took 0.565 seconds
[2021-03-03 14:25:50,771] {scheduler_job.py:181} INFO - Started process (PID=565) to work on /home/airflow/.local/lib/python3.8/site-packages/airflow/example_dags/example_external_task_marker_dag.py
[2021-03-03 14:25:50,787] {scheduler_job.py:629} INFO - Processing file /home/airflow/.local/lib/python3.8/site-packages/airflow/example_dags/example_external_task_marker_dag.py for tasks to queue
[2021-03-03 14:25:50,788] {logging_mixin.py:103} INFO - [2021-03-03 14:25:50,788] {dagbag.py:440} INFO - Filling up the DagBag from /home/airflow/.local/lib/python3.8/site-packages/airflow/example_dags/example_external_task_marker_dag.py
[2021-03-03 14:25:50,875] {scheduler_job.py:639} INFO - DAG(s) dict_keys(['example_external_task_marker_parent', 'example_external_task_marker_child']) retrieved from /home/airflow/.local/lib/python3.8/site-packages/airflow/example_dags/example_external_task_marker_dag.py
[2021-03-03 14:25:50,877] {logging_mixin.py:103} INFO - [2021-03-03 14:25:50,877] {dag.py:1813} INFO - Sync 2 DAGs
[2021-03-03 14:25:50,997] {logging_mixin.py:103} INFO - [2021-03-03 14:25:50,996] {dag.py:2266} INFO - Setting next_dagrun for example_external_task_marker_child to None
[2021-03-03 14:25:50,999] {logging_mixin.py:103} INFO - [2021-03-03 14:25:50,999] {dag.py:2266} INFO - Setting next_dagrun for example_external_task_marker_parent to None
[2021-03-03 14:25:51,099] {scheduler_job.py:189} INFO - Processing /home/airflow/.local/lib/python3.8/site-packages/airflow/example_dags/example_external_task_marker_dag.py took 0.351 seconds
[2021-03-03 14:26:02,788] {scheduler_job.py:181} INFO - Started process (PID=615) to work on /home/airflow/.local/lib/python3.8/site-packages/airflow/example_dags/example_external_task_marker_dag.py
[2021-03-03 14:26:02,811] {scheduler_job.py:629} INFO - Processing file /home/airflow/.local/lib/python3.8/site-packages/airflow/example_dags/example_external_task_marker_dag.py for tasks to queue
[2021-03-03 14:26:02,842] {logging_mixin.py:103} INFO - [2021-03-03 14:26:02,813] {dagbag.py:440} INFO - Filling up the DagBag from /home/airflow/.local/lib/python3.8/site-packages/airflow/example_dags/example_external_task_marker_dag.py
[2021-03-03 14:26:03,021] {scheduler_job.py:639} INFO - DAG(s) dict_keys(['example_external_task_marker_parent', 'example_external_task_marker_child']) retrieved from /home/airflow/.local/lib/python3.8/site-packages/airflow/example_dags/example_external_task_marker_dag.py
[2021-03-03 14:26:03,047] {logging_mixin.py:103} INFO - [2021-03-03 14:26:03,047] {dag.py:1813} INFO - Sync 2 DAGs
[2021-03-03 14:26:03,175] {logging_mixin.py:103} INFO - [2021-03-03 14:26:03,175] {dag.py:2266} INFO - Setting next_dagrun for example_external_task_marker_child to None
[2021-03-03 14:26:03,180] {logging_mixin.py:103} INFO - [2021-03-03 14:26:03,177] {dag.py:2266} INFO - Setting next_dagrun for example_external_task_marker_parent to None
[2021-03-03 14:26:03,342] {scheduler_job.py:189} INFO - Processing /home/airflow/.local/lib/python3.8/site-packages/airflow/example_dags/example_external_task_marker_dag.py took 0.597 seconds
