[2021-03-03 14:23:37,554] {scheduler_job.py:181} INFO - Started process (PID=23) to work on /home/airflow/.local/lib/python3.8/site-packages/airflow/example_dags/example_skip_dag.py
[2021-03-03 14:23:37,557] {scheduler_job.py:629} INFO - Processing file /home/airflow/.local/lib/python3.8/site-packages/airflow/example_dags/example_skip_dag.py for tasks to queue
[2021-03-03 14:23:37,559] {logging_mixin.py:103} INFO - [2021-03-03 14:23:37,559] {dagbag.py:440} INFO - Filling up the DagBag from /home/airflow/.local/lib/python3.8/site-packages/airflow/example_dags/example_skip_dag.py
[2021-03-03 14:23:37,634] {scheduler_job.py:639} INFO - DAG(s) dict_keys(['example_skip_dag']) retrieved from /home/airflow/.local/lib/python3.8/site-packages/airflow/example_dags/example_skip_dag.py
[2021-03-03 14:23:37,636] {logging_mixin.py:103} INFO - [2021-03-03 14:23:37,636] {dag.py:1813} INFO - Sync 1 DAGs
[2021-03-03 14:23:37,698] {logging_mixin.py:103} INFO - [2021-03-03 14:23:37,698] {dag.py:1832} INFO - Creating ORM DAG for example_skip_dag
[2021-03-03 14:23:37,719] {logging_mixin.py:103} INFO - [2021-03-03 14:23:37,719] {dag.py:2266} INFO - Setting next_dagrun for example_skip_dag to 2021-03-01 00:00:00+00:00
[2021-03-03 14:23:37,884] {scheduler_job.py:189} INFO - Processing /home/airflow/.local/lib/python3.8/site-packages/airflow/example_dags/example_skip_dag.py took 0.362 seconds
[2021-03-03 14:23:45,608] {scheduler_job.py:181} INFO - Started process (PID=49) to work on /home/airflow/.local/lib/python3.8/site-packages/airflow/example_dags/example_skip_dag.py
[2021-03-03 14:23:45,619] {scheduler_job.py:629} INFO - Processing file /home/airflow/.local/lib/python3.8/site-packages/airflow/example_dags/example_skip_dag.py for tasks to queue
[2021-03-03 14:23:45,620] {logging_mixin.py:103} INFO - [2021-03-03 14:23:45,620] {dagbag.py:440} INFO - Filling up the DagBag from /home/airflow/.local/lib/python3.8/site-packages/airflow/example_dags/example_skip_dag.py
[2021-03-03 14:23:45,686] {scheduler_job.py:639} INFO - DAG(s) dict_keys(['example_skip_dag']) retrieved from /home/airflow/.local/lib/python3.8/site-packages/airflow/example_dags/example_skip_dag.py
[2021-03-03 14:23:45,688] {logging_mixin.py:103} INFO - [2021-03-03 14:23:45,688] {dag.py:1813} INFO - Sync 1 DAGs
[2021-03-03 14:23:45,863] {logging_mixin.py:103} INFO - [2021-03-03 14:23:45,862] {dag.py:2266} INFO - Setting next_dagrun for example_skip_dag to 2021-03-01 00:00:00+00:00
[2021-03-03 14:23:45,952] {scheduler_job.py:189} INFO - Processing /home/airflow/.local/lib/python3.8/site-packages/airflow/example_dags/example_skip_dag.py took 0.360 seconds
[2021-03-03 14:23:52,453] {scheduler_job.py:181} INFO - Started process (PID=75) to work on /home/airflow/.local/lib/python3.8/site-packages/airflow/example_dags/example_skip_dag.py
[2021-03-03 14:23:52,469] {scheduler_job.py:629} INFO - Processing file /home/airflow/.local/lib/python3.8/site-packages/airflow/example_dags/example_skip_dag.py for tasks to queue
[2021-03-03 14:23:52,473] {logging_mixin.py:103} INFO - [2021-03-03 14:23:52,473] {dagbag.py:440} INFO - Filling up the DagBag from /home/airflow/.local/lib/python3.8/site-packages/airflow/example_dags/example_skip_dag.py
[2021-03-03 14:23:52,694] {scheduler_job.py:639} INFO - DAG(s) dict_keys(['example_skip_dag']) retrieved from /home/airflow/.local/lib/python3.8/site-packages/airflow/example_dags/example_skip_dag.py
[2021-03-03 14:23:52,721] {logging_mixin.py:103} INFO - [2021-03-03 14:23:52,696] {dag.py:1813} INFO - Sync 1 DAGs
[2021-03-03 14:23:52,978] {logging_mixin.py:103} INFO - [2021-03-03 14:23:52,977] {dag.py:2266} INFO - Setting next_dagrun for example_skip_dag to 2021-03-01 00:00:00+00:00
[2021-03-03 14:23:53,314] {scheduler_job.py:189} INFO - Processing /home/airflow/.local/lib/python3.8/site-packages/airflow/example_dags/example_skip_dag.py took 0.885 seconds
[2021-03-03 14:24:01,355] {scheduler_job.py:181} INFO - Started process (PID=102) to work on /home/airflow/.local/lib/python3.8/site-packages/airflow/example_dags/example_skip_dag.py
[2021-03-03 14:24:01,373] {scheduler_job.py:629} INFO - Processing file /home/airflow/.local/lib/python3.8/site-packages/airflow/example_dags/example_skip_dag.py for tasks to queue
[2021-03-03 14:24:01,375] {logging_mixin.py:103} INFO - [2021-03-03 14:24:01,375] {dagbag.py:440} INFO - Filling up the DagBag from /home/airflow/.local/lib/python3.8/site-packages/airflow/example_dags/example_skip_dag.py
[2021-03-03 14:24:01,464] {scheduler_job.py:639} INFO - DAG(s) dict_keys(['example_skip_dag']) retrieved from /home/airflow/.local/lib/python3.8/site-packages/airflow/example_dags/example_skip_dag.py
[2021-03-03 14:24:01,484] {logging_mixin.py:103} INFO - [2021-03-03 14:24:01,484] {dag.py:1813} INFO - Sync 1 DAGs
[2021-03-03 14:24:01,673] {logging_mixin.py:103} INFO - [2021-03-03 14:24:01,672] {dag.py:2266} INFO - Setting next_dagrun for example_skip_dag to 2021-03-01 00:00:00+00:00
[2021-03-03 14:24:01,743] {scheduler_job.py:189} INFO - Processing /home/airflow/.local/lib/python3.8/site-packages/airflow/example_dags/example_skip_dag.py took 0.423 seconds
[2021-03-03 14:24:08,214] {scheduler_job.py:181} INFO - Started process (PID=128) to work on /home/airflow/.local/lib/python3.8/site-packages/airflow/example_dags/example_skip_dag.py
[2021-03-03 14:24:08,220] {scheduler_job.py:629} INFO - Processing file /home/airflow/.local/lib/python3.8/site-packages/airflow/example_dags/example_skip_dag.py for tasks to queue
[2021-03-03 14:24:08,222] {logging_mixin.py:103} INFO - [2021-03-03 14:24:08,222] {dagbag.py:440} INFO - Filling up the DagBag from /home/airflow/.local/lib/python3.8/site-packages/airflow/example_dags/example_skip_dag.py
[2021-03-03 14:24:08,286] {scheduler_job.py:639} INFO - DAG(s) dict_keys(['example_skip_dag']) retrieved from /home/airflow/.local/lib/python3.8/site-packages/airflow/example_dags/example_skip_dag.py
[2021-03-03 14:24:08,288] {logging_mixin.py:103} INFO - [2021-03-03 14:24:08,288] {dag.py:1813} INFO - Sync 1 DAGs
[2021-03-03 14:24:08,465] {logging_mixin.py:103} INFO - [2021-03-03 14:24:08,465] {dag.py:2266} INFO - Setting next_dagrun for example_skip_dag to 2021-03-01 00:00:00+00:00
[2021-03-03 14:24:08,539] {scheduler_job.py:189} INFO - Processing /home/airflow/.local/lib/python3.8/site-packages/airflow/example_dags/example_skip_dag.py took 0.344 seconds
[2021-03-03 14:24:14,186] {scheduler_job.py:181} INFO - Started process (PID=154) to work on /home/airflow/.local/lib/python3.8/site-packages/airflow/example_dags/example_skip_dag.py
[2021-03-03 14:24:14,189] {scheduler_job.py:629} INFO - Processing file /home/airflow/.local/lib/python3.8/site-packages/airflow/example_dags/example_skip_dag.py for tasks to queue
[2021-03-03 14:24:14,198] {logging_mixin.py:103} INFO - [2021-03-03 14:24:14,198] {dagbag.py:440} INFO - Filling up the DagBag from /home/airflow/.local/lib/python3.8/site-packages/airflow/example_dags/example_skip_dag.py
[2021-03-03 14:24:14,264] {scheduler_job.py:639} INFO - DAG(s) dict_keys(['example_skip_dag']) retrieved from /home/airflow/.local/lib/python3.8/site-packages/airflow/example_dags/example_skip_dag.py
[2021-03-03 14:24:14,278] {logging_mixin.py:103} INFO - [2021-03-03 14:24:14,277] {dag.py:1813} INFO - Sync 1 DAGs
[2021-03-03 14:24:14,486] {logging_mixin.py:103} INFO - [2021-03-03 14:24:14,486] {dag.py:2266} INFO - Setting next_dagrun for example_skip_dag to 2021-03-01 00:00:00+00:00
[2021-03-03 14:24:14,570] {scheduler_job.py:189} INFO - Processing /home/airflow/.local/lib/python3.8/site-packages/airflow/example_dags/example_skip_dag.py took 0.426 seconds
[2021-03-03 14:24:20,698] {scheduler_job.py:181} INFO - Started process (PID=180) to work on /home/airflow/.local/lib/python3.8/site-packages/airflow/example_dags/example_skip_dag.py
[2021-03-03 14:24:20,700] {scheduler_job.py:629} INFO - Processing file /home/airflow/.local/lib/python3.8/site-packages/airflow/example_dags/example_skip_dag.py for tasks to queue
[2021-03-03 14:24:20,706] {logging_mixin.py:103} INFO - [2021-03-03 14:24:20,706] {dagbag.py:440} INFO - Filling up the DagBag from /home/airflow/.local/lib/python3.8/site-packages/airflow/example_dags/example_skip_dag.py
[2021-03-03 14:24:20,746] {scheduler_job.py:639} INFO - DAG(s) dict_keys(['example_skip_dag']) retrieved from /home/airflow/.local/lib/python3.8/site-packages/airflow/example_dags/example_skip_dag.py
[2021-03-03 14:24:20,748] {logging_mixin.py:103} INFO - [2021-03-03 14:24:20,747] {dag.py:1813} INFO - Sync 1 DAGs
[2021-03-03 14:24:20,851] {logging_mixin.py:103} INFO - [2021-03-03 14:24:20,851] {dag.py:2266} INFO - Setting next_dagrun for example_skip_dag to 2021-03-01 00:00:00+00:00
[2021-03-03 14:24:20,913] {scheduler_job.py:189} INFO - Processing /home/airflow/.local/lib/python3.8/site-packages/airflow/example_dags/example_skip_dag.py took 0.241 seconds
[2021-03-03 14:24:27,294] {scheduler_job.py:181} INFO - Started process (PID=206) to work on /home/airflow/.local/lib/python3.8/site-packages/airflow/example_dags/example_skip_dag.py
[2021-03-03 14:24:27,297] {scheduler_job.py:629} INFO - Processing file /home/airflow/.local/lib/python3.8/site-packages/airflow/example_dags/example_skip_dag.py for tasks to queue
[2021-03-03 14:24:27,298] {logging_mixin.py:103} INFO - [2021-03-03 14:24:27,298] {dagbag.py:440} INFO - Filling up the DagBag from /home/airflow/.local/lib/python3.8/site-packages/airflow/example_dags/example_skip_dag.py
[2021-03-03 14:24:27,356] {scheduler_job.py:639} INFO - DAG(s) dict_keys(['example_skip_dag']) retrieved from /home/airflow/.local/lib/python3.8/site-packages/airflow/example_dags/example_skip_dag.py
[2021-03-03 14:24:27,364] {logging_mixin.py:103} INFO - [2021-03-03 14:24:27,363] {dag.py:1813} INFO - Sync 1 DAGs
[2021-03-03 14:24:27,464] {logging_mixin.py:103} INFO - [2021-03-03 14:24:27,464] {dag.py:2266} INFO - Setting next_dagrun for example_skip_dag to 2021-03-01 00:00:00+00:00
[2021-03-03 14:24:27,515] {scheduler_job.py:189} INFO - Processing /home/airflow/.local/lib/python3.8/site-packages/airflow/example_dags/example_skip_dag.py took 0.244 seconds
[2021-03-03 14:24:32,146] {scheduler_job.py:181} INFO - Started process (PID=232) to work on /home/airflow/.local/lib/python3.8/site-packages/airflow/example_dags/example_skip_dag.py
[2021-03-03 14:24:32,148] {scheduler_job.py:629} INFO - Processing file /home/airflow/.local/lib/python3.8/site-packages/airflow/example_dags/example_skip_dag.py for tasks to queue
[2021-03-03 14:24:32,157] {logging_mixin.py:103} INFO - [2021-03-03 14:24:32,157] {dagbag.py:440} INFO - Filling up the DagBag from /home/airflow/.local/lib/python3.8/site-packages/airflow/example_dags/example_skip_dag.py
[2021-03-03 14:24:32,220] {scheduler_job.py:639} INFO - DAG(s) dict_keys(['example_skip_dag']) retrieved from /home/airflow/.local/lib/python3.8/site-packages/airflow/example_dags/example_skip_dag.py
[2021-03-03 14:24:32,227] {logging_mixin.py:103} INFO - [2021-03-03 14:24:32,227] {dag.py:1813} INFO - Sync 1 DAGs
[2021-03-03 14:24:32,347] {logging_mixin.py:103} INFO - [2021-03-03 14:24:32,347] {dag.py:2266} INFO - Setting next_dagrun for example_skip_dag to 2021-03-01 00:00:00+00:00
[2021-03-03 14:24:32,475] {scheduler_job.py:189} INFO - Processing /home/airflow/.local/lib/python3.8/site-packages/airflow/example_dags/example_skip_dag.py took 0.351 seconds
[2021-03-03 14:24:38,610] {scheduler_job.py:181} INFO - Started process (PID=258) to work on /home/airflow/.local/lib/python3.8/site-packages/airflow/example_dags/example_skip_dag.py
[2021-03-03 14:24:38,612] {scheduler_job.py:629} INFO - Processing file /home/airflow/.local/lib/python3.8/site-packages/airflow/example_dags/example_skip_dag.py for tasks to queue
[2021-03-03 14:24:38,626] {logging_mixin.py:103} INFO - [2021-03-03 14:24:38,625] {dagbag.py:440} INFO - Filling up the DagBag from /home/airflow/.local/lib/python3.8/site-packages/airflow/example_dags/example_skip_dag.py
[2021-03-03 14:24:38,692] {scheduler_job.py:639} INFO - DAG(s) dict_keys(['example_skip_dag']) retrieved from /home/airflow/.local/lib/python3.8/site-packages/airflow/example_dags/example_skip_dag.py
[2021-03-03 14:24:38,710] {logging_mixin.py:103} INFO - [2021-03-03 14:24:38,710] {dag.py:1813} INFO - Sync 1 DAGs
[2021-03-03 14:24:38,878] {logging_mixin.py:103} INFO - [2021-03-03 14:24:38,877] {dag.py:2266} INFO - Setting next_dagrun for example_skip_dag to 2021-03-01 00:00:00+00:00
[2021-03-03 14:24:38,998] {scheduler_job.py:189} INFO - Processing /home/airflow/.local/lib/python3.8/site-packages/airflow/example_dags/example_skip_dag.py took 0.422 seconds
[2021-03-03 14:24:45,028] {scheduler_job.py:181} INFO - Started process (PID=284) to work on /home/airflow/.local/lib/python3.8/site-packages/airflow/example_dags/example_skip_dag.py
[2021-03-03 14:24:45,031] {scheduler_job.py:629} INFO - Processing file /home/airflow/.local/lib/python3.8/site-packages/airflow/example_dags/example_skip_dag.py for tasks to queue
[2021-03-03 14:24:45,032] {logging_mixin.py:103} INFO - [2021-03-03 14:24:45,032] {dagbag.py:440} INFO - Filling up the DagBag from /home/airflow/.local/lib/python3.8/site-packages/airflow/example_dags/example_skip_dag.py
[2021-03-03 14:24:45,126] {scheduler_job.py:639} INFO - DAG(s) dict_keys(['example_skip_dag']) retrieved from /home/airflow/.local/lib/python3.8/site-packages/airflow/example_dags/example_skip_dag.py
[2021-03-03 14:24:45,128] {logging_mixin.py:103} INFO - [2021-03-03 14:24:45,128] {dag.py:1813} INFO - Sync 1 DAGs
[2021-03-03 14:24:45,229] {logging_mixin.py:103} INFO - [2021-03-03 14:24:45,229] {dag.py:2266} INFO - Setting next_dagrun for example_skip_dag to 2021-03-01 00:00:00+00:00
[2021-03-03 14:24:45,288] {scheduler_job.py:189} INFO - Processing /home/airflow/.local/lib/python3.8/site-packages/airflow/example_dags/example_skip_dag.py took 0.281 seconds
[2021-03-03 14:24:51,205] {scheduler_job.py:181} INFO - Started process (PID=310) to work on /home/airflow/.local/lib/python3.8/site-packages/airflow/example_dags/example_skip_dag.py
[2021-03-03 14:24:51,219] {scheduler_job.py:629} INFO - Processing file /home/airflow/.local/lib/python3.8/site-packages/airflow/example_dags/example_skip_dag.py for tasks to queue
[2021-03-03 14:24:51,220] {logging_mixin.py:103} INFO - [2021-03-03 14:24:51,220] {dagbag.py:440} INFO - Filling up the DagBag from /home/airflow/.local/lib/python3.8/site-packages/airflow/example_dags/example_skip_dag.py
[2021-03-03 14:24:51,283] {scheduler_job.py:639} INFO - DAG(s) dict_keys(['example_skip_dag']) retrieved from /home/airflow/.local/lib/python3.8/site-packages/airflow/example_dags/example_skip_dag.py
[2021-03-03 14:24:51,298] {logging_mixin.py:103} INFO - [2021-03-03 14:24:51,297] {dag.py:1813} INFO - Sync 1 DAGs
[2021-03-03 14:24:51,455] {logging_mixin.py:103} INFO - [2021-03-03 14:24:51,454] {dag.py:2266} INFO - Setting next_dagrun for example_skip_dag to 2021-03-01 00:00:00+00:00
[2021-03-03 14:24:51,551] {scheduler_job.py:189} INFO - Processing /home/airflow/.local/lib/python3.8/site-packages/airflow/example_dags/example_skip_dag.py took 0.371 seconds
[2021-03-03 14:24:58,052] {scheduler_job.py:181} INFO - Started process (PID=336) to work on /home/airflow/.local/lib/python3.8/site-packages/airflow/example_dags/example_skip_dag.py
[2021-03-03 14:24:58,056] {scheduler_job.py:629} INFO - Processing file /home/airflow/.local/lib/python3.8/site-packages/airflow/example_dags/example_skip_dag.py for tasks to queue
[2021-03-03 14:24:58,057] {logging_mixin.py:103} INFO - [2021-03-03 14:24:58,057] {dagbag.py:440} INFO - Filling up the DagBag from /home/airflow/.local/lib/python3.8/site-packages/airflow/example_dags/example_skip_dag.py
[2021-03-03 14:24:58,155] {scheduler_job.py:639} INFO - DAG(s) dict_keys(['example_skip_dag']) retrieved from /home/airflow/.local/lib/python3.8/site-packages/airflow/example_dags/example_skip_dag.py
[2021-03-03 14:24:58,157] {logging_mixin.py:103} INFO - [2021-03-03 14:24:58,156] {dag.py:1813} INFO - Sync 1 DAGs
[2021-03-03 14:24:58,408] {logging_mixin.py:103} INFO - [2021-03-03 14:24:58,408] {dag.py:2266} INFO - Setting next_dagrun for example_skip_dag to 2021-03-01 00:00:00+00:00
[2021-03-03 14:24:58,501] {scheduler_job.py:189} INFO - Processing /home/airflow/.local/lib/python3.8/site-packages/airflow/example_dags/example_skip_dag.py took 0.469 seconds
[2021-03-03 14:25:04,021] {scheduler_job.py:181} INFO - Started process (PID=362) to work on /home/airflow/.local/lib/python3.8/site-packages/airflow/example_dags/example_skip_dag.py
[2021-03-03 14:25:04,023] {scheduler_job.py:629} INFO - Processing file /home/airflow/.local/lib/python3.8/site-packages/airflow/example_dags/example_skip_dag.py for tasks to queue
[2021-03-03 14:25:04,025] {logging_mixin.py:103} INFO - [2021-03-03 14:25:04,025] {dagbag.py:440} INFO - Filling up the DagBag from /home/airflow/.local/lib/python3.8/site-packages/airflow/example_dags/example_skip_dag.py
[2021-03-03 14:25:04,083] {scheduler_job.py:639} INFO - DAG(s) dict_keys(['example_skip_dag']) retrieved from /home/airflow/.local/lib/python3.8/site-packages/airflow/example_dags/example_skip_dag.py
[2021-03-03 14:25:04,100] {logging_mixin.py:103} INFO - [2021-03-03 14:25:04,100] {dag.py:1813} INFO - Sync 1 DAGs
[2021-03-03 14:25:04,279] {logging_mixin.py:103} INFO - [2021-03-03 14:25:04,279] {dag.py:2266} INFO - Setting next_dagrun for example_skip_dag to 2021-03-01 00:00:00+00:00
[2021-03-03 14:25:04,407] {scheduler_job.py:189} INFO - Processing /home/airflow/.local/lib/python3.8/site-packages/airflow/example_dags/example_skip_dag.py took 0.417 seconds
[2021-03-03 14:25:08,923] {scheduler_job.py:181} INFO - Started process (PID=388) to work on /home/airflow/.local/lib/python3.8/site-packages/airflow/example_dags/example_skip_dag.py
[2021-03-03 14:25:08,925] {scheduler_job.py:629} INFO - Processing file /home/airflow/.local/lib/python3.8/site-packages/airflow/example_dags/example_skip_dag.py for tasks to queue
[2021-03-03 14:25:08,926] {logging_mixin.py:103} INFO - [2021-03-03 14:25:08,926] {dagbag.py:440} INFO - Filling up the DagBag from /home/airflow/.local/lib/python3.8/site-packages/airflow/example_dags/example_skip_dag.py
[2021-03-03 14:25:08,976] {scheduler_job.py:639} INFO - DAG(s) dict_keys(['example_skip_dag']) retrieved from /home/airflow/.local/lib/python3.8/site-packages/airflow/example_dags/example_skip_dag.py
[2021-03-03 14:25:08,983] {logging_mixin.py:103} INFO - [2021-03-03 14:25:08,983] {dag.py:1813} INFO - Sync 1 DAGs
[2021-03-03 14:25:09,202] {logging_mixin.py:103} INFO - [2021-03-03 14:25:09,202] {dag.py:2266} INFO - Setting next_dagrun for example_skip_dag to 2021-03-01 00:00:00+00:00
[2021-03-03 14:25:09,345] {scheduler_job.py:189} INFO - Processing /home/airflow/.local/lib/python3.8/site-packages/airflow/example_dags/example_skip_dag.py took 0.443 seconds
[2021-03-03 14:25:13,897] {scheduler_job.py:181} INFO - Started process (PID=414) to work on /home/airflow/.local/lib/python3.8/site-packages/airflow/example_dags/example_skip_dag.py
[2021-03-03 14:25:13,899] {scheduler_job.py:629} INFO - Processing file /home/airflow/.local/lib/python3.8/site-packages/airflow/example_dags/example_skip_dag.py for tasks to queue
[2021-03-03 14:25:13,900] {logging_mixin.py:103} INFO - [2021-03-03 14:25:13,900] {dagbag.py:440} INFO - Filling up the DagBag from /home/airflow/.local/lib/python3.8/site-packages/airflow/example_dags/example_skip_dag.py
[2021-03-03 14:25:13,962] {scheduler_job.py:639} INFO - DAG(s) dict_keys(['example_skip_dag']) retrieved from /home/airflow/.local/lib/python3.8/site-packages/airflow/example_dags/example_skip_dag.py
[2021-03-03 14:25:13,963] {logging_mixin.py:103} INFO - [2021-03-03 14:25:13,963] {dag.py:1813} INFO - Sync 1 DAGs
[2021-03-03 14:25:14,110] {logging_mixin.py:103} INFO - [2021-03-03 14:25:14,110] {dag.py:2266} INFO - Setting next_dagrun for example_skip_dag to 2021-03-01 00:00:00+00:00
[2021-03-03 14:25:14,201] {scheduler_job.py:189} INFO - Processing /home/airflow/.local/lib/python3.8/site-packages/airflow/example_dags/example_skip_dag.py took 0.329 seconds
[2021-03-03 14:25:20,276] {scheduler_job.py:181} INFO - Started process (PID=440) to work on /home/airflow/.local/lib/python3.8/site-packages/airflow/example_dags/example_skip_dag.py
[2021-03-03 14:25:20,278] {scheduler_job.py:629} INFO - Processing file /home/airflow/.local/lib/python3.8/site-packages/airflow/example_dags/example_skip_dag.py for tasks to queue
[2021-03-03 14:25:20,279] {logging_mixin.py:103} INFO - [2021-03-03 14:25:20,279] {dagbag.py:440} INFO - Filling up the DagBag from /home/airflow/.local/lib/python3.8/site-packages/airflow/example_dags/example_skip_dag.py
[2021-03-03 14:25:20,336] {scheduler_job.py:639} INFO - DAG(s) dict_keys(['example_skip_dag']) retrieved from /home/airflow/.local/lib/python3.8/site-packages/airflow/example_dags/example_skip_dag.py
[2021-03-03 14:25:20,337] {logging_mixin.py:103} INFO - [2021-03-03 14:25:20,337] {dag.py:1813} INFO - Sync 1 DAGs
[2021-03-03 14:25:20,471] {logging_mixin.py:103} INFO - [2021-03-03 14:25:20,471] {dag.py:2266} INFO - Setting next_dagrun for example_skip_dag to 2021-03-01 00:00:00+00:00
[2021-03-03 14:25:20,590] {scheduler_job.py:189} INFO - Processing /home/airflow/.local/lib/python3.8/site-packages/airflow/example_dags/example_skip_dag.py took 0.337 seconds
[2021-03-03 14:25:26,327] {scheduler_job.py:181} INFO - Started process (PID=466) to work on /home/airflow/.local/lib/python3.8/site-packages/airflow/example_dags/example_skip_dag.py
[2021-03-03 14:25:26,356] {scheduler_job.py:629} INFO - Processing file /home/airflow/.local/lib/python3.8/site-packages/airflow/example_dags/example_skip_dag.py for tasks to queue
[2021-03-03 14:25:26,357] {logging_mixin.py:103} INFO - [2021-03-03 14:25:26,357] {dagbag.py:440} INFO - Filling up the DagBag from /home/airflow/.local/lib/python3.8/site-packages/airflow/example_dags/example_skip_dag.py
[2021-03-03 14:25:26,404] {scheduler_job.py:639} INFO - DAG(s) dict_keys(['example_skip_dag']) retrieved from /home/airflow/.local/lib/python3.8/site-packages/airflow/example_dags/example_skip_dag.py
[2021-03-03 14:25:26,405] {logging_mixin.py:103} INFO - [2021-03-03 14:25:26,405] {dag.py:1813} INFO - Sync 1 DAGs
[2021-03-03 14:25:26,519] {logging_mixin.py:103} INFO - [2021-03-03 14:25:26,519] {dag.py:2266} INFO - Setting next_dagrun for example_skip_dag to 2021-03-01 00:00:00+00:00
[2021-03-03 14:25:26,624] {scheduler_job.py:189} INFO - Processing /home/airflow/.local/lib/python3.8/site-packages/airflow/example_dags/example_skip_dag.py took 0.303 seconds
[2021-03-03 14:25:33,532] {scheduler_job.py:181} INFO - Started process (PID=492) to work on /home/airflow/.local/lib/python3.8/site-packages/airflow/example_dags/example_skip_dag.py
[2021-03-03 14:25:33,543] {scheduler_job.py:629} INFO - Processing file /home/airflow/.local/lib/python3.8/site-packages/airflow/example_dags/example_skip_dag.py for tasks to queue
[2021-03-03 14:25:33,545] {logging_mixin.py:103} INFO - [2021-03-03 14:25:33,544] {dagbag.py:440} INFO - Filling up the DagBag from /home/airflow/.local/lib/python3.8/site-packages/airflow/example_dags/example_skip_dag.py
[2021-03-03 14:25:33,631] {scheduler_job.py:639} INFO - DAG(s) dict_keys(['example_skip_dag']) retrieved from /home/airflow/.local/lib/python3.8/site-packages/airflow/example_dags/example_skip_dag.py
[2021-03-03 14:25:33,635] {logging_mixin.py:103} INFO - [2021-03-03 14:25:33,635] {dag.py:1813} INFO - Sync 1 DAGs
[2021-03-03 14:25:33,842] {logging_mixin.py:103} INFO - [2021-03-03 14:25:33,842] {dag.py:2266} INFO - Setting next_dagrun for example_skip_dag to 2021-03-01 00:00:00+00:00
[2021-03-03 14:25:33,971] {scheduler_job.py:189} INFO - Processing /home/airflow/.local/lib/python3.8/site-packages/airflow/example_dags/example_skip_dag.py took 0.459 seconds
[2021-03-03 14:25:40,741] {scheduler_job.py:181} INFO - Started process (PID=518) to work on /home/airflow/.local/lib/python3.8/site-packages/airflow/example_dags/example_skip_dag.py
[2021-03-03 14:25:40,743] {scheduler_job.py:629} INFO - Processing file /home/airflow/.local/lib/python3.8/site-packages/airflow/example_dags/example_skip_dag.py for tasks to queue
[2021-03-03 14:25:40,762] {logging_mixin.py:103} INFO - [2021-03-03 14:25:40,761] {dagbag.py:440} INFO - Filling up the DagBag from /home/airflow/.local/lib/python3.8/site-packages/airflow/example_dags/example_skip_dag.py
[2021-03-03 14:25:40,854] {scheduler_job.py:639} INFO - DAG(s) dict_keys(['example_skip_dag']) retrieved from /home/airflow/.local/lib/python3.8/site-packages/airflow/example_dags/example_skip_dag.py
[2021-03-03 14:25:40,855] {logging_mixin.py:103} INFO - [2021-03-03 14:25:40,855] {dag.py:1813} INFO - Sync 1 DAGs
[2021-03-03 14:25:41,078] {logging_mixin.py:103} INFO - [2021-03-03 14:25:41,078] {dag.py:2266} INFO - Setting next_dagrun for example_skip_dag to 2021-03-01 00:00:00+00:00
[2021-03-03 14:25:41,235] {scheduler_job.py:189} INFO - Processing /home/airflow/.local/lib/python3.8/site-packages/airflow/example_dags/example_skip_dag.py took 0.528 seconds
[2021-03-03 14:25:46,537] {scheduler_job.py:181} INFO - Started process (PID=544) to work on /home/airflow/.local/lib/python3.8/site-packages/airflow/example_dags/example_skip_dag.py
[2021-03-03 14:25:46,539] {scheduler_job.py:629} INFO - Processing file /home/airflow/.local/lib/python3.8/site-packages/airflow/example_dags/example_skip_dag.py for tasks to queue
[2021-03-03 14:25:46,556] {logging_mixin.py:103} INFO - [2021-03-03 14:25:46,556] {dagbag.py:440} INFO - Filling up the DagBag from /home/airflow/.local/lib/python3.8/site-packages/airflow/example_dags/example_skip_dag.py
[2021-03-03 14:25:46,623] {scheduler_job.py:639} INFO - DAG(s) dict_keys(['example_skip_dag']) retrieved from /home/airflow/.local/lib/python3.8/site-packages/airflow/example_dags/example_skip_dag.py
[2021-03-03 14:25:46,637] {logging_mixin.py:103} INFO - [2021-03-03 14:25:46,637] {dag.py:1813} INFO - Sync 1 DAGs
[2021-03-03 14:25:46,769] {logging_mixin.py:103} INFO - [2021-03-03 14:25:46,769] {dag.py:2266} INFO - Setting next_dagrun for example_skip_dag to 2021-03-01 00:00:00+00:00
[2021-03-03 14:25:46,856] {scheduler_job.py:189} INFO - Processing /home/airflow/.local/lib/python3.8/site-packages/airflow/example_dags/example_skip_dag.py took 0.364 seconds
[2021-03-03 14:25:52,048] {scheduler_job.py:181} INFO - Started process (PID=570) to work on /home/airflow/.local/lib/python3.8/site-packages/airflow/example_dags/example_skip_dag.py
[2021-03-03 14:25:52,051] {scheduler_job.py:629} INFO - Processing file /home/airflow/.local/lib/python3.8/site-packages/airflow/example_dags/example_skip_dag.py for tasks to queue
[2021-03-03 14:25:52,052] {logging_mixin.py:103} INFO - [2021-03-03 14:25:52,052] {dagbag.py:440} INFO - Filling up the DagBag from /home/airflow/.local/lib/python3.8/site-packages/airflow/example_dags/example_skip_dag.py
[2021-03-03 14:25:52,150] {scheduler_job.py:639} INFO - DAG(s) dict_keys(['example_skip_dag']) retrieved from /home/airflow/.local/lib/python3.8/site-packages/airflow/example_dags/example_skip_dag.py
[2021-03-03 14:25:52,152] {logging_mixin.py:103} INFO - [2021-03-03 14:25:52,152] {dag.py:1813} INFO - Sync 1 DAGs
[2021-03-03 14:25:52,334] {logging_mixin.py:103} INFO - [2021-03-03 14:25:52,334] {dag.py:2266} INFO - Setting next_dagrun for example_skip_dag to 2021-03-01 00:00:00+00:00
[2021-03-03 14:25:52,444] {scheduler_job.py:189} INFO - Processing /home/airflow/.local/lib/python3.8/site-packages/airflow/example_dags/example_skip_dag.py took 0.429 seconds
[2021-03-03 14:25:58,067] {scheduler_job.py:181} INFO - Started process (PID=597) to work on /home/airflow/.local/lib/python3.8/site-packages/airflow/example_dags/example_skip_dag.py
[2021-03-03 14:25:58,087] {scheduler_job.py:629} INFO - Processing file /home/airflow/.local/lib/python3.8/site-packages/airflow/example_dags/example_skip_dag.py for tasks to queue
[2021-03-03 14:25:58,089] {logging_mixin.py:103} INFO - [2021-03-03 14:25:58,089] {dagbag.py:440} INFO - Filling up the DagBag from /home/airflow/.local/lib/python3.8/site-packages/airflow/example_dags/example_skip_dag.py
[2021-03-03 14:25:58,209] {scheduler_job.py:639} INFO - DAG(s) dict_keys(['example_skip_dag']) retrieved from /home/airflow/.local/lib/python3.8/site-packages/airflow/example_dags/example_skip_dag.py
[2021-03-03 14:25:58,219] {logging_mixin.py:103} INFO - [2021-03-03 14:25:58,218] {dag.py:1813} INFO - Sync 1 DAGs
[2021-03-03 14:25:58,353] {logging_mixin.py:103} INFO - [2021-03-03 14:25:58,353] {dag.py:2266} INFO - Setting next_dagrun for example_skip_dag to 2021-03-01 00:00:00+00:00
[2021-03-03 14:25:58,407] {scheduler_job.py:189} INFO - Processing /home/airflow/.local/lib/python3.8/site-packages/airflow/example_dags/example_skip_dag.py took 0.362 seconds
