[2021-03-03 14:23:40,327] {scheduler_job.py:181} INFO - Started process (PID=32) to work on /home/airflow/.local/lib/python3.8/site-packages/airflow/example_dags/example_task_group.py
[2021-03-03 14:23:40,342] {scheduler_job.py:629} INFO - Processing file /home/airflow/.local/lib/python3.8/site-packages/airflow/example_dags/example_task_group.py for tasks to queue
[2021-03-03 14:23:40,343] {logging_mixin.py:103} INFO - [2021-03-03 14:23:40,343] {dagbag.py:440} INFO - Filling up the DagBag from /home/airflow/.local/lib/python3.8/site-packages/airflow/example_dags/example_task_group.py
[2021-03-03 14:23:40,441] {scheduler_job.py:639} INFO - DAG(s) dict_keys(['example_task_group']) retrieved from /home/airflow/.local/lib/python3.8/site-packages/airflow/example_dags/example_task_group.py
[2021-03-03 14:23:40,443] {logging_mixin.py:103} INFO - [2021-03-03 14:23:40,442] {dag.py:1813} INFO - Sync 1 DAGs
[2021-03-03 14:23:40,511] {logging_mixin.py:103} INFO - [2021-03-03 14:23:40,511] {dag.py:1832} INFO - Creating ORM DAG for example_task_group
[2021-03-03 14:23:40,539] {logging_mixin.py:103} INFO - [2021-03-03 14:23:40,539] {dag.py:2266} INFO - Setting next_dagrun for example_task_group to 2021-03-01 00:00:00+00:00
[2021-03-03 14:23:40,732] {scheduler_job.py:189} INFO - Processing /home/airflow/.local/lib/python3.8/site-packages/airflow/example_dags/example_task_group.py took 0.443 seconds
[2021-03-03 14:23:48,118] {scheduler_job.py:181} INFO - Started process (PID=58) to work on /home/airflow/.local/lib/python3.8/site-packages/airflow/example_dags/example_task_group.py
[2021-03-03 14:23:48,121] {scheduler_job.py:629} INFO - Processing file /home/airflow/.local/lib/python3.8/site-packages/airflow/example_dags/example_task_group.py for tasks to queue
[2021-03-03 14:23:48,134] {logging_mixin.py:103} INFO - [2021-03-03 14:23:48,134] {dagbag.py:440} INFO - Filling up the DagBag from /home/airflow/.local/lib/python3.8/site-packages/airflow/example_dags/example_task_group.py
[2021-03-03 14:23:48,206] {scheduler_job.py:639} INFO - DAG(s) dict_keys(['example_task_group']) retrieved from /home/airflow/.local/lib/python3.8/site-packages/airflow/example_dags/example_task_group.py
[2021-03-03 14:23:48,208] {logging_mixin.py:103} INFO - [2021-03-03 14:23:48,208] {dag.py:1813} INFO - Sync 1 DAGs
[2021-03-03 14:23:48,411] {logging_mixin.py:103} INFO - [2021-03-03 14:23:48,411] {dag.py:2266} INFO - Setting next_dagrun for example_task_group to 2021-03-01 00:00:00+00:00
[2021-03-03 14:23:48,467] {scheduler_job.py:189} INFO - Processing /home/airflow/.local/lib/python3.8/site-packages/airflow/example_dags/example_task_group.py took 0.375 seconds
[2021-03-03 14:23:55,888] {scheduler_job.py:181} INFO - Started process (PID=84) to work on /home/airflow/.local/lib/python3.8/site-packages/airflow/example_dags/example_task_group.py
[2021-03-03 14:23:55,904] {scheduler_job.py:629} INFO - Processing file /home/airflow/.local/lib/python3.8/site-packages/airflow/example_dags/example_task_group.py for tasks to queue
[2021-03-03 14:23:55,905] {logging_mixin.py:103} INFO - [2021-03-03 14:23:55,905] {dagbag.py:440} INFO - Filling up the DagBag from /home/airflow/.local/lib/python3.8/site-packages/airflow/example_dags/example_task_group.py
[2021-03-03 14:23:56,046] {scheduler_job.py:639} INFO - DAG(s) dict_keys(['example_task_group']) retrieved from /home/airflow/.local/lib/python3.8/site-packages/airflow/example_dags/example_task_group.py
[2021-03-03 14:23:56,048] {logging_mixin.py:103} INFO - [2021-03-03 14:23:56,047] {dag.py:1813} INFO - Sync 1 DAGs
[2021-03-03 14:23:56,196] {logging_mixin.py:103} INFO - [2021-03-03 14:23:56,196] {dag.py:2266} INFO - Setting next_dagrun for example_task_group to 2021-03-01 00:00:00+00:00
[2021-03-03 14:23:56,258] {scheduler_job.py:189} INFO - Processing /home/airflow/.local/lib/python3.8/site-packages/airflow/example_dags/example_task_group.py took 0.403 seconds
[2021-03-03 14:24:04,291] {scheduler_job.py:181} INFO - Started process (PID=111) to work on /home/airflow/.local/lib/python3.8/site-packages/airflow/example_dags/example_task_group.py
[2021-03-03 14:24:04,298] {scheduler_job.py:629} INFO - Processing file /home/airflow/.local/lib/python3.8/site-packages/airflow/example_dags/example_task_group.py for tasks to queue
[2021-03-03 14:24:04,299] {logging_mixin.py:103} INFO - [2021-03-03 14:24:04,299] {dagbag.py:440} INFO - Filling up the DagBag from /home/airflow/.local/lib/python3.8/site-packages/airflow/example_dags/example_task_group.py
[2021-03-03 14:24:04,462] {scheduler_job.py:639} INFO - DAG(s) dict_keys(['example_task_group']) retrieved from /home/airflow/.local/lib/python3.8/site-packages/airflow/example_dags/example_task_group.py
[2021-03-03 14:24:04,464] {logging_mixin.py:103} INFO - [2021-03-03 14:24:04,464] {dag.py:1813} INFO - Sync 1 DAGs
[2021-03-03 14:24:04,594] {logging_mixin.py:103} INFO - [2021-03-03 14:24:04,594] {dag.py:2266} INFO - Setting next_dagrun for example_task_group to 2021-03-01 00:00:00+00:00
[2021-03-03 14:24:04,654] {scheduler_job.py:189} INFO - Processing /home/airflow/.local/lib/python3.8/site-packages/airflow/example_dags/example_task_group.py took 0.377 seconds
[2021-03-03 14:24:10,590] {scheduler_job.py:181} INFO - Started process (PID=137) to work on /home/airflow/.local/lib/python3.8/site-packages/airflow/example_dags/example_task_group.py
[2021-03-03 14:24:10,592] {scheduler_job.py:629} INFO - Processing file /home/airflow/.local/lib/python3.8/site-packages/airflow/example_dags/example_task_group.py for tasks to queue
[2021-03-03 14:24:10,594] {logging_mixin.py:103} INFO - [2021-03-03 14:24:10,594] {dagbag.py:440} INFO - Filling up the DagBag from /home/airflow/.local/lib/python3.8/site-packages/airflow/example_dags/example_task_group.py
[2021-03-03 14:24:10,646] {scheduler_job.py:639} INFO - DAG(s) dict_keys(['example_task_group']) retrieved from /home/airflow/.local/lib/python3.8/site-packages/airflow/example_dags/example_task_group.py
[2021-03-03 14:24:10,648] {logging_mixin.py:103} INFO - [2021-03-03 14:24:10,648] {dag.py:1813} INFO - Sync 1 DAGs
[2021-03-03 14:24:10,855] {logging_mixin.py:103} INFO - [2021-03-03 14:24:10,854] {dag.py:2266} INFO - Setting next_dagrun for example_task_group to 2021-03-01 00:00:00+00:00
[2021-03-03 14:24:10,932] {scheduler_job.py:189} INFO - Processing /home/airflow/.local/lib/python3.8/site-packages/airflow/example_dags/example_task_group.py took 0.373 seconds
[2021-03-03 14:24:16,324] {scheduler_job.py:181} INFO - Started process (PID=163) to work on /home/airflow/.local/lib/python3.8/site-packages/airflow/example_dags/example_task_group.py
[2021-03-03 14:24:16,327] {scheduler_job.py:629} INFO - Processing file /home/airflow/.local/lib/python3.8/site-packages/airflow/example_dags/example_task_group.py for tasks to queue
[2021-03-03 14:24:16,328] {logging_mixin.py:103} INFO - [2021-03-03 14:24:16,328] {dagbag.py:440} INFO - Filling up the DagBag from /home/airflow/.local/lib/python3.8/site-packages/airflow/example_dags/example_task_group.py
[2021-03-03 14:24:16,441] {scheduler_job.py:639} INFO - DAG(s) dict_keys(['example_task_group']) retrieved from /home/airflow/.local/lib/python3.8/site-packages/airflow/example_dags/example_task_group.py
[2021-03-03 14:24:16,443] {logging_mixin.py:103} INFO - [2021-03-03 14:24:16,443] {dag.py:1813} INFO - Sync 1 DAGs
[2021-03-03 14:24:16,548] {logging_mixin.py:103} INFO - [2021-03-03 14:24:16,548] {dag.py:2266} INFO - Setting next_dagrun for example_task_group to 2021-03-01 00:00:00+00:00
[2021-03-03 14:24:16,619] {scheduler_job.py:189} INFO - Processing /home/airflow/.local/lib/python3.8/site-packages/airflow/example_dags/example_task_group.py took 0.309 seconds
[2021-03-03 14:24:22,873] {scheduler_job.py:181} INFO - Started process (PID=189) to work on /home/airflow/.local/lib/python3.8/site-packages/airflow/example_dags/example_task_group.py
[2021-03-03 14:24:22,875] {scheduler_job.py:629} INFO - Processing file /home/airflow/.local/lib/python3.8/site-packages/airflow/example_dags/example_task_group.py for tasks to queue
[2021-03-03 14:24:22,877] {logging_mixin.py:103} INFO - [2021-03-03 14:24:22,876] {dagbag.py:440} INFO - Filling up the DagBag from /home/airflow/.local/lib/python3.8/site-packages/airflow/example_dags/example_task_group.py
[2021-03-03 14:24:22,979] {scheduler_job.py:639} INFO - DAG(s) dict_keys(['example_task_group']) retrieved from /home/airflow/.local/lib/python3.8/site-packages/airflow/example_dags/example_task_group.py
[2021-03-03 14:24:22,980] {logging_mixin.py:103} INFO - [2021-03-03 14:24:22,980] {dag.py:1813} INFO - Sync 1 DAGs
[2021-03-03 14:24:23,145] {logging_mixin.py:103} INFO - [2021-03-03 14:24:23,145] {dag.py:2266} INFO - Setting next_dagrun for example_task_group to 2021-03-01 00:00:00+00:00
[2021-03-03 14:24:23,256] {scheduler_job.py:189} INFO - Processing /home/airflow/.local/lib/python3.8/site-packages/airflow/example_dags/example_task_group.py took 0.402 seconds
[2021-03-03 14:24:28,730] {scheduler_job.py:181} INFO - Started process (PID=215) to work on /home/airflow/.local/lib/python3.8/site-packages/airflow/example_dags/example_task_group.py
[2021-03-03 14:24:28,732] {scheduler_job.py:629} INFO - Processing file /home/airflow/.local/lib/python3.8/site-packages/airflow/example_dags/example_task_group.py for tasks to queue
[2021-03-03 14:24:28,734] {logging_mixin.py:103} INFO - [2021-03-03 14:24:28,733] {dagbag.py:440} INFO - Filling up the DagBag from /home/airflow/.local/lib/python3.8/site-packages/airflow/example_dags/example_task_group.py
[2021-03-03 14:24:28,773] {scheduler_job.py:639} INFO - DAG(s) dict_keys(['example_task_group']) retrieved from /home/airflow/.local/lib/python3.8/site-packages/airflow/example_dags/example_task_group.py
[2021-03-03 14:24:28,775] {logging_mixin.py:103} INFO - [2021-03-03 14:24:28,775] {dag.py:1813} INFO - Sync 1 DAGs
[2021-03-03 14:24:28,943] {logging_mixin.py:103} INFO - [2021-03-03 14:24:28,942] {dag.py:2266} INFO - Setting next_dagrun for example_task_group to 2021-03-01 00:00:00+00:00
[2021-03-03 14:24:29,036] {scheduler_job.py:189} INFO - Processing /home/airflow/.local/lib/python3.8/site-packages/airflow/example_dags/example_task_group.py took 0.320 seconds
[2021-03-03 14:24:34,222] {scheduler_job.py:181} INFO - Started process (PID=241) to work on /home/airflow/.local/lib/python3.8/site-packages/airflow/example_dags/example_task_group.py
[2021-03-03 14:24:34,224] {scheduler_job.py:629} INFO - Processing file /home/airflow/.local/lib/python3.8/site-packages/airflow/example_dags/example_task_group.py for tasks to queue
[2021-03-03 14:24:34,235] {logging_mixin.py:103} INFO - [2021-03-03 14:24:34,235] {dagbag.py:440} INFO - Filling up the DagBag from /home/airflow/.local/lib/python3.8/site-packages/airflow/example_dags/example_task_group.py
[2021-03-03 14:24:34,311] {scheduler_job.py:639} INFO - DAG(s) dict_keys(['example_task_group']) retrieved from /home/airflow/.local/lib/python3.8/site-packages/airflow/example_dags/example_task_group.py
[2021-03-03 14:24:34,312] {logging_mixin.py:103} INFO - [2021-03-03 14:24:34,312] {dag.py:1813} INFO - Sync 1 DAGs
[2021-03-03 14:24:34,544] {logging_mixin.py:103} INFO - [2021-03-03 14:24:34,544] {dag.py:2266} INFO - Setting next_dagrun for example_task_group to 2021-03-01 00:00:00+00:00
[2021-03-03 14:24:34,706] {scheduler_job.py:189} INFO - Processing /home/airflow/.local/lib/python3.8/site-packages/airflow/example_dags/example_task_group.py took 0.503 seconds
[2021-03-03 14:24:41,131] {scheduler_job.py:181} INFO - Started process (PID=267) to work on /home/airflow/.local/lib/python3.8/site-packages/airflow/example_dags/example_task_group.py
[2021-03-03 14:24:41,141] {scheduler_job.py:629} INFO - Processing file /home/airflow/.local/lib/python3.8/site-packages/airflow/example_dags/example_task_group.py for tasks to queue
[2021-03-03 14:24:41,143] {logging_mixin.py:103} INFO - [2021-03-03 14:24:41,142] {dagbag.py:440} INFO - Filling up the DagBag from /home/airflow/.local/lib/python3.8/site-packages/airflow/example_dags/example_task_group.py
[2021-03-03 14:24:41,203] {scheduler_job.py:639} INFO - DAG(s) dict_keys(['example_task_group']) retrieved from /home/airflow/.local/lib/python3.8/site-packages/airflow/example_dags/example_task_group.py
[2021-03-03 14:24:41,218] {logging_mixin.py:103} INFO - [2021-03-03 14:24:41,217] {dag.py:1813} INFO - Sync 1 DAGs
[2021-03-03 14:24:41,351] {logging_mixin.py:103} INFO - [2021-03-03 14:24:41,349] {dag.py:2266} INFO - Setting next_dagrun for example_task_group to 2021-03-01 00:00:00+00:00
[2021-03-03 14:24:41,484] {scheduler_job.py:189} INFO - Processing /home/airflow/.local/lib/python3.8/site-packages/airflow/example_dags/example_task_group.py took 0.373 seconds
[2021-03-03 14:24:47,480] {scheduler_job.py:181} INFO - Started process (PID=293) to work on /home/airflow/.local/lib/python3.8/site-packages/airflow/example_dags/example_task_group.py
[2021-03-03 14:24:47,483] {scheduler_job.py:629} INFO - Processing file /home/airflow/.local/lib/python3.8/site-packages/airflow/example_dags/example_task_group.py for tasks to queue
[2021-03-03 14:24:47,484] {logging_mixin.py:103} INFO - [2021-03-03 14:24:47,484] {dagbag.py:440} INFO - Filling up the DagBag from /home/airflow/.local/lib/python3.8/site-packages/airflow/example_dags/example_task_group.py
[2021-03-03 14:24:47,528] {scheduler_job.py:639} INFO - DAG(s) dict_keys(['example_task_group']) retrieved from /home/airflow/.local/lib/python3.8/site-packages/airflow/example_dags/example_task_group.py
[2021-03-03 14:24:47,534] {logging_mixin.py:103} INFO - [2021-03-03 14:24:47,534] {dag.py:1813} INFO - Sync 1 DAGs
[2021-03-03 14:24:47,649] {logging_mixin.py:103} INFO - [2021-03-03 14:24:47,648] {dag.py:2266} INFO - Setting next_dagrun for example_task_group to 2021-03-01 00:00:00+00:00
[2021-03-03 14:24:47,730] {scheduler_job.py:189} INFO - Processing /home/airflow/.local/lib/python3.8/site-packages/airflow/example_dags/example_task_group.py took 0.257 seconds
[2021-03-03 14:24:53,919] {scheduler_job.py:181} INFO - Started process (PID=319) to work on /home/airflow/.local/lib/python3.8/site-packages/airflow/example_dags/example_task_group.py
[2021-03-03 14:24:53,921] {scheduler_job.py:629} INFO - Processing file /home/airflow/.local/lib/python3.8/site-packages/airflow/example_dags/example_task_group.py for tasks to queue
[2021-03-03 14:24:53,923] {logging_mixin.py:103} INFO - [2021-03-03 14:24:53,923] {dagbag.py:440} INFO - Filling up the DagBag from /home/airflow/.local/lib/python3.8/site-packages/airflow/example_dags/example_task_group.py
[2021-03-03 14:24:54,065] {scheduler_job.py:639} INFO - DAG(s) dict_keys(['example_task_group']) retrieved from /home/airflow/.local/lib/python3.8/site-packages/airflow/example_dags/example_task_group.py
[2021-03-03 14:24:54,068] {logging_mixin.py:103} INFO - [2021-03-03 14:24:54,068] {dag.py:1813} INFO - Sync 1 DAGs
[2021-03-03 14:24:54,215] {logging_mixin.py:103} INFO - [2021-03-03 14:24:54,215] {dag.py:2266} INFO - Setting next_dagrun for example_task_group to 2021-03-01 00:00:00+00:00
[2021-03-03 14:24:54,296] {scheduler_job.py:189} INFO - Processing /home/airflow/.local/lib/python3.8/site-packages/airflow/example_dags/example_task_group.py took 0.390 seconds
[2021-03-03 14:25:00,113] {scheduler_job.py:181} INFO - Started process (PID=345) to work on /home/airflow/.local/lib/python3.8/site-packages/airflow/example_dags/example_task_group.py
[2021-03-03 14:25:00,115] {scheduler_job.py:629} INFO - Processing file /home/airflow/.local/lib/python3.8/site-packages/airflow/example_dags/example_task_group.py for tasks to queue
[2021-03-03 14:25:00,116] {logging_mixin.py:103} INFO - [2021-03-03 14:25:00,116] {dagbag.py:440} INFO - Filling up the DagBag from /home/airflow/.local/lib/python3.8/site-packages/airflow/example_dags/example_task_group.py
[2021-03-03 14:25:00,206] {scheduler_job.py:639} INFO - DAG(s) dict_keys(['example_task_group']) retrieved from /home/airflow/.local/lib/python3.8/site-packages/airflow/example_dags/example_task_group.py
[2021-03-03 14:25:00,207] {logging_mixin.py:103} INFO - [2021-03-03 14:25:00,207] {dag.py:1813} INFO - Sync 1 DAGs
[2021-03-03 14:25:00,363] {logging_mixin.py:103} INFO - [2021-03-03 14:25:00,363] {dag.py:2266} INFO - Setting next_dagrun for example_task_group to 2021-03-01 00:00:00+00:00
[2021-03-03 14:25:00,475] {scheduler_job.py:189} INFO - Processing /home/airflow/.local/lib/python3.8/site-packages/airflow/example_dags/example_task_group.py took 0.384 seconds
[2021-03-03 14:25:05,741] {scheduler_job.py:181} INFO - Started process (PID=371) to work on /home/airflow/.local/lib/python3.8/site-packages/airflow/example_dags/example_task_group.py
[2021-03-03 14:25:05,759] {scheduler_job.py:629} INFO - Processing file /home/airflow/.local/lib/python3.8/site-packages/airflow/example_dags/example_task_group.py for tasks to queue
[2021-03-03 14:25:05,760] {logging_mixin.py:103} INFO - [2021-03-03 14:25:05,760] {dagbag.py:440} INFO - Filling up the DagBag from /home/airflow/.local/lib/python3.8/site-packages/airflow/example_dags/example_task_group.py
[2021-03-03 14:25:05,848] {scheduler_job.py:639} INFO - DAG(s) dict_keys(['example_task_group']) retrieved from /home/airflow/.local/lib/python3.8/site-packages/airflow/example_dags/example_task_group.py
[2021-03-03 14:25:05,859] {logging_mixin.py:103} INFO - [2021-03-03 14:25:05,859] {dag.py:1813} INFO - Sync 1 DAGs
[2021-03-03 14:25:05,997] {logging_mixin.py:103} INFO - [2021-03-03 14:25:05,997] {dag.py:2266} INFO - Setting next_dagrun for example_task_group to 2021-03-01 00:00:00+00:00
[2021-03-03 14:25:06,072] {scheduler_job.py:189} INFO - Processing /home/airflow/.local/lib/python3.8/site-packages/airflow/example_dags/example_task_group.py took 0.338 seconds
[2021-03-03 14:25:10,945] {scheduler_job.py:181} INFO - Started process (PID=397) to work on /home/airflow/.local/lib/python3.8/site-packages/airflow/example_dags/example_task_group.py
[2021-03-03 14:25:10,947] {scheduler_job.py:629} INFO - Processing file /home/airflow/.local/lib/python3.8/site-packages/airflow/example_dags/example_task_group.py for tasks to queue
[2021-03-03 14:25:10,949] {logging_mixin.py:103} INFO - [2021-03-03 14:25:10,948] {dagbag.py:440} INFO - Filling up the DagBag from /home/airflow/.local/lib/python3.8/site-packages/airflow/example_dags/example_task_group.py
[2021-03-03 14:25:11,008] {scheduler_job.py:639} INFO - DAG(s) dict_keys(['example_task_group']) retrieved from /home/airflow/.local/lib/python3.8/site-packages/airflow/example_dags/example_task_group.py
[2021-03-03 14:25:11,018] {logging_mixin.py:103} INFO - [2021-03-03 14:25:11,017] {dag.py:1813} INFO - Sync 1 DAGs
[2021-03-03 14:25:11,138] {logging_mixin.py:103} INFO - [2021-03-03 14:25:11,138] {dag.py:2266} INFO - Setting next_dagrun for example_task_group to 2021-03-01 00:00:00+00:00
[2021-03-03 14:25:11,191] {scheduler_job.py:189} INFO - Processing /home/airflow/.local/lib/python3.8/site-packages/airflow/example_dags/example_task_group.py took 0.281 seconds
[2021-03-03 14:25:16,073] {scheduler_job.py:181} INFO - Started process (PID=423) to work on /home/airflow/.local/lib/python3.8/site-packages/airflow/example_dags/example_task_group.py
[2021-03-03 14:25:16,076] {scheduler_job.py:629} INFO - Processing file /home/airflow/.local/lib/python3.8/site-packages/airflow/example_dags/example_task_group.py for tasks to queue
[2021-03-03 14:25:16,078] {logging_mixin.py:103} INFO - [2021-03-03 14:25:16,078] {dagbag.py:440} INFO - Filling up the DagBag from /home/airflow/.local/lib/python3.8/site-packages/airflow/example_dags/example_task_group.py
[2021-03-03 14:25:16,147] {scheduler_job.py:639} INFO - DAG(s) dict_keys(['example_task_group']) retrieved from /home/airflow/.local/lib/python3.8/site-packages/airflow/example_dags/example_task_group.py
[2021-03-03 14:25:16,148] {logging_mixin.py:103} INFO - [2021-03-03 14:25:16,148] {dag.py:1813} INFO - Sync 1 DAGs
[2021-03-03 14:25:16,318] {logging_mixin.py:103} INFO - [2021-03-03 14:25:16,318] {dag.py:2266} INFO - Setting next_dagrun for example_task_group to 2021-03-01 00:00:00+00:00
[2021-03-03 14:25:16,454] {scheduler_job.py:189} INFO - Processing /home/airflow/.local/lib/python3.8/site-packages/airflow/example_dags/example_task_group.py took 0.419 seconds
[2021-03-03 14:25:22,744] {scheduler_job.py:181} INFO - Started process (PID=449) to work on /home/airflow/.local/lib/python3.8/site-packages/airflow/example_dags/example_task_group.py
[2021-03-03 14:25:22,747] {scheduler_job.py:629} INFO - Processing file /home/airflow/.local/lib/python3.8/site-packages/airflow/example_dags/example_task_group.py for tasks to queue
[2021-03-03 14:25:22,748] {logging_mixin.py:103} INFO - [2021-03-03 14:25:22,748] {dagbag.py:440} INFO - Filling up the DagBag from /home/airflow/.local/lib/python3.8/site-packages/airflow/example_dags/example_task_group.py
[2021-03-03 14:25:22,864] {scheduler_job.py:639} INFO - DAG(s) dict_keys(['example_task_group']) retrieved from /home/airflow/.local/lib/python3.8/site-packages/airflow/example_dags/example_task_group.py
[2021-03-03 14:25:22,874] {logging_mixin.py:103} INFO - [2021-03-03 14:25:22,874] {dag.py:1813} INFO - Sync 1 DAGs
[2021-03-03 14:25:23,050] {logging_mixin.py:103} INFO - [2021-03-03 14:25:23,050] {dag.py:2266} INFO - Setting next_dagrun for example_task_group to 2021-03-01 00:00:00+00:00
[2021-03-03 14:25:23,201] {scheduler_job.py:189} INFO - Processing /home/airflow/.local/lib/python3.8/site-packages/airflow/example_dags/example_task_group.py took 0.477 seconds
[2021-03-03 14:25:28,857] {scheduler_job.py:181} INFO - Started process (PID=475) to work on /home/airflow/.local/lib/python3.8/site-packages/airflow/example_dags/example_task_group.py
[2021-03-03 14:25:28,859] {scheduler_job.py:629} INFO - Processing file /home/airflow/.local/lib/python3.8/site-packages/airflow/example_dags/example_task_group.py for tasks to queue
[2021-03-03 14:25:28,861] {logging_mixin.py:103} INFO - [2021-03-03 14:25:28,860] {dagbag.py:440} INFO - Filling up the DagBag from /home/airflow/.local/lib/python3.8/site-packages/airflow/example_dags/example_task_group.py
[2021-03-03 14:25:28,912] {scheduler_job.py:639} INFO - DAG(s) dict_keys(['example_task_group']) retrieved from /home/airflow/.local/lib/python3.8/site-packages/airflow/example_dags/example_task_group.py
[2021-03-03 14:25:28,918] {logging_mixin.py:103} INFO - [2021-03-03 14:25:28,918] {dag.py:1813} INFO - Sync 1 DAGs
[2021-03-03 14:25:29,086] {logging_mixin.py:103} INFO - [2021-03-03 14:25:29,086] {dag.py:2266} INFO - Setting next_dagrun for example_task_group to 2021-03-01 00:00:00+00:00
[2021-03-03 14:25:29,220] {scheduler_job.py:189} INFO - Processing /home/airflow/.local/lib/python3.8/site-packages/airflow/example_dags/example_task_group.py took 0.377 seconds
[2021-03-03 14:25:36,101] {scheduler_job.py:181} INFO - Started process (PID=501) to work on /home/airflow/.local/lib/python3.8/site-packages/airflow/example_dags/example_task_group.py
[2021-03-03 14:25:36,104] {scheduler_job.py:629} INFO - Processing file /home/airflow/.local/lib/python3.8/site-packages/airflow/example_dags/example_task_group.py for tasks to queue
[2021-03-03 14:25:36,120] {logging_mixin.py:103} INFO - [2021-03-03 14:25:36,120] {dagbag.py:440} INFO - Filling up the DagBag from /home/airflow/.local/lib/python3.8/site-packages/airflow/example_dags/example_task_group.py
[2021-03-03 14:25:36,214] {scheduler_job.py:639} INFO - DAG(s) dict_keys(['example_task_group']) retrieved from /home/airflow/.local/lib/python3.8/site-packages/airflow/example_dags/example_task_group.py
[2021-03-03 14:25:36,216] {logging_mixin.py:103} INFO - [2021-03-03 14:25:36,215] {dag.py:1813} INFO - Sync 1 DAGs
[2021-03-03 14:25:36,354] {logging_mixin.py:103} INFO - [2021-03-03 14:25:36,354] {dag.py:2266} INFO - Setting next_dagrun for example_task_group to 2021-03-01 00:00:00+00:00
[2021-03-03 14:25:36,466] {scheduler_job.py:189} INFO - Processing /home/airflow/.local/lib/python3.8/site-packages/airflow/example_dags/example_task_group.py took 0.389 seconds
[2021-03-03 14:25:42,616] {scheduler_job.py:181} INFO - Started process (PID=527) to work on /home/airflow/.local/lib/python3.8/site-packages/airflow/example_dags/example_task_group.py
[2021-03-03 14:25:42,621] {scheduler_job.py:629} INFO - Processing file /home/airflow/.local/lib/python3.8/site-packages/airflow/example_dags/example_task_group.py for tasks to queue
[2021-03-03 14:25:42,627] {logging_mixin.py:103} INFO - [2021-03-03 14:25:42,627] {dagbag.py:440} INFO - Filling up the DagBag from /home/airflow/.local/lib/python3.8/site-packages/airflow/example_dags/example_task_group.py
[2021-03-03 14:25:42,713] {scheduler_job.py:639} INFO - DAG(s) dict_keys(['example_task_group']) retrieved from /home/airflow/.local/lib/python3.8/site-packages/airflow/example_dags/example_task_group.py
[2021-03-03 14:25:42,715] {logging_mixin.py:103} INFO - [2021-03-03 14:25:42,714] {dag.py:1813} INFO - Sync 1 DAGs
[2021-03-03 14:25:42,835] {logging_mixin.py:103} INFO - [2021-03-03 14:25:42,835] {dag.py:2266} INFO - Setting next_dagrun for example_task_group to 2021-03-01 00:00:00+00:00
[2021-03-03 14:25:42,919] {scheduler_job.py:189} INFO - Processing /home/airflow/.local/lib/python3.8/site-packages/airflow/example_dags/example_task_group.py took 0.314 seconds
[2021-03-03 14:25:48,229] {scheduler_job.py:181} INFO - Started process (PID=553) to work on /home/airflow/.local/lib/python3.8/site-packages/airflow/example_dags/example_task_group.py
[2021-03-03 14:25:48,232] {scheduler_job.py:629} INFO - Processing file /home/airflow/.local/lib/python3.8/site-packages/airflow/example_dags/example_task_group.py for tasks to queue
[2021-03-03 14:25:48,242] {logging_mixin.py:103} INFO - [2021-03-03 14:25:48,242] {dagbag.py:440} INFO - Filling up the DagBag from /home/airflow/.local/lib/python3.8/site-packages/airflow/example_dags/example_task_group.py
[2021-03-03 14:25:48,302] {scheduler_job.py:639} INFO - DAG(s) dict_keys(['example_task_group']) retrieved from /home/airflow/.local/lib/python3.8/site-packages/airflow/example_dags/example_task_group.py
[2021-03-03 14:25:48,304] {logging_mixin.py:103} INFO - [2021-03-03 14:25:48,304] {dag.py:1813} INFO - Sync 1 DAGs
[2021-03-03 14:25:48,402] {logging_mixin.py:103} INFO - [2021-03-03 14:25:48,402] {dag.py:2266} INFO - Setting next_dagrun for example_task_group to 2021-03-01 00:00:00+00:00
[2021-03-03 14:25:48,474] {scheduler_job.py:189} INFO - Processing /home/airflow/.local/lib/python3.8/site-packages/airflow/example_dags/example_task_group.py took 0.261 seconds
[2021-03-03 14:25:53,735] {scheduler_job.py:181} INFO - Started process (PID=579) to work on /home/airflow/.local/lib/python3.8/site-packages/airflow/example_dags/example_task_group.py
[2021-03-03 14:25:53,738] {scheduler_job.py:629} INFO - Processing file /home/airflow/.local/lib/python3.8/site-packages/airflow/example_dags/example_task_group.py for tasks to queue
[2021-03-03 14:25:53,740] {logging_mixin.py:103} INFO - [2021-03-03 14:25:53,739] {dagbag.py:440} INFO - Filling up the DagBag from /home/airflow/.local/lib/python3.8/site-packages/airflow/example_dags/example_task_group.py
[2021-03-03 14:25:53,819] {scheduler_job.py:639} INFO - DAG(s) dict_keys(['example_task_group']) retrieved from /home/airflow/.local/lib/python3.8/site-packages/airflow/example_dags/example_task_group.py
[2021-03-03 14:25:53,821] {logging_mixin.py:103} INFO - [2021-03-03 14:25:53,821] {dag.py:1813} INFO - Sync 1 DAGs
[2021-03-03 14:25:53,918] {logging_mixin.py:103} INFO - [2021-03-03 14:25:53,918] {dag.py:2266} INFO - Setting next_dagrun for example_task_group to 2021-03-01 00:00:00+00:00
[2021-03-03 14:25:54,010] {scheduler_job.py:189} INFO - Processing /home/airflow/.local/lib/python3.8/site-packages/airflow/example_dags/example_task_group.py took 0.290 seconds
[2021-03-03 14:26:00,427] {scheduler_job.py:181} INFO - Started process (PID=606) to work on /home/airflow/.local/lib/python3.8/site-packages/airflow/example_dags/example_task_group.py
[2021-03-03 14:26:00,446] {scheduler_job.py:629} INFO - Processing file /home/airflow/.local/lib/python3.8/site-packages/airflow/example_dags/example_task_group.py for tasks to queue
[2021-03-03 14:26:00,447] {logging_mixin.py:103} INFO - [2021-03-03 14:26:00,447] {dagbag.py:440} INFO - Filling up the DagBag from /home/airflow/.local/lib/python3.8/site-packages/airflow/example_dags/example_task_group.py
[2021-03-03 14:26:00,560] {scheduler_job.py:639} INFO - DAG(s) dict_keys(['example_task_group']) retrieved from /home/airflow/.local/lib/python3.8/site-packages/airflow/example_dags/example_task_group.py
[2021-03-03 14:26:00,574] {logging_mixin.py:103} INFO - [2021-03-03 14:26:00,573] {dag.py:1813} INFO - Sync 1 DAGs
[2021-03-03 14:26:00,726] {logging_mixin.py:103} INFO - [2021-03-03 14:26:00,726] {dag.py:2266} INFO - Setting next_dagrun for example_task_group to 2021-03-01 00:00:00+00:00
[2021-03-03 14:26:00,834] {scheduler_job.py:189} INFO - Processing /home/airflow/.local/lib/python3.8/site-packages/airflow/example_dags/example_task_group.py took 0.430 seconds
