[2021-03-03 14:23:39,726] {scheduler_job.py:181} INFO - Started process (PID=30) to work on /home/airflow/.local/lib/python3.8/site-packages/airflow/example_dags/tutorial.py
[2021-03-03 14:23:39,728] {scheduler_job.py:629} INFO - Processing file /home/airflow/.local/lib/python3.8/site-packages/airflow/example_dags/tutorial.py for tasks to queue
[2021-03-03 14:23:39,738] {logging_mixin.py:103} INFO - [2021-03-03 14:23:39,738] {dagbag.py:440} INFO - Filling up the DagBag from /home/airflow/.local/lib/python3.8/site-packages/airflow/example_dags/tutorial.py
[2021-03-03 14:23:39,854] {scheduler_job.py:639} INFO - DAG(s) dict_keys(['tutorial']) retrieved from /home/airflow/.local/lib/python3.8/site-packages/airflow/example_dags/tutorial.py
[2021-03-03 14:23:39,856] {logging_mixin.py:103} INFO - [2021-03-03 14:23:39,856] {dag.py:1813} INFO - Sync 1 DAGs
[2021-03-03 14:23:40,032] {logging_mixin.py:103} INFO - [2021-03-03 14:23:40,031] {dag.py:1832} INFO - Creating ORM DAG for tutorial
[2021-03-03 14:23:40,069] {logging_mixin.py:103} INFO - [2021-03-03 14:23:40,068] {dag.py:2266} INFO - Setting next_dagrun for tutorial to 2021-03-01 00:00:00+00:00
[2021-03-03 14:23:40,208] {scheduler_job.py:189} INFO - Processing /home/airflow/.local/lib/python3.8/site-packages/airflow/example_dags/tutorial.py took 0.516 seconds
[2021-03-03 14:23:47,651] {scheduler_job.py:181} INFO - Started process (PID=56) to work on /home/airflow/.local/lib/python3.8/site-packages/airflow/example_dags/tutorial.py
[2021-03-03 14:23:47,653] {scheduler_job.py:629} INFO - Processing file /home/airflow/.local/lib/python3.8/site-packages/airflow/example_dags/tutorial.py for tasks to queue
[2021-03-03 14:23:47,654] {logging_mixin.py:103} INFO - [2021-03-03 14:23:47,654] {dagbag.py:440} INFO - Filling up the DagBag from /home/airflow/.local/lib/python3.8/site-packages/airflow/example_dags/tutorial.py
[2021-03-03 14:23:47,700] {scheduler_job.py:639} INFO - DAG(s) dict_keys(['tutorial']) retrieved from /home/airflow/.local/lib/python3.8/site-packages/airflow/example_dags/tutorial.py
[2021-03-03 14:23:47,720] {logging_mixin.py:103} INFO - [2021-03-03 14:23:47,717] {dag.py:1813} INFO - Sync 1 DAGs
[2021-03-03 14:23:47,895] {logging_mixin.py:103} INFO - [2021-03-03 14:23:47,894] {dag.py:2266} INFO - Setting next_dagrun for tutorial to 2021-03-01 00:00:00+00:00
[2021-03-03 14:23:47,982] {scheduler_job.py:189} INFO - Processing /home/airflow/.local/lib/python3.8/site-packages/airflow/example_dags/tutorial.py took 0.353 seconds
[2021-03-03 14:23:55,422] {scheduler_job.py:181} INFO - Started process (PID=82) to work on /home/airflow/.local/lib/python3.8/site-packages/airflow/example_dags/tutorial.py
[2021-03-03 14:23:55,425] {scheduler_job.py:629} INFO - Processing file /home/airflow/.local/lib/python3.8/site-packages/airflow/example_dags/tutorial.py for tasks to queue
[2021-03-03 14:23:55,444] {logging_mixin.py:103} INFO - [2021-03-03 14:23:55,443] {dagbag.py:440} INFO - Filling up the DagBag from /home/airflow/.local/lib/python3.8/site-packages/airflow/example_dags/tutorial.py
[2021-03-03 14:23:55,525] {scheduler_job.py:639} INFO - DAG(s) dict_keys(['tutorial']) retrieved from /home/airflow/.local/lib/python3.8/site-packages/airflow/example_dags/tutorial.py
[2021-03-03 14:23:55,549] {logging_mixin.py:103} INFO - [2021-03-03 14:23:55,527] {dag.py:1813} INFO - Sync 1 DAGs
[2021-03-03 14:23:55,708] {logging_mixin.py:103} INFO - [2021-03-03 14:23:55,708] {dag.py:2266} INFO - Setting next_dagrun for tutorial to 2021-03-01 00:00:00+00:00
[2021-03-03 14:23:55,778] {scheduler_job.py:189} INFO - Processing /home/airflow/.local/lib/python3.8/site-packages/airflow/example_dags/tutorial.py took 0.382 seconds
[2021-03-03 14:24:03,780] {scheduler_job.py:181} INFO - Started process (PID=109) to work on /home/airflow/.local/lib/python3.8/site-packages/airflow/example_dags/tutorial.py
[2021-03-03 14:24:03,787] {scheduler_job.py:629} INFO - Processing file /home/airflow/.local/lib/python3.8/site-packages/airflow/example_dags/tutorial.py for tasks to queue
[2021-03-03 14:24:03,802] {logging_mixin.py:103} INFO - [2021-03-03 14:24:03,802] {dagbag.py:440} INFO - Filling up the DagBag from /home/airflow/.local/lib/python3.8/site-packages/airflow/example_dags/tutorial.py
[2021-03-03 14:24:03,889] {scheduler_job.py:639} INFO - DAG(s) dict_keys(['tutorial']) retrieved from /home/airflow/.local/lib/python3.8/site-packages/airflow/example_dags/tutorial.py
[2021-03-03 14:24:03,891] {logging_mixin.py:103} INFO - [2021-03-03 14:24:03,891] {dag.py:1813} INFO - Sync 1 DAGs
[2021-03-03 14:24:04,039] {logging_mixin.py:103} INFO - [2021-03-03 14:24:04,038] {dag.py:2266} INFO - Setting next_dagrun for tutorial to 2021-03-01 00:00:00+00:00
[2021-03-03 14:24:04,176] {scheduler_job.py:189} INFO - Processing /home/airflow/.local/lib/python3.8/site-packages/airflow/example_dags/tutorial.py took 0.426 seconds
[2021-03-03 14:24:10,152] {scheduler_job.py:181} INFO - Started process (PID=135) to work on /home/airflow/.local/lib/python3.8/site-packages/airflow/example_dags/tutorial.py
[2021-03-03 14:24:10,155] {scheduler_job.py:629} INFO - Processing file /home/airflow/.local/lib/python3.8/site-packages/airflow/example_dags/tutorial.py for tasks to queue
[2021-03-03 14:24:10,156] {logging_mixin.py:103} INFO - [2021-03-03 14:24:10,156] {dagbag.py:440} INFO - Filling up the DagBag from /home/airflow/.local/lib/python3.8/site-packages/airflow/example_dags/tutorial.py
[2021-03-03 14:24:10,213] {scheduler_job.py:639} INFO - DAG(s) dict_keys(['tutorial']) retrieved from /home/airflow/.local/lib/python3.8/site-packages/airflow/example_dags/tutorial.py
[2021-03-03 14:24:10,223] {logging_mixin.py:103} INFO - [2021-03-03 14:24:10,223] {dag.py:1813} INFO - Sync 1 DAGs
[2021-03-03 14:24:10,390] {logging_mixin.py:103} INFO - [2021-03-03 14:24:10,390] {dag.py:2266} INFO - Setting next_dagrun for tutorial to 2021-03-01 00:00:00+00:00
[2021-03-03 14:24:10,495] {scheduler_job.py:189} INFO - Processing /home/airflow/.local/lib/python3.8/site-packages/airflow/example_dags/tutorial.py took 0.366 seconds
[2021-03-03 14:24:15,964] {scheduler_job.py:181} INFO - Started process (PID=161) to work on /home/airflow/.local/lib/python3.8/site-packages/airflow/example_dags/tutorial.py
[2021-03-03 14:24:15,967] {scheduler_job.py:629} INFO - Processing file /home/airflow/.local/lib/python3.8/site-packages/airflow/example_dags/tutorial.py for tasks to queue
[2021-03-03 14:24:15,969] {logging_mixin.py:103} INFO - [2021-03-03 14:24:15,968] {dagbag.py:440} INFO - Filling up the DagBag from /home/airflow/.local/lib/python3.8/site-packages/airflow/example_dags/tutorial.py
[2021-03-03 14:24:15,994] {scheduler_job.py:639} INFO - DAG(s) dict_keys(['tutorial']) retrieved from /home/airflow/.local/lib/python3.8/site-packages/airflow/example_dags/tutorial.py
[2021-03-03 14:24:15,996] {logging_mixin.py:103} INFO - [2021-03-03 14:24:15,996] {dag.py:1813} INFO - Sync 1 DAGs
[2021-03-03 14:24:16,077] {logging_mixin.py:103} INFO - [2021-03-03 14:24:16,077] {dag.py:2266} INFO - Setting next_dagrun for tutorial to 2021-03-01 00:00:00+00:00
[2021-03-03 14:24:16,190] {scheduler_job.py:189} INFO - Processing /home/airflow/.local/lib/python3.8/site-packages/airflow/example_dags/tutorial.py took 0.233 seconds
[2021-03-03 14:24:22,444] {scheduler_job.py:181} INFO - Started process (PID=187) to work on /home/airflow/.local/lib/python3.8/site-packages/airflow/example_dags/tutorial.py
[2021-03-03 14:24:22,446] {scheduler_job.py:629} INFO - Processing file /home/airflow/.local/lib/python3.8/site-packages/airflow/example_dags/tutorial.py for tasks to queue
[2021-03-03 14:24:22,454] {logging_mixin.py:103} INFO - [2021-03-03 14:24:22,454] {dagbag.py:440} INFO - Filling up the DagBag from /home/airflow/.local/lib/python3.8/site-packages/airflow/example_dags/tutorial.py
[2021-03-03 14:24:22,539] {scheduler_job.py:639} INFO - DAG(s) dict_keys(['tutorial']) retrieved from /home/airflow/.local/lib/python3.8/site-packages/airflow/example_dags/tutorial.py
[2021-03-03 14:24:22,541] {logging_mixin.py:103} INFO - [2021-03-03 14:24:22,541] {dag.py:1813} INFO - Sync 1 DAGs
[2021-03-03 14:24:22,687] {logging_mixin.py:103} INFO - [2021-03-03 14:24:22,686] {dag.py:2266} INFO - Setting next_dagrun for tutorial to 2021-03-01 00:00:00+00:00
[2021-03-03 14:24:22,758] {scheduler_job.py:189} INFO - Processing /home/airflow/.local/lib/python3.8/site-packages/airflow/example_dags/tutorial.py took 0.341 seconds
[2021-03-03 14:24:28,419] {scheduler_job.py:181} INFO - Started process (PID=213) to work on /home/airflow/.local/lib/python3.8/site-packages/airflow/example_dags/tutorial.py
[2021-03-03 14:24:28,429] {scheduler_job.py:629} INFO - Processing file /home/airflow/.local/lib/python3.8/site-packages/airflow/example_dags/tutorial.py for tasks to queue
[2021-03-03 14:24:28,431] {logging_mixin.py:103} INFO - [2021-03-03 14:24:28,431] {dagbag.py:440} INFO - Filling up the DagBag from /home/airflow/.local/lib/python3.8/site-packages/airflow/example_dags/tutorial.py
[2021-03-03 14:24:28,484] {scheduler_job.py:639} INFO - DAG(s) dict_keys(['tutorial']) retrieved from /home/airflow/.local/lib/python3.8/site-packages/airflow/example_dags/tutorial.py
[2021-03-03 14:24:28,488] {logging_mixin.py:103} INFO - [2021-03-03 14:24:28,488] {dag.py:1813} INFO - Sync 1 DAGs
[2021-03-03 14:24:28,591] {logging_mixin.py:103} INFO - [2021-03-03 14:24:28,591] {dag.py:2266} INFO - Setting next_dagrun for tutorial to 2021-03-01 00:00:00+00:00
[2021-03-03 14:24:28,652] {scheduler_job.py:189} INFO - Processing /home/airflow/.local/lib/python3.8/site-packages/airflow/example_dags/tutorial.py took 0.264 seconds
[2021-03-03 14:24:33,838] {scheduler_job.py:181} INFO - Started process (PID=239) to work on /home/airflow/.local/lib/python3.8/site-packages/airflow/example_dags/tutorial.py
[2021-03-03 14:24:33,840] {scheduler_job.py:629} INFO - Processing file /home/airflow/.local/lib/python3.8/site-packages/airflow/example_dags/tutorial.py for tasks to queue
[2021-03-03 14:24:33,841] {logging_mixin.py:103} INFO - [2021-03-03 14:24:33,841] {dagbag.py:440} INFO - Filling up the DagBag from /home/airflow/.local/lib/python3.8/site-packages/airflow/example_dags/tutorial.py
[2021-03-03 14:24:33,889] {scheduler_job.py:639} INFO - DAG(s) dict_keys(['tutorial']) retrieved from /home/airflow/.local/lib/python3.8/site-packages/airflow/example_dags/tutorial.py
[2021-03-03 14:24:33,891] {logging_mixin.py:103} INFO - [2021-03-03 14:24:33,891] {dag.py:1813} INFO - Sync 1 DAGs
[2021-03-03 14:24:33,982] {logging_mixin.py:103} INFO - [2021-03-03 14:24:33,982] {dag.py:2266} INFO - Setting next_dagrun for tutorial to 2021-03-01 00:00:00+00:00
[2021-03-03 14:24:34,114] {scheduler_job.py:189} INFO - Processing /home/airflow/.local/lib/python3.8/site-packages/airflow/example_dags/tutorial.py took 0.284 seconds
[2021-03-03 14:24:40,576] {scheduler_job.py:181} INFO - Started process (PID=265) to work on /home/airflow/.local/lib/python3.8/site-packages/airflow/example_dags/tutorial.py
[2021-03-03 14:24:40,599] {scheduler_job.py:629} INFO - Processing file /home/airflow/.local/lib/python3.8/site-packages/airflow/example_dags/tutorial.py for tasks to queue
[2021-03-03 14:24:40,601] {logging_mixin.py:103} INFO - [2021-03-03 14:24:40,601] {dagbag.py:440} INFO - Filling up the DagBag from /home/airflow/.local/lib/python3.8/site-packages/airflow/example_dags/tutorial.py
[2021-03-03 14:24:40,679] {scheduler_job.py:639} INFO - DAG(s) dict_keys(['tutorial']) retrieved from /home/airflow/.local/lib/python3.8/site-packages/airflow/example_dags/tutorial.py
[2021-03-03 14:24:40,683] {logging_mixin.py:103} INFO - [2021-03-03 14:24:40,681] {dag.py:1813} INFO - Sync 1 DAGs
[2021-03-03 14:24:40,888] {logging_mixin.py:103} INFO - [2021-03-03 14:24:40,888] {dag.py:2266} INFO - Setting next_dagrun for tutorial to 2021-03-01 00:00:00+00:00
[2021-03-03 14:24:40,982] {scheduler_job.py:189} INFO - Processing /home/airflow/.local/lib/python3.8/site-packages/airflow/example_dags/tutorial.py took 0.426 seconds
[2021-03-03 14:24:47,080] {scheduler_job.py:181} INFO - Started process (PID=291) to work on /home/airflow/.local/lib/python3.8/site-packages/airflow/example_dags/tutorial.py
[2021-03-03 14:24:47,083] {scheduler_job.py:629} INFO - Processing file /home/airflow/.local/lib/python3.8/site-packages/airflow/example_dags/tutorial.py for tasks to queue
[2021-03-03 14:24:47,084] {logging_mixin.py:103} INFO - [2021-03-03 14:24:47,084] {dagbag.py:440} INFO - Filling up the DagBag from /home/airflow/.local/lib/python3.8/site-packages/airflow/example_dags/tutorial.py
[2021-03-03 14:24:47,167] {scheduler_job.py:639} INFO - DAG(s) dict_keys(['tutorial']) retrieved from /home/airflow/.local/lib/python3.8/site-packages/airflow/example_dags/tutorial.py
[2021-03-03 14:24:47,186] {logging_mixin.py:103} INFO - [2021-03-03 14:24:47,186] {dag.py:1813} INFO - Sync 1 DAGs
[2021-03-03 14:24:47,373] {logging_mixin.py:103} INFO - [2021-03-03 14:24:47,372] {dag.py:2266} INFO - Setting next_dagrun for tutorial to 2021-03-01 00:00:00+00:00
[2021-03-03 14:24:47,428] {scheduler_job.py:189} INFO - Processing /home/airflow/.local/lib/python3.8/site-packages/airflow/example_dags/tutorial.py took 0.408 seconds
[2021-03-03 14:24:53,505] {scheduler_job.py:181} INFO - Started process (PID=317) to work on /home/airflow/.local/lib/python3.8/site-packages/airflow/example_dags/tutorial.py
[2021-03-03 14:24:53,507] {scheduler_job.py:629} INFO - Processing file /home/airflow/.local/lib/python3.8/site-packages/airflow/example_dags/tutorial.py for tasks to queue
[2021-03-03 14:24:53,509] {logging_mixin.py:103} INFO - [2021-03-03 14:24:53,508] {dagbag.py:440} INFO - Filling up the DagBag from /home/airflow/.local/lib/python3.8/site-packages/airflow/example_dags/tutorial.py
[2021-03-03 14:24:53,579] {scheduler_job.py:639} INFO - DAG(s) dict_keys(['tutorial']) retrieved from /home/airflow/.local/lib/python3.8/site-packages/airflow/example_dags/tutorial.py
[2021-03-03 14:24:53,581] {logging_mixin.py:103} INFO - [2021-03-03 14:24:53,581] {dag.py:1813} INFO - Sync 1 DAGs
[2021-03-03 14:24:53,703] {logging_mixin.py:103} INFO - [2021-03-03 14:24:53,703] {dag.py:2266} INFO - Setting next_dagrun for tutorial to 2021-03-01 00:00:00+00:00
[2021-03-03 14:24:53,823] {scheduler_job.py:189} INFO - Processing /home/airflow/.local/lib/python3.8/site-packages/airflow/example_dags/tutorial.py took 0.333 seconds
[2021-03-03 14:24:59,764] {scheduler_job.py:181} INFO - Started process (PID=343) to work on /home/airflow/.local/lib/python3.8/site-packages/airflow/example_dags/tutorial.py
[2021-03-03 14:24:59,775] {scheduler_job.py:629} INFO - Processing file /home/airflow/.local/lib/python3.8/site-packages/airflow/example_dags/tutorial.py for tasks to queue
[2021-03-03 14:24:59,777] {logging_mixin.py:103} INFO - [2021-03-03 14:24:59,776] {dagbag.py:440} INFO - Filling up the DagBag from /home/airflow/.local/lib/python3.8/site-packages/airflow/example_dags/tutorial.py
[2021-03-03 14:24:59,804] {scheduler_job.py:639} INFO - DAG(s) dict_keys(['tutorial']) retrieved from /home/airflow/.local/lib/python3.8/site-packages/airflow/example_dags/tutorial.py
[2021-03-03 14:24:59,806] {logging_mixin.py:103} INFO - [2021-03-03 14:24:59,806] {dag.py:1813} INFO - Sync 1 DAGs
[2021-03-03 14:24:59,915] {logging_mixin.py:103} INFO - [2021-03-03 14:24:59,915] {dag.py:2266} INFO - Setting next_dagrun for tutorial to 2021-03-01 00:00:00+00:00
[2021-03-03 14:25:00,004] {scheduler_job.py:189} INFO - Processing /home/airflow/.local/lib/python3.8/site-packages/airflow/example_dags/tutorial.py took 0.252 seconds
[2021-03-03 14:25:05,514] {scheduler_job.py:181} INFO - Started process (PID=369) to work on /home/airflow/.local/lib/python3.8/site-packages/airflow/example_dags/tutorial.py
[2021-03-03 14:25:05,516] {scheduler_job.py:629} INFO - Processing file /home/airflow/.local/lib/python3.8/site-packages/airflow/example_dags/tutorial.py for tasks to queue
[2021-03-03 14:25:05,522] {logging_mixin.py:103} INFO - [2021-03-03 14:25:05,522] {dagbag.py:440} INFO - Filling up the DagBag from /home/airflow/.local/lib/python3.8/site-packages/airflow/example_dags/tutorial.py
[2021-03-03 14:25:05,545] {scheduler_job.py:639} INFO - DAG(s) dict_keys(['tutorial']) retrieved from /home/airflow/.local/lib/python3.8/site-packages/airflow/example_dags/tutorial.py
[2021-03-03 14:25:05,547] {logging_mixin.py:103} INFO - [2021-03-03 14:25:05,547] {dag.py:1813} INFO - Sync 1 DAGs
[2021-03-03 14:25:05,635] {logging_mixin.py:103} INFO - [2021-03-03 14:25:05,634] {dag.py:2266} INFO - Setting next_dagrun for tutorial to 2021-03-01 00:00:00+00:00
[2021-03-03 14:25:05,678] {scheduler_job.py:189} INFO - Processing /home/airflow/.local/lib/python3.8/site-packages/airflow/example_dags/tutorial.py took 0.170 seconds
[2021-03-03 14:25:10,629] {scheduler_job.py:181} INFO - Started process (PID=395) to work on /home/airflow/.local/lib/python3.8/site-packages/airflow/example_dags/tutorial.py
[2021-03-03 14:25:10,632] {scheduler_job.py:629} INFO - Processing file /home/airflow/.local/lib/python3.8/site-packages/airflow/example_dags/tutorial.py for tasks to queue
[2021-03-03 14:25:10,638] {logging_mixin.py:103} INFO - [2021-03-03 14:25:10,638] {dagbag.py:440} INFO - Filling up the DagBag from /home/airflow/.local/lib/python3.8/site-packages/airflow/example_dags/tutorial.py
[2021-03-03 14:25:10,692] {scheduler_job.py:639} INFO - DAG(s) dict_keys(['tutorial']) retrieved from /home/airflow/.local/lib/python3.8/site-packages/airflow/example_dags/tutorial.py
[2021-03-03 14:25:10,694] {logging_mixin.py:103} INFO - [2021-03-03 14:25:10,694] {dag.py:1813} INFO - Sync 1 DAGs
[2021-03-03 14:25:10,806] {logging_mixin.py:103} INFO - [2021-03-03 14:25:10,806] {dag.py:2266} INFO - Setting next_dagrun for tutorial to 2021-03-01 00:00:00+00:00
[2021-03-03 14:25:10,865] {scheduler_job.py:189} INFO - Processing /home/airflow/.local/lib/python3.8/site-packages/airflow/example_dags/tutorial.py took 0.249 seconds
[2021-03-03 14:25:15,593] {scheduler_job.py:181} INFO - Started process (PID=421) to work on /home/airflow/.local/lib/python3.8/site-packages/airflow/example_dags/tutorial.py
[2021-03-03 14:25:15,603] {scheduler_job.py:629} INFO - Processing file /home/airflow/.local/lib/python3.8/site-packages/airflow/example_dags/tutorial.py for tasks to queue
[2021-03-03 14:25:15,605] {logging_mixin.py:103} INFO - [2021-03-03 14:25:15,604] {dagbag.py:440} INFO - Filling up the DagBag from /home/airflow/.local/lib/python3.8/site-packages/airflow/example_dags/tutorial.py
[2021-03-03 14:25:15,672] {scheduler_job.py:639} INFO - DAG(s) dict_keys(['tutorial']) retrieved from /home/airflow/.local/lib/python3.8/site-packages/airflow/example_dags/tutorial.py
[2021-03-03 14:25:15,686] {logging_mixin.py:103} INFO - [2021-03-03 14:25:15,686] {dag.py:1813} INFO - Sync 1 DAGs
[2021-03-03 14:25:15,855] {logging_mixin.py:103} INFO - [2021-03-03 14:25:15,855] {dag.py:2266} INFO - Setting next_dagrun for tutorial to 2021-03-01 00:00:00+00:00
[2021-03-03 14:25:15,970] {scheduler_job.py:189} INFO - Processing /home/airflow/.local/lib/python3.8/site-packages/airflow/example_dags/tutorial.py took 0.400 seconds
[2021-03-03 14:25:22,323] {scheduler_job.py:181} INFO - Started process (PID=447) to work on /home/airflow/.local/lib/python3.8/site-packages/airflow/example_dags/tutorial.py
[2021-03-03 14:25:22,338] {scheduler_job.py:629} INFO - Processing file /home/airflow/.local/lib/python3.8/site-packages/airflow/example_dags/tutorial.py for tasks to queue
[2021-03-03 14:25:22,339] {logging_mixin.py:103} INFO - [2021-03-03 14:25:22,339] {dagbag.py:440} INFO - Filling up the DagBag from /home/airflow/.local/lib/python3.8/site-packages/airflow/example_dags/tutorial.py
[2021-03-03 14:25:22,429] {scheduler_job.py:639} INFO - DAG(s) dict_keys(['tutorial']) retrieved from /home/airflow/.local/lib/python3.8/site-packages/airflow/example_dags/tutorial.py
[2021-03-03 14:25:22,431] {logging_mixin.py:103} INFO - [2021-03-03 14:25:22,431] {dag.py:1813} INFO - Sync 1 DAGs
[2021-03-03 14:25:22,579] {logging_mixin.py:103} INFO - [2021-03-03 14:25:22,578] {dag.py:2266} INFO - Setting next_dagrun for tutorial to 2021-03-01 00:00:00+00:00
[2021-03-03 14:25:22,642] {scheduler_job.py:189} INFO - Processing /home/airflow/.local/lib/python3.8/site-packages/airflow/example_dags/tutorial.py took 0.336 seconds
[2021-03-03 14:25:28,355] {scheduler_job.py:181} INFO - Started process (PID=473) to work on /home/airflow/.local/lib/python3.8/site-packages/airflow/example_dags/tutorial.py
[2021-03-03 14:25:28,379] {scheduler_job.py:629} INFO - Processing file /home/airflow/.local/lib/python3.8/site-packages/airflow/example_dags/tutorial.py for tasks to queue
[2021-03-03 14:25:28,380] {logging_mixin.py:103} INFO - [2021-03-03 14:25:28,380] {dagbag.py:440} INFO - Filling up the DagBag from /home/airflow/.local/lib/python3.8/site-packages/airflow/example_dags/tutorial.py
[2021-03-03 14:25:28,420] {scheduler_job.py:639} INFO - DAG(s) dict_keys(['tutorial']) retrieved from /home/airflow/.local/lib/python3.8/site-packages/airflow/example_dags/tutorial.py
[2021-03-03 14:25:28,430] {logging_mixin.py:103} INFO - [2021-03-03 14:25:28,430] {dag.py:1813} INFO - Sync 1 DAGs
[2021-03-03 14:25:28,571] {logging_mixin.py:103} INFO - [2021-03-03 14:25:28,570] {dag.py:2266} INFO - Setting next_dagrun for tutorial to 2021-03-01 00:00:00+00:00
[2021-03-03 14:25:28,637] {scheduler_job.py:189} INFO - Processing /home/airflow/.local/lib/python3.8/site-packages/airflow/example_dags/tutorial.py took 0.341 seconds
[2021-03-03 14:25:35,517] {scheduler_job.py:181} INFO - Started process (PID=499) to work on /home/airflow/.local/lib/python3.8/site-packages/airflow/example_dags/tutorial.py
[2021-03-03 14:25:35,519] {scheduler_job.py:629} INFO - Processing file /home/airflow/.local/lib/python3.8/site-packages/airflow/example_dags/tutorial.py for tasks to queue
[2021-03-03 14:25:35,520] {logging_mixin.py:103} INFO - [2021-03-03 14:25:35,520] {dagbag.py:440} INFO - Filling up the DagBag from /home/airflow/.local/lib/python3.8/site-packages/airflow/example_dags/tutorial.py
[2021-03-03 14:25:35,669] {scheduler_job.py:639} INFO - DAG(s) dict_keys(['tutorial']) retrieved from /home/airflow/.local/lib/python3.8/site-packages/airflow/example_dags/tutorial.py
[2021-03-03 14:25:35,671] {logging_mixin.py:103} INFO - [2021-03-03 14:25:35,671] {dag.py:1813} INFO - Sync 1 DAGs
[2021-03-03 14:25:35,855] {logging_mixin.py:103} INFO - [2021-03-03 14:25:35,855] {dag.py:2266} INFO - Setting next_dagrun for tutorial to 2021-03-01 00:00:00+00:00
[2021-03-03 14:25:35,960] {scheduler_job.py:189} INFO - Processing /home/airflow/.local/lib/python3.8/site-packages/airflow/example_dags/tutorial.py took 0.496 seconds
[2021-03-03 14:25:42,281] {scheduler_job.py:181} INFO - Started process (PID=525) to work on /home/airflow/.local/lib/python3.8/site-packages/airflow/example_dags/tutorial.py
[2021-03-03 14:25:42,287] {scheduler_job.py:629} INFO - Processing file /home/airflow/.local/lib/python3.8/site-packages/airflow/example_dags/tutorial.py for tasks to queue
[2021-03-03 14:25:42,300] {logging_mixin.py:103} INFO - [2021-03-03 14:25:42,300] {dagbag.py:440} INFO - Filling up the DagBag from /home/airflow/.local/lib/python3.8/site-packages/airflow/example_dags/tutorial.py
[2021-03-03 14:25:42,373] {scheduler_job.py:639} INFO - DAG(s) dict_keys(['tutorial']) retrieved from /home/airflow/.local/lib/python3.8/site-packages/airflow/example_dags/tutorial.py
[2021-03-03 14:25:42,375] {logging_mixin.py:103} INFO - [2021-03-03 14:25:42,375] {dag.py:1813} INFO - Sync 1 DAGs
[2021-03-03 14:25:42,486] {logging_mixin.py:103} INFO - [2021-03-03 14:25:42,482] {dag.py:2266} INFO - Setting next_dagrun for tutorial to 2021-03-01 00:00:00+00:00
[2021-03-03 14:25:42,562] {scheduler_job.py:189} INFO - Processing /home/airflow/.local/lib/python3.8/site-packages/airflow/example_dags/tutorial.py took 0.295 seconds
[2021-03-03 14:25:47,829] {scheduler_job.py:181} INFO - Started process (PID=551) to work on /home/airflow/.local/lib/python3.8/site-packages/airflow/example_dags/tutorial.py
[2021-03-03 14:25:47,842] {scheduler_job.py:629} INFO - Processing file /home/airflow/.local/lib/python3.8/site-packages/airflow/example_dags/tutorial.py for tasks to queue
[2021-03-03 14:25:47,843] {logging_mixin.py:103} INFO - [2021-03-03 14:25:47,843] {dagbag.py:440} INFO - Filling up the DagBag from /home/airflow/.local/lib/python3.8/site-packages/airflow/example_dags/tutorial.py
[2021-03-03 14:25:47,908] {scheduler_job.py:639} INFO - DAG(s) dict_keys(['tutorial']) retrieved from /home/airflow/.local/lib/python3.8/site-packages/airflow/example_dags/tutorial.py
[2021-03-03 14:25:47,910] {logging_mixin.py:103} INFO - [2021-03-03 14:25:47,910] {dag.py:1813} INFO - Sync 1 DAGs
[2021-03-03 14:25:48,031] {logging_mixin.py:103} INFO - [2021-03-03 14:25:48,031] {dag.py:2266} INFO - Setting next_dagrun for tutorial to 2021-03-01 00:00:00+00:00
[2021-03-03 14:25:48,105] {scheduler_job.py:189} INFO - Processing /home/airflow/.local/lib/python3.8/site-packages/airflow/example_dags/tutorial.py took 0.297 seconds
[2021-03-03 14:25:53,460] {scheduler_job.py:181} INFO - Started process (PID=577) to work on /home/airflow/.local/lib/python3.8/site-packages/airflow/example_dags/tutorial.py
[2021-03-03 14:25:53,467] {scheduler_job.py:629} INFO - Processing file /home/airflow/.local/lib/python3.8/site-packages/airflow/example_dags/tutorial.py for tasks to queue
[2021-03-03 14:25:53,469] {logging_mixin.py:103} INFO - [2021-03-03 14:25:53,468] {dagbag.py:440} INFO - Filling up the DagBag from /home/airflow/.local/lib/python3.8/site-packages/airflow/example_dags/tutorial.py
[2021-03-03 14:25:53,512] {scheduler_job.py:639} INFO - DAG(s) dict_keys(['tutorial']) retrieved from /home/airflow/.local/lib/python3.8/site-packages/airflow/example_dags/tutorial.py
[2021-03-03 14:25:53,518] {logging_mixin.py:103} INFO - [2021-03-03 14:25:53,517] {dag.py:1813} INFO - Sync 1 DAGs
[2021-03-03 14:25:53,622] {logging_mixin.py:103} INFO - [2021-03-03 14:25:53,622] {dag.py:2266} INFO - Setting next_dagrun for tutorial to 2021-03-01 00:00:00+00:00
[2021-03-03 14:25:53,690] {scheduler_job.py:189} INFO - Processing /home/airflow/.local/lib/python3.8/site-packages/airflow/example_dags/tutorial.py took 0.241 seconds
[2021-03-03 14:25:59,847] {scheduler_job.py:181} INFO - Started process (PID=604) to work on /home/airflow/.local/lib/python3.8/site-packages/airflow/example_dags/tutorial.py
[2021-03-03 14:25:59,860] {scheduler_job.py:629} INFO - Processing file /home/airflow/.local/lib/python3.8/site-packages/airflow/example_dags/tutorial.py for tasks to queue
[2021-03-03 14:25:59,906] {logging_mixin.py:103} INFO - [2021-03-03 14:25:59,906] {dagbag.py:440} INFO - Filling up the DagBag from /home/airflow/.local/lib/python3.8/site-packages/airflow/example_dags/tutorial.py
[2021-03-03 14:25:59,978] {scheduler_job.py:639} INFO - DAG(s) dict_keys(['tutorial']) retrieved from /home/airflow/.local/lib/python3.8/site-packages/airflow/example_dags/tutorial.py
[2021-03-03 14:25:59,980] {logging_mixin.py:103} INFO - [2021-03-03 14:25:59,980] {dag.py:1813} INFO - Sync 1 DAGs
[2021-03-03 14:26:00,187] {logging_mixin.py:103} INFO - [2021-03-03 14:26:00,187] {dag.py:2266} INFO - Setting next_dagrun for tutorial to 2021-03-01 00:00:00+00:00
[2021-03-03 14:26:00,316] {scheduler_job.py:189} INFO - Processing /home/airflow/.local/lib/python3.8/site-packages/airflow/example_dags/tutorial.py took 0.492 seconds
