[2021-03-03 14:23:40,976] {scheduler_job.py:181} INFO - Started process (PID=35) to work on /home/airflow/.local/lib/python3.8/site-packages/airflow/example_dags/tutorial_taskflow_api_etl.py
[2021-03-03 14:23:40,978] {scheduler_job.py:629} INFO - Processing file /home/airflow/.local/lib/python3.8/site-packages/airflow/example_dags/tutorial_taskflow_api_etl.py for tasks to queue
[2021-03-03 14:23:40,980] {logging_mixin.py:103} INFO - [2021-03-03 14:23:40,980] {dagbag.py:440} INFO - Filling up the DagBag from /home/airflow/.local/lib/python3.8/site-packages/airflow/example_dags/tutorial_taskflow_api_etl.py
[2021-03-03 14:23:41,069] {scheduler_job.py:639} INFO - DAG(s) dict_keys(['tutorial_taskflow_api_etl']) retrieved from /home/airflow/.local/lib/python3.8/site-packages/airflow/example_dags/tutorial_taskflow_api_etl.py
[2021-03-03 14:23:41,071] {logging_mixin.py:103} INFO - [2021-03-03 14:23:41,071] {dag.py:1813} INFO - Sync 1 DAGs
[2021-03-03 14:23:41,188] {logging_mixin.py:103} INFO - [2021-03-03 14:23:41,188] {dag.py:1832} INFO - Creating ORM DAG for tutorial_taskflow_api_etl
[2021-03-03 14:23:41,236] {logging_mixin.py:103} INFO - [2021-03-03 14:23:41,236] {dag.py:2266} INFO - Setting next_dagrun for tutorial_taskflow_api_etl to None
[2021-03-03 14:23:41,524] {scheduler_job.py:189} INFO - Processing /home/airflow/.local/lib/python3.8/site-packages/airflow/example_dags/tutorial_taskflow_api_etl.py took 0.572 seconds
[2021-03-03 14:23:48,927] {scheduler_job.py:181} INFO - Started process (PID=61) to work on /home/airflow/.local/lib/python3.8/site-packages/airflow/example_dags/tutorial_taskflow_api_etl.py
[2021-03-03 14:23:48,930] {scheduler_job.py:629} INFO - Processing file /home/airflow/.local/lib/python3.8/site-packages/airflow/example_dags/tutorial_taskflow_api_etl.py for tasks to queue
[2021-03-03 14:23:48,932] {logging_mixin.py:103} INFO - [2021-03-03 14:23:48,932] {dagbag.py:440} INFO - Filling up the DagBag from /home/airflow/.local/lib/python3.8/site-packages/airflow/example_dags/tutorial_taskflow_api_etl.py
[2021-03-03 14:23:49,022] {scheduler_job.py:639} INFO - DAG(s) dict_keys(['tutorial_taskflow_api_etl']) retrieved from /home/airflow/.local/lib/python3.8/site-packages/airflow/example_dags/tutorial_taskflow_api_etl.py
[2021-03-03 14:23:49,025] {logging_mixin.py:103} INFO - [2021-03-03 14:23:49,024] {dag.py:1813} INFO - Sync 1 DAGs
[2021-03-03 14:23:49,127] {logging_mixin.py:103} INFO - [2021-03-03 14:23:49,127] {dag.py:2266} INFO - Setting next_dagrun for tutorial_taskflow_api_etl to None
[2021-03-03 14:23:49,164] {scheduler_job.py:189} INFO - Processing /home/airflow/.local/lib/python3.8/site-packages/airflow/example_dags/tutorial_taskflow_api_etl.py took 0.255 seconds
[2021-03-03 14:23:56,744] {scheduler_job.py:181} INFO - Started process (PID=87) to work on /home/airflow/.local/lib/python3.8/site-packages/airflow/example_dags/tutorial_taskflow_api_etl.py
[2021-03-03 14:23:56,771] {scheduler_job.py:629} INFO - Processing file /home/airflow/.local/lib/python3.8/site-packages/airflow/example_dags/tutorial_taskflow_api_etl.py for tasks to queue
[2021-03-03 14:23:56,772] {logging_mixin.py:103} INFO - [2021-03-03 14:23:56,772] {dagbag.py:440} INFO - Filling up the DagBag from /home/airflow/.local/lib/python3.8/site-packages/airflow/example_dags/tutorial_taskflow_api_etl.py
[2021-03-03 14:23:56,904] {scheduler_job.py:639} INFO - DAG(s) dict_keys(['tutorial_taskflow_api_etl']) retrieved from /home/airflow/.local/lib/python3.8/site-packages/airflow/example_dags/tutorial_taskflow_api_etl.py
[2021-03-03 14:23:56,922] {logging_mixin.py:103} INFO - [2021-03-03 14:23:56,922] {dag.py:1813} INFO - Sync 1 DAGs
[2021-03-03 14:23:57,102] {logging_mixin.py:103} INFO - [2021-03-03 14:23:57,101] {dag.py:2266} INFO - Setting next_dagrun for tutorial_taskflow_api_etl to None
[2021-03-03 14:23:57,204] {scheduler_job.py:189} INFO - Processing /home/airflow/.local/lib/python3.8/site-packages/airflow/example_dags/tutorial_taskflow_api_etl.py took 0.471 seconds
[2021-03-03 14:24:04,958] {scheduler_job.py:181} INFO - Started process (PID=114) to work on /home/airflow/.local/lib/python3.8/site-packages/airflow/example_dags/tutorial_taskflow_api_etl.py
[2021-03-03 14:24:04,960] {scheduler_job.py:629} INFO - Processing file /home/airflow/.local/lib/python3.8/site-packages/airflow/example_dags/tutorial_taskflow_api_etl.py for tasks to queue
[2021-03-03 14:24:04,970] {logging_mixin.py:103} INFO - [2021-03-03 14:24:04,970] {dagbag.py:440} INFO - Filling up the DagBag from /home/airflow/.local/lib/python3.8/site-packages/airflow/example_dags/tutorial_taskflow_api_etl.py
[2021-03-03 14:24:05,063] {scheduler_job.py:639} INFO - DAG(s) dict_keys(['tutorial_taskflow_api_etl']) retrieved from /home/airflow/.local/lib/python3.8/site-packages/airflow/example_dags/tutorial_taskflow_api_etl.py
[2021-03-03 14:24:05,066] {logging_mixin.py:103} INFO - [2021-03-03 14:24:05,066] {dag.py:1813} INFO - Sync 1 DAGs
[2021-03-03 14:24:05,164] {logging_mixin.py:103} INFO - [2021-03-03 14:24:05,164] {dag.py:2266} INFO - Setting next_dagrun for tutorial_taskflow_api_etl to None
[2021-03-03 14:24:05,224] {scheduler_job.py:189} INFO - Processing /home/airflow/.local/lib/python3.8/site-packages/airflow/example_dags/tutorial_taskflow_api_etl.py took 0.290 seconds
[2021-03-03 14:24:11,299] {scheduler_job.py:181} INFO - Started process (PID=140) to work on /home/airflow/.local/lib/python3.8/site-packages/airflow/example_dags/tutorial_taskflow_api_etl.py
[2021-03-03 14:24:11,314] {scheduler_job.py:629} INFO - Processing file /home/airflow/.local/lib/python3.8/site-packages/airflow/example_dags/tutorial_taskflow_api_etl.py for tasks to queue
[2021-03-03 14:24:11,315] {logging_mixin.py:103} INFO - [2021-03-03 14:24:11,315] {dagbag.py:440} INFO - Filling up the DagBag from /home/airflow/.local/lib/python3.8/site-packages/airflow/example_dags/tutorial_taskflow_api_etl.py
[2021-03-03 14:24:11,411] {scheduler_job.py:639} INFO - DAG(s) dict_keys(['tutorial_taskflow_api_etl']) retrieved from /home/airflow/.local/lib/python3.8/site-packages/airflow/example_dags/tutorial_taskflow_api_etl.py
[2021-03-03 14:24:11,422] {logging_mixin.py:103} INFO - [2021-03-03 14:24:11,421] {dag.py:1813} INFO - Sync 1 DAGs
[2021-03-03 14:24:11,660] {logging_mixin.py:103} INFO - [2021-03-03 14:24:11,660] {dag.py:2266} INFO - Setting next_dagrun for tutorial_taskflow_api_etl to None
[2021-03-03 14:24:11,819] {scheduler_job.py:189} INFO - Processing /home/airflow/.local/lib/python3.8/site-packages/airflow/example_dags/tutorial_taskflow_api_etl.py took 0.536 seconds
[2021-03-03 14:24:17,019] {scheduler_job.py:181} INFO - Started process (PID=166) to work on /home/airflow/.local/lib/python3.8/site-packages/airflow/example_dags/tutorial_taskflow_api_etl.py
[2021-03-03 14:24:17,033] {scheduler_job.py:629} INFO - Processing file /home/airflow/.local/lib/python3.8/site-packages/airflow/example_dags/tutorial_taskflow_api_etl.py for tasks to queue
[2021-03-03 14:24:17,034] {logging_mixin.py:103} INFO - [2021-03-03 14:24:17,034] {dagbag.py:440} INFO - Filling up the DagBag from /home/airflow/.local/lib/python3.8/site-packages/airflow/example_dags/tutorial_taskflow_api_etl.py
[2021-03-03 14:24:17,187] {scheduler_job.py:639} INFO - DAG(s) dict_keys(['tutorial_taskflow_api_etl']) retrieved from /home/airflow/.local/lib/python3.8/site-packages/airflow/example_dags/tutorial_taskflow_api_etl.py
[2021-03-03 14:24:17,188] {logging_mixin.py:103} INFO - [2021-03-03 14:24:17,188] {dag.py:1813} INFO - Sync 1 DAGs
[2021-03-03 14:24:17,411] {logging_mixin.py:103} INFO - [2021-03-03 14:24:17,411] {dag.py:2266} INFO - Setting next_dagrun for tutorial_taskflow_api_etl to None
[2021-03-03 14:24:17,474] {scheduler_job.py:189} INFO - Processing /home/airflow/.local/lib/python3.8/site-packages/airflow/example_dags/tutorial_taskflow_api_etl.py took 0.510 seconds
[2021-03-03 14:24:23,668] {scheduler_job.py:181} INFO - Started process (PID=192) to work on /home/airflow/.local/lib/python3.8/site-packages/airflow/example_dags/tutorial_taskflow_api_etl.py
[2021-03-03 14:24:23,682] {scheduler_job.py:629} INFO - Processing file /home/airflow/.local/lib/python3.8/site-packages/airflow/example_dags/tutorial_taskflow_api_etl.py for tasks to queue
[2021-03-03 14:24:23,683] {logging_mixin.py:103} INFO - [2021-03-03 14:24:23,683] {dagbag.py:440} INFO - Filling up the DagBag from /home/airflow/.local/lib/python3.8/site-packages/airflow/example_dags/tutorial_taskflow_api_etl.py
[2021-03-03 14:24:23,816] {scheduler_job.py:639} INFO - DAG(s) dict_keys(['tutorial_taskflow_api_etl']) retrieved from /home/airflow/.local/lib/python3.8/site-packages/airflow/example_dags/tutorial_taskflow_api_etl.py
[2021-03-03 14:24:23,835] {logging_mixin.py:103} INFO - [2021-03-03 14:24:23,835] {dag.py:1813} INFO - Sync 1 DAGs
[2021-03-03 14:24:24,018] {logging_mixin.py:103} INFO - [2021-03-03 14:24:24,018] {dag.py:2266} INFO - Setting next_dagrun for tutorial_taskflow_api_etl to None
[2021-03-03 14:24:24,088] {scheduler_job.py:189} INFO - Processing /home/airflow/.local/lib/python3.8/site-packages/airflow/example_dags/tutorial_taskflow_api_etl.py took 0.429 seconds
[2021-03-03 14:24:29,314] {scheduler_job.py:181} INFO - Started process (PID=218) to work on /home/airflow/.local/lib/python3.8/site-packages/airflow/example_dags/tutorial_taskflow_api_etl.py
[2021-03-03 14:24:29,316] {scheduler_job.py:629} INFO - Processing file /home/airflow/.local/lib/python3.8/site-packages/airflow/example_dags/tutorial_taskflow_api_etl.py for tasks to queue
[2021-03-03 14:24:29,322] {logging_mixin.py:103} INFO - [2021-03-03 14:24:29,322] {dagbag.py:440} INFO - Filling up the DagBag from /home/airflow/.local/lib/python3.8/site-packages/airflow/example_dags/tutorial_taskflow_api_etl.py
[2021-03-03 14:24:29,372] {scheduler_job.py:639} INFO - DAG(s) dict_keys(['tutorial_taskflow_api_etl']) retrieved from /home/airflow/.local/lib/python3.8/site-packages/airflow/example_dags/tutorial_taskflow_api_etl.py
[2021-03-03 14:24:29,374] {logging_mixin.py:103} INFO - [2021-03-03 14:24:29,374] {dag.py:1813} INFO - Sync 1 DAGs
[2021-03-03 14:24:29,508] {logging_mixin.py:103} INFO - [2021-03-03 14:24:29,508] {dag.py:2266} INFO - Setting next_dagrun for tutorial_taskflow_api_etl to None
[2021-03-03 14:24:29,554] {scheduler_job.py:189} INFO - Processing /home/airflow/.local/lib/python3.8/site-packages/airflow/example_dags/tutorial_taskflow_api_etl.py took 0.250 seconds
[2021-03-03 14:24:35,091] {scheduler_job.py:181} INFO - Started process (PID=244) to work on /home/airflow/.local/lib/python3.8/site-packages/airflow/example_dags/tutorial_taskflow_api_etl.py
[2021-03-03 14:24:35,099] {scheduler_job.py:629} INFO - Processing file /home/airflow/.local/lib/python3.8/site-packages/airflow/example_dags/tutorial_taskflow_api_etl.py for tasks to queue
[2021-03-03 14:24:35,100] {logging_mixin.py:103} INFO - [2021-03-03 14:24:35,100] {dagbag.py:440} INFO - Filling up the DagBag from /home/airflow/.local/lib/python3.8/site-packages/airflow/example_dags/tutorial_taskflow_api_etl.py
[2021-03-03 14:24:35,197] {scheduler_job.py:639} INFO - DAG(s) dict_keys(['tutorial_taskflow_api_etl']) retrieved from /home/airflow/.local/lib/python3.8/site-packages/airflow/example_dags/tutorial_taskflow_api_etl.py
[2021-03-03 14:24:35,199] {logging_mixin.py:103} INFO - [2021-03-03 14:24:35,198] {dag.py:1813} INFO - Sync 1 DAGs
[2021-03-03 14:24:35,407] {logging_mixin.py:103} INFO - [2021-03-03 14:24:35,406] {dag.py:2266} INFO - Setting next_dagrun for tutorial_taskflow_api_etl to None
[2021-03-03 14:24:35,436] {scheduler_job.py:189} INFO - Processing /home/airflow/.local/lib/python3.8/site-packages/airflow/example_dags/tutorial_taskflow_api_etl.py took 0.360 seconds
[2021-03-03 14:24:41,695] {scheduler_job.py:181} INFO - Started process (PID=270) to work on /home/airflow/.local/lib/python3.8/site-packages/airflow/example_dags/tutorial_taskflow_api_etl.py
[2021-03-03 14:24:41,715] {scheduler_job.py:629} INFO - Processing file /home/airflow/.local/lib/python3.8/site-packages/airflow/example_dags/tutorial_taskflow_api_etl.py for tasks to queue
[2021-03-03 14:24:41,716] {logging_mixin.py:103} INFO - [2021-03-03 14:24:41,716] {dagbag.py:440} INFO - Filling up the DagBag from /home/airflow/.local/lib/python3.8/site-packages/airflow/example_dags/tutorial_taskflow_api_etl.py
[2021-03-03 14:24:41,817] {scheduler_job.py:639} INFO - DAG(s) dict_keys(['tutorial_taskflow_api_etl']) retrieved from /home/airflow/.local/lib/python3.8/site-packages/airflow/example_dags/tutorial_taskflow_api_etl.py
[2021-03-03 14:24:41,818] {logging_mixin.py:103} INFO - [2021-03-03 14:24:41,818] {dag.py:1813} INFO - Sync 1 DAGs
[2021-03-03 14:24:41,974] {logging_mixin.py:103} INFO - [2021-03-03 14:24:41,974] {dag.py:2266} INFO - Setting next_dagrun for tutorial_taskflow_api_etl to None
[2021-03-03 14:24:42,134] {scheduler_job.py:189} INFO - Processing /home/airflow/.local/lib/python3.8/site-packages/airflow/example_dags/tutorial_taskflow_api_etl.py took 0.454 seconds
[2021-03-03 14:24:48,254] {scheduler_job.py:181} INFO - Started process (PID=296) to work on /home/airflow/.local/lib/python3.8/site-packages/airflow/example_dags/tutorial_taskflow_api_etl.py
[2021-03-03 14:24:48,256] {scheduler_job.py:629} INFO - Processing file /home/airflow/.local/lib/python3.8/site-packages/airflow/example_dags/tutorial_taskflow_api_etl.py for tasks to queue
[2021-03-03 14:24:48,258] {logging_mixin.py:103} INFO - [2021-03-03 14:24:48,258] {dagbag.py:440} INFO - Filling up the DagBag from /home/airflow/.local/lib/python3.8/site-packages/airflow/example_dags/tutorial_taskflow_api_etl.py
[2021-03-03 14:24:48,288] {scheduler_job.py:639} INFO - DAG(s) dict_keys(['tutorial_taskflow_api_etl']) retrieved from /home/airflow/.local/lib/python3.8/site-packages/airflow/example_dags/tutorial_taskflow_api_etl.py
[2021-03-03 14:24:48,290] {logging_mixin.py:103} INFO - [2021-03-03 14:24:48,290] {dag.py:1813} INFO - Sync 1 DAGs
[2021-03-03 14:24:48,359] {logging_mixin.py:103} INFO - [2021-03-03 14:24:48,358] {dag.py:2266} INFO - Setting next_dagrun for tutorial_taskflow_api_etl to None
[2021-03-03 14:24:48,402] {scheduler_job.py:189} INFO - Processing /home/airflow/.local/lib/python3.8/site-packages/airflow/example_dags/tutorial_taskflow_api_etl.py took 0.170 seconds
[2021-03-03 14:24:54,614] {scheduler_job.py:181} INFO - Started process (PID=322) to work on /home/airflow/.local/lib/python3.8/site-packages/airflow/example_dags/tutorial_taskflow_api_etl.py
[2021-03-03 14:24:54,616] {scheduler_job.py:629} INFO - Processing file /home/airflow/.local/lib/python3.8/site-packages/airflow/example_dags/tutorial_taskflow_api_etl.py for tasks to queue
[2021-03-03 14:24:54,617] {logging_mixin.py:103} INFO - [2021-03-03 14:24:54,617] {dagbag.py:440} INFO - Filling up the DagBag from /home/airflow/.local/lib/python3.8/site-packages/airflow/example_dags/tutorial_taskflow_api_etl.py
[2021-03-03 14:24:54,652] {scheduler_job.py:639} INFO - DAG(s) dict_keys(['tutorial_taskflow_api_etl']) retrieved from /home/airflow/.local/lib/python3.8/site-packages/airflow/example_dags/tutorial_taskflow_api_etl.py
[2021-03-03 14:24:54,654] {logging_mixin.py:103} INFO - [2021-03-03 14:24:54,654] {dag.py:1813} INFO - Sync 1 DAGs
[2021-03-03 14:24:54,729] {logging_mixin.py:103} INFO - [2021-03-03 14:24:54,729] {dag.py:2266} INFO - Setting next_dagrun for tutorial_taskflow_api_etl to None
[2021-03-03 14:24:54,759] {scheduler_job.py:189} INFO - Processing /home/airflow/.local/lib/python3.8/site-packages/airflow/example_dags/tutorial_taskflow_api_etl.py took 0.160 seconds
[2021-03-03 14:25:00,806] {scheduler_job.py:181} INFO - Started process (PID=348) to work on /home/airflow/.local/lib/python3.8/site-packages/airflow/example_dags/tutorial_taskflow_api_etl.py
[2021-03-03 14:25:00,808] {scheduler_job.py:629} INFO - Processing file /home/airflow/.local/lib/python3.8/site-packages/airflow/example_dags/tutorial_taskflow_api_etl.py for tasks to queue
[2021-03-03 14:25:00,810] {logging_mixin.py:103} INFO - [2021-03-03 14:25:00,809] {dagbag.py:440} INFO - Filling up the DagBag from /home/airflow/.local/lib/python3.8/site-packages/airflow/example_dags/tutorial_taskflow_api_etl.py
[2021-03-03 14:25:00,901] {scheduler_job.py:639} INFO - DAG(s) dict_keys(['tutorial_taskflow_api_etl']) retrieved from /home/airflow/.local/lib/python3.8/site-packages/airflow/example_dags/tutorial_taskflow_api_etl.py
[2021-03-03 14:25:00,923] {logging_mixin.py:103} INFO - [2021-03-03 14:25:00,922] {dag.py:1813} INFO - Sync 1 DAGs
[2021-03-03 14:25:01,085] {logging_mixin.py:103} INFO - [2021-03-03 14:25:01,085] {dag.py:2266} INFO - Setting next_dagrun for tutorial_taskflow_api_etl to None
[2021-03-03 14:25:01,126] {scheduler_job.py:189} INFO - Processing /home/airflow/.local/lib/python3.8/site-packages/airflow/example_dags/tutorial_taskflow_api_etl.py took 0.335 seconds
[2021-03-03 14:25:06,423] {scheduler_job.py:181} INFO - Started process (PID=374) to work on /home/airflow/.local/lib/python3.8/site-packages/airflow/example_dags/tutorial_taskflow_api_etl.py
[2021-03-03 14:25:06,449] {scheduler_job.py:629} INFO - Processing file /home/airflow/.local/lib/python3.8/site-packages/airflow/example_dags/tutorial_taskflow_api_etl.py for tasks to queue
[2021-03-03 14:25:06,476] {logging_mixin.py:103} INFO - [2021-03-03 14:25:06,476] {dagbag.py:440} INFO - Filling up the DagBag from /home/airflow/.local/lib/python3.8/site-packages/airflow/example_dags/tutorial_taskflow_api_etl.py
[2021-03-03 14:25:06,565] {scheduler_job.py:639} INFO - DAG(s) dict_keys(['tutorial_taskflow_api_etl']) retrieved from /home/airflow/.local/lib/python3.8/site-packages/airflow/example_dags/tutorial_taskflow_api_etl.py
[2021-03-03 14:25:06,567] {logging_mixin.py:103} INFO - [2021-03-03 14:25:06,566] {dag.py:1813} INFO - Sync 1 DAGs
[2021-03-03 14:25:06,690] {logging_mixin.py:103} INFO - [2021-03-03 14:25:06,690] {dag.py:2266} INFO - Setting next_dagrun for tutorial_taskflow_api_etl to None
[2021-03-03 14:25:06,739] {scheduler_job.py:189} INFO - Processing /home/airflow/.local/lib/python3.8/site-packages/airflow/example_dags/tutorial_taskflow_api_etl.py took 0.361 seconds
[2021-03-03 14:25:11,542] {scheduler_job.py:181} INFO - Started process (PID=400) to work on /home/airflow/.local/lib/python3.8/site-packages/airflow/example_dags/tutorial_taskflow_api_etl.py
[2021-03-03 14:25:11,545] {scheduler_job.py:629} INFO - Processing file /home/airflow/.local/lib/python3.8/site-packages/airflow/example_dags/tutorial_taskflow_api_etl.py for tasks to queue
[2021-03-03 14:25:11,546] {logging_mixin.py:103} INFO - [2021-03-03 14:25:11,546] {dagbag.py:440} INFO - Filling up the DagBag from /home/airflow/.local/lib/python3.8/site-packages/airflow/example_dags/tutorial_taskflow_api_etl.py
[2021-03-03 14:25:11,610] {scheduler_job.py:639} INFO - DAG(s) dict_keys(['tutorial_taskflow_api_etl']) retrieved from /home/airflow/.local/lib/python3.8/site-packages/airflow/example_dags/tutorial_taskflow_api_etl.py
[2021-03-03 14:25:11,612] {logging_mixin.py:103} INFO - [2021-03-03 14:25:11,612] {dag.py:1813} INFO - Sync 1 DAGs
[2021-03-03 14:25:11,740] {logging_mixin.py:103} INFO - [2021-03-03 14:25:11,740] {dag.py:2266} INFO - Setting next_dagrun for tutorial_taskflow_api_etl to None
[2021-03-03 14:25:11,777] {scheduler_job.py:189} INFO - Processing /home/airflow/.local/lib/python3.8/site-packages/airflow/example_dags/tutorial_taskflow_api_etl.py took 0.242 seconds
[2021-03-03 14:25:16,730] {scheduler_job.py:181} INFO - Started process (PID=426) to work on /home/airflow/.local/lib/python3.8/site-packages/airflow/example_dags/tutorial_taskflow_api_etl.py
[2021-03-03 14:25:16,737] {scheduler_job.py:629} INFO - Processing file /home/airflow/.local/lib/python3.8/site-packages/airflow/example_dags/tutorial_taskflow_api_etl.py for tasks to queue
[2021-03-03 14:25:16,738] {logging_mixin.py:103} INFO - [2021-03-03 14:25:16,738] {dagbag.py:440} INFO - Filling up the DagBag from /home/airflow/.local/lib/python3.8/site-packages/airflow/example_dags/tutorial_taskflow_api_etl.py
[2021-03-03 14:25:16,779] {scheduler_job.py:639} INFO - DAG(s) dict_keys(['tutorial_taskflow_api_etl']) retrieved from /home/airflow/.local/lib/python3.8/site-packages/airflow/example_dags/tutorial_taskflow_api_etl.py
[2021-03-03 14:25:16,781] {logging_mixin.py:103} INFO - [2021-03-03 14:25:16,780] {dag.py:1813} INFO - Sync 1 DAGs
[2021-03-03 14:25:16,959] {logging_mixin.py:103} INFO - [2021-03-03 14:25:16,959] {dag.py:2266} INFO - Setting next_dagrun for tutorial_taskflow_api_etl to None
[2021-03-03 14:25:17,078] {scheduler_job.py:189} INFO - Processing /home/airflow/.local/lib/python3.8/site-packages/airflow/example_dags/tutorial_taskflow_api_etl.py took 0.359 seconds
[2021-03-03 14:25:23,475] {scheduler_job.py:181} INFO - Started process (PID=452) to work on /home/airflow/.local/lib/python3.8/site-packages/airflow/example_dags/tutorial_taskflow_api_etl.py
[2021-03-03 14:25:23,481] {scheduler_job.py:629} INFO - Processing file /home/airflow/.local/lib/python3.8/site-packages/airflow/example_dags/tutorial_taskflow_api_etl.py for tasks to queue
[2021-03-03 14:25:23,483] {logging_mixin.py:103} INFO - [2021-03-03 14:25:23,482] {dagbag.py:440} INFO - Filling up the DagBag from /home/airflow/.local/lib/python3.8/site-packages/airflow/example_dags/tutorial_taskflow_api_etl.py
[2021-03-03 14:25:23,519] {scheduler_job.py:639} INFO - DAG(s) dict_keys(['tutorial_taskflow_api_etl']) retrieved from /home/airflow/.local/lib/python3.8/site-packages/airflow/example_dags/tutorial_taskflow_api_etl.py
[2021-03-03 14:25:23,521] {logging_mixin.py:103} INFO - [2021-03-03 14:25:23,521] {dag.py:1813} INFO - Sync 1 DAGs
[2021-03-03 14:25:23,587] {logging_mixin.py:103} INFO - [2021-03-03 14:25:23,586] {dag.py:2266} INFO - Setting next_dagrun for tutorial_taskflow_api_etl to None
[2021-03-03 14:25:23,644] {scheduler_job.py:189} INFO - Processing /home/airflow/.local/lib/python3.8/site-packages/airflow/example_dags/tutorial_taskflow_api_etl.py took 0.179 seconds
[2021-03-03 14:25:29,880] {scheduler_job.py:181} INFO - Started process (PID=478) to work on /home/airflow/.local/lib/python3.8/site-packages/airflow/example_dags/tutorial_taskflow_api_etl.py
[2021-03-03 14:25:29,907] {scheduler_job.py:629} INFO - Processing file /home/airflow/.local/lib/python3.8/site-packages/airflow/example_dags/tutorial_taskflow_api_etl.py for tasks to queue
[2021-03-03 14:25:29,908] {logging_mixin.py:103} INFO - [2021-03-03 14:25:29,908] {dagbag.py:440} INFO - Filling up the DagBag from /home/airflow/.local/lib/python3.8/site-packages/airflow/example_dags/tutorial_taskflow_api_etl.py
[2021-03-03 14:25:30,120] {scheduler_job.py:639} INFO - DAG(s) dict_keys(['tutorial_taskflow_api_etl']) retrieved from /home/airflow/.local/lib/python3.8/site-packages/airflow/example_dags/tutorial_taskflow_api_etl.py
[2021-03-03 14:25:30,143] {logging_mixin.py:103} INFO - [2021-03-03 14:25:30,142] {dag.py:1813} INFO - Sync 1 DAGs
[2021-03-03 14:25:30,318] {logging_mixin.py:103} INFO - [2021-03-03 14:25:30,318] {dag.py:2266} INFO - Setting next_dagrun for tutorial_taskflow_api_etl to None
[2021-03-03 14:25:30,411] {scheduler_job.py:189} INFO - Processing /home/airflow/.local/lib/python3.8/site-packages/airflow/example_dags/tutorial_taskflow_api_etl.py took 0.579 seconds
[2021-03-03 14:25:36,890] {scheduler_job.py:181} INFO - Started process (PID=504) to work on /home/airflow/.local/lib/python3.8/site-packages/airflow/example_dags/tutorial_taskflow_api_etl.py
[2021-03-03 14:25:36,898] {scheduler_job.py:629} INFO - Processing file /home/airflow/.local/lib/python3.8/site-packages/airflow/example_dags/tutorial_taskflow_api_etl.py for tasks to queue
[2021-03-03 14:25:36,900] {logging_mixin.py:103} INFO - [2021-03-03 14:25:36,899] {dagbag.py:440} INFO - Filling up the DagBag from /home/airflow/.local/lib/python3.8/site-packages/airflow/example_dags/tutorial_taskflow_api_etl.py
[2021-03-03 14:25:37,035] {scheduler_job.py:639} INFO - DAG(s) dict_keys(['tutorial_taskflow_api_etl']) retrieved from /home/airflow/.local/lib/python3.8/site-packages/airflow/example_dags/tutorial_taskflow_api_etl.py
[2021-03-03 14:25:37,048] {logging_mixin.py:103} INFO - [2021-03-03 14:25:37,036] {dag.py:1813} INFO - Sync 1 DAGs
[2021-03-03 14:25:37,183] {logging_mixin.py:103} INFO - [2021-03-03 14:25:37,183] {dag.py:2266} INFO - Setting next_dagrun for tutorial_taskflow_api_etl to None
[2021-03-03 14:25:37,256] {scheduler_job.py:189} INFO - Processing /home/airflow/.local/lib/python3.8/site-packages/airflow/example_dags/tutorial_taskflow_api_etl.py took 0.394 seconds
[2021-03-03 14:25:43,326] {scheduler_job.py:181} INFO - Started process (PID=530) to work on /home/airflow/.local/lib/python3.8/site-packages/airflow/example_dags/tutorial_taskflow_api_etl.py
[2021-03-03 14:25:43,345] {scheduler_job.py:629} INFO - Processing file /home/airflow/.local/lib/python3.8/site-packages/airflow/example_dags/tutorial_taskflow_api_etl.py for tasks to queue
[2021-03-03 14:25:43,346] {logging_mixin.py:103} INFO - [2021-03-03 14:25:43,346] {dagbag.py:440} INFO - Filling up the DagBag from /home/airflow/.local/lib/python3.8/site-packages/airflow/example_dags/tutorial_taskflow_api_etl.py
[2021-03-03 14:25:43,427] {scheduler_job.py:639} INFO - DAG(s) dict_keys(['tutorial_taskflow_api_etl']) retrieved from /home/airflow/.local/lib/python3.8/site-packages/airflow/example_dags/tutorial_taskflow_api_etl.py
[2021-03-03 14:25:43,429] {logging_mixin.py:103} INFO - [2021-03-03 14:25:43,429] {dag.py:1813} INFO - Sync 1 DAGs
[2021-03-03 14:25:43,568] {logging_mixin.py:103} INFO - [2021-03-03 14:25:43,568] {dag.py:2266} INFO - Setting next_dagrun for tutorial_taskflow_api_etl to None
[2021-03-03 14:25:43,639] {scheduler_job.py:189} INFO - Processing /home/airflow/.local/lib/python3.8/site-packages/airflow/example_dags/tutorial_taskflow_api_etl.py took 0.337 seconds
[2021-03-03 14:25:48,840] {scheduler_job.py:181} INFO - Started process (PID=556) to work on /home/airflow/.local/lib/python3.8/site-packages/airflow/example_dags/tutorial_taskflow_api_etl.py
[2021-03-03 14:25:48,844] {scheduler_job.py:629} INFO - Processing file /home/airflow/.local/lib/python3.8/site-packages/airflow/example_dags/tutorial_taskflow_api_etl.py for tasks to queue
[2021-03-03 14:25:48,845] {logging_mixin.py:103} INFO - [2021-03-03 14:25:48,844] {dagbag.py:440} INFO - Filling up the DagBag from /home/airflow/.local/lib/python3.8/site-packages/airflow/example_dags/tutorial_taskflow_api_etl.py
[2021-03-03 14:25:48,901] {scheduler_job.py:639} INFO - DAG(s) dict_keys(['tutorial_taskflow_api_etl']) retrieved from /home/airflow/.local/lib/python3.8/site-packages/airflow/example_dags/tutorial_taskflow_api_etl.py
[2021-03-03 14:25:48,903] {logging_mixin.py:103} INFO - [2021-03-03 14:25:48,903] {dag.py:1813} INFO - Sync 1 DAGs
[2021-03-03 14:25:48,995] {logging_mixin.py:103} INFO - [2021-03-03 14:25:48,994] {dag.py:2266} INFO - Setting next_dagrun for tutorial_taskflow_api_etl to None
[2021-03-03 14:25:49,079] {scheduler_job.py:189} INFO - Processing /home/airflow/.local/lib/python3.8/site-packages/airflow/example_dags/tutorial_taskflow_api_etl.py took 0.260 seconds
[2021-03-03 14:25:54,268] {scheduler_job.py:181} INFO - Started process (PID=582) to work on /home/airflow/.local/lib/python3.8/site-packages/airflow/example_dags/tutorial_taskflow_api_etl.py
[2021-03-03 14:25:54,271] {scheduler_job.py:629} INFO - Processing file /home/airflow/.local/lib/python3.8/site-packages/airflow/example_dags/tutorial_taskflow_api_etl.py for tasks to queue
[2021-03-03 14:25:54,276] {logging_mixin.py:103} INFO - [2021-03-03 14:25:54,275] {dagbag.py:440} INFO - Filling up the DagBag from /home/airflow/.local/lib/python3.8/site-packages/airflow/example_dags/tutorial_taskflow_api_etl.py
[2021-03-03 14:25:54,308] {scheduler_job.py:639} INFO - DAG(s) dict_keys(['tutorial_taskflow_api_etl']) retrieved from /home/airflow/.local/lib/python3.8/site-packages/airflow/example_dags/tutorial_taskflow_api_etl.py
[2021-03-03 14:25:54,309] {logging_mixin.py:103} INFO - [2021-03-03 14:25:54,309] {dag.py:1813} INFO - Sync 1 DAGs
[2021-03-03 14:25:54,398] {logging_mixin.py:103} INFO - [2021-03-03 14:25:54,398] {dag.py:2266} INFO - Setting next_dagrun for tutorial_taskflow_api_etl to None
[2021-03-03 14:25:54,446] {scheduler_job.py:189} INFO - Processing /home/airflow/.local/lib/python3.8/site-packages/airflow/example_dags/tutorial_taskflow_api_etl.py took 0.194 seconds
[2021-03-03 14:26:01,063] {scheduler_job.py:181} INFO - Started process (PID=609) to work on /home/airflow/.local/lib/python3.8/site-packages/airflow/example_dags/tutorial_taskflow_api_etl.py
[2021-03-03 14:26:01,067] {scheduler_job.py:629} INFO - Processing file /home/airflow/.local/lib/python3.8/site-packages/airflow/example_dags/tutorial_taskflow_api_etl.py for tasks to queue
[2021-03-03 14:26:01,068] {logging_mixin.py:103} INFO - [2021-03-03 14:26:01,068] {dagbag.py:440} INFO - Filling up the DagBag from /home/airflow/.local/lib/python3.8/site-packages/airflow/example_dags/tutorial_taskflow_api_etl.py
[2021-03-03 14:26:01,115] {scheduler_job.py:639} INFO - DAG(s) dict_keys(['tutorial_taskflow_api_etl']) retrieved from /home/airflow/.local/lib/python3.8/site-packages/airflow/example_dags/tutorial_taskflow_api_etl.py
[2021-03-03 14:26:01,117] {logging_mixin.py:103} INFO - [2021-03-03 14:26:01,117] {dag.py:1813} INFO - Sync 1 DAGs
[2021-03-03 14:26:01,218] {logging_mixin.py:103} INFO - [2021-03-03 14:26:01,218] {dag.py:2266} INFO - Setting next_dagrun for tutorial_taskflow_api_etl to None
[2021-03-03 14:26:01,250] {scheduler_job.py:189} INFO - Processing /home/airflow/.local/lib/python3.8/site-packages/airflow/example_dags/tutorial_taskflow_api_etl.py took 0.194 seconds
