[2021-03-03 14:23:44,165] {scheduler_job.py:181} INFO - Started process (PID=44) to work on /home/airflow/.local/lib/python3.8/site-packages/airflow/example_dags/tutorial_etl_dag.py
[2021-03-03 14:23:44,167] {scheduler_job.py:629} INFO - Processing file /home/airflow/.local/lib/python3.8/site-packages/airflow/example_dags/tutorial_etl_dag.py for tasks to queue
[2021-03-03 14:23:44,168] {logging_mixin.py:103} INFO - [2021-03-03 14:23:44,168] {dagbag.py:440} INFO - Filling up the DagBag from /home/airflow/.local/lib/python3.8/site-packages/airflow/example_dags/tutorial_etl_dag.py
[2021-03-03 14:23:44,276] {scheduler_job.py:639} INFO - DAG(s) dict_keys(['tutorial_etl_dag']) retrieved from /home/airflow/.local/lib/python3.8/site-packages/airflow/example_dags/tutorial_etl_dag.py
[2021-03-03 14:23:44,282] {logging_mixin.py:103} INFO - [2021-03-03 14:23:44,281] {dag.py:1813} INFO - Sync 1 DAGs
[2021-03-03 14:23:44,414] {logging_mixin.py:103} INFO - [2021-03-03 14:23:44,414] {dag.py:1832} INFO - Creating ORM DAG for tutorial_etl_dag
[2021-03-03 14:23:44,459] {logging_mixin.py:103} INFO - [2021-03-03 14:23:44,459] {dag.py:2266} INFO - Setting next_dagrun for tutorial_etl_dag to None
[2021-03-03 14:23:44,620] {scheduler_job.py:189} INFO - Processing /home/airflow/.local/lib/python3.8/site-packages/airflow/example_dags/tutorial_etl_dag.py took 0.470 seconds
[2021-03-03 14:23:59,440] {scheduler_job.py:181} INFO - Started process (PID=96) to work on /home/airflow/.local/lib/python3.8/site-packages/airflow/example_dags/tutorial_etl_dag.py
[2021-03-03 14:23:59,454] {scheduler_job.py:629} INFO - Processing file /home/airflow/.local/lib/python3.8/site-packages/airflow/example_dags/tutorial_etl_dag.py for tasks to queue
[2021-03-03 14:23:59,456] {logging_mixin.py:103} INFO - [2021-03-03 14:23:59,455] {dagbag.py:440} INFO - Filling up the DagBag from /home/airflow/.local/lib/python3.8/site-packages/airflow/example_dags/tutorial_etl_dag.py
[2021-03-03 14:23:59,541] {scheduler_job.py:639} INFO - DAG(s) dict_keys(['tutorial_etl_dag']) retrieved from /home/airflow/.local/lib/python3.8/site-packages/airflow/example_dags/tutorial_etl_dag.py
[2021-03-03 14:23:59,543] {logging_mixin.py:103} INFO - [2021-03-03 14:23:59,543] {dag.py:1813} INFO - Sync 1 DAGs
[2021-03-03 14:23:59,672] {logging_mixin.py:103} INFO - [2021-03-03 14:23:59,672] {dag.py:2266} INFO - Setting next_dagrun for tutorial_etl_dag to None
[2021-03-03 14:23:59,739] {scheduler_job.py:189} INFO - Processing /home/airflow/.local/lib/python3.8/site-packages/airflow/example_dags/tutorial_etl_dag.py took 0.306 seconds
[2021-03-03 14:24:07,115] {scheduler_job.py:181} INFO - Started process (PID=123) to work on /home/airflow/.local/lib/python3.8/site-packages/airflow/example_dags/tutorial_etl_dag.py
[2021-03-03 14:24:07,122] {scheduler_job.py:629} INFO - Processing file /home/airflow/.local/lib/python3.8/site-packages/airflow/example_dags/tutorial_etl_dag.py for tasks to queue
[2021-03-03 14:24:07,123] {logging_mixin.py:103} INFO - [2021-03-03 14:24:07,123] {dagbag.py:440} INFO - Filling up the DagBag from /home/airflow/.local/lib/python3.8/site-packages/airflow/example_dags/tutorial_etl_dag.py
[2021-03-03 14:24:07,188] {scheduler_job.py:639} INFO - DAG(s) dict_keys(['tutorial_etl_dag']) retrieved from /home/airflow/.local/lib/python3.8/site-packages/airflow/example_dags/tutorial_etl_dag.py
[2021-03-03 14:24:07,190] {logging_mixin.py:103} INFO - [2021-03-03 14:24:07,190] {dag.py:1813} INFO - Sync 1 DAGs
[2021-03-03 14:24:07,290] {logging_mixin.py:103} INFO - [2021-03-03 14:24:07,290] {dag.py:2266} INFO - Setting next_dagrun for tutorial_etl_dag to None
[2021-03-03 14:24:07,360] {scheduler_job.py:189} INFO - Processing /home/airflow/.local/lib/python3.8/site-packages/airflow/example_dags/tutorial_etl_dag.py took 0.260 seconds
[2021-03-03 14:24:19,198] {scheduler_job.py:181} INFO - Started process (PID=175) to work on /home/airflow/.local/lib/python3.8/site-packages/airflow/example_dags/tutorial_etl_dag.py
[2021-03-03 14:24:19,214] {scheduler_job.py:629} INFO - Processing file /home/airflow/.local/lib/python3.8/site-packages/airflow/example_dags/tutorial_etl_dag.py for tasks to queue
[2021-03-03 14:24:19,215] {logging_mixin.py:103} INFO - [2021-03-03 14:24:19,215] {dagbag.py:440} INFO - Filling up the DagBag from /home/airflow/.local/lib/python3.8/site-packages/airflow/example_dags/tutorial_etl_dag.py
[2021-03-03 14:24:19,318] {scheduler_job.py:639} INFO - DAG(s) dict_keys(['tutorial_etl_dag']) retrieved from /home/airflow/.local/lib/python3.8/site-packages/airflow/example_dags/tutorial_etl_dag.py
[2021-03-03 14:24:19,319] {logging_mixin.py:103} INFO - [2021-03-03 14:24:19,319] {dag.py:1813} INFO - Sync 1 DAGs
[2021-03-03 14:24:19,538] {logging_mixin.py:103} INFO - [2021-03-03 14:24:19,538] {dag.py:2266} INFO - Setting next_dagrun for tutorial_etl_dag to None
[2021-03-03 14:24:19,692] {scheduler_job.py:189} INFO - Processing /home/airflow/.local/lib/python3.8/site-packages/airflow/example_dags/tutorial_etl_dag.py took 0.508 seconds
[2021-03-03 14:24:31,237] {scheduler_job.py:181} INFO - Started process (PID=227) to work on /home/airflow/.local/lib/python3.8/site-packages/airflow/example_dags/tutorial_etl_dag.py
[2021-03-03 14:24:31,239] {scheduler_job.py:629} INFO - Processing file /home/airflow/.local/lib/python3.8/site-packages/airflow/example_dags/tutorial_etl_dag.py for tasks to queue
[2021-03-03 14:24:31,241] {logging_mixin.py:103} INFO - [2021-03-03 14:24:31,240] {dagbag.py:440} INFO - Filling up the DagBag from /home/airflow/.local/lib/python3.8/site-packages/airflow/example_dags/tutorial_etl_dag.py
[2021-03-03 14:24:31,291] {scheduler_job.py:639} INFO - DAG(s) dict_keys(['tutorial_etl_dag']) retrieved from /home/airflow/.local/lib/python3.8/site-packages/airflow/example_dags/tutorial_etl_dag.py
[2021-03-03 14:24:31,292] {logging_mixin.py:103} INFO - [2021-03-03 14:24:31,292] {dag.py:1813} INFO - Sync 1 DAGs
[2021-03-03 14:24:31,371] {logging_mixin.py:103} INFO - [2021-03-03 14:24:31,371] {dag.py:2266} INFO - Setting next_dagrun for tutorial_etl_dag to None
[2021-03-03 14:24:31,423] {scheduler_job.py:189} INFO - Processing /home/airflow/.local/lib/python3.8/site-packages/airflow/example_dags/tutorial_etl_dag.py took 0.213 seconds
[2021-03-03 14:24:43,648] {scheduler_job.py:181} INFO - Started process (PID=279) to work on /home/airflow/.local/lib/python3.8/site-packages/airflow/example_dags/tutorial_etl_dag.py
[2021-03-03 14:24:43,663] {scheduler_job.py:629} INFO - Processing file /home/airflow/.local/lib/python3.8/site-packages/airflow/example_dags/tutorial_etl_dag.py for tasks to queue
[2021-03-03 14:24:43,664] {logging_mixin.py:103} INFO - [2021-03-03 14:24:43,664] {dagbag.py:440} INFO - Filling up the DagBag from /home/airflow/.local/lib/python3.8/site-packages/airflow/example_dags/tutorial_etl_dag.py
[2021-03-03 14:24:43,800] {scheduler_job.py:639} INFO - DAG(s) dict_keys(['tutorial_etl_dag']) retrieved from /home/airflow/.local/lib/python3.8/site-packages/airflow/example_dags/tutorial_etl_dag.py
[2021-03-03 14:24:43,817] {logging_mixin.py:103} INFO - [2021-03-03 14:24:43,817] {dag.py:1813} INFO - Sync 1 DAGs
[2021-03-03 14:24:43,958] {logging_mixin.py:103} INFO - [2021-03-03 14:24:43,958] {dag.py:2266} INFO - Setting next_dagrun for tutorial_etl_dag to None
[2021-03-03 14:24:44,033] {scheduler_job.py:189} INFO - Processing /home/airflow/.local/lib/python3.8/site-packages/airflow/example_dags/tutorial_etl_dag.py took 0.399 seconds
[2021-03-03 14:24:56,430] {scheduler_job.py:181} INFO - Started process (PID=331) to work on /home/airflow/.local/lib/python3.8/site-packages/airflow/example_dags/tutorial_etl_dag.py
[2021-03-03 14:24:56,432] {scheduler_job.py:629} INFO - Processing file /home/airflow/.local/lib/python3.8/site-packages/airflow/example_dags/tutorial_etl_dag.py for tasks to queue
[2021-03-03 14:24:56,434] {logging_mixin.py:103} INFO - [2021-03-03 14:24:56,433] {dagbag.py:440} INFO - Filling up the DagBag from /home/airflow/.local/lib/python3.8/site-packages/airflow/example_dags/tutorial_etl_dag.py
[2021-03-03 14:24:56,536] {scheduler_job.py:639} INFO - DAG(s) dict_keys(['tutorial_etl_dag']) retrieved from /home/airflow/.local/lib/python3.8/site-packages/airflow/example_dags/tutorial_etl_dag.py
[2021-03-03 14:24:56,538] {logging_mixin.py:103} INFO - [2021-03-03 14:24:56,538] {dag.py:1813} INFO - Sync 1 DAGs
[2021-03-03 14:24:56,743] {logging_mixin.py:103} INFO - [2021-03-03 14:24:56,743] {dag.py:2266} INFO - Setting next_dagrun for tutorial_etl_dag to None
[2021-03-03 14:24:56,878] {scheduler_job.py:189} INFO - Processing /home/airflow/.local/lib/python3.8/site-packages/airflow/example_dags/tutorial_etl_dag.py took 0.495 seconds
[2021-03-03 14:25:08,053] {scheduler_job.py:181} INFO - Started process (PID=383) to work on /home/airflow/.local/lib/python3.8/site-packages/airflow/example_dags/tutorial_etl_dag.py
[2021-03-03 14:25:08,055] {scheduler_job.py:629} INFO - Processing file /home/airflow/.local/lib/python3.8/site-packages/airflow/example_dags/tutorial_etl_dag.py for tasks to queue
[2021-03-03 14:25:08,056] {logging_mixin.py:103} INFO - [2021-03-03 14:25:08,056] {dagbag.py:440} INFO - Filling up the DagBag from /home/airflow/.local/lib/python3.8/site-packages/airflow/example_dags/tutorial_etl_dag.py
[2021-03-03 14:25:08,111] {scheduler_job.py:639} INFO - DAG(s) dict_keys(['tutorial_etl_dag']) retrieved from /home/airflow/.local/lib/python3.8/site-packages/airflow/example_dags/tutorial_etl_dag.py
[2021-03-03 14:25:08,113] {logging_mixin.py:103} INFO - [2021-03-03 14:25:08,112] {dag.py:1813} INFO - Sync 1 DAGs
[2021-03-03 14:25:08,219] {logging_mixin.py:103} INFO - [2021-03-03 14:25:08,219] {dag.py:2266} INFO - Setting next_dagrun for tutorial_etl_dag to None
[2021-03-03 14:25:08,302] {scheduler_job.py:189} INFO - Processing /home/airflow/.local/lib/python3.8/site-packages/airflow/example_dags/tutorial_etl_dag.py took 0.263 seconds
[2021-03-03 14:25:18,873] {scheduler_job.py:181} INFO - Started process (PID=435) to work on /home/airflow/.local/lib/python3.8/site-packages/airflow/example_dags/tutorial_etl_dag.py
[2021-03-03 14:25:18,876] {scheduler_job.py:629} INFO - Processing file /home/airflow/.local/lib/python3.8/site-packages/airflow/example_dags/tutorial_etl_dag.py for tasks to queue
[2021-03-03 14:25:18,877] {logging_mixin.py:103} INFO - [2021-03-03 14:25:18,877] {dagbag.py:440} INFO - Filling up the DagBag from /home/airflow/.local/lib/python3.8/site-packages/airflow/example_dags/tutorial_etl_dag.py
[2021-03-03 14:25:18,924] {scheduler_job.py:639} INFO - DAG(s) dict_keys(['tutorial_etl_dag']) retrieved from /home/airflow/.local/lib/python3.8/site-packages/airflow/example_dags/tutorial_etl_dag.py
[2021-03-03 14:25:18,935] {logging_mixin.py:103} INFO - [2021-03-03 14:25:18,934] {dag.py:1813} INFO - Sync 1 DAGs
[2021-03-03 14:25:19,111] {logging_mixin.py:103} INFO - [2021-03-03 14:25:19,111] {dag.py:2266} INFO - Setting next_dagrun for tutorial_etl_dag to None
[2021-03-03 14:25:19,232] {scheduler_job.py:189} INFO - Processing /home/airflow/.local/lib/python3.8/site-packages/airflow/example_dags/tutorial_etl_dag.py took 0.379 seconds
[2021-03-03 14:25:32,379] {scheduler_job.py:181} INFO - Started process (PID=487) to work on /home/airflow/.local/lib/python3.8/site-packages/airflow/example_dags/tutorial_etl_dag.py
[2021-03-03 14:25:32,386] {scheduler_job.py:629} INFO - Processing file /home/airflow/.local/lib/python3.8/site-packages/airflow/example_dags/tutorial_etl_dag.py for tasks to queue
[2021-03-03 14:25:32,387] {logging_mixin.py:103} INFO - [2021-03-03 14:25:32,387] {dagbag.py:440} INFO - Filling up the DagBag from /home/airflow/.local/lib/python3.8/site-packages/airflow/example_dags/tutorial_etl_dag.py
[2021-03-03 14:25:32,433] {scheduler_job.py:639} INFO - DAG(s) dict_keys(['tutorial_etl_dag']) retrieved from /home/airflow/.local/lib/python3.8/site-packages/airflow/example_dags/tutorial_etl_dag.py
[2021-03-03 14:25:32,435] {logging_mixin.py:103} INFO - [2021-03-03 14:25:32,435] {dag.py:1813} INFO - Sync 1 DAGs
[2021-03-03 14:25:32,518] {logging_mixin.py:103} INFO - [2021-03-03 14:25:32,518] {dag.py:2266} INFO - Setting next_dagrun for tutorial_etl_dag to None
[2021-03-03 14:25:32,716] {scheduler_job.py:189} INFO - Processing /home/airflow/.local/lib/python3.8/site-packages/airflow/example_dags/tutorial_etl_dag.py took 0.343 seconds
[2021-03-03 14:25:45,415] {scheduler_job.py:181} INFO - Started process (PID=539) to work on /home/airflow/.local/lib/python3.8/site-packages/airflow/example_dags/tutorial_etl_dag.py
[2021-03-03 14:25:45,418] {scheduler_job.py:629} INFO - Processing file /home/airflow/.local/lib/python3.8/site-packages/airflow/example_dags/tutorial_etl_dag.py for tasks to queue
[2021-03-03 14:25:45,420] {logging_mixin.py:103} INFO - [2021-03-03 14:25:45,420] {dagbag.py:440} INFO - Filling up the DagBag from /home/airflow/.local/lib/python3.8/site-packages/airflow/example_dags/tutorial_etl_dag.py
[2021-03-03 14:25:45,491] {scheduler_job.py:639} INFO - DAG(s) dict_keys(['tutorial_etl_dag']) retrieved from /home/airflow/.local/lib/python3.8/site-packages/airflow/example_dags/tutorial_etl_dag.py
[2021-03-03 14:25:45,501] {logging_mixin.py:103} INFO - [2021-03-03 14:25:45,501] {dag.py:1813} INFO - Sync 1 DAGs
[2021-03-03 14:25:45,577] {logging_mixin.py:103} INFO - [2021-03-03 14:25:45,577] {dag.py:2266} INFO - Setting next_dagrun for tutorial_etl_dag to None
[2021-03-03 14:25:45,632] {scheduler_job.py:189} INFO - Processing /home/airflow/.local/lib/python3.8/site-packages/airflow/example_dags/tutorial_etl_dag.py took 0.241 seconds
[2021-03-03 14:25:56,550] {scheduler_job.py:181} INFO - Started process (PID=591) to work on /home/airflow/.local/lib/python3.8/site-packages/airflow/example_dags/tutorial_etl_dag.py
[2021-03-03 14:25:56,553] {scheduler_job.py:629} INFO - Processing file /home/airflow/.local/lib/python3.8/site-packages/airflow/example_dags/tutorial_etl_dag.py for tasks to queue
[2021-03-03 14:25:56,555] {logging_mixin.py:103} INFO - [2021-03-03 14:25:56,555] {dagbag.py:440} INFO - Filling up the DagBag from /home/airflow/.local/lib/python3.8/site-packages/airflow/example_dags/tutorial_etl_dag.py
[2021-03-03 14:25:56,605] {scheduler_job.py:639} INFO - DAG(s) dict_keys(['tutorial_etl_dag']) retrieved from /home/airflow/.local/lib/python3.8/site-packages/airflow/example_dags/tutorial_etl_dag.py
[2021-03-03 14:25:56,607] {logging_mixin.py:103} INFO - [2021-03-03 14:25:56,607] {dag.py:1813} INFO - Sync 1 DAGs
[2021-03-03 14:25:56,694] {logging_mixin.py:103} INFO - [2021-03-03 14:25:56,694] {dag.py:2266} INFO - Setting next_dagrun for tutorial_etl_dag to None
[2021-03-03 14:25:56,744] {scheduler_job.py:189} INFO - Processing /home/airflow/.local/lib/python3.8/site-packages/airflow/example_dags/tutorial_etl_dag.py took 0.216 seconds
[2021-03-03 14:26:03,864] {scheduler_job.py:181} INFO - Started process (PID=618) to work on /home/airflow/.local/lib/python3.8/site-packages/airflow/example_dags/tutorial_etl_dag.py
[2021-03-03 14:26:03,895] {scheduler_job.py:629} INFO - Processing file /home/airflow/.local/lib/python3.8/site-packages/airflow/example_dags/tutorial_etl_dag.py for tasks to queue
[2021-03-03 14:26:03,897] {logging_mixin.py:103} INFO - [2021-03-03 14:26:03,897] {dagbag.py:440} INFO - Filling up the DagBag from /home/airflow/.local/lib/python3.8/site-packages/airflow/example_dags/tutorial_etl_dag.py
[2021-03-03 14:26:04,044] {scheduler_job.py:639} INFO - DAG(s) dict_keys(['tutorial_etl_dag']) retrieved from /home/airflow/.local/lib/python3.8/site-packages/airflow/example_dags/tutorial_etl_dag.py
[2021-03-03 14:26:04,046] {logging_mixin.py:103} INFO - [2021-03-03 14:26:04,046] {dag.py:1813} INFO - Sync 1 DAGs
[2021-03-03 14:26:04,253] {logging_mixin.py:103} INFO - [2021-03-03 14:26:04,253] {dag.py:2266} INFO - Setting next_dagrun for tutorial_etl_dag to None
[2021-03-03 14:26:04,458] {scheduler_job.py:189} INFO - Processing /home/airflow/.local/lib/python3.8/site-packages/airflow/example_dags/tutorial_etl_dag.py took 0.650 seconds
