[2021-03-07 06:48:24,406] {scheduler_job.py:181} INFO - Started process (PID=61) to work on /home/airflow/.local/lib/python3.8/site-packages/airflow/example_dags/example_branch_python_dop_operator_3.py
[2021-03-07 06:48:24,407] {scheduler_job.py:629} INFO - Processing file /home/airflow/.local/lib/python3.8/site-packages/airflow/example_dags/example_branch_python_dop_operator_3.py for tasks to queue
[2021-03-07 06:48:24,407] {logging_mixin.py:103} INFO - [2021-03-07 06:48:24,407] {dagbag.py:440} INFO - Filling up the DagBag from /home/airflow/.local/lib/python3.8/site-packages/airflow/example_dags/example_branch_python_dop_operator_3.py
[2021-03-07 06:48:24,415] {scheduler_job.py:639} INFO - DAG(s) dict_keys(['example_branch_dop_operator_v3']) retrieved from /home/airflow/.local/lib/python3.8/site-packages/airflow/example_dags/example_branch_python_dop_operator_3.py
[2021-03-07 06:48:24,415] {logging_mixin.py:103} INFO - [2021-03-07 06:48:24,415] {dag.py:1813} INFO - Sync 1 DAGs
[2021-03-07 06:48:24,443] {logging_mixin.py:103} INFO - [2021-03-07 06:48:24,443] {dag.py:2266} INFO - Setting next_dagrun for example_branch_dop_operator_v3 to 2021-03-05 00:00:00+00:00
[2021-03-07 06:48:24,456] {scheduler_job.py:189} INFO - Processing /home/airflow/.local/lib/python3.8/site-packages/airflow/example_dags/example_branch_python_dop_operator_3.py took 0.052 seconds
[2021-03-07 06:48:25,242] {scheduler_job.py:181} INFO - Started process (PID=91) to work on /home/airflow/.local/lib/python3.8/site-packages/airflow/example_dags/example_branch_python_dop_operator_3.py
[2021-03-07 06:48:25,243] {scheduler_job.py:629} INFO - Processing file /home/airflow/.local/lib/python3.8/site-packages/airflow/example_dags/example_branch_python_dop_operator_3.py for tasks to queue
[2021-03-07 06:48:25,243] {logging_mixin.py:103} INFO - [2021-03-07 06:48:25,243] {dagbag.py:440} INFO - Filling up the DagBag from /home/airflow/.local/lib/python3.8/site-packages/airflow/example_dags/example_branch_python_dop_operator_3.py
[2021-03-07 06:48:25,255] {scheduler_job.py:639} INFO - DAG(s) dict_keys(['example_branch_dop_operator_v3']) retrieved from /home/airflow/.local/lib/python3.8/site-packages/airflow/example_dags/example_branch_python_dop_operator_3.py
[2021-03-07 06:48:25,256] {logging_mixin.py:103} INFO - [2021-03-07 06:48:25,256] {dag.py:1813} INFO - Sync 1 DAGs
[2021-03-07 06:48:25,284] {logging_mixin.py:103} INFO - [2021-03-07 06:48:25,284] {dag.py:2266} INFO - Setting next_dagrun for example_branch_dop_operator_v3 to 2021-03-05 00:00:00+00:00
[2021-03-07 06:48:25,300] {scheduler_job.py:189} INFO - Processing /home/airflow/.local/lib/python3.8/site-packages/airflow/example_dags/example_branch_python_dop_operator_3.py took 0.062 seconds
[2021-03-07 06:48:26,681] {scheduler_job.py:181} INFO - Started process (PID=143) to work on /home/airflow/.local/lib/python3.8/site-packages/airflow/example_dags/example_branch_python_dop_operator_3.py
[2021-03-07 06:48:26,682] {scheduler_job.py:629} INFO - Processing file /home/airflow/.local/lib/python3.8/site-packages/airflow/example_dags/example_branch_python_dop_operator_3.py for tasks to queue
[2021-03-07 06:48:26,682] {logging_mixin.py:103} INFO - [2021-03-07 06:48:26,682] {dagbag.py:440} INFO - Filling up the DagBag from /home/airflow/.local/lib/python3.8/site-packages/airflow/example_dags/example_branch_python_dop_operator_3.py
[2021-03-07 06:48:26,690] {scheduler_job.py:639} INFO - DAG(s) dict_keys(['example_branch_dop_operator_v3']) retrieved from /home/airflow/.local/lib/python3.8/site-packages/airflow/example_dags/example_branch_python_dop_operator_3.py
[2021-03-07 06:48:26,691] {logging_mixin.py:103} INFO - [2021-03-07 06:48:26,691] {dag.py:1813} INFO - Sync 1 DAGs
[2021-03-07 06:48:26,718] {logging_mixin.py:103} INFO - [2021-03-07 06:48:26,718] {dag.py:2266} INFO - Setting next_dagrun for example_branch_dop_operator_v3 to 2021-03-05 00:00:00+00:00
[2021-03-07 06:48:26,731] {scheduler_job.py:189} INFO - Processing /home/airflow/.local/lib/python3.8/site-packages/airflow/example_dags/example_branch_python_dop_operator_3.py took 0.051 seconds
[2021-03-07 06:48:27,986] {scheduler_job.py:181} INFO - Started process (PID=194) to work on /home/airflow/.local/lib/python3.8/site-packages/airflow/example_dags/example_branch_python_dop_operator_3.py
[2021-03-07 06:48:27,987] {scheduler_job.py:629} INFO - Processing file /home/airflow/.local/lib/python3.8/site-packages/airflow/example_dags/example_branch_python_dop_operator_3.py for tasks to queue
[2021-03-07 06:48:27,987] {logging_mixin.py:103} INFO - [2021-03-07 06:48:27,987] {dagbag.py:440} INFO - Filling up the DagBag from /home/airflow/.local/lib/python3.8/site-packages/airflow/example_dags/example_branch_python_dop_operator_3.py
[2021-03-07 06:48:27,995] {scheduler_job.py:639} INFO - DAG(s) dict_keys(['example_branch_dop_operator_v3']) retrieved from /home/airflow/.local/lib/python3.8/site-packages/airflow/example_dags/example_branch_python_dop_operator_3.py
[2021-03-07 06:48:27,995] {logging_mixin.py:103} INFO - [2021-03-07 06:48:27,995] {dag.py:1813} INFO - Sync 1 DAGs
[2021-03-07 06:48:28,022] {logging_mixin.py:103} INFO - [2021-03-07 06:48:28,022] {dag.py:2266} INFO - Setting next_dagrun for example_branch_dop_operator_v3 to 2021-03-05 00:00:00+00:00
[2021-03-07 06:48:28,036] {scheduler_job.py:189} INFO - Processing /home/airflow/.local/lib/python3.8/site-packages/airflow/example_dags/example_branch_python_dop_operator_3.py took 0.051 seconds
[2021-03-07 06:48:28,746] {scheduler_job.py:181} INFO - Started process (PID=221) to work on /home/airflow/.local/lib/python3.8/site-packages/airflow/example_dags/example_branch_python_dop_operator_3.py
[2021-03-07 06:48:28,747] {scheduler_job.py:629} INFO - Processing file /home/airflow/.local/lib/python3.8/site-packages/airflow/example_dags/example_branch_python_dop_operator_3.py for tasks to queue
[2021-03-07 06:48:28,747] {logging_mixin.py:103} INFO - [2021-03-07 06:48:28,747] {dagbag.py:440} INFO - Filling up the DagBag from /home/airflow/.local/lib/python3.8/site-packages/airflow/example_dags/example_branch_python_dop_operator_3.py
[2021-03-07 06:48:28,754] {scheduler_job.py:639} INFO - DAG(s) dict_keys(['example_branch_dop_operator_v3']) retrieved from /home/airflow/.local/lib/python3.8/site-packages/airflow/example_dags/example_branch_python_dop_operator_3.py
[2021-03-07 06:48:28,755] {logging_mixin.py:103} INFO - [2021-03-07 06:48:28,755] {dag.py:1813} INFO - Sync 1 DAGs
[2021-03-07 06:48:28,782] {logging_mixin.py:103} INFO - [2021-03-07 06:48:28,782] {dag.py:2266} INFO - Setting next_dagrun for example_branch_dop_operator_v3 to 2021-03-05 00:00:00+00:00
[2021-03-07 06:48:28,792] {scheduler_job.py:189} INFO - Processing /home/airflow/.local/lib/python3.8/site-packages/airflow/example_dags/example_branch_python_dop_operator_3.py took 0.049 seconds
[2021-03-07 06:48:31,007] {scheduler_job.py:181} INFO - Started process (PID=273) to work on /home/airflow/.local/lib/python3.8/site-packages/airflow/example_dags/example_branch_python_dop_operator_3.py
[2021-03-07 06:48:31,008] {scheduler_job.py:629} INFO - Processing file /home/airflow/.local/lib/python3.8/site-packages/airflow/example_dags/example_branch_python_dop_operator_3.py for tasks to queue
[2021-03-07 06:48:31,008] {logging_mixin.py:103} INFO - [2021-03-07 06:48:31,008] {dagbag.py:440} INFO - Filling up the DagBag from /home/airflow/.local/lib/python3.8/site-packages/airflow/example_dags/example_branch_python_dop_operator_3.py
[2021-03-07 06:48:31,016] {scheduler_job.py:639} INFO - DAG(s) dict_keys(['example_branch_dop_operator_v3']) retrieved from /home/airflow/.local/lib/python3.8/site-packages/airflow/example_dags/example_branch_python_dop_operator_3.py
[2021-03-07 06:48:31,016] {logging_mixin.py:103} INFO - [2021-03-07 06:48:31,016] {dag.py:1813} INFO - Sync 1 DAGs
[2021-03-07 06:48:31,043] {logging_mixin.py:103} INFO - [2021-03-07 06:48:31,043] {dag.py:2266} INFO - Setting next_dagrun for example_branch_dop_operator_v3 to 2021-03-05 00:00:00+00:00
[2021-03-07 06:48:31,054] {scheduler_job.py:189} INFO - Processing /home/airflow/.local/lib/python3.8/site-packages/airflow/example_dags/example_branch_python_dop_operator_3.py took 0.049 seconds
[2021-03-07 06:48:32,341] {scheduler_job.py:181} INFO - Started process (PID=325) to work on /home/airflow/.local/lib/python3.8/site-packages/airflow/example_dags/example_branch_python_dop_operator_3.py
[2021-03-07 06:48:32,341] {scheduler_job.py:629} INFO - Processing file /home/airflow/.local/lib/python3.8/site-packages/airflow/example_dags/example_branch_python_dop_operator_3.py for tasks to queue
[2021-03-07 06:48:32,342] {logging_mixin.py:103} INFO - [2021-03-07 06:48:32,342] {dagbag.py:440} INFO - Filling up the DagBag from /home/airflow/.local/lib/python3.8/site-packages/airflow/example_dags/example_branch_python_dop_operator_3.py
[2021-03-07 06:48:32,351] {scheduler_job.py:639} INFO - DAG(s) dict_keys(['example_branch_dop_operator_v3']) retrieved from /home/airflow/.local/lib/python3.8/site-packages/airflow/example_dags/example_branch_python_dop_operator_3.py
[2021-03-07 06:48:32,352] {logging_mixin.py:103} INFO - [2021-03-07 06:48:32,352] {dag.py:1813} INFO - Sync 1 DAGs
[2021-03-07 06:48:32,384] {logging_mixin.py:103} INFO - [2021-03-07 06:48:32,384] {dag.py:2266} INFO - Setting next_dagrun for example_branch_dop_operator_v3 to 2021-03-05 00:00:00+00:00
[2021-03-07 06:48:32,403] {scheduler_job.py:189} INFO - Processing /home/airflow/.local/lib/python3.8/site-packages/airflow/example_dags/example_branch_python_dop_operator_3.py took 0.065 seconds
[2021-03-07 06:48:33,706] {scheduler_job.py:181} INFO - Started process (PID=377) to work on /home/airflow/.local/lib/python3.8/site-packages/airflow/example_dags/example_branch_python_dop_operator_3.py
[2021-03-07 06:48:33,706] {scheduler_job.py:629} INFO - Processing file /home/airflow/.local/lib/python3.8/site-packages/airflow/example_dags/example_branch_python_dop_operator_3.py for tasks to queue
[2021-03-07 06:48:33,707] {logging_mixin.py:103} INFO - [2021-03-07 06:48:33,707] {dagbag.py:440} INFO - Filling up the DagBag from /home/airflow/.local/lib/python3.8/site-packages/airflow/example_dags/example_branch_python_dop_operator_3.py
[2021-03-07 06:48:33,714] {scheduler_job.py:639} INFO - DAG(s) dict_keys(['example_branch_dop_operator_v3']) retrieved from /home/airflow/.local/lib/python3.8/site-packages/airflow/example_dags/example_branch_python_dop_operator_3.py
[2021-03-07 06:48:33,715] {logging_mixin.py:103} INFO - [2021-03-07 06:48:33,715] {dag.py:1813} INFO - Sync 1 DAGs
[2021-03-07 06:48:33,743] {logging_mixin.py:103} INFO - [2021-03-07 06:48:33,743] {dag.py:2266} INFO - Setting next_dagrun for example_branch_dop_operator_v3 to 2021-03-05 00:00:00+00:00
[2021-03-07 06:48:33,756] {scheduler_job.py:189} INFO - Processing /home/airflow/.local/lib/python3.8/site-packages/airflow/example_dags/example_branch_python_dop_operator_3.py took 0.052 seconds
[2021-03-07 06:48:34,960] {scheduler_job.py:181} INFO - Started process (PID=426) to work on /home/airflow/.local/lib/python3.8/site-packages/airflow/example_dags/example_branch_python_dop_operator_3.py
[2021-03-07 06:48:34,960] {scheduler_job.py:629} INFO - Processing file /home/airflow/.local/lib/python3.8/site-packages/airflow/example_dags/example_branch_python_dop_operator_3.py for tasks to queue
[2021-03-07 06:48:34,961] {logging_mixin.py:103} INFO - [2021-03-07 06:48:34,961] {dagbag.py:440} INFO - Filling up the DagBag from /home/airflow/.local/lib/python3.8/site-packages/airflow/example_dags/example_branch_python_dop_operator_3.py
[2021-03-07 06:48:34,968] {scheduler_job.py:639} INFO - DAG(s) dict_keys(['example_branch_dop_operator_v3']) retrieved from /home/airflow/.local/lib/python3.8/site-packages/airflow/example_dags/example_branch_python_dop_operator_3.py
[2021-03-07 06:48:34,968] {logging_mixin.py:103} INFO - [2021-03-07 06:48:34,968] {dag.py:1813} INFO - Sync 1 DAGs
[2021-03-07 06:48:34,995] {logging_mixin.py:103} INFO - [2021-03-07 06:48:34,995] {dag.py:2266} INFO - Setting next_dagrun for example_branch_dop_operator_v3 to 2021-03-05 00:00:00+00:00
[2021-03-07 06:48:35,007] {scheduler_job.py:189} INFO - Processing /home/airflow/.local/lib/python3.8/site-packages/airflow/example_dags/example_branch_python_dop_operator_3.py took 0.049 seconds
[2021-03-07 06:48:35,677] {scheduler_job.py:181} INFO - Started process (PID=453) to work on /home/airflow/.local/lib/python3.8/site-packages/airflow/example_dags/example_branch_python_dop_operator_3.py
[2021-03-07 06:48:35,678] {scheduler_job.py:629} INFO - Processing file /home/airflow/.local/lib/python3.8/site-packages/airflow/example_dags/example_branch_python_dop_operator_3.py for tasks to queue
[2021-03-07 06:48:35,678] {logging_mixin.py:103} INFO - [2021-03-07 06:48:35,678] {dagbag.py:440} INFO - Filling up the DagBag from /home/airflow/.local/lib/python3.8/site-packages/airflow/example_dags/example_branch_python_dop_operator_3.py
[2021-03-07 06:48:35,685] {scheduler_job.py:639} INFO - DAG(s) dict_keys(['example_branch_dop_operator_v3']) retrieved from /home/airflow/.local/lib/python3.8/site-packages/airflow/example_dags/example_branch_python_dop_operator_3.py
[2021-03-07 06:48:35,685] {logging_mixin.py:103} INFO - [2021-03-07 06:48:35,685] {dag.py:1813} INFO - Sync 1 DAGs
[2021-03-07 06:48:35,710] {logging_mixin.py:103} INFO - [2021-03-07 06:48:35,710] {dag.py:2266} INFO - Setting next_dagrun for example_branch_dop_operator_v3 to 2021-03-05 00:00:00+00:00
[2021-03-07 06:48:35,720] {scheduler_job.py:189} INFO - Processing /home/airflow/.local/lib/python3.8/site-packages/airflow/example_dags/example_branch_python_dop_operator_3.py took 0.044 seconds
[2021-03-07 06:48:36,343] {scheduler_job.py:181} INFO - Started process (PID=480) to work on /home/airflow/.local/lib/python3.8/site-packages/airflow/example_dags/example_branch_python_dop_operator_3.py
[2021-03-07 06:48:36,344] {scheduler_job.py:629} INFO - Processing file /home/airflow/.local/lib/python3.8/site-packages/airflow/example_dags/example_branch_python_dop_operator_3.py for tasks to queue
[2021-03-07 06:48:36,344] {logging_mixin.py:103} INFO - [2021-03-07 06:48:36,344] {dagbag.py:440} INFO - Filling up the DagBag from /home/airflow/.local/lib/python3.8/site-packages/airflow/example_dags/example_branch_python_dop_operator_3.py
[2021-03-07 06:48:36,352] {scheduler_job.py:639} INFO - DAG(s) dict_keys(['example_branch_dop_operator_v3']) retrieved from /home/airflow/.local/lib/python3.8/site-packages/airflow/example_dags/example_branch_python_dop_operator_3.py
[2021-03-07 06:48:36,352] {logging_mixin.py:103} INFO - [2021-03-07 06:48:36,352] {dag.py:1813} INFO - Sync 1 DAGs
[2021-03-07 06:48:36,379] {logging_mixin.py:103} INFO - [2021-03-07 06:48:36,379] {dag.py:2266} INFO - Setting next_dagrun for example_branch_dop_operator_v3 to 2021-03-05 00:00:00+00:00
[2021-03-07 06:48:36,389] {scheduler_job.py:189} INFO - Processing /home/airflow/.local/lib/python3.8/site-packages/airflow/example_dags/example_branch_python_dop_operator_3.py took 0.048 seconds
[2021-03-07 06:48:37,083] {scheduler_job.py:181} INFO - Started process (PID=507) to work on /home/airflow/.local/lib/python3.8/site-packages/airflow/example_dags/example_branch_python_dop_operator_3.py
[2021-03-07 06:48:37,083] {scheduler_job.py:629} INFO - Processing file /home/airflow/.local/lib/python3.8/site-packages/airflow/example_dags/example_branch_python_dop_operator_3.py for tasks to queue
[2021-03-07 06:48:37,084] {logging_mixin.py:103} INFO - [2021-03-07 06:48:37,084] {dagbag.py:440} INFO - Filling up the DagBag from /home/airflow/.local/lib/python3.8/site-packages/airflow/example_dags/example_branch_python_dop_operator_3.py
[2021-03-07 06:48:37,093] {scheduler_job.py:639} INFO - DAG(s) dict_keys(['example_branch_dop_operator_v3']) retrieved from /home/airflow/.local/lib/python3.8/site-packages/airflow/example_dags/example_branch_python_dop_operator_3.py
[2021-03-07 06:48:37,093] {logging_mixin.py:103} INFO - [2021-03-07 06:48:37,093] {dag.py:1813} INFO - Sync 1 DAGs
[2021-03-07 06:48:37,121] {logging_mixin.py:103} INFO - [2021-03-07 06:48:37,121] {dag.py:2266} INFO - Setting next_dagrun for example_branch_dop_operator_v3 to 2021-03-05 00:00:00+00:00
[2021-03-07 06:48:37,132] {scheduler_job.py:189} INFO - Processing /home/airflow/.local/lib/python3.8/site-packages/airflow/example_dags/example_branch_python_dop_operator_3.py took 0.050 seconds
[2021-03-07 06:48:37,730] {scheduler_job.py:181} INFO - Started process (PID=534) to work on /home/airflow/.local/lib/python3.8/site-packages/airflow/example_dags/example_branch_python_dop_operator_3.py
[2021-03-07 06:48:37,730] {scheduler_job.py:629} INFO - Processing file /home/airflow/.local/lib/python3.8/site-packages/airflow/example_dags/example_branch_python_dop_operator_3.py for tasks to queue
[2021-03-07 06:48:37,731] {logging_mixin.py:103} INFO - [2021-03-07 06:48:37,731] {dagbag.py:440} INFO - Filling up the DagBag from /home/airflow/.local/lib/python3.8/site-packages/airflow/example_dags/example_branch_python_dop_operator_3.py
[2021-03-07 06:48:37,738] {scheduler_job.py:639} INFO - DAG(s) dict_keys(['example_branch_dop_operator_v3']) retrieved from /home/airflow/.local/lib/python3.8/site-packages/airflow/example_dags/example_branch_python_dop_operator_3.py
[2021-03-07 06:48:37,738] {logging_mixin.py:103} INFO - [2021-03-07 06:48:37,738] {dag.py:1813} INFO - Sync 1 DAGs
[2021-03-07 06:48:37,763] {logging_mixin.py:103} INFO - [2021-03-07 06:48:37,763] {dag.py:2266} INFO - Setting next_dagrun for example_branch_dop_operator_v3 to 2021-03-05 00:00:00+00:00
[2021-03-07 06:48:37,774] {scheduler_job.py:189} INFO - Processing /home/airflow/.local/lib/python3.8/site-packages/airflow/example_dags/example_branch_python_dop_operator_3.py took 0.046 seconds
[2021-03-07 06:48:38,408] {scheduler_job.py:181} INFO - Started process (PID=564) to work on /home/airflow/.local/lib/python3.8/site-packages/airflow/example_dags/example_branch_python_dop_operator_3.py
[2021-03-07 06:48:38,408] {scheduler_job.py:629} INFO - Processing file /home/airflow/.local/lib/python3.8/site-packages/airflow/example_dags/example_branch_python_dop_operator_3.py for tasks to queue
[2021-03-07 06:48:38,409] {logging_mixin.py:103} INFO - [2021-03-07 06:48:38,409] {dagbag.py:440} INFO - Filling up the DagBag from /home/airflow/.local/lib/python3.8/site-packages/airflow/example_dags/example_branch_python_dop_operator_3.py
[2021-03-07 06:48:38,416] {scheduler_job.py:639} INFO - DAG(s) dict_keys(['example_branch_dop_operator_v3']) retrieved from /home/airflow/.local/lib/python3.8/site-packages/airflow/example_dags/example_branch_python_dop_operator_3.py
[2021-03-07 06:48:38,416] {logging_mixin.py:103} INFO - [2021-03-07 06:48:38,416] {dag.py:1813} INFO - Sync 1 DAGs
[2021-03-07 06:48:38,442] {logging_mixin.py:103} INFO - [2021-03-07 06:48:38,441] {dag.py:2266} INFO - Setting next_dagrun for example_branch_dop_operator_v3 to 2021-03-05 00:00:00+00:00
[2021-03-07 06:48:38,449] {scheduler_job.py:189} INFO - Processing /home/airflow/.local/lib/python3.8/site-packages/airflow/example_dags/example_branch_python_dop_operator_3.py took 0.043 seconds
[2021-03-07 06:48:39,559] {scheduler_job.py:181} INFO - Started process (PID=616) to work on /home/airflow/.local/lib/python3.8/site-packages/airflow/example_dags/example_branch_python_dop_operator_3.py
[2021-03-07 06:48:39,559] {scheduler_job.py:629} INFO - Processing file /home/airflow/.local/lib/python3.8/site-packages/airflow/example_dags/example_branch_python_dop_operator_3.py for tasks to queue
[2021-03-07 06:48:39,560] {logging_mixin.py:103} INFO - [2021-03-07 06:48:39,560] {dagbag.py:440} INFO - Filling up the DagBag from /home/airflow/.local/lib/python3.8/site-packages/airflow/example_dags/example_branch_python_dop_operator_3.py
[2021-03-07 06:48:39,567] {scheduler_job.py:639} INFO - DAG(s) dict_keys(['example_branch_dop_operator_v3']) retrieved from /home/airflow/.local/lib/python3.8/site-packages/airflow/example_dags/example_branch_python_dop_operator_3.py
[2021-03-07 06:48:39,568] {logging_mixin.py:103} INFO - [2021-03-07 06:48:39,567] {dag.py:1813} INFO - Sync 1 DAGs
[2021-03-07 06:48:39,597] {logging_mixin.py:103} INFO - [2021-03-07 06:48:39,597] {dag.py:2266} INFO - Setting next_dagrun for example_branch_dop_operator_v3 to 2021-03-05 00:00:00+00:00
[2021-03-07 06:48:39,608] {scheduler_job.py:189} INFO - Processing /home/airflow/.local/lib/python3.8/site-packages/airflow/example_dags/example_branch_python_dop_operator_3.py took 0.051 seconds
[2021-03-07 06:48:40,735] {scheduler_job.py:181} INFO - Started process (PID=668) to work on /home/airflow/.local/lib/python3.8/site-packages/airflow/example_dags/example_branch_python_dop_operator_3.py
[2021-03-07 06:48:40,736] {scheduler_job.py:629} INFO - Processing file /home/airflow/.local/lib/python3.8/site-packages/airflow/example_dags/example_branch_python_dop_operator_3.py for tasks to queue
[2021-03-07 06:48:40,736] {logging_mixin.py:103} INFO - [2021-03-07 06:48:40,736] {dagbag.py:440} INFO - Filling up the DagBag from /home/airflow/.local/lib/python3.8/site-packages/airflow/example_dags/example_branch_python_dop_operator_3.py
[2021-03-07 06:48:40,743] {scheduler_job.py:639} INFO - DAG(s) dict_keys(['example_branch_dop_operator_v3']) retrieved from /home/airflow/.local/lib/python3.8/site-packages/airflow/example_dags/example_branch_python_dop_operator_3.py
[2021-03-07 06:48:40,744] {logging_mixin.py:103} INFO - [2021-03-07 06:48:40,743] {dag.py:1813} INFO - Sync 1 DAGs
[2021-03-07 06:48:40,768] {logging_mixin.py:103} INFO - [2021-03-07 06:48:40,768] {dag.py:2266} INFO - Setting next_dagrun for example_branch_dop_operator_v3 to 2021-03-05 00:00:00+00:00
[2021-03-07 06:48:40,777] {scheduler_job.py:189} INFO - Processing /home/airflow/.local/lib/python3.8/site-packages/airflow/example_dags/example_branch_python_dop_operator_3.py took 0.043 seconds
[2021-03-07 06:48:41,935] {scheduler_job.py:181} INFO - Started process (PID=720) to work on /home/airflow/.local/lib/python3.8/site-packages/airflow/example_dags/example_branch_python_dop_operator_3.py
[2021-03-07 06:48:41,936] {scheduler_job.py:629} INFO - Processing file /home/airflow/.local/lib/python3.8/site-packages/airflow/example_dags/example_branch_python_dop_operator_3.py for tasks to queue
[2021-03-07 06:48:41,936] {logging_mixin.py:103} INFO - [2021-03-07 06:48:41,936] {dagbag.py:440} INFO - Filling up the DagBag from /home/airflow/.local/lib/python3.8/site-packages/airflow/example_dags/example_branch_python_dop_operator_3.py
[2021-03-07 06:48:41,943] {scheduler_job.py:639} INFO - DAG(s) dict_keys(['example_branch_dop_operator_v3']) retrieved from /home/airflow/.local/lib/python3.8/site-packages/airflow/example_dags/example_branch_python_dop_operator_3.py
[2021-03-07 06:48:41,943] {logging_mixin.py:103} INFO - [2021-03-07 06:48:41,943] {dag.py:1813} INFO - Sync 1 DAGs
[2021-03-07 06:48:41,969] {logging_mixin.py:103} INFO - [2021-03-07 06:48:41,968] {dag.py:2266} INFO - Setting next_dagrun for example_branch_dop_operator_v3 to 2021-03-05 00:00:00+00:00
[2021-03-07 06:48:41,977] {scheduler_job.py:189} INFO - Processing /home/airflow/.local/lib/python3.8/site-packages/airflow/example_dags/example_branch_python_dop_operator_3.py took 0.044 seconds
[2021-03-07 06:48:43,087] {scheduler_job.py:181} INFO - Started process (PID=772) to work on /home/airflow/.local/lib/python3.8/site-packages/airflow/example_dags/example_branch_python_dop_operator_3.py
[2021-03-07 06:48:43,088] {scheduler_job.py:629} INFO - Processing file /home/airflow/.local/lib/python3.8/site-packages/airflow/example_dags/example_branch_python_dop_operator_3.py for tasks to queue
[2021-03-07 06:48:43,088] {logging_mixin.py:103} INFO - [2021-03-07 06:48:43,088] {dagbag.py:440} INFO - Filling up the DagBag from /home/airflow/.local/lib/python3.8/site-packages/airflow/example_dags/example_branch_python_dop_operator_3.py
[2021-03-07 06:48:43,095] {scheduler_job.py:639} INFO - DAG(s) dict_keys(['example_branch_dop_operator_v3']) retrieved from /home/airflow/.local/lib/python3.8/site-packages/airflow/example_dags/example_branch_python_dop_operator_3.py
[2021-03-07 06:48:43,096] {logging_mixin.py:103} INFO - [2021-03-07 06:48:43,096] {dag.py:1813} INFO - Sync 1 DAGs
[2021-03-07 06:48:43,122] {logging_mixin.py:103} INFO - [2021-03-07 06:48:43,122] {dag.py:2266} INFO - Setting next_dagrun for example_branch_dop_operator_v3 to 2021-03-05 00:00:00+00:00
[2021-03-07 06:48:43,132] {scheduler_job.py:189} INFO - Processing /home/airflow/.local/lib/python3.8/site-packages/airflow/example_dags/example_branch_python_dop_operator_3.py took 0.046 seconds
[2021-03-07 06:48:44,305] {scheduler_job.py:181} INFO - Started process (PID=824) to work on /home/airflow/.local/lib/python3.8/site-packages/airflow/example_dags/example_branch_python_dop_operator_3.py
[2021-03-07 06:48:44,305] {scheduler_job.py:629} INFO - Processing file /home/airflow/.local/lib/python3.8/site-packages/airflow/example_dags/example_branch_python_dop_operator_3.py for tasks to queue
[2021-03-07 06:48:44,305] {logging_mixin.py:103} INFO - [2021-03-07 06:48:44,305] {dagbag.py:440} INFO - Filling up the DagBag from /home/airflow/.local/lib/python3.8/site-packages/airflow/example_dags/example_branch_python_dop_operator_3.py
[2021-03-07 06:48:44,312] {scheduler_job.py:639} INFO - DAG(s) dict_keys(['example_branch_dop_operator_v3']) retrieved from /home/airflow/.local/lib/python3.8/site-packages/airflow/example_dags/example_branch_python_dop_operator_3.py
[2021-03-07 06:48:44,313] {logging_mixin.py:103} INFO - [2021-03-07 06:48:44,313] {dag.py:1813} INFO - Sync 1 DAGs
[2021-03-07 06:48:44,337] {logging_mixin.py:103} INFO - [2021-03-07 06:48:44,337] {dag.py:2266} INFO - Setting next_dagrun for example_branch_dop_operator_v3 to 2021-03-05 00:00:00+00:00
[2021-03-07 06:48:44,347] {scheduler_job.py:189} INFO - Processing /home/airflow/.local/lib/python3.8/site-packages/airflow/example_dags/example_branch_python_dop_operator_3.py took 0.044 seconds
[2021-03-07 06:48:45,477] {scheduler_job.py:181} INFO - Started process (PID=876) to work on /home/airflow/.local/lib/python3.8/site-packages/airflow/example_dags/example_branch_python_dop_operator_3.py
[2021-03-07 06:48:45,477] {scheduler_job.py:629} INFO - Processing file /home/airflow/.local/lib/python3.8/site-packages/airflow/example_dags/example_branch_python_dop_operator_3.py for tasks to queue
[2021-03-07 06:48:45,477] {logging_mixin.py:103} INFO - [2021-03-07 06:48:45,477] {dagbag.py:440} INFO - Filling up the DagBag from /home/airflow/.local/lib/python3.8/site-packages/airflow/example_dags/example_branch_python_dop_operator_3.py
[2021-03-07 06:48:45,484] {scheduler_job.py:639} INFO - DAG(s) dict_keys(['example_branch_dop_operator_v3']) retrieved from /home/airflow/.local/lib/python3.8/site-packages/airflow/example_dags/example_branch_python_dop_operator_3.py
[2021-03-07 06:48:45,485] {logging_mixin.py:103} INFO - [2021-03-07 06:48:45,485] {dag.py:1813} INFO - Sync 1 DAGs
[2021-03-07 06:48:45,510] {logging_mixin.py:103} INFO - [2021-03-07 06:48:45,510] {dag.py:2266} INFO - Setting next_dagrun for example_branch_dop_operator_v3 to 2021-03-05 00:00:00+00:00
[2021-03-07 06:48:45,520] {scheduler_job.py:189} INFO - Processing /home/airflow/.local/lib/python3.8/site-packages/airflow/example_dags/example_branch_python_dop_operator_3.py took 0.045 seconds
[2021-03-07 06:48:46,699] {scheduler_job.py:181} INFO - Started process (PID=928) to work on /home/airflow/.local/lib/python3.8/site-packages/airflow/example_dags/example_branch_python_dop_operator_3.py
[2021-03-07 06:48:46,699] {scheduler_job.py:629} INFO - Processing file /home/airflow/.local/lib/python3.8/site-packages/airflow/example_dags/example_branch_python_dop_operator_3.py for tasks to queue
[2021-03-07 06:48:46,700] {logging_mixin.py:103} INFO - [2021-03-07 06:48:46,700] {dagbag.py:440} INFO - Filling up the DagBag from /home/airflow/.local/lib/python3.8/site-packages/airflow/example_dags/example_branch_python_dop_operator_3.py
[2021-03-07 06:48:46,707] {scheduler_job.py:639} INFO - DAG(s) dict_keys(['example_branch_dop_operator_v3']) retrieved from /home/airflow/.local/lib/python3.8/site-packages/airflow/example_dags/example_branch_python_dop_operator_3.py
[2021-03-07 06:48:46,707] {logging_mixin.py:103} INFO - [2021-03-07 06:48:46,707] {dag.py:1813} INFO - Sync 1 DAGs
[2021-03-07 06:48:46,732] {logging_mixin.py:103} INFO - [2021-03-07 06:48:46,731] {dag.py:2266} INFO - Setting next_dagrun for example_branch_dop_operator_v3 to 2021-03-05 00:00:00+00:00
[2021-03-07 06:48:46,742] {scheduler_job.py:189} INFO - Processing /home/airflow/.local/lib/python3.8/site-packages/airflow/example_dags/example_branch_python_dop_operator_3.py took 0.044 seconds
[2021-03-07 06:48:47,886] {scheduler_job.py:181} INFO - Started process (PID=980) to work on /home/airflow/.local/lib/python3.8/site-packages/airflow/example_dags/example_branch_python_dop_operator_3.py
[2021-03-07 06:48:47,886] {scheduler_job.py:629} INFO - Processing file /home/airflow/.local/lib/python3.8/site-packages/airflow/example_dags/example_branch_python_dop_operator_3.py for tasks to queue
[2021-03-07 06:48:47,886] {logging_mixin.py:103} INFO - [2021-03-07 06:48:47,886] {dagbag.py:440} INFO - Filling up the DagBag from /home/airflow/.local/lib/python3.8/site-packages/airflow/example_dags/example_branch_python_dop_operator_3.py
[2021-03-07 06:48:47,893] {scheduler_job.py:639} INFO - DAG(s) dict_keys(['example_branch_dop_operator_v3']) retrieved from /home/airflow/.local/lib/python3.8/site-packages/airflow/example_dags/example_branch_python_dop_operator_3.py
[2021-03-07 06:48:47,894] {logging_mixin.py:103} INFO - [2021-03-07 06:48:47,894] {dag.py:1813} INFO - Sync 1 DAGs
[2021-03-07 06:48:47,919] {logging_mixin.py:103} INFO - [2021-03-07 06:48:47,919] {dag.py:2266} INFO - Setting next_dagrun for example_branch_dop_operator_v3 to 2021-03-05 00:00:00+00:00
[2021-03-07 06:48:47,927] {scheduler_job.py:189} INFO - Processing /home/airflow/.local/lib/python3.8/site-packages/airflow/example_dags/example_branch_python_dop_operator_3.py took 0.043 seconds
[2021-03-07 06:48:49,034] {scheduler_job.py:181} INFO - Started process (PID=1032) to work on /home/airflow/.local/lib/python3.8/site-packages/airflow/example_dags/example_branch_python_dop_operator_3.py
[2021-03-07 06:48:49,035] {scheduler_job.py:629} INFO - Processing file /home/airflow/.local/lib/python3.8/site-packages/airflow/example_dags/example_branch_python_dop_operator_3.py for tasks to queue
[2021-03-07 06:48:49,035] {logging_mixin.py:103} INFO - [2021-03-07 06:48:49,035] {dagbag.py:440} INFO - Filling up the DagBag from /home/airflow/.local/lib/python3.8/site-packages/airflow/example_dags/example_branch_python_dop_operator_3.py
[2021-03-07 06:48:49,043] {scheduler_job.py:639} INFO - DAG(s) dict_keys(['example_branch_dop_operator_v3']) retrieved from /home/airflow/.local/lib/python3.8/site-packages/airflow/example_dags/example_branch_python_dop_operator_3.py
[2021-03-07 06:48:49,044] {logging_mixin.py:103} INFO - [2021-03-07 06:48:49,044] {dag.py:1813} INFO - Sync 1 DAGs
[2021-03-07 06:48:49,071] {logging_mixin.py:103} INFO - [2021-03-07 06:48:49,071] {dag.py:2266} INFO - Setting next_dagrun for example_branch_dop_operator_v3 to 2021-03-05 00:00:00+00:00
[2021-03-07 06:48:49,083] {scheduler_job.py:189} INFO - Processing /home/airflow/.local/lib/python3.8/site-packages/airflow/example_dags/example_branch_python_dop_operator_3.py took 0.051 seconds
[2021-03-07 06:48:52,608] {scheduler_job.py:181} INFO - Started process (PID=1084) to work on /home/airflow/.local/lib/python3.8/site-packages/airflow/example_dags/example_branch_python_dop_operator_3.py
[2021-03-07 06:48:52,608] {scheduler_job.py:629} INFO - Processing file /home/airflow/.local/lib/python3.8/site-packages/airflow/example_dags/example_branch_python_dop_operator_3.py for tasks to queue
[2021-03-07 06:48:52,609] {logging_mixin.py:103} INFO - [2021-03-07 06:48:52,609] {dagbag.py:440} INFO - Filling up the DagBag from /home/airflow/.local/lib/python3.8/site-packages/airflow/example_dags/example_branch_python_dop_operator_3.py
[2021-03-07 06:48:52,616] {scheduler_job.py:639} INFO - DAG(s) dict_keys(['example_branch_dop_operator_v3']) retrieved from /home/airflow/.local/lib/python3.8/site-packages/airflow/example_dags/example_branch_python_dop_operator_3.py
[2021-03-07 06:48:52,616] {logging_mixin.py:103} INFO - [2021-03-07 06:48:52,616] {dag.py:1813} INFO - Sync 1 DAGs
[2021-03-07 06:48:52,640] {logging_mixin.py:103} INFO - [2021-03-07 06:48:52,640] {dag.py:2266} INFO - Setting next_dagrun for example_branch_dop_operator_v3 to 2021-03-05 00:00:00+00:00
[2021-03-07 06:48:52,650] {scheduler_job.py:189} INFO - Processing /home/airflow/.local/lib/python3.8/site-packages/airflow/example_dags/example_branch_python_dop_operator_3.py took 0.044 seconds
[2021-03-07 06:48:53,787] {scheduler_job.py:181} INFO - Started process (PID=1136) to work on /home/airflow/.local/lib/python3.8/site-packages/airflow/example_dags/example_branch_python_dop_operator_3.py
[2021-03-07 06:48:53,788] {scheduler_job.py:629} INFO - Processing file /home/airflow/.local/lib/python3.8/site-packages/airflow/example_dags/example_branch_python_dop_operator_3.py for tasks to queue
[2021-03-07 06:48:53,788] {logging_mixin.py:103} INFO - [2021-03-07 06:48:53,788] {dagbag.py:440} INFO - Filling up the DagBag from /home/airflow/.local/lib/python3.8/site-packages/airflow/example_dags/example_branch_python_dop_operator_3.py
[2021-03-07 06:48:53,795] {scheduler_job.py:639} INFO - DAG(s) dict_keys(['example_branch_dop_operator_v3']) retrieved from /home/airflow/.local/lib/python3.8/site-packages/airflow/example_dags/example_branch_python_dop_operator_3.py
[2021-03-07 06:48:53,795] {logging_mixin.py:103} INFO - [2021-03-07 06:48:53,795] {dag.py:1813} INFO - Sync 1 DAGs
[2021-03-07 06:48:53,821] {logging_mixin.py:103} INFO - [2021-03-07 06:48:53,821] {dag.py:2266} INFO - Setting next_dagrun for example_branch_dop_operator_v3 to 2021-03-05 00:00:00+00:00
[2021-03-07 06:48:53,833] {scheduler_job.py:189} INFO - Processing /home/airflow/.local/lib/python3.8/site-packages/airflow/example_dags/example_branch_python_dop_operator_3.py took 0.047 seconds
[2021-03-07 06:48:55,045] {scheduler_job.py:181} INFO - Started process (PID=1188) to work on /home/airflow/.local/lib/python3.8/site-packages/airflow/example_dags/example_branch_python_dop_operator_3.py
[2021-03-07 06:48:55,046] {scheduler_job.py:629} INFO - Processing file /home/airflow/.local/lib/python3.8/site-packages/airflow/example_dags/example_branch_python_dop_operator_3.py for tasks to queue
[2021-03-07 06:48:55,046] {logging_mixin.py:103} INFO - [2021-03-07 06:48:55,046] {dagbag.py:440} INFO - Filling up the DagBag from /home/airflow/.local/lib/python3.8/site-packages/airflow/example_dags/example_branch_python_dop_operator_3.py
[2021-03-07 06:48:55,053] {scheduler_job.py:639} INFO - DAG(s) dict_keys(['example_branch_dop_operator_v3']) retrieved from /home/airflow/.local/lib/python3.8/site-packages/airflow/example_dags/example_branch_python_dop_operator_3.py
[2021-03-07 06:48:55,054] {logging_mixin.py:103} INFO - [2021-03-07 06:48:55,054] {dag.py:1813} INFO - Sync 1 DAGs
[2021-03-07 06:48:55,080] {logging_mixin.py:103} INFO - [2021-03-07 06:48:55,080] {dag.py:2266} INFO - Setting next_dagrun for example_branch_dop_operator_v3 to 2021-03-05 00:00:00+00:00
[2021-03-07 06:48:55,092] {scheduler_job.py:189} INFO - Processing /home/airflow/.local/lib/python3.8/site-packages/airflow/example_dags/example_branch_python_dop_operator_3.py took 0.048 seconds
[2021-03-07 06:48:56,266] {scheduler_job.py:181} INFO - Started process (PID=1240) to work on /home/airflow/.local/lib/python3.8/site-packages/airflow/example_dags/example_branch_python_dop_operator_3.py
[2021-03-07 06:48:56,266] {scheduler_job.py:629} INFO - Processing file /home/airflow/.local/lib/python3.8/site-packages/airflow/example_dags/example_branch_python_dop_operator_3.py for tasks to queue
[2021-03-07 06:48:56,267] {logging_mixin.py:103} INFO - [2021-03-07 06:48:56,267] {dagbag.py:440} INFO - Filling up the DagBag from /home/airflow/.local/lib/python3.8/site-packages/airflow/example_dags/example_branch_python_dop_operator_3.py
[2021-03-07 06:48:56,274] {scheduler_job.py:639} INFO - DAG(s) dict_keys(['example_branch_dop_operator_v3']) retrieved from /home/airflow/.local/lib/python3.8/site-packages/airflow/example_dags/example_branch_python_dop_operator_3.py
[2021-03-07 06:48:56,274] {logging_mixin.py:103} INFO - [2021-03-07 06:48:56,274] {dag.py:1813} INFO - Sync 1 DAGs
[2021-03-07 06:48:56,300] {logging_mixin.py:103} INFO - [2021-03-07 06:48:56,300] {dag.py:2266} INFO - Setting next_dagrun for example_branch_dop_operator_v3 to 2021-03-05 00:00:00+00:00
[2021-03-07 06:48:56,310] {scheduler_job.py:189} INFO - Processing /home/airflow/.local/lib/python3.8/site-packages/airflow/example_dags/example_branch_python_dop_operator_3.py took 0.046 seconds
[2021-03-07 06:48:57,527] {scheduler_job.py:181} INFO - Started process (PID=1292) to work on /home/airflow/.local/lib/python3.8/site-packages/airflow/example_dags/example_branch_python_dop_operator_3.py
[2021-03-07 06:48:57,527] {scheduler_job.py:629} INFO - Processing file /home/airflow/.local/lib/python3.8/site-packages/airflow/example_dags/example_branch_python_dop_operator_3.py for tasks to queue
[2021-03-07 06:48:57,528] {logging_mixin.py:103} INFO - [2021-03-07 06:48:57,528] {dagbag.py:440} INFO - Filling up the DagBag from /home/airflow/.local/lib/python3.8/site-packages/airflow/example_dags/example_branch_python_dop_operator_3.py
[2021-03-07 06:48:57,535] {scheduler_job.py:639} INFO - DAG(s) dict_keys(['example_branch_dop_operator_v3']) retrieved from /home/airflow/.local/lib/python3.8/site-packages/airflow/example_dags/example_branch_python_dop_operator_3.py
[2021-03-07 06:48:57,535] {logging_mixin.py:103} INFO - [2021-03-07 06:48:57,535] {dag.py:1813} INFO - Sync 1 DAGs
[2021-03-07 06:48:57,561] {logging_mixin.py:103} INFO - [2021-03-07 06:48:57,561] {dag.py:2266} INFO - Setting next_dagrun for example_branch_dop_operator_v3 to 2021-03-05 00:00:00+00:00
[2021-03-07 06:48:57,570] {scheduler_job.py:189} INFO - Processing /home/airflow/.local/lib/python3.8/site-packages/airflow/example_dags/example_branch_python_dop_operator_3.py took 0.044 seconds
[2021-03-07 06:48:58,677] {scheduler_job.py:181} INFO - Started process (PID=1344) to work on /home/airflow/.local/lib/python3.8/site-packages/airflow/example_dags/example_branch_python_dop_operator_3.py
[2021-03-07 06:48:58,678] {scheduler_job.py:629} INFO - Processing file /home/airflow/.local/lib/python3.8/site-packages/airflow/example_dags/example_branch_python_dop_operator_3.py for tasks to queue
[2021-03-07 06:48:58,678] {logging_mixin.py:103} INFO - [2021-03-07 06:48:58,678] {dagbag.py:440} INFO - Filling up the DagBag from /home/airflow/.local/lib/python3.8/site-packages/airflow/example_dags/example_branch_python_dop_operator_3.py
[2021-03-07 06:48:58,685] {scheduler_job.py:639} INFO - DAG(s) dict_keys(['example_branch_dop_operator_v3']) retrieved from /home/airflow/.local/lib/python3.8/site-packages/airflow/example_dags/example_branch_python_dop_operator_3.py
[2021-03-07 06:48:58,685] {logging_mixin.py:103} INFO - [2021-03-07 06:48:58,685] {dag.py:1813} INFO - Sync 1 DAGs
[2021-03-07 06:48:58,710] {logging_mixin.py:103} INFO - [2021-03-07 06:48:58,710] {dag.py:2266} INFO - Setting next_dagrun for example_branch_dop_operator_v3 to 2021-03-05 00:00:00+00:00
[2021-03-07 06:48:58,726] {scheduler_job.py:189} INFO - Processing /home/airflow/.local/lib/python3.8/site-packages/airflow/example_dags/example_branch_python_dop_operator_3.py took 0.050 seconds
[2021-03-07 06:48:59,847] {scheduler_job.py:181} INFO - Started process (PID=1396) to work on /home/airflow/.local/lib/python3.8/site-packages/airflow/example_dags/example_branch_python_dop_operator_3.py
[2021-03-07 06:48:59,848] {scheduler_job.py:629} INFO - Processing file /home/airflow/.local/lib/python3.8/site-packages/airflow/example_dags/example_branch_python_dop_operator_3.py for tasks to queue
[2021-03-07 06:48:59,848] {logging_mixin.py:103} INFO - [2021-03-07 06:48:59,848] {dagbag.py:440} INFO - Filling up the DagBag from /home/airflow/.local/lib/python3.8/site-packages/airflow/example_dags/example_branch_python_dop_operator_3.py
[2021-03-07 06:48:59,855] {scheduler_job.py:639} INFO - DAG(s) dict_keys(['example_branch_dop_operator_v3']) retrieved from /home/airflow/.local/lib/python3.8/site-packages/airflow/example_dags/example_branch_python_dop_operator_3.py
[2021-03-07 06:48:59,856] {logging_mixin.py:103} INFO - [2021-03-07 06:48:59,856] {dag.py:1813} INFO - Sync 1 DAGs
[2021-03-07 06:48:59,882] {logging_mixin.py:103} INFO - [2021-03-07 06:48:59,882] {dag.py:2266} INFO - Setting next_dagrun for example_branch_dop_operator_v3 to 2021-03-05 00:00:00+00:00
[2021-03-07 06:48:59,893] {scheduler_job.py:189} INFO - Processing /home/airflow/.local/lib/python3.8/site-packages/airflow/example_dags/example_branch_python_dop_operator_3.py took 0.047 seconds
[2021-03-07 06:49:01,075] {scheduler_job.py:181} INFO - Started process (PID=1448) to work on /home/airflow/.local/lib/python3.8/site-packages/airflow/example_dags/example_branch_python_dop_operator_3.py
[2021-03-07 06:49:01,076] {scheduler_job.py:629} INFO - Processing file /home/airflow/.local/lib/python3.8/site-packages/airflow/example_dags/example_branch_python_dop_operator_3.py for tasks to queue
[2021-03-07 06:49:01,076] {logging_mixin.py:103} INFO - [2021-03-07 06:49:01,076] {dagbag.py:440} INFO - Filling up the DagBag from /home/airflow/.local/lib/python3.8/site-packages/airflow/example_dags/example_branch_python_dop_operator_3.py
[2021-03-07 06:49:01,086] {scheduler_job.py:639} INFO - DAG(s) dict_keys(['example_branch_dop_operator_v3']) retrieved from /home/airflow/.local/lib/python3.8/site-packages/airflow/example_dags/example_branch_python_dop_operator_3.py
[2021-03-07 06:49:01,087] {logging_mixin.py:103} INFO - [2021-03-07 06:49:01,087] {dag.py:1813} INFO - Sync 1 DAGs
[2021-03-07 06:49:01,113] {logging_mixin.py:103} INFO - [2021-03-07 06:49:01,113] {dag.py:2266} INFO - Setting next_dagrun for example_branch_dop_operator_v3 to 2021-03-05 00:00:00+00:00
[2021-03-07 06:49:01,122] {scheduler_job.py:189} INFO - Processing /home/airflow/.local/lib/python3.8/site-packages/airflow/example_dags/example_branch_python_dop_operator_3.py took 0.048 seconds
[2021-03-07 06:49:02,322] {scheduler_job.py:181} INFO - Started process (PID=1500) to work on /home/airflow/.local/lib/python3.8/site-packages/airflow/example_dags/example_branch_python_dop_operator_3.py
[2021-03-07 06:49:02,323] {scheduler_job.py:629} INFO - Processing file /home/airflow/.local/lib/python3.8/site-packages/airflow/example_dags/example_branch_python_dop_operator_3.py for tasks to queue
[2021-03-07 06:49:02,323] {logging_mixin.py:103} INFO - [2021-03-07 06:49:02,323] {dagbag.py:440} INFO - Filling up the DagBag from /home/airflow/.local/lib/python3.8/site-packages/airflow/example_dags/example_branch_python_dop_operator_3.py
[2021-03-07 06:49:02,332] {scheduler_job.py:639} INFO - DAG(s) dict_keys(['example_branch_dop_operator_v3']) retrieved from /home/airflow/.local/lib/python3.8/site-packages/airflow/example_dags/example_branch_python_dop_operator_3.py
[2021-03-07 06:49:02,332] {logging_mixin.py:103} INFO - [2021-03-07 06:49:02,332] {dag.py:1813} INFO - Sync 1 DAGs
[2021-03-07 06:49:02,367] {logging_mixin.py:103} INFO - [2021-03-07 06:49:02,366] {dag.py:2266} INFO - Setting next_dagrun for example_branch_dop_operator_v3 to 2021-03-05 00:00:00+00:00
[2021-03-07 06:49:02,378] {scheduler_job.py:189} INFO - Processing /home/airflow/.local/lib/python3.8/site-packages/airflow/example_dags/example_branch_python_dop_operator_3.py took 0.058 seconds
[2021-03-07 06:49:03,052] {scheduler_job.py:181} INFO - Started process (PID=1523) to work on /home/airflow/.local/lib/python3.8/site-packages/airflow/example_dags/example_branch_python_dop_operator_3.py
[2021-03-07 06:49:03,053] {scheduler_job.py:629} INFO - Processing file /home/airflow/.local/lib/python3.8/site-packages/airflow/example_dags/example_branch_python_dop_operator_3.py for tasks to queue
[2021-03-07 06:49:03,054] {logging_mixin.py:103} INFO - [2021-03-07 06:49:03,054] {dagbag.py:440} INFO - Filling up the DagBag from /home/airflow/.local/lib/python3.8/site-packages/airflow/example_dags/example_branch_python_dop_operator_3.py
[2021-03-07 06:49:03,062] {scheduler_job.py:639} INFO - DAG(s) dict_keys(['example_branch_dop_operator_v3']) retrieved from /home/airflow/.local/lib/python3.8/site-packages/airflow/example_dags/example_branch_python_dop_operator_3.py
[2021-03-07 06:49:03,063] {logging_mixin.py:103} INFO - [2021-03-07 06:49:03,063] {dag.py:1813} INFO - Sync 1 DAGs
[2021-03-07 06:49:03,097] {logging_mixin.py:103} INFO - [2021-03-07 06:49:03,096] {dag.py:2266} INFO - Setting next_dagrun for example_branch_dop_operator_v3 to 2021-03-05 00:00:00+00:00
[2021-03-07 06:49:03,109] {scheduler_job.py:189} INFO - Processing /home/airflow/.local/lib/python3.8/site-packages/airflow/example_dags/example_branch_python_dop_operator_3.py took 0.061 seconds
[2021-03-07 06:49:03,869] {scheduler_job.py:181} INFO - Started process (PID=1553) to work on /home/airflow/.local/lib/python3.8/site-packages/airflow/example_dags/example_branch_python_dop_operator_3.py
[2021-03-07 06:49:03,870] {scheduler_job.py:629} INFO - Processing file /home/airflow/.local/lib/python3.8/site-packages/airflow/example_dags/example_branch_python_dop_operator_3.py for tasks to queue
[2021-03-07 06:49:03,870] {logging_mixin.py:103} INFO - [2021-03-07 06:49:03,870] {dagbag.py:440} INFO - Filling up the DagBag from /home/airflow/.local/lib/python3.8/site-packages/airflow/example_dags/example_branch_python_dop_operator_3.py
[2021-03-07 06:49:03,877] {scheduler_job.py:639} INFO - DAG(s) dict_keys(['example_branch_dop_operator_v3']) retrieved from /home/airflow/.local/lib/python3.8/site-packages/airflow/example_dags/example_branch_python_dop_operator_3.py
[2021-03-07 06:49:03,878] {logging_mixin.py:103} INFO - [2021-03-07 06:49:03,878] {dag.py:1813} INFO - Sync 1 DAGs
[2021-03-07 06:49:03,904] {logging_mixin.py:103} INFO - [2021-03-07 06:49:03,903] {dag.py:2266} INFO - Setting next_dagrun for example_branch_dop_operator_v3 to 2021-03-05 00:00:00+00:00
[2021-03-07 06:49:03,914] {scheduler_job.py:189} INFO - Processing /home/airflow/.local/lib/python3.8/site-packages/airflow/example_dags/example_branch_python_dop_operator_3.py took 0.047 seconds
[2021-03-07 06:49:04,547] {scheduler_job.py:181} INFO - Started process (PID=1576) to work on /home/airflow/.local/lib/python3.8/site-packages/airflow/example_dags/example_branch_python_dop_operator_3.py
[2021-03-07 06:49:04,547] {scheduler_job.py:629} INFO - Processing file /home/airflow/.local/lib/python3.8/site-packages/airflow/example_dags/example_branch_python_dop_operator_3.py for tasks to queue
[2021-03-07 06:49:04,547] {logging_mixin.py:103} INFO - [2021-03-07 06:49:04,547] {dagbag.py:440} INFO - Filling up the DagBag from /home/airflow/.local/lib/python3.8/site-packages/airflow/example_dags/example_branch_python_dop_operator_3.py
[2021-03-07 06:49:04,555] {scheduler_job.py:639} INFO - DAG(s) dict_keys(['example_branch_dop_operator_v3']) retrieved from /home/airflow/.local/lib/python3.8/site-packages/airflow/example_dags/example_branch_python_dop_operator_3.py
[2021-03-07 06:49:04,556] {logging_mixin.py:103} INFO - [2021-03-07 06:49:04,556] {dag.py:1813} INFO - Sync 1 DAGs
[2021-03-07 06:49:04,585] {logging_mixin.py:103} INFO - [2021-03-07 06:49:04,584] {dag.py:2266} INFO - Setting next_dagrun for example_branch_dop_operator_v3 to 2021-03-05 00:00:00+00:00
[2021-03-07 06:49:04,596] {scheduler_job.py:189} INFO - Processing /home/airflow/.local/lib/python3.8/site-packages/airflow/example_dags/example_branch_python_dop_operator_3.py took 0.052 seconds
[2021-03-07 06:49:05,285] {scheduler_job.py:181} INFO - Started process (PID=1603) to work on /home/airflow/.local/lib/python3.8/site-packages/airflow/example_dags/example_branch_python_dop_operator_3.py
[2021-03-07 06:49:05,285] {scheduler_job.py:629} INFO - Processing file /home/airflow/.local/lib/python3.8/site-packages/airflow/example_dags/example_branch_python_dop_operator_3.py for tasks to queue
[2021-03-07 06:49:05,286] {logging_mixin.py:103} INFO - [2021-03-07 06:49:05,286] {dagbag.py:440} INFO - Filling up the DagBag from /home/airflow/.local/lib/python3.8/site-packages/airflow/example_dags/example_branch_python_dop_operator_3.py
[2021-03-07 06:49:05,293] {scheduler_job.py:639} INFO - DAG(s) dict_keys(['example_branch_dop_operator_v3']) retrieved from /home/airflow/.local/lib/python3.8/site-packages/airflow/example_dags/example_branch_python_dop_operator_3.py
[2021-03-07 06:49:05,294] {logging_mixin.py:103} INFO - [2021-03-07 06:49:05,294] {dag.py:1813} INFO - Sync 1 DAGs
[2021-03-07 06:49:05,320] {logging_mixin.py:103} INFO - [2021-03-07 06:49:05,320] {dag.py:2266} INFO - Setting next_dagrun for example_branch_dop_operator_v3 to 2021-03-05 00:00:00+00:00
[2021-03-07 06:49:05,329] {scheduler_job.py:189} INFO - Processing /home/airflow/.local/lib/python3.8/site-packages/airflow/example_dags/example_branch_python_dop_operator_3.py took 0.046 seconds
[2021-03-07 06:49:06,030] {scheduler_job.py:181} INFO - Started process (PID=1630) to work on /home/airflow/.local/lib/python3.8/site-packages/airflow/example_dags/example_branch_python_dop_operator_3.py
[2021-03-07 06:49:06,030] {scheduler_job.py:629} INFO - Processing file /home/airflow/.local/lib/python3.8/site-packages/airflow/example_dags/example_branch_python_dop_operator_3.py for tasks to queue
[2021-03-07 06:49:06,030] {logging_mixin.py:103} INFO - [2021-03-07 06:49:06,030] {dagbag.py:440} INFO - Filling up the DagBag from /home/airflow/.local/lib/python3.8/site-packages/airflow/example_dags/example_branch_python_dop_operator_3.py
[2021-03-07 06:49:06,037] {scheduler_job.py:639} INFO - DAG(s) dict_keys(['example_branch_dop_operator_v3']) retrieved from /home/airflow/.local/lib/python3.8/site-packages/airflow/example_dags/example_branch_python_dop_operator_3.py
[2021-03-07 06:49:06,038] {logging_mixin.py:103} INFO - [2021-03-07 06:49:06,038] {dag.py:1813} INFO - Sync 1 DAGs
[2021-03-07 06:49:06,063] {logging_mixin.py:103} INFO - [2021-03-07 06:49:06,063] {dag.py:2266} INFO - Setting next_dagrun for example_branch_dop_operator_v3 to 2021-03-05 00:00:00+00:00
[2021-03-07 06:49:06,075] {scheduler_job.py:189} INFO - Processing /home/airflow/.local/lib/python3.8/site-packages/airflow/example_dags/example_branch_python_dop_operator_3.py took 0.047 seconds
[2021-03-07 06:49:06,771] {scheduler_job.py:181} INFO - Started process (PID=1660) to work on /home/airflow/.local/lib/python3.8/site-packages/airflow/example_dags/example_branch_python_dop_operator_3.py
[2021-03-07 06:49:06,772] {scheduler_job.py:629} INFO - Processing file /home/airflow/.local/lib/python3.8/site-packages/airflow/example_dags/example_branch_python_dop_operator_3.py for tasks to queue
[2021-03-07 06:49:06,772] {logging_mixin.py:103} INFO - [2021-03-07 06:49:06,772] {dagbag.py:440} INFO - Filling up the DagBag from /home/airflow/.local/lib/python3.8/site-packages/airflow/example_dags/example_branch_python_dop_operator_3.py
[2021-03-07 06:49:06,779] {scheduler_job.py:639} INFO - DAG(s) dict_keys(['example_branch_dop_operator_v3']) retrieved from /home/airflow/.local/lib/python3.8/site-packages/airflow/example_dags/example_branch_python_dop_operator_3.py
[2021-03-07 06:49:06,780] {logging_mixin.py:103} INFO - [2021-03-07 06:49:06,780] {dag.py:1813} INFO - Sync 1 DAGs
[2021-03-07 06:49:06,806] {logging_mixin.py:103} INFO - [2021-03-07 06:49:06,805] {dag.py:2266} INFO - Setting next_dagrun for example_branch_dop_operator_v3 to 2021-03-05 00:00:00+00:00
[2021-03-07 06:49:06,817] {scheduler_job.py:189} INFO - Processing /home/airflow/.local/lib/python3.8/site-packages/airflow/example_dags/example_branch_python_dop_operator_3.py took 0.047 seconds
[2021-03-07 06:49:08,064] {scheduler_job.py:181} INFO - Started process (PID=1712) to work on /home/airflow/.local/lib/python3.8/site-packages/airflow/example_dags/example_branch_python_dop_operator_3.py
[2021-03-07 06:49:08,064] {scheduler_job.py:629} INFO - Processing file /home/airflow/.local/lib/python3.8/site-packages/airflow/example_dags/example_branch_python_dop_operator_3.py for tasks to queue
[2021-03-07 06:49:08,065] {logging_mixin.py:103} INFO - [2021-03-07 06:49:08,065] {dagbag.py:440} INFO - Filling up the DagBag from /home/airflow/.local/lib/python3.8/site-packages/airflow/example_dags/example_branch_python_dop_operator_3.py
[2021-03-07 06:49:08,072] {scheduler_job.py:639} INFO - DAG(s) dict_keys(['example_branch_dop_operator_v3']) retrieved from /home/airflow/.local/lib/python3.8/site-packages/airflow/example_dags/example_branch_python_dop_operator_3.py
[2021-03-07 06:49:08,072] {logging_mixin.py:103} INFO - [2021-03-07 06:49:08,072] {dag.py:1813} INFO - Sync 1 DAGs
[2021-03-07 06:49:08,099] {logging_mixin.py:103} INFO - [2021-03-07 06:49:08,099] {dag.py:2266} INFO - Setting next_dagrun for example_branch_dop_operator_v3 to 2021-03-05 00:00:00+00:00
[2021-03-07 06:49:08,110] {scheduler_job.py:189} INFO - Processing /home/airflow/.local/lib/python3.8/site-packages/airflow/example_dags/example_branch_python_dop_operator_3.py took 0.048 seconds
[2021-03-07 06:49:09,252] {scheduler_job.py:181} INFO - Started process (PID=1764) to work on /home/airflow/.local/lib/python3.8/site-packages/airflow/example_dags/example_branch_python_dop_operator_3.py
[2021-03-07 06:49:09,252] {scheduler_job.py:629} INFO - Processing file /home/airflow/.local/lib/python3.8/site-packages/airflow/example_dags/example_branch_python_dop_operator_3.py for tasks to queue
[2021-03-07 06:49:09,253] {logging_mixin.py:103} INFO - [2021-03-07 06:49:09,252] {dagbag.py:440} INFO - Filling up the DagBag from /home/airflow/.local/lib/python3.8/site-packages/airflow/example_dags/example_branch_python_dop_operator_3.py
[2021-03-07 06:49:09,261] {scheduler_job.py:639} INFO - DAG(s) dict_keys(['example_branch_dop_operator_v3']) retrieved from /home/airflow/.local/lib/python3.8/site-packages/airflow/example_dags/example_branch_python_dop_operator_3.py
[2021-03-07 06:49:09,261] {logging_mixin.py:103} INFO - [2021-03-07 06:49:09,261] {dag.py:1813} INFO - Sync 1 DAGs
[2021-03-07 06:49:09,291] {logging_mixin.py:103} INFO - [2021-03-07 06:49:09,291] {dag.py:2266} INFO - Setting next_dagrun for example_branch_dop_operator_v3 to 2021-03-05 00:00:00+00:00
[2021-03-07 06:49:09,302] {scheduler_job.py:189} INFO - Processing /home/airflow/.local/lib/python3.8/site-packages/airflow/example_dags/example_branch_python_dop_operator_3.py took 0.052 seconds
[2021-03-07 06:49:10,534] {scheduler_job.py:181} INFO - Started process (PID=1816) to work on /home/airflow/.local/lib/python3.8/site-packages/airflow/example_dags/example_branch_python_dop_operator_3.py
[2021-03-07 06:49:10,534] {scheduler_job.py:629} INFO - Processing file /home/airflow/.local/lib/python3.8/site-packages/airflow/example_dags/example_branch_python_dop_operator_3.py for tasks to queue
[2021-03-07 06:49:10,534] {logging_mixin.py:103} INFO - [2021-03-07 06:49:10,534] {dagbag.py:440} INFO - Filling up the DagBag from /home/airflow/.local/lib/python3.8/site-packages/airflow/example_dags/example_branch_python_dop_operator_3.py
[2021-03-07 06:49:10,541] {scheduler_job.py:639} INFO - DAG(s) dict_keys(['example_branch_dop_operator_v3']) retrieved from /home/airflow/.local/lib/python3.8/site-packages/airflow/example_dags/example_branch_python_dop_operator_3.py
[2021-03-07 06:49:10,542] {logging_mixin.py:103} INFO - [2021-03-07 06:49:10,542] {dag.py:1813} INFO - Sync 1 DAGs
[2021-03-07 06:49:10,565] {logging_mixin.py:103} INFO - [2021-03-07 06:49:10,565] {dag.py:2266} INFO - Setting next_dagrun for example_branch_dop_operator_v3 to 2021-03-05 00:00:00+00:00
[2021-03-07 06:49:10,573] {scheduler_job.py:189} INFO - Processing /home/airflow/.local/lib/python3.8/site-packages/airflow/example_dags/example_branch_python_dop_operator_3.py took 0.040 seconds
[2021-03-07 06:49:11,076] {scheduler_job.py:181} INFO - Started process (PID=1839) to work on /home/airflow/.local/lib/python3.8/site-packages/airflow/example_dags/example_branch_python_dop_operator_3.py
[2021-03-07 06:49:11,076] {scheduler_job.py:629} INFO - Processing file /home/airflow/.local/lib/python3.8/site-packages/airflow/example_dags/example_branch_python_dop_operator_3.py for tasks to queue
[2021-03-07 06:49:11,077] {logging_mixin.py:103} INFO - [2021-03-07 06:49:11,077] {dagbag.py:440} INFO - Filling up the DagBag from /home/airflow/.local/lib/python3.8/site-packages/airflow/example_dags/example_branch_python_dop_operator_3.py
[2021-03-07 06:49:11,084] {scheduler_job.py:639} INFO - DAG(s) dict_keys(['example_branch_dop_operator_v3']) retrieved from /home/airflow/.local/lib/python3.8/site-packages/airflow/example_dags/example_branch_python_dop_operator_3.py
[2021-03-07 06:49:11,084] {logging_mixin.py:103} INFO - [2021-03-07 06:49:11,084] {dag.py:1813} INFO - Sync 1 DAGs
[2021-03-07 06:49:11,109] {logging_mixin.py:103} INFO - [2021-03-07 06:49:11,109] {dag.py:2266} INFO - Setting next_dagrun for example_branch_dop_operator_v3 to 2021-03-05 00:00:00+00:00
[2021-03-07 06:49:11,120] {scheduler_job.py:189} INFO - Processing /home/airflow/.local/lib/python3.8/site-packages/airflow/example_dags/example_branch_python_dop_operator_3.py took 0.046 seconds
[2021-03-07 06:49:11,773] {scheduler_job.py:181} INFO - Started process (PID=1869) to work on /home/airflow/.local/lib/python3.8/site-packages/airflow/example_dags/example_branch_python_dop_operator_3.py
[2021-03-07 06:49:11,774] {scheduler_job.py:629} INFO - Processing file /home/airflow/.local/lib/python3.8/site-packages/airflow/example_dags/example_branch_python_dop_operator_3.py for tasks to queue
[2021-03-07 06:49:11,774] {logging_mixin.py:103} INFO - [2021-03-07 06:49:11,774] {dagbag.py:440} INFO - Filling up the DagBag from /home/airflow/.local/lib/python3.8/site-packages/airflow/example_dags/example_branch_python_dop_operator_3.py
[2021-03-07 06:49:11,782] {scheduler_job.py:639} INFO - DAG(s) dict_keys(['example_branch_dop_operator_v3']) retrieved from /home/airflow/.local/lib/python3.8/site-packages/airflow/example_dags/example_branch_python_dop_operator_3.py
[2021-03-07 06:49:11,783] {logging_mixin.py:103} INFO - [2021-03-07 06:49:11,782] {dag.py:1813} INFO - Sync 1 DAGs
[2021-03-07 06:49:11,809] {logging_mixin.py:103} INFO - [2021-03-07 06:49:11,809] {dag.py:2266} INFO - Setting next_dagrun for example_branch_dop_operator_v3 to 2021-03-05 00:00:00+00:00
[2021-03-07 06:49:11,818] {scheduler_job.py:189} INFO - Processing /home/airflow/.local/lib/python3.8/site-packages/airflow/example_dags/example_branch_python_dop_operator_3.py took 0.046 seconds
[2021-03-07 06:49:13,035] {scheduler_job.py:181} INFO - Started process (PID=1921) to work on /home/airflow/.local/lib/python3.8/site-packages/airflow/example_dags/example_branch_python_dop_operator_3.py
[2021-03-07 06:49:13,036] {scheduler_job.py:629} INFO - Processing file /home/airflow/.local/lib/python3.8/site-packages/airflow/example_dags/example_branch_python_dop_operator_3.py for tasks to queue
[2021-03-07 06:49:13,036] {logging_mixin.py:103} INFO - [2021-03-07 06:49:13,036] {dagbag.py:440} INFO - Filling up the DagBag from /home/airflow/.local/lib/python3.8/site-packages/airflow/example_dags/example_branch_python_dop_operator_3.py
[2021-03-07 06:49:13,044] {scheduler_job.py:639} INFO - DAG(s) dict_keys(['example_branch_dop_operator_v3']) retrieved from /home/airflow/.local/lib/python3.8/site-packages/airflow/example_dags/example_branch_python_dop_operator_3.py
[2021-03-07 06:49:13,045] {logging_mixin.py:103} INFO - [2021-03-07 06:49:13,045] {dag.py:1813} INFO - Sync 1 DAGs
[2021-03-07 06:49:13,077] {logging_mixin.py:103} INFO - [2021-03-07 06:49:13,076] {dag.py:2266} INFO - Setting next_dagrun for example_branch_dop_operator_v3 to 2021-03-05 00:00:00+00:00
[2021-03-07 06:49:13,087] {scheduler_job.py:189} INFO - Processing /home/airflow/.local/lib/python3.8/site-packages/airflow/example_dags/example_branch_python_dop_operator_3.py took 0.054 seconds
[2021-03-07 06:49:14,237] {scheduler_job.py:181} INFO - Started process (PID=1973) to work on /home/airflow/.local/lib/python3.8/site-packages/airflow/example_dags/example_branch_python_dop_operator_3.py
[2021-03-07 06:49:14,237] {scheduler_job.py:629} INFO - Processing file /home/airflow/.local/lib/python3.8/site-packages/airflow/example_dags/example_branch_python_dop_operator_3.py for tasks to queue
[2021-03-07 06:49:14,238] {logging_mixin.py:103} INFO - [2021-03-07 06:49:14,238] {dagbag.py:440} INFO - Filling up the DagBag from /home/airflow/.local/lib/python3.8/site-packages/airflow/example_dags/example_branch_python_dop_operator_3.py
[2021-03-07 06:49:14,245] {scheduler_job.py:639} INFO - DAG(s) dict_keys(['example_branch_dop_operator_v3']) retrieved from /home/airflow/.local/lib/python3.8/site-packages/airflow/example_dags/example_branch_python_dop_operator_3.py
[2021-03-07 06:49:14,246] {logging_mixin.py:103} INFO - [2021-03-07 06:49:14,246] {dag.py:1813} INFO - Sync 1 DAGs
[2021-03-07 06:49:14,272] {logging_mixin.py:103} INFO - [2021-03-07 06:49:14,272] {dag.py:2266} INFO - Setting next_dagrun for example_branch_dop_operator_v3 to 2021-03-05 00:00:00+00:00
[2021-03-07 06:49:14,287] {scheduler_job.py:189} INFO - Processing /home/airflow/.local/lib/python3.8/site-packages/airflow/example_dags/example_branch_python_dop_operator_3.py took 0.052 seconds
[2021-03-07 06:49:15,433] {scheduler_job.py:181} INFO - Started process (PID=2025) to work on /home/airflow/.local/lib/python3.8/site-packages/airflow/example_dags/example_branch_python_dop_operator_3.py
[2021-03-07 06:49:15,434] {scheduler_job.py:629} INFO - Processing file /home/airflow/.local/lib/python3.8/site-packages/airflow/example_dags/example_branch_python_dop_operator_3.py for tasks to queue
[2021-03-07 06:49:15,434] {logging_mixin.py:103} INFO - [2021-03-07 06:49:15,434] {dagbag.py:440} INFO - Filling up the DagBag from /home/airflow/.local/lib/python3.8/site-packages/airflow/example_dags/example_branch_python_dop_operator_3.py
[2021-03-07 06:49:15,441] {scheduler_job.py:639} INFO - DAG(s) dict_keys(['example_branch_dop_operator_v3']) retrieved from /home/airflow/.local/lib/python3.8/site-packages/airflow/example_dags/example_branch_python_dop_operator_3.py
[2021-03-07 06:49:15,442] {logging_mixin.py:103} INFO - [2021-03-07 06:49:15,442] {dag.py:1813} INFO - Sync 1 DAGs
[2021-03-07 06:49:15,466] {logging_mixin.py:103} INFO - [2021-03-07 06:49:15,466] {dag.py:2266} INFO - Setting next_dagrun for example_branch_dop_operator_v3 to 2021-03-05 00:00:00+00:00
[2021-03-07 06:49:15,476] {scheduler_job.py:189} INFO - Processing /home/airflow/.local/lib/python3.8/site-packages/airflow/example_dags/example_branch_python_dop_operator_3.py took 0.044 seconds
[2021-03-07 06:49:16,621] {scheduler_job.py:181} INFO - Started process (PID=2077) to work on /home/airflow/.local/lib/python3.8/site-packages/airflow/example_dags/example_branch_python_dop_operator_3.py
[2021-03-07 06:49:16,621] {scheduler_job.py:629} INFO - Processing file /home/airflow/.local/lib/python3.8/site-packages/airflow/example_dags/example_branch_python_dop_operator_3.py for tasks to queue
[2021-03-07 06:49:16,621] {logging_mixin.py:103} INFO - [2021-03-07 06:49:16,621] {dagbag.py:440} INFO - Filling up the DagBag from /home/airflow/.local/lib/python3.8/site-packages/airflow/example_dags/example_branch_python_dop_operator_3.py
[2021-03-07 06:49:16,628] {scheduler_job.py:639} INFO - DAG(s) dict_keys(['example_branch_dop_operator_v3']) retrieved from /home/airflow/.local/lib/python3.8/site-packages/airflow/example_dags/example_branch_python_dop_operator_3.py
[2021-03-07 06:49:16,629] {logging_mixin.py:103} INFO - [2021-03-07 06:49:16,629] {dag.py:1813} INFO - Sync 1 DAGs
[2021-03-07 06:49:16,654] {logging_mixin.py:103} INFO - [2021-03-07 06:49:16,654] {dag.py:2266} INFO - Setting next_dagrun for example_branch_dop_operator_v3 to 2021-03-05 00:00:00+00:00
[2021-03-07 06:49:16,663] {scheduler_job.py:189} INFO - Processing /home/airflow/.local/lib/python3.8/site-packages/airflow/example_dags/example_branch_python_dop_operator_3.py took 0.044 seconds
[2021-03-07 06:49:17,892] {scheduler_job.py:181} INFO - Started process (PID=2129) to work on /home/airflow/.local/lib/python3.8/site-packages/airflow/example_dags/example_branch_python_dop_operator_3.py
[2021-03-07 06:49:17,892] {scheduler_job.py:629} INFO - Processing file /home/airflow/.local/lib/python3.8/site-packages/airflow/example_dags/example_branch_python_dop_operator_3.py for tasks to queue
[2021-03-07 06:49:17,893] {logging_mixin.py:103} INFO - [2021-03-07 06:49:17,893] {dagbag.py:440} INFO - Filling up the DagBag from /home/airflow/.local/lib/python3.8/site-packages/airflow/example_dags/example_branch_python_dop_operator_3.py
[2021-03-07 06:49:17,900] {scheduler_job.py:639} INFO - DAG(s) dict_keys(['example_branch_dop_operator_v3']) retrieved from /home/airflow/.local/lib/python3.8/site-packages/airflow/example_dags/example_branch_python_dop_operator_3.py
[2021-03-07 06:49:17,900] {logging_mixin.py:103} INFO - [2021-03-07 06:49:17,900] {dag.py:1813} INFO - Sync 1 DAGs
[2021-03-07 06:49:17,925] {logging_mixin.py:103} INFO - [2021-03-07 06:49:17,925] {dag.py:2266} INFO - Setting next_dagrun for example_branch_dop_operator_v3 to 2021-03-05 00:00:00+00:00
[2021-03-07 06:49:17,935] {scheduler_job.py:189} INFO - Processing /home/airflow/.local/lib/python3.8/site-packages/airflow/example_dags/example_branch_python_dop_operator_3.py took 0.045 seconds
[2021-03-07 06:49:19,197] {scheduler_job.py:181} INFO - Started process (PID=2181) to work on /home/airflow/.local/lib/python3.8/site-packages/airflow/example_dags/example_branch_python_dop_operator_3.py
[2021-03-07 06:49:19,197] {scheduler_job.py:629} INFO - Processing file /home/airflow/.local/lib/python3.8/site-packages/airflow/example_dags/example_branch_python_dop_operator_3.py for tasks to queue
[2021-03-07 06:49:19,198] {logging_mixin.py:103} INFO - [2021-03-07 06:49:19,197] {dagbag.py:440} INFO - Filling up the DagBag from /home/airflow/.local/lib/python3.8/site-packages/airflow/example_dags/example_branch_python_dop_operator_3.py
[2021-03-07 06:49:19,205] {scheduler_job.py:639} INFO - DAG(s) dict_keys(['example_branch_dop_operator_v3']) retrieved from /home/airflow/.local/lib/python3.8/site-packages/airflow/example_dags/example_branch_python_dop_operator_3.py
[2021-03-07 06:49:19,205] {logging_mixin.py:103} INFO - [2021-03-07 06:49:19,205] {dag.py:1813} INFO - Sync 1 DAGs
[2021-03-07 06:49:19,234] {logging_mixin.py:103} INFO - [2021-03-07 06:49:19,234] {dag.py:2266} INFO - Setting next_dagrun for example_branch_dop_operator_v3 to 2021-03-05 00:00:00+00:00
[2021-03-07 06:49:19,245] {scheduler_job.py:189} INFO - Processing /home/airflow/.local/lib/python3.8/site-packages/airflow/example_dags/example_branch_python_dop_operator_3.py took 0.050 seconds
[2021-03-07 06:49:20,477] {scheduler_job.py:181} INFO - Started process (PID=2233) to work on /home/airflow/.local/lib/python3.8/site-packages/airflow/example_dags/example_branch_python_dop_operator_3.py
[2021-03-07 06:49:20,478] {scheduler_job.py:629} INFO - Processing file /home/airflow/.local/lib/python3.8/site-packages/airflow/example_dags/example_branch_python_dop_operator_3.py for tasks to queue
[2021-03-07 06:49:20,478] {logging_mixin.py:103} INFO - [2021-03-07 06:49:20,478] {dagbag.py:440} INFO - Filling up the DagBag from /home/airflow/.local/lib/python3.8/site-packages/airflow/example_dags/example_branch_python_dop_operator_3.py
[2021-03-07 06:49:20,485] {scheduler_job.py:639} INFO - DAG(s) dict_keys(['example_branch_dop_operator_v3']) retrieved from /home/airflow/.local/lib/python3.8/site-packages/airflow/example_dags/example_branch_python_dop_operator_3.py
[2021-03-07 06:49:20,485] {logging_mixin.py:103} INFO - [2021-03-07 06:49:20,485] {dag.py:1813} INFO - Sync 1 DAGs
[2021-03-07 06:49:20,509] {logging_mixin.py:103} INFO - [2021-03-07 06:49:20,509] {dag.py:2266} INFO - Setting next_dagrun for example_branch_dop_operator_v3 to 2021-03-05 00:00:00+00:00
[2021-03-07 06:49:20,520] {scheduler_job.py:189} INFO - Processing /home/airflow/.local/lib/python3.8/site-packages/airflow/example_dags/example_branch_python_dop_operator_3.py took 0.044 seconds
[2021-03-07 06:49:21,017] {scheduler_job.py:181} INFO - Started process (PID=2256) to work on /home/airflow/.local/lib/python3.8/site-packages/airflow/example_dags/example_branch_python_dop_operator_3.py
[2021-03-07 06:49:21,017] {scheduler_job.py:629} INFO - Processing file /home/airflow/.local/lib/python3.8/site-packages/airflow/example_dags/example_branch_python_dop_operator_3.py for tasks to queue
[2021-03-07 06:49:21,017] {logging_mixin.py:103} INFO - [2021-03-07 06:49:21,017] {dagbag.py:440} INFO - Filling up the DagBag from /home/airflow/.local/lib/python3.8/site-packages/airflow/example_dags/example_branch_python_dop_operator_3.py
[2021-03-07 06:49:21,025] {scheduler_job.py:639} INFO - DAG(s) dict_keys(['example_branch_dop_operator_v3']) retrieved from /home/airflow/.local/lib/python3.8/site-packages/airflow/example_dags/example_branch_python_dop_operator_3.py
[2021-03-07 06:49:21,026] {logging_mixin.py:103} INFO - [2021-03-07 06:49:21,026] {dag.py:1813} INFO - Sync 1 DAGs
[2021-03-07 06:49:21,054] {logging_mixin.py:103} INFO - [2021-03-07 06:49:21,054] {dag.py:2266} INFO - Setting next_dagrun for example_branch_dop_operator_v3 to 2021-03-05 00:00:00+00:00
[2021-03-07 06:49:21,062] {scheduler_job.py:189} INFO - Processing /home/airflow/.local/lib/python3.8/site-packages/airflow/example_dags/example_branch_python_dop_operator_3.py took 0.048 seconds
[2021-03-07 06:49:21,739] {scheduler_job.py:181} INFO - Started process (PID=2286) to work on /home/airflow/.local/lib/python3.8/site-packages/airflow/example_dags/example_branch_python_dop_operator_3.py
[2021-03-07 06:49:21,740] {scheduler_job.py:629} INFO - Processing file /home/airflow/.local/lib/python3.8/site-packages/airflow/example_dags/example_branch_python_dop_operator_3.py for tasks to queue
[2021-03-07 06:49:21,740] {logging_mixin.py:103} INFO - [2021-03-07 06:49:21,740] {dagbag.py:440} INFO - Filling up the DagBag from /home/airflow/.local/lib/python3.8/site-packages/airflow/example_dags/example_branch_python_dop_operator_3.py
[2021-03-07 06:49:21,747] {scheduler_job.py:639} INFO - DAG(s) dict_keys(['example_branch_dop_operator_v3']) retrieved from /home/airflow/.local/lib/python3.8/site-packages/airflow/example_dags/example_branch_python_dop_operator_3.py
[2021-03-07 06:49:21,747] {logging_mixin.py:103} INFO - [2021-03-07 06:49:21,747] {dag.py:1813} INFO - Sync 1 DAGs
[2021-03-07 06:49:21,771] {logging_mixin.py:103} INFO - [2021-03-07 06:49:21,771] {dag.py:2266} INFO - Setting next_dagrun for example_branch_dop_operator_v3 to 2021-03-05 00:00:00+00:00
[2021-03-07 06:49:21,780] {scheduler_job.py:189} INFO - Processing /home/airflow/.local/lib/python3.8/site-packages/airflow/example_dags/example_branch_python_dop_operator_3.py took 0.042 seconds
[2021-03-07 06:49:22,284] {scheduler_job.py:181} INFO - Started process (PID=2309) to work on /home/airflow/.local/lib/python3.8/site-packages/airflow/example_dags/example_branch_python_dop_operator_3.py
[2021-03-07 06:49:22,285] {scheduler_job.py:629} INFO - Processing file /home/airflow/.local/lib/python3.8/site-packages/airflow/example_dags/example_branch_python_dop_operator_3.py for tasks to queue
[2021-03-07 06:49:22,285] {logging_mixin.py:103} INFO - [2021-03-07 06:49:22,285] {dagbag.py:440} INFO - Filling up the DagBag from /home/airflow/.local/lib/python3.8/site-packages/airflow/example_dags/example_branch_python_dop_operator_3.py
[2021-03-07 06:49:22,293] {scheduler_job.py:639} INFO - DAG(s) dict_keys(['example_branch_dop_operator_v3']) retrieved from /home/airflow/.local/lib/python3.8/site-packages/airflow/example_dags/example_branch_python_dop_operator_3.py
[2021-03-07 06:49:22,293] {logging_mixin.py:103} INFO - [2021-03-07 06:49:22,293] {dag.py:1813} INFO - Sync 1 DAGs
[2021-03-07 06:49:22,318] {logging_mixin.py:103} INFO - [2021-03-07 06:49:22,318] {dag.py:2266} INFO - Setting next_dagrun for example_branch_dop_operator_v3 to 2021-03-05 00:00:00+00:00
[2021-03-07 06:49:22,327] {scheduler_job.py:189} INFO - Processing /home/airflow/.local/lib/python3.8/site-packages/airflow/example_dags/example_branch_python_dop_operator_3.py took 0.044 seconds
[2021-03-07 06:49:23,007] {scheduler_job.py:181} INFO - Started process (PID=2338) to work on /home/airflow/.local/lib/python3.8/site-packages/airflow/example_dags/example_branch_python_dop_operator_3.py
[2021-03-07 06:49:23,008] {scheduler_job.py:629} INFO - Processing file /home/airflow/.local/lib/python3.8/site-packages/airflow/example_dags/example_branch_python_dop_operator_3.py for tasks to queue
[2021-03-07 06:49:23,008] {logging_mixin.py:103} INFO - [2021-03-07 06:49:23,008] {dagbag.py:440} INFO - Filling up the DagBag from /home/airflow/.local/lib/python3.8/site-packages/airflow/example_dags/example_branch_python_dop_operator_3.py
[2021-03-07 06:49:23,015] {scheduler_job.py:639} INFO - DAG(s) dict_keys(['example_branch_dop_operator_v3']) retrieved from /home/airflow/.local/lib/python3.8/site-packages/airflow/example_dags/example_branch_python_dop_operator_3.py
[2021-03-07 06:49:23,016] {logging_mixin.py:103} INFO - [2021-03-07 06:49:23,016] {dag.py:1813} INFO - Sync 1 DAGs
[2021-03-07 06:49:23,041] {logging_mixin.py:103} INFO - [2021-03-07 06:49:23,041] {dag.py:2266} INFO - Setting next_dagrun for example_branch_dop_operator_v3 to 2021-03-05 00:00:00+00:00
[2021-03-07 06:49:23,055] {scheduler_job.py:189} INFO - Processing /home/airflow/.local/lib/python3.8/site-packages/airflow/example_dags/example_branch_python_dop_operator_3.py took 0.049 seconds
[2021-03-07 06:49:23,652] {scheduler_job.py:181} INFO - Started process (PID=2365) to work on /home/airflow/.local/lib/python3.8/site-packages/airflow/example_dags/example_branch_python_dop_operator_3.py
[2021-03-07 06:49:23,652] {scheduler_job.py:629} INFO - Processing file /home/airflow/.local/lib/python3.8/site-packages/airflow/example_dags/example_branch_python_dop_operator_3.py for tasks to queue
[2021-03-07 06:49:23,653] {logging_mixin.py:103} INFO - [2021-03-07 06:49:23,653] {dagbag.py:440} INFO - Filling up the DagBag from /home/airflow/.local/lib/python3.8/site-packages/airflow/example_dags/example_branch_python_dop_operator_3.py
[2021-03-07 06:49:23,660] {scheduler_job.py:639} INFO - DAG(s) dict_keys(['example_branch_dop_operator_v3']) retrieved from /home/airflow/.local/lib/python3.8/site-packages/airflow/example_dags/example_branch_python_dop_operator_3.py
[2021-03-07 06:49:23,660] {logging_mixin.py:103} INFO - [2021-03-07 06:49:23,660] {dag.py:1813} INFO - Sync 1 DAGs
[2021-03-07 06:49:23,685] {logging_mixin.py:103} INFO - [2021-03-07 06:49:23,685] {dag.py:2266} INFO - Setting next_dagrun for example_branch_dop_operator_v3 to 2021-03-05 00:00:00+00:00
[2021-03-07 06:49:23,695] {scheduler_job.py:189} INFO - Processing /home/airflow/.local/lib/python3.8/site-packages/airflow/example_dags/example_branch_python_dop_operator_3.py took 0.045 seconds
[2021-03-07 06:49:24,949] {scheduler_job.py:181} INFO - Started process (PID=2417) to work on /home/airflow/.local/lib/python3.8/site-packages/airflow/example_dags/example_branch_python_dop_operator_3.py
[2021-03-07 06:49:24,949] {scheduler_job.py:629} INFO - Processing file /home/airflow/.local/lib/python3.8/site-packages/airflow/example_dags/example_branch_python_dop_operator_3.py for tasks to queue
[2021-03-07 06:49:24,949] {logging_mixin.py:103} INFO - [2021-03-07 06:49:24,949] {dagbag.py:440} INFO - Filling up the DagBag from /home/airflow/.local/lib/python3.8/site-packages/airflow/example_dags/example_branch_python_dop_operator_3.py
[2021-03-07 06:49:24,957] {scheduler_job.py:639} INFO - DAG(s) dict_keys(['example_branch_dop_operator_v3']) retrieved from /home/airflow/.local/lib/python3.8/site-packages/airflow/example_dags/example_branch_python_dop_operator_3.py
[2021-03-07 06:49:24,957] {logging_mixin.py:103} INFO - [2021-03-07 06:49:24,957] {dag.py:1813} INFO - Sync 1 DAGs
[2021-03-07 06:49:24,982] {logging_mixin.py:103} INFO - [2021-03-07 06:49:24,982] {dag.py:2266} INFO - Setting next_dagrun for example_branch_dop_operator_v3 to 2021-03-05 00:00:00+00:00
[2021-03-07 06:49:24,991] {scheduler_job.py:189} INFO - Processing /home/airflow/.local/lib/python3.8/site-packages/airflow/example_dags/example_branch_python_dop_operator_3.py took 0.044 seconds
[2021-03-07 06:49:26,135] {scheduler_job.py:181} INFO - Started process (PID=2469) to work on /home/airflow/.local/lib/python3.8/site-packages/airflow/example_dags/example_branch_python_dop_operator_3.py
[2021-03-07 06:49:26,136] {scheduler_job.py:629} INFO - Processing file /home/airflow/.local/lib/python3.8/site-packages/airflow/example_dags/example_branch_python_dop_operator_3.py for tasks to queue
[2021-03-07 06:49:26,136] {logging_mixin.py:103} INFO - [2021-03-07 06:49:26,136] {dagbag.py:440} INFO - Filling up the DagBag from /home/airflow/.local/lib/python3.8/site-packages/airflow/example_dags/example_branch_python_dop_operator_3.py
[2021-03-07 06:49:26,145] {scheduler_job.py:639} INFO - DAG(s) dict_keys(['example_branch_dop_operator_v3']) retrieved from /home/airflow/.local/lib/python3.8/site-packages/airflow/example_dags/example_branch_python_dop_operator_3.py
[2021-03-07 06:49:26,146] {logging_mixin.py:103} INFO - [2021-03-07 06:49:26,146] {dag.py:1813} INFO - Sync 1 DAGs
[2021-03-07 06:49:26,176] {logging_mixin.py:103} INFO - [2021-03-07 06:49:26,176] {dag.py:2266} INFO - Setting next_dagrun for example_branch_dop_operator_v3 to 2021-03-05 00:00:00+00:00
[2021-03-07 06:49:26,187] {scheduler_job.py:189} INFO - Processing /home/airflow/.local/lib/python3.8/site-packages/airflow/example_dags/example_branch_python_dop_operator_3.py took 0.054 seconds
[2021-03-07 06:49:27,366] {scheduler_job.py:181} INFO - Started process (PID=2521) to work on /home/airflow/.local/lib/python3.8/site-packages/airflow/example_dags/example_branch_python_dop_operator_3.py
[2021-03-07 06:49:27,366] {scheduler_job.py:629} INFO - Processing file /home/airflow/.local/lib/python3.8/site-packages/airflow/example_dags/example_branch_python_dop_operator_3.py for tasks to queue
[2021-03-07 06:49:27,367] {logging_mixin.py:103} INFO - [2021-03-07 06:49:27,367] {dagbag.py:440} INFO - Filling up the DagBag from /home/airflow/.local/lib/python3.8/site-packages/airflow/example_dags/example_branch_python_dop_operator_3.py
[2021-03-07 06:49:27,374] {scheduler_job.py:639} INFO - DAG(s) dict_keys(['example_branch_dop_operator_v3']) retrieved from /home/airflow/.local/lib/python3.8/site-packages/airflow/example_dags/example_branch_python_dop_operator_3.py
[2021-03-07 06:49:27,374] {logging_mixin.py:103} INFO - [2021-03-07 06:49:27,374] {dag.py:1813} INFO - Sync 1 DAGs
[2021-03-07 06:49:27,400] {logging_mixin.py:103} INFO - [2021-03-07 06:49:27,400] {dag.py:2266} INFO - Setting next_dagrun for example_branch_dop_operator_v3 to 2021-03-05 00:00:00+00:00
[2021-03-07 06:49:27,412] {scheduler_job.py:189} INFO - Processing /home/airflow/.local/lib/python3.8/site-packages/airflow/example_dags/example_branch_python_dop_operator_3.py took 0.048 seconds
[2021-03-07 06:49:28,562] {scheduler_job.py:181} INFO - Started process (PID=2573) to work on /home/airflow/.local/lib/python3.8/site-packages/airflow/example_dags/example_branch_python_dop_operator_3.py
[2021-03-07 06:49:28,563] {scheduler_job.py:629} INFO - Processing file /home/airflow/.local/lib/python3.8/site-packages/airflow/example_dags/example_branch_python_dop_operator_3.py for tasks to queue
[2021-03-07 06:49:28,563] {logging_mixin.py:103} INFO - [2021-03-07 06:49:28,563] {dagbag.py:440} INFO - Filling up the DagBag from /home/airflow/.local/lib/python3.8/site-packages/airflow/example_dags/example_branch_python_dop_operator_3.py
[2021-03-07 06:49:28,570] {scheduler_job.py:639} INFO - DAG(s) dict_keys(['example_branch_dop_operator_v3']) retrieved from /home/airflow/.local/lib/python3.8/site-packages/airflow/example_dags/example_branch_python_dop_operator_3.py
[2021-03-07 06:49:28,571] {logging_mixin.py:103} INFO - [2021-03-07 06:49:28,571] {dag.py:1813} INFO - Sync 1 DAGs
[2021-03-07 06:49:28,595] {logging_mixin.py:103} INFO - [2021-03-07 06:49:28,595] {dag.py:2266} INFO - Setting next_dagrun for example_branch_dop_operator_v3 to 2021-03-05 00:00:00+00:00
[2021-03-07 06:49:28,606] {scheduler_job.py:189} INFO - Processing /home/airflow/.local/lib/python3.8/site-packages/airflow/example_dags/example_branch_python_dop_operator_3.py took 0.045 seconds
[2021-03-07 06:49:29,797] {scheduler_job.py:181} INFO - Started process (PID=2622) to work on /home/airflow/.local/lib/python3.8/site-packages/airflow/example_dags/example_branch_python_dop_operator_3.py
[2021-03-07 06:49:29,798] {scheduler_job.py:629} INFO - Processing file /home/airflow/.local/lib/python3.8/site-packages/airflow/example_dags/example_branch_python_dop_operator_3.py for tasks to queue
[2021-03-07 06:49:29,798] {logging_mixin.py:103} INFO - [2021-03-07 06:49:29,798] {dagbag.py:440} INFO - Filling up the DagBag from /home/airflow/.local/lib/python3.8/site-packages/airflow/example_dags/example_branch_python_dop_operator_3.py
[2021-03-07 06:49:29,806] {scheduler_job.py:639} INFO - DAG(s) dict_keys(['example_branch_dop_operator_v3']) retrieved from /home/airflow/.local/lib/python3.8/site-packages/airflow/example_dags/example_branch_python_dop_operator_3.py
[2021-03-07 06:49:29,806] {logging_mixin.py:103} INFO - [2021-03-07 06:49:29,806] {dag.py:1813} INFO - Sync 1 DAGs
[2021-03-07 06:49:29,833] {logging_mixin.py:103} INFO - [2021-03-07 06:49:29,833] {dag.py:2266} INFO - Setting next_dagrun for example_branch_dop_operator_v3 to 2021-03-05 00:00:00+00:00
[2021-03-07 06:49:29,848] {scheduler_job.py:189} INFO - Processing /home/airflow/.local/lib/python3.8/site-packages/airflow/example_dags/example_branch_python_dop_operator_3.py took 0.053 seconds
[2021-03-07 06:49:30,437] {scheduler_job.py:181} INFO - Started process (PID=2649) to work on /home/airflow/.local/lib/python3.8/site-packages/airflow/example_dags/example_branch_python_dop_operator_3.py
[2021-03-07 06:49:30,438] {scheduler_job.py:629} INFO - Processing file /home/airflow/.local/lib/python3.8/site-packages/airflow/example_dags/example_branch_python_dop_operator_3.py for tasks to queue
[2021-03-07 06:49:30,438] {logging_mixin.py:103} INFO - [2021-03-07 06:49:30,438] {dagbag.py:440} INFO - Filling up the DagBag from /home/airflow/.local/lib/python3.8/site-packages/airflow/example_dags/example_branch_python_dop_operator_3.py
[2021-03-07 06:49:30,445] {scheduler_job.py:639} INFO - DAG(s) dict_keys(['example_branch_dop_operator_v3']) retrieved from /home/airflow/.local/lib/python3.8/site-packages/airflow/example_dags/example_branch_python_dop_operator_3.py
[2021-03-07 06:49:30,446] {logging_mixin.py:103} INFO - [2021-03-07 06:49:30,446] {dag.py:1813} INFO - Sync 1 DAGs
[2021-03-07 06:49:30,471] {logging_mixin.py:103} INFO - [2021-03-07 06:49:30,471] {dag.py:2266} INFO - Setting next_dagrun for example_branch_dop_operator_v3 to 2021-03-05 00:00:00+00:00
[2021-03-07 06:49:30,483] {scheduler_job.py:189} INFO - Processing /home/airflow/.local/lib/python3.8/site-packages/airflow/example_dags/example_branch_python_dop_operator_3.py took 0.047 seconds
[2021-03-07 06:49:31,144] {scheduler_job.py:181} INFO - Started process (PID=2679) to work on /home/airflow/.local/lib/python3.8/site-packages/airflow/example_dags/example_branch_python_dop_operator_3.py
[2021-03-07 06:49:31,145] {scheduler_job.py:629} INFO - Processing file /home/airflow/.local/lib/python3.8/site-packages/airflow/example_dags/example_branch_python_dop_operator_3.py for tasks to queue
[2021-03-07 06:49:31,145] {logging_mixin.py:103} INFO - [2021-03-07 06:49:31,145] {dagbag.py:440} INFO - Filling up the DagBag from /home/airflow/.local/lib/python3.8/site-packages/airflow/example_dags/example_branch_python_dop_operator_3.py
[2021-03-07 06:49:31,152] {scheduler_job.py:639} INFO - DAG(s) dict_keys(['example_branch_dop_operator_v3']) retrieved from /home/airflow/.local/lib/python3.8/site-packages/airflow/example_dags/example_branch_python_dop_operator_3.py
[2021-03-07 06:49:31,153] {logging_mixin.py:103} INFO - [2021-03-07 06:49:31,153] {dag.py:1813} INFO - Sync 1 DAGs
[2021-03-07 06:49:31,177] {logging_mixin.py:103} INFO - [2021-03-07 06:49:31,177] {dag.py:2266} INFO - Setting next_dagrun for example_branch_dop_operator_v3 to 2021-03-05 00:00:00+00:00
[2021-03-07 06:49:31,190] {scheduler_job.py:189} INFO - Processing /home/airflow/.local/lib/python3.8/site-packages/airflow/example_dags/example_branch_python_dop_operator_3.py took 0.047 seconds
[2021-03-07 06:49:32,299] {scheduler_job.py:181} INFO - Started process (PID=2731) to work on /home/airflow/.local/lib/python3.8/site-packages/airflow/example_dags/example_branch_python_dop_operator_3.py
[2021-03-07 06:49:32,299] {scheduler_job.py:629} INFO - Processing file /home/airflow/.local/lib/python3.8/site-packages/airflow/example_dags/example_branch_python_dop_operator_3.py for tasks to queue
[2021-03-07 06:49:32,299] {logging_mixin.py:103} INFO - [2021-03-07 06:49:32,299] {dagbag.py:440} INFO - Filling up the DagBag from /home/airflow/.local/lib/python3.8/site-packages/airflow/example_dags/example_branch_python_dop_operator_3.py
[2021-03-07 06:49:32,307] {scheduler_job.py:639} INFO - DAG(s) dict_keys(['example_branch_dop_operator_v3']) retrieved from /home/airflow/.local/lib/python3.8/site-packages/airflow/example_dags/example_branch_python_dop_operator_3.py
[2021-03-07 06:49:32,307] {logging_mixin.py:103} INFO - [2021-03-07 06:49:32,307] {dag.py:1813} INFO - Sync 1 DAGs
[2021-03-07 06:49:32,333] {logging_mixin.py:103} INFO - [2021-03-07 06:49:32,333] {dag.py:2266} INFO - Setting next_dagrun for example_branch_dop_operator_v3 to 2021-03-05 00:00:00+00:00
[2021-03-07 06:49:32,347] {scheduler_job.py:189} INFO - Processing /home/airflow/.local/lib/python3.8/site-packages/airflow/example_dags/example_branch_python_dop_operator_3.py took 0.050 seconds
[2021-03-07 06:49:33,669] {scheduler_job.py:181} INFO - Started process (PID=2783) to work on /home/airflow/.local/lib/python3.8/site-packages/airflow/example_dags/example_branch_python_dop_operator_3.py
[2021-03-07 06:49:33,670] {scheduler_job.py:629} INFO - Processing file /home/airflow/.local/lib/python3.8/site-packages/airflow/example_dags/example_branch_python_dop_operator_3.py for tasks to queue
[2021-03-07 06:49:33,670] {logging_mixin.py:103} INFO - [2021-03-07 06:49:33,670] {dagbag.py:440} INFO - Filling up the DagBag from /home/airflow/.local/lib/python3.8/site-packages/airflow/example_dags/example_branch_python_dop_operator_3.py
[2021-03-07 06:49:33,677] {scheduler_job.py:639} INFO - DAG(s) dict_keys(['example_branch_dop_operator_v3']) retrieved from /home/airflow/.local/lib/python3.8/site-packages/airflow/example_dags/example_branch_python_dop_operator_3.py
[2021-03-07 06:49:33,678] {logging_mixin.py:103} INFO - [2021-03-07 06:49:33,678] {dag.py:1813} INFO - Sync 1 DAGs
[2021-03-07 06:49:33,704] {logging_mixin.py:103} INFO - [2021-03-07 06:49:33,704] {dag.py:2266} INFO - Setting next_dagrun for example_branch_dop_operator_v3 to 2021-03-05 00:00:00+00:00
[2021-03-07 06:49:33,717] {scheduler_job.py:189} INFO - Processing /home/airflow/.local/lib/python3.8/site-packages/airflow/example_dags/example_branch_python_dop_operator_3.py took 0.049 seconds
[2021-03-07 06:49:34,239] {scheduler_job.py:181} INFO - Started process (PID=2806) to work on /home/airflow/.local/lib/python3.8/site-packages/airflow/example_dags/example_branch_python_dop_operator_3.py
[2021-03-07 06:49:34,240] {scheduler_job.py:629} INFO - Processing file /home/airflow/.local/lib/python3.8/site-packages/airflow/example_dags/example_branch_python_dop_operator_3.py for tasks to queue
[2021-03-07 06:49:34,240] {logging_mixin.py:103} INFO - [2021-03-07 06:49:34,240] {dagbag.py:440} INFO - Filling up the DagBag from /home/airflow/.local/lib/python3.8/site-packages/airflow/example_dags/example_branch_python_dop_operator_3.py
[2021-03-07 06:49:34,247] {scheduler_job.py:639} INFO - DAG(s) dict_keys(['example_branch_dop_operator_v3']) retrieved from /home/airflow/.local/lib/python3.8/site-packages/airflow/example_dags/example_branch_python_dop_operator_3.py
[2021-03-07 06:49:34,248] {logging_mixin.py:103} INFO - [2021-03-07 06:49:34,248] {dag.py:1813} INFO - Sync 1 DAGs
[2021-03-07 06:49:34,273] {logging_mixin.py:103} INFO - [2021-03-07 06:49:34,273] {dag.py:2266} INFO - Setting next_dagrun for example_branch_dop_operator_v3 to 2021-03-05 00:00:00+00:00
[2021-03-07 06:49:34,285] {scheduler_job.py:189} INFO - Processing /home/airflow/.local/lib/python3.8/site-packages/airflow/example_dags/example_branch_python_dop_operator_3.py took 0.047 seconds
[2021-03-07 06:49:34,969] {scheduler_job.py:181} INFO - Started process (PID=2833) to work on /home/airflow/.local/lib/python3.8/site-packages/airflow/example_dags/example_branch_python_dop_operator_3.py
[2021-03-07 06:49:34,969] {scheduler_job.py:629} INFO - Processing file /home/airflow/.local/lib/python3.8/site-packages/airflow/example_dags/example_branch_python_dop_operator_3.py for tasks to queue
[2021-03-07 06:49:34,970] {logging_mixin.py:103} INFO - [2021-03-07 06:49:34,969] {dagbag.py:440} INFO - Filling up the DagBag from /home/airflow/.local/lib/python3.8/site-packages/airflow/example_dags/example_branch_python_dop_operator_3.py
[2021-03-07 06:49:34,977] {scheduler_job.py:639} INFO - DAG(s) dict_keys(['example_branch_dop_operator_v3']) retrieved from /home/airflow/.local/lib/python3.8/site-packages/airflow/example_dags/example_branch_python_dop_operator_3.py
[2021-03-07 06:49:34,977] {logging_mixin.py:103} INFO - [2021-03-07 06:49:34,977] {dag.py:1813} INFO - Sync 1 DAGs
[2021-03-07 06:49:35,002] {logging_mixin.py:103} INFO - [2021-03-07 06:49:35,002] {dag.py:2266} INFO - Setting next_dagrun for example_branch_dop_operator_v3 to 2021-03-05 00:00:00+00:00
[2021-03-07 06:49:35,016] {scheduler_job.py:189} INFO - Processing /home/airflow/.local/lib/python3.8/site-packages/airflow/example_dags/example_branch_python_dop_operator_3.py took 0.049 seconds
[2021-03-07 06:49:35,685] {scheduler_job.py:181} INFO - Started process (PID=2863) to work on /home/airflow/.local/lib/python3.8/site-packages/airflow/example_dags/example_branch_python_dop_operator_3.py
[2021-03-07 06:49:35,685] {scheduler_job.py:629} INFO - Processing file /home/airflow/.local/lib/python3.8/site-packages/airflow/example_dags/example_branch_python_dop_operator_3.py for tasks to queue
[2021-03-07 06:49:35,686] {logging_mixin.py:103} INFO - [2021-03-07 06:49:35,686] {dagbag.py:440} INFO - Filling up the DagBag from /home/airflow/.local/lib/python3.8/site-packages/airflow/example_dags/example_branch_python_dop_operator_3.py
[2021-03-07 06:49:35,693] {scheduler_job.py:639} INFO - DAG(s) dict_keys(['example_branch_dop_operator_v3']) retrieved from /home/airflow/.local/lib/python3.8/site-packages/airflow/example_dags/example_branch_python_dop_operator_3.py
[2021-03-07 06:49:35,694] {logging_mixin.py:103} INFO - [2021-03-07 06:49:35,694] {dag.py:1813} INFO - Sync 1 DAGs
[2021-03-07 06:49:35,719] {logging_mixin.py:103} INFO - [2021-03-07 06:49:35,719] {dag.py:2266} INFO - Setting next_dagrun for example_branch_dop_operator_v3 to 2021-03-05 00:00:00+00:00
[2021-03-07 06:49:35,731] {scheduler_job.py:189} INFO - Processing /home/airflow/.local/lib/python3.8/site-packages/airflow/example_dags/example_branch_python_dop_operator_3.py took 0.047 seconds
[2021-03-07 06:49:36,886] {scheduler_job.py:181} INFO - Started process (PID=2912) to work on /home/airflow/.local/lib/python3.8/site-packages/airflow/example_dags/example_branch_python_dop_operator_3.py
[2021-03-07 06:49:36,886] {scheduler_job.py:629} INFO - Processing file /home/airflow/.local/lib/python3.8/site-packages/airflow/example_dags/example_branch_python_dop_operator_3.py for tasks to queue
[2021-03-07 06:49:36,886] {logging_mixin.py:103} INFO - [2021-03-07 06:49:36,886] {dagbag.py:440} INFO - Filling up the DagBag from /home/airflow/.local/lib/python3.8/site-packages/airflow/example_dags/example_branch_python_dop_operator_3.py
[2021-03-07 06:49:36,894] {scheduler_job.py:639} INFO - DAG(s) dict_keys(['example_branch_dop_operator_v3']) retrieved from /home/airflow/.local/lib/python3.8/site-packages/airflow/example_dags/example_branch_python_dop_operator_3.py
[2021-03-07 06:49:36,894] {logging_mixin.py:103} INFO - [2021-03-07 06:49:36,894] {dag.py:1813} INFO - Sync 1 DAGs
[2021-03-07 06:49:36,920] {logging_mixin.py:103} INFO - [2021-03-07 06:49:36,920] {dag.py:2266} INFO - Setting next_dagrun for example_branch_dop_operator_v3 to 2021-03-05 00:00:00+00:00
[2021-03-07 06:49:36,933] {scheduler_job.py:189} INFO - Processing /home/airflow/.local/lib/python3.8/site-packages/airflow/example_dags/example_branch_python_dop_operator_3.py took 0.049 seconds
[2021-03-07 06:49:37,661] {scheduler_job.py:181} INFO - Started process (PID=2942) to work on /home/airflow/.local/lib/python3.8/site-packages/airflow/example_dags/example_branch_python_dop_operator_3.py
[2021-03-07 06:49:37,662] {scheduler_job.py:629} INFO - Processing file /home/airflow/.local/lib/python3.8/site-packages/airflow/example_dags/example_branch_python_dop_operator_3.py for tasks to queue
[2021-03-07 06:49:37,662] {logging_mixin.py:103} INFO - [2021-03-07 06:49:37,662] {dagbag.py:440} INFO - Filling up the DagBag from /home/airflow/.local/lib/python3.8/site-packages/airflow/example_dags/example_branch_python_dop_operator_3.py
[2021-03-07 06:49:37,669] {scheduler_job.py:639} INFO - DAG(s) dict_keys(['example_branch_dop_operator_v3']) retrieved from /home/airflow/.local/lib/python3.8/site-packages/airflow/example_dags/example_branch_python_dop_operator_3.py
[2021-03-07 06:49:37,670] {logging_mixin.py:103} INFO - [2021-03-07 06:49:37,670] {dag.py:1813} INFO - Sync 1 DAGs
[2021-03-07 06:49:37,694] {logging_mixin.py:103} INFO - [2021-03-07 06:49:37,694] {dag.py:2266} INFO - Setting next_dagrun for example_branch_dop_operator_v3 to 2021-03-05 00:00:00+00:00
[2021-03-07 06:49:37,705] {scheduler_job.py:189} INFO - Processing /home/airflow/.local/lib/python3.8/site-packages/airflow/example_dags/example_branch_python_dop_operator_3.py took 0.046 seconds
[2021-03-07 06:49:38,213] {scheduler_job.py:181} INFO - Started process (PID=2965) to work on /home/airflow/.local/lib/python3.8/site-packages/airflow/example_dags/example_branch_python_dop_operator_3.py
[2021-03-07 06:49:38,213] {scheduler_job.py:629} INFO - Processing file /home/airflow/.local/lib/python3.8/site-packages/airflow/example_dags/example_branch_python_dop_operator_3.py for tasks to queue
[2021-03-07 06:49:38,214] {logging_mixin.py:103} INFO - [2021-03-07 06:49:38,214] {dagbag.py:440} INFO - Filling up the DagBag from /home/airflow/.local/lib/python3.8/site-packages/airflow/example_dags/example_branch_python_dop_operator_3.py
[2021-03-07 06:49:38,222] {scheduler_job.py:639} INFO - DAG(s) dict_keys(['example_branch_dop_operator_v3']) retrieved from /home/airflow/.local/lib/python3.8/site-packages/airflow/example_dags/example_branch_python_dop_operator_3.py
[2021-03-07 06:49:38,223] {logging_mixin.py:103} INFO - [2021-03-07 06:49:38,223] {dag.py:1813} INFO - Sync 1 DAGs
[2021-03-07 06:49:38,255] {logging_mixin.py:103} INFO - [2021-03-07 06:49:38,255] {dag.py:2266} INFO - Setting next_dagrun for example_branch_dop_operator_v3 to 2021-03-05 00:00:00+00:00
[2021-03-07 06:49:38,270] {scheduler_job.py:189} INFO - Processing /home/airflow/.local/lib/python3.8/site-packages/airflow/example_dags/example_branch_python_dop_operator_3.py took 0.058 seconds
